Loading plugins phase: Elapsed time ==> 0s.241ms
Initializing data phase: Elapsed time ==> 1s.877ms
<CYPRESSTAG name="CyDsfit arguments...">
cydsfit arguments: -.fdsnotice -.fdswarpdepfile=warp_dependencies.txt -.fdselabdepfile=elab_dependencies.txt -.fdsbldfile=generated_files.txt -p D:\MSOE\2014-2015\Winter\CE4950_021_Network\lab\Project\ce4950Project\Networking\Networking Project\Networking Project.cydsn\Networking Project.cyprj -d CY8C5868AXI-LP035 -s D:\MSOE\2014-2015\Winter\CE4950_021_Network\lab\Project\ce4950Project\Networking\Networking Project\Networking Project.cydsn\Generated_Source\PSoC5 -- -yv2 -v3 -ygs -q10 -o2 -.fftcfgtype=LE</CYPRESSTAG>
<CYPRESSTAG name="Design elaboration results...">
</CYPRESSTAG>
Elaboration phase: Elapsed time ==> 3s.973ms
<CYPRESSTAG name="HDL generation results...">
</CYPRESSTAG>
HDL generation phase: Elapsed time ==> 0s.116ms
<CYPRESSTAG name="Synthesis results...">

     | | | | | | |
   _________________
  -|               |-
  -|               |-
  -|               |-
  -|    CYPRESS    |-
  -|               |-
  -|               |-   Warp Verilog Synthesis Compiler: Version 6.3 IR 41
  -|               |-   Copyright (C) 1991-2001 Cypress Semiconductor
   |_______________|
     | | | | | | |

======================================================================
Compiling:  Networking Project.v
Program  :   C:\Program Files (x86)\Cypress\PSoC Creator\3.0\PSoC Creator\warp\bin/warp.exe
Options  :    -yv2 -v3 -ygs -q10 -o2 -.fftcfgtype=LE -ya -.fftprj=D:\MSOE\2014-2015\Winter\CE4950_021_Network\lab\Project\ce4950Project\Networking\Networking Project\Networking Project.cydsn\Networking Project.cyprj -dcpsoc3 Networking Project.v -verilog
======================================================================

======================================================================
Compiling:  Networking Project.v
Program  :   C:\Program Files (x86)\Cypress\PSoC Creator\3.0\PSoC Creator\warp\bin/warp.exe
Options  :    -yv2 -v3 -ygs -q10 -o2 -.fftcfgtype=LE -ya -.fftprj=D:\MSOE\2014-2015\Winter\CE4950_021_Network\lab\Project\ce4950Project\Networking\Networking Project\Networking Project.cydsn\Networking Project.cyprj -dcpsoc3 Networking Project.v -verilog
======================================================================

======================================================================
Compiling:  Networking Project.v
Program  :   vlogfe
Options  :    -yv2 -v3 -ygs -q10 -o2 -.fftcfgtype=LE -ya -.fftprj=D:\MSOE\2014-2015\Winter\CE4950_021_Network\lab\Project\ce4950Project\Networking\Networking Project\Networking Project.cydsn\Networking Project.cyprj -dcpsoc3 -verilog Networking Project.v
======================================================================

vlogfe V6.3 IR 41:  Verilog parser
Thu Jan 08 08:52:17 2015


======================================================================
Compiling:  Networking Project.v
Program  :   vpp
Options  :    -yv2 -q10 Networking Project.v
======================================================================

vpp V6.3 IR 41:  Verilog Pre-Processor
Thu Jan 08 08:52:17 2015

Flattening file 'C:\Program Files (x86)\Cypress\PSoC Creator\3.0\PSoC Creator\warp\..\psoc\content\cycomponentlibrary\CyComponentLibrary.cylib\EdgeDetect_v1_0\EdgeDetect_v1_0.v'
Flattening file 'C:\Program Files (x86)\Cypress\PSoC Creator\3.0\PSoC Creator\warp\lib\common\cypress.v'
Flattening file 'C:\Program Files (x86)\Cypress\PSoC Creator\3.0\PSoC Creator\warp\lib\common\cy_psoc3_inc.v'
Flattening file 'C:\Program Files (x86)\Cypress\PSoC Creator\3.0\PSoC Creator\warp\..\psoc\content\cyprimitives\CyPrimitives.cylib\ZeroTerminal\ZeroTerminal.v'
Flattening file 'C:\Program Files (x86)\Cypress\PSoC Creator\3.0\PSoC Creator\warp\..\psoc\content\cyprimitives\CyPrimitives.cylib\cy_virtualmux_v1_0\cy_virtualmux_v1_0.v'
Flattening file 'C:\Program Files (x86)\Cypress\PSoC Creator\3.0\PSoC Creator\warp\..\psoc\content\cycomponentlibrary\CyComponentLibrary.cylib\B_Timer_v2_60\B_Timer_v2_60.v'
Flattening file 'C:\Program Files (x86)\Cypress\PSoC Creator\3.0\PSoC Creator\warp\lib\common\cypress.v'
Flattening file 'C:\Program Files (x86)\Cypress\PSoC Creator\3.0\PSoC Creator\warp\..\psoc\content\cyprimitives\CyPrimitives.cylib\OneTerminal\OneTerminal.v'
Flattening file 'C:\Program Files (x86)\Cypress\PSoC Creator\3.0\PSoC Creator\warp\..\psoc\content\cyprimitives\CyPrimitives.cylib\not_v1_0\not_v1_0.v'

vpp:  No errors.

Library 'work' => directory 'lcpsoc3'
General_symbol_table
General_symbol_table
Linking 'C:\Program Files (x86)\Cypress\PSoC Creator\3.0\PSoC Creator\warp\lib\common\std.vhd'.
Linking 'C:\Program Files (x86)\Cypress\PSoC Creator\3.0\PSoC Creator\warp\lib\common\cypress.vhd'.
Linking 'C:\Program Files (x86)\Cypress\PSoC Creator\3.0\PSoC Creator\warp\lib\common\work\cypress.vif'.
Linking 'C:\Program Files (x86)\Cypress\PSoC Creator\3.0\PSoC Creator\warp\lib\ieee\work\stdlogic.vif'.
Linking 'C:\Program Files (x86)\Cypress\PSoC Creator\3.0\PSoC Creator\warp\lib\common\stdlogic\lpmpkg.vif'.
Linking 'C:\Program Files (x86)\Cypress\PSoC Creator\3.0\PSoC Creator\warp\lib\common\stdlogic\rtlpkg.vif'.
Linking 'C:\Program Files (x86)\Cypress\PSoC Creator\3.0\PSoC Creator\warp\lib\common\stdlogic\mod_cnst.vif'.
Linking 'C:\Program Files (x86)\Cypress\PSoC Creator\3.0\PSoC Creator\warp\lib\common\stdlogic\mod_mthv.vif'.
Linking 'C:\Program Files (x86)\Cypress\PSoC Creator\3.0\PSoC Creator\warp\lib\common\stdlogic\mod_genv.vif'.
Using control file 'Networking Project.ctl'.
C:\Program Files (x86)\Cypress\PSoC Creator\3.0\PSoC Creator\warp\..\psoc\content\cycomponentlibrary\CyComponentLibrary.cylib\B_Timer_v2_60\B_Timer_v2_60.v (line 368, col 46):  Note: Substituting module 'cmp_vv_vv' for '='.
C:\Program Files (x86)\Cypress\PSoC Creator\3.0\PSoC Creator\warp\..\psoc\content\cycomponentlibrary\CyComponentLibrary.cylib\B_Timer_v2_60\B_Timer_v2_60.v (line 374, col 62):  Note: Substituting module 'add_vv_vv' for '+'.
Linking 'C:\Program Files (x86)\Cypress\PSoC Creator\3.0\PSoC Creator\warp\lib\common\stdlogic\cy_psoc3pkg.vif'.
Linking 'C:\Program Files (x86)\Cypress\PSoC Creator\3.0\PSoC Creator\warp\lib\common\stdlogic\cy_psoc3.vif'.

vlogfe:  No errors.


======================================================================
Compiling:  Networking Project.v
Program  :   tovif
Options  :    -yv2 -v3 -ygs -q10 -o2 -.fftcfgtype=LE -ya -.fftprj=D:\MSOE\2014-2015\Winter\CE4950_021_Network\lab\Project\ce4950Project\Networking\Networking Project\Networking Project.cydsn\Networking Project.cyprj -dcpsoc3 -verilog Networking Project.v
======================================================================

tovif V6.3 IR 41:  High-level synthesis
Thu Jan 08 08:52:17 2015

Linking 'C:\Program Files (x86)\Cypress\PSoC Creator\3.0\PSoC Creator\warp\lib\common\std.vhd'.
Linking 'C:\Program Files (x86)\Cypress\PSoC Creator\3.0\PSoC Creator\warp\lib\common\cypress.vhd'.
Linking 'C:\Program Files (x86)\Cypress\PSoC Creator\3.0\PSoC Creator\warp\lib\common\work\cypress.vif'.
Linking 'C:\Program Files (x86)\Cypress\PSoC Creator\3.0\PSoC Creator\warp\lib\ieee\work\stdlogic.vif'.
Linking 'C:\Program Files (x86)\Cypress\PSoC Creator\3.0\PSoC Creator\warp\lib\common\stdlogic\lpmpkg.vif'.
Linking 'C:\Program Files (x86)\Cypress\PSoC Creator\3.0\PSoC Creator\warp\lib\common\stdlogic\rtlpkg.vif'.
Linking 'C:\Program Files (x86)\Cypress\PSoC Creator\3.0\PSoC Creator\warp\lib\common\stdlogic\mod_cnst.vif'.
Linking 'C:\Program Files (x86)\Cypress\PSoC Creator\3.0\PSoC Creator\warp\lib\common\stdlogic\mod_mthv.vif'.
Linking 'C:\Program Files (x86)\Cypress\PSoC Creator\3.0\PSoC Creator\warp\lib\common\stdlogic\mod_genv.vif'.
Linking 'D:\MSOE\2014-2015\Winter\CE4950_021_Network\lab\Project\ce4950Project\Networking\Networking Project\Networking Project.cydsn\codegentemp\Networking Project.ctl'.
Linking 'C:\Program Files (x86)\Cypress\PSoC Creator\3.0\PSoC Creator\psoc\content\cycomponentlibrary\CyComponentLibrary.cylib\EdgeDetect_v1_0\EdgeDetect_v1_0.v'.
Linking 'C:\Program Files (x86)\Cypress\PSoC Creator\3.0\PSoC Creator\warp\lib\common\cypress.v'.
Linking 'C:\Program Files (x86)\Cypress\PSoC Creator\3.0\PSoC Creator\warp\lib\common\cy_psoc3_inc.v'.
Linking 'D:\MSOE\2014-2015\Winter\CE4950_021_Network\lab\Project\ce4950Project\Networking\Networking Project\Networking Project.cydsn\codegentemp\Networking Project.v'.
Linking 'C:\Program Files (x86)\Cypress\PSoC Creator\3.0\PSoC Creator\psoc\content\cyprimitives\CyPrimitives.cylib\ZeroTerminal\ZeroTerminal.v'.
Linking 'C:\Program Files (x86)\Cypress\PSoC Creator\3.0\PSoC Creator\psoc\content\cyprimitives\CyPrimitives.cylib\cy_virtualmux_v1_0\cy_virtualmux_v1_0.v'.
Linking 'C:\Program Files (x86)\Cypress\PSoC Creator\3.0\PSoC Creator\psoc\content\cycomponentlibrary\CyComponentLibrary.cylib\B_Timer_v2_60\B_Timer_v2_60.v'.
Linking 'C:\Program Files (x86)\Cypress\PSoC Creator\3.0\PSoC Creator\psoc\content\cyprimitives\CyPrimitives.cylib\OneTerminal\OneTerminal.v'.
Linking 'C:\Program Files (x86)\Cypress\PSoC Creator\3.0\PSoC Creator\psoc\content\cyprimitives\CyPrimitives.cylib\not_v1_0\not_v1_0.v'.
Linking 'C:\Program Files (x86)\Cypress\PSoC Creator\3.0\PSoC Creator\warp\lib\common\stdlogic\cy_psoc3pkg.vif'.
Linking 'C:\Program Files (x86)\Cypress\PSoC Creator\3.0\PSoC Creator\warp\lib\common\stdlogic\cy_psoc3.vif'.

tovif:  No errors.


======================================================================
Compiling:  Networking Project.v
Program  :   topld
Options  :    -yv2 -v3 -ygs -q10 -o2 -.fftcfgtype=LE -ya -.fftprj=D:\MSOE\2014-2015\Winter\CE4950_021_Network\lab\Project\ce4950Project\Networking\Networking Project\Networking Project.cydsn\Networking Project.cyprj -dcpsoc3 -verilog Networking Project.v
======================================================================

topld V6.3 IR 41:  Synthesis and optimization
Thu Jan 08 08:52:18 2015

Linking 'C:\Program Files (x86)\Cypress\PSoC Creator\3.0\PSoC Creator\warp\lib\common\std.vhd'.
Linking 'C:\Program Files (x86)\Cypress\PSoC Creator\3.0\PSoC Creator\warp\lib\common\cypress.vhd'.
Linking 'C:\Program Files (x86)\Cypress\PSoC Creator\3.0\PSoC Creator\warp\lib\common\work\cypress.vif'.
Linking 'C:\Program Files (x86)\Cypress\PSoC Creator\3.0\PSoC Creator\warp\lib\ieee\work\stdlogic.vif'.
Linking 'C:\Program Files (x86)\Cypress\PSoC Creator\3.0\PSoC Creator\warp\lib\common\stdlogic\lpmpkg.vif'.
Linking 'C:\Program Files (x86)\Cypress\PSoC Creator\3.0\PSoC Creator\warp\lib\common\stdlogic\rtlpkg.vif'.
Linking 'C:\Program Files (x86)\Cypress\PSoC Creator\3.0\PSoC Creator\warp\lib\common\stdlogic\mod_cnst.vif'.
Linking 'C:\Program Files (x86)\Cypress\PSoC Creator\3.0\PSoC Creator\warp\lib\common\stdlogic\mod_mthv.vif'.
Linking 'C:\Program Files (x86)\Cypress\PSoC Creator\3.0\PSoC Creator\warp\lib\common\stdlogic\mod_genv.vif'.
Linking 'D:\MSOE\2014-2015\Winter\CE4950_021_Network\lab\Project\ce4950Project\Networking\Networking Project\Networking Project.cydsn\codegentemp\Networking Project.ctl'.
Linking 'C:\Program Files (x86)\Cypress\PSoC Creator\3.0\PSoC Creator\psoc\content\cycomponentlibrary\CyComponentLibrary.cylib\EdgeDetect_v1_0\EdgeDetect_v1_0.v'.
Linking 'C:\Program Files (x86)\Cypress\PSoC Creator\3.0\PSoC Creator\warp\lib\common\cypress.v'.
Linking 'C:\Program Files (x86)\Cypress\PSoC Creator\3.0\PSoC Creator\warp\lib\common\cy_psoc3_inc.v'.
Linking 'D:\MSOE\2014-2015\Winter\CE4950_021_Network\lab\Project\ce4950Project\Networking\Networking Project\Networking Project.cydsn\codegentemp\Networking Project.v'.
Linking 'C:\Program Files (x86)\Cypress\PSoC Creator\3.0\PSoC Creator\psoc\content\cyprimitives\CyPrimitives.cylib\ZeroTerminal\ZeroTerminal.v'.
Linking 'C:\Program Files (x86)\Cypress\PSoC Creator\3.0\PSoC Creator\psoc\content\cyprimitives\CyPrimitives.cylib\cy_virtualmux_v1_0\cy_virtualmux_v1_0.v'.
Linking 'C:\Program Files (x86)\Cypress\PSoC Creator\3.0\PSoC Creator\psoc\content\cycomponentlibrary\CyComponentLibrary.cylib\B_Timer_v2_60\B_Timer_v2_60.v'.
Linking 'C:\Program Files (x86)\Cypress\PSoC Creator\3.0\PSoC Creator\psoc\content\cyprimitives\CyPrimitives.cylib\OneTerminal\OneTerminal.v'.
Linking 'C:\Program Files (x86)\Cypress\PSoC Creator\3.0\PSoC Creator\psoc\content\cyprimitives\CyPrimitives.cylib\not_v1_0\not_v1_0.v'.
Linking 'C:\Program Files (x86)\Cypress\PSoC Creator\3.0\PSoC Creator\warp\lib\common\stdlogic\cy_psoc3pkg.vif'.
Linking 'C:\Program Files (x86)\Cypress\PSoC Creator\3.0\PSoC Creator\warp\lib\common\stdlogic\cy_psoc3.vif'.
Linking 'C:\Program Files (x86)\Cypress\PSoC Creator\3.0\PSoC Creator\warp\lib\lcpsoc3\stdlogic\cpsoc3.vif'.

----------------------------------------------------------
Detecting unused logic.
----------------------------------------------------------
    User names
	\Timer_BusyToCollision:Net_260\
	Net_688
	\Timer_BusyToCollision:Net_53\
	\Timer_BusyToCollision:TimerUDB:ctrl_ten\
	\Timer_BusyToCollision:TimerUDB:ctrl_cmode_0\
	\Timer_BusyToCollision:TimerUDB:ctrl_tmode_1\
	\Timer_BusyToCollision:TimerUDB:ctrl_tmode_0\
	\Timer_BusyToCollision:TimerUDB:ctrl_ic_1\
	\Timer_BusyToCollision:TimerUDB:ctrl_ic_0\
	Net_687
	\Timer_BusyToCollision:TimerUDB:zeros_3\
	\Timer_BusyToCollision:TimerUDB:zeros_2\
	\Timer_BusyToCollision:Net_102\
	\Timer_BusyToCollision:Net_266\
	\Timer_BusyToIdle:Net_260\
	Net_693
	\Timer_BusyToIdle:Net_53\
	\Timer_BusyToIdle:TimerUDB:ctrl_ten\
	\Timer_BusyToIdle:TimerUDB:ctrl_cmode_0\
	\Timer_BusyToIdle:TimerUDB:ctrl_tmode_1\
	\Timer_BusyToIdle:TimerUDB:ctrl_tmode_0\
	\Timer_BusyToIdle:TimerUDB:ctrl_ic_1\
	\Timer_BusyToIdle:TimerUDB:ctrl_ic_0\
	Net_692
	\Timer_BusyToIdle:TimerUDB:zeros_3\
	\Timer_BusyToIdle:TimerUDB:zeros_2\
	\Timer_BusyToIdle:Net_102\
	\Timer_BusyToIdle:Net_266\
	\USB:dma_nrq_0\
	\USB:Net_1800\
	\USB:dma_nrq_3\
	\USB:Net_1803\
	\USB:Net_1801\
	\USB:dma_nrq_1\
	\USB:dma_nrq_4\
	\USB:Net_1804\
	\USB:dma_nrq_5\
	\USB:Net_1805\
	\USB:dma_nrq_6\
	\USB:Net_1806\
	\USB:dma_nrq_7\
	\USB:Net_1807\
	\USB:dma_nrq_2\
	\USB:Net_1802\
	Net_778


Deleted 45 User equations/components.
Deleted 0 Synthesized equations/components.

------------------------------------------------------
Alias Detection
------------------------------------------------------
Aliasing one to tmpOE__Pin_LEDBusy_net_0
Aliasing tmpOE__Pin_LEDCollision_net_0 to tmpOE__Pin_LEDBusy_net_0
Aliasing tmpOE__Pin_LEDIdle_net_0 to tmpOE__Pin_LEDBusy_net_0
Aliasing tmpOE__Recieve_Input_net_0 to tmpOE__Pin_LEDBusy_net_0
Aliasing \Timer_BusyToCollision:TimerUDB:ctrl_cmode_1\ to zero
Aliasing \Timer_BusyToCollision:TimerUDB:trigger_enable\ to tmpOE__Pin_LEDBusy_net_0
Aliasing \Timer_BusyToCollision:TimerUDB:status_6\ to zero
Aliasing \Timer_BusyToCollision:TimerUDB:status_5\ to zero
Aliasing \Timer_BusyToCollision:TimerUDB:status_4\ to zero
Aliasing \Timer_BusyToCollision:TimerUDB:status_0\ to \Timer_BusyToCollision:TimerUDB:tc_i\
Aliasing \Timer_BusyToIdle:TimerUDB:ctrl_cmode_1\ to zero
Aliasing \Timer_BusyToIdle:TimerUDB:trigger_enable\ to tmpOE__Pin_LEDBusy_net_0
Aliasing \Timer_BusyToIdle:TimerUDB:status_6\ to zero
Aliasing \Timer_BusyToIdle:TimerUDB:status_5\ to zero
Aliasing \Timer_BusyToIdle:TimerUDB:status_4\ to zero
Aliasing \Timer_BusyToIdle:TimerUDB:status_0\ to \Timer_BusyToIdle:TimerUDB:tc_i\
Aliasing \USB:tmpOE__Dm_net_0\ to tmpOE__Pin_LEDBusy_net_0
Aliasing \USB:tmpOE__Dp_net_0\ to tmpOE__Pin_LEDBusy_net_0
Aliasing \Timer_sendData:Net_260\ to zero
Aliasing Net_12 to zero
Aliasing \Timer_sendData:Net_102\ to tmpOE__Pin_LEDBusy_net_0
Aliasing tmpOE__Transm_Output_net_0 to tmpOE__Pin_LEDBusy_net_0
Aliasing \Rising_EdgeDetect:last\\D\ to \Timer_BusyToCollision:TimerUDB:cs_addr_2\
Aliasing \Falling_EdgeDetect:last\\D\ to \Timer_BusyToCollision:TimerUDB:cs_addr_2\
Aliasing \Timer_BusyToCollision:TimerUDB:capture_last\\D\ to zero
Aliasing \Timer_BusyToCollision:TimerUDB:capture_out_reg_i\\D\ to \Timer_BusyToCollision:TimerUDB:capt_fifo_load_int\
Aliasing \Timer_BusyToIdle:TimerUDB:capture_last\\D\ to zero
Aliasing \Timer_BusyToIdle:TimerUDB:capture_out_reg_i\\D\ to \Timer_BusyToIdle:TimerUDB:capt_fifo_load_int\
Removing Lhs of wire one[17] = tmpOE__Pin_LEDBusy_net_0[12]
Removing Lhs of wire tmpOE__Pin_LEDCollision_net_0[20] = tmpOE__Pin_LEDBusy_net_0[12]
Removing Lhs of wire tmpOE__Pin_LEDIdle_net_0[26] = tmpOE__Pin_LEDBusy_net_0[12]
Removing Lhs of wire tmpOE__Recieve_Input_net_0[32] = tmpOE__Pin_LEDBusy_net_0[12]
Removing Rhs of wire Net_123[39] = \Timer_BusyToCollision:Net_55\[40]
Removing Lhs of wire \Timer_BusyToCollision:TimerUDB:ctrl_enable\[56] = \Timer_BusyToCollision:TimerUDB:control_7\[48]
Removing Lhs of wire \Timer_BusyToCollision:TimerUDB:ctrl_cmode_1\[58] = zero[13]
Removing Rhs of wire \Timer_BusyToCollision:TimerUDB:timer_enable\[67] = \Timer_BusyToCollision:TimerUDB:runmode_enable\[79]
Removing Rhs of wire \Timer_BusyToCollision:TimerUDB:run_mode\[68] = \Timer_BusyToCollision:TimerUDB:hwEnable_reg\[69]
Removing Lhs of wire \Timer_BusyToCollision:TimerUDB:trigger_enable\[71] = tmpOE__Pin_LEDBusy_net_0[12]
Removing Lhs of wire \Timer_BusyToCollision:TimerUDB:tc_i\[73] = \Timer_BusyToCollision:TimerUDB:status_tc\[70]
Removing Lhs of wire \Timer_BusyToCollision:TimerUDB:hwEnable\[75] = \Timer_BusyToCollision:TimerUDB:control_7\[48]
Removing Lhs of wire \Timer_BusyToCollision:TimerUDB:capt_fifo_load_int\[78] = \Timer_BusyToCollision:TimerUDB:capt_fifo_load\[66]
Removing Lhs of wire \Timer_BusyToCollision:TimerUDB:status_6\[82] = zero[13]
Removing Lhs of wire \Timer_BusyToCollision:TimerUDB:status_5\[83] = zero[13]
Removing Lhs of wire \Timer_BusyToCollision:TimerUDB:status_4\[84] = zero[13]
Removing Lhs of wire \Timer_BusyToCollision:TimerUDB:status_0\[85] = \Timer_BusyToCollision:TimerUDB:status_tc\[70]
Removing Lhs of wire \Timer_BusyToCollision:TimerUDB:status_1\[86] = \Timer_BusyToCollision:TimerUDB:capt_fifo_load\[66]
Removing Rhs of wire \Timer_BusyToCollision:TimerUDB:status_2\[87] = \Timer_BusyToCollision:TimerUDB:fifo_full\[88]
Removing Rhs of wire \Timer_BusyToCollision:TimerUDB:status_3\[89] = \Timer_BusyToCollision:TimerUDB:fifo_nempty\[90]
Removing Lhs of wire \Timer_BusyToCollision:TimerUDB:cs_addr_2\[92] = Net_648[2]
Removing Lhs of wire \Timer_BusyToCollision:TimerUDB:cs_addr_1\[93] = \Timer_BusyToCollision:TimerUDB:trig_reg\[81]
Removing Lhs of wire \Timer_BusyToCollision:TimerUDB:cs_addr_0\[94] = \Timer_BusyToCollision:TimerUDB:per_zero\[72]
Removing Rhs of wire Net_129[178] = \Timer_BusyToIdle:Net_55\[179]
Removing Lhs of wire \Timer_BusyToIdle:TimerUDB:ctrl_enable\[196] = \Timer_BusyToIdle:TimerUDB:control_7\[188]
Removing Lhs of wire \Timer_BusyToIdle:TimerUDB:ctrl_cmode_1\[198] = zero[13]
Removing Rhs of wire \Timer_BusyToIdle:TimerUDB:timer_enable\[207] = \Timer_BusyToIdle:TimerUDB:runmode_enable\[219]
Removing Rhs of wire \Timer_BusyToIdle:TimerUDB:run_mode\[208] = \Timer_BusyToIdle:TimerUDB:hwEnable_reg\[209]
Removing Lhs of wire \Timer_BusyToIdle:TimerUDB:trigger_enable\[211] = tmpOE__Pin_LEDBusy_net_0[12]
Removing Lhs of wire \Timer_BusyToIdle:TimerUDB:tc_i\[213] = \Timer_BusyToIdle:TimerUDB:status_tc\[210]
Removing Lhs of wire \Timer_BusyToIdle:TimerUDB:hwEnable\[215] = \Timer_BusyToIdle:TimerUDB:control_7\[188]
Removing Lhs of wire \Timer_BusyToIdle:TimerUDB:capt_fifo_load_int\[218] = \Timer_BusyToIdle:TimerUDB:capt_fifo_load\[206]
Removing Lhs of wire \Timer_BusyToIdle:TimerUDB:status_6\[223] = zero[13]
Removing Lhs of wire \Timer_BusyToIdle:TimerUDB:status_5\[224] = zero[13]
Removing Lhs of wire \Timer_BusyToIdle:TimerUDB:status_4\[225] = zero[13]
Removing Lhs of wire \Timer_BusyToIdle:TimerUDB:status_0\[226] = \Timer_BusyToIdle:TimerUDB:status_tc\[210]
Removing Lhs of wire \Timer_BusyToIdle:TimerUDB:status_1\[227] = \Timer_BusyToIdle:TimerUDB:capt_fifo_load\[206]
Removing Rhs of wire \Timer_BusyToIdle:TimerUDB:status_2\[228] = \Timer_BusyToIdle:TimerUDB:fifo_full\[229]
Removing Rhs of wire \Timer_BusyToIdle:TimerUDB:status_3\[230] = \Timer_BusyToIdle:TimerUDB:fifo_nempty\[231]
Removing Lhs of wire \Timer_BusyToIdle:TimerUDB:cs_addr_2\[233] = Net_573[220]
Removing Lhs of wire \Timer_BusyToIdle:TimerUDB:cs_addr_1\[234] = \Timer_BusyToIdle:TimerUDB:trig_reg\[222]
Removing Lhs of wire \Timer_BusyToIdle:TimerUDB:cs_addr_0\[235] = \Timer_BusyToIdle:TimerUDB:per_zero\[212]
Removing Lhs of wire \USB:tmpOE__Dm_net_0\[352] = tmpOE__Pin_LEDBusy_net_0[12]
Removing Lhs of wire \USB:tmpOE__Dp_net_0\[359] = tmpOE__Pin_LEDBusy_net_0[12]
Removing Lhs of wire \Timer_sendData:Net_260\[387] = zero[13]
Removing Lhs of wire \Timer_sendData:Net_266\[388] = tmpOE__Pin_LEDBusy_net_0[12]
Removing Lhs of wire Net_12[389] = zero[13]
Removing Rhs of wire Net_773[393] = \Timer_sendData:Net_57\[392]
Removing Lhs of wire \Timer_sendData:Net_102\[395] = tmpOE__Pin_LEDBusy_net_0[12]
Removing Lhs of wire tmpOE__Transm_Output_net_0[399] = tmpOE__Pin_LEDBusy_net_0[12]
Removing Lhs of wire \Rising_EdgeDetect:last\\D\[404] = Net_648[2]
Removing Lhs of wire \Falling_EdgeDetect:last\\D\[405] = Net_648[2]
Removing Lhs of wire \Timer_BusyToCollision:TimerUDB:capture_last\\D\[406] = zero[13]
Removing Lhs of wire \Timer_BusyToCollision:TimerUDB:hwEnable_reg\\D\[407] = \Timer_BusyToCollision:TimerUDB:control_7\[48]
Removing Lhs of wire \Timer_BusyToCollision:TimerUDB:tc_reg_i\\D\[408] = \Timer_BusyToCollision:TimerUDB:status_tc\[70]
Removing Lhs of wire \Timer_BusyToCollision:TimerUDB:capture_out_reg_i\\D\[409] = \Timer_BusyToCollision:TimerUDB:capt_fifo_load\[66]
Removing Lhs of wire \Timer_BusyToIdle:TimerUDB:capture_last\\D\[412] = zero[13]
Removing Lhs of wire \Timer_BusyToIdle:TimerUDB:hwEnable_reg\\D\[413] = \Timer_BusyToIdle:TimerUDB:control_7\[188]
Removing Lhs of wire \Timer_BusyToIdle:TimerUDB:tc_reg_i\\D\[414] = \Timer_BusyToIdle:TimerUDB:status_tc\[210]
Removing Lhs of wire \Timer_BusyToIdle:TimerUDB:capture_out_reg_i\\D\[415] = \Timer_BusyToIdle:TimerUDB:capt_fifo_load\[206]

------------------------------------------------------
Aliased 0 equations, 60 wires.
------------------------------------------------------

----------------------------------------------------------
Circuit simplification
----------------------------------------------------------

Substituting virtuals - pass 1:

Note:  Expanding virtual equation for 'tmpOE__Pin_LEDBusy_net_0' (cost = 0):
tmpOE__Pin_LEDBusy_net_0 <=  ('1') ;

Note:  Expanding virtual equation for 'zero' (cost = 0):
zero <=  ('0') ;

Note:  Expanding virtual equation for '\Timer_BusyToCollision:TimerUDB:fifo_load_polarized\' (cost = 0):
\Timer_BusyToCollision:TimerUDB:fifo_load_polarized\ <=  ('0') ;

Note:  Expanding virtual equation for '\Timer_BusyToCollision:TimerUDB:status_tc\' (cost = 3):
\Timer_BusyToCollision:TimerUDB:status_tc\ <= ((\Timer_BusyToCollision:TimerUDB:run_mode\ and \Timer_BusyToCollision:TimerUDB:per_zero\));

Note:  Expanding virtual equation for '\Timer_BusyToIdle:TimerUDB:fifo_load_polarized\' (cost = 0):
\Timer_BusyToIdle:TimerUDB:fifo_load_polarized\ <=  ('0') ;

Note:  Expanding virtual equation for '\Timer_BusyToIdle:TimerUDB:status_tc\' (cost = 3):
\Timer_BusyToIdle:TimerUDB:status_tc\ <= ((\Timer_BusyToIdle:TimerUDB:run_mode\ and \Timer_BusyToIdle:TimerUDB:per_zero\));

Note:  Expanding virtual equation for 'Net_573' (cost = 0):
Net_573 <= (not Net_648);


Substituting virtuals - pass 2:


----------------------------------------------------------
Circuit simplification results:

	Expanded 7 signals.
	Turned 0 signals into soft nodes.
	Maximum default expansion cost was set at 3.
----------------------------------------------------------

------------------------------------------------------
Alias Detection
------------------------------------------------------
Aliasing \Timer_BusyToCollision:TimerUDB:capt_fifo_load\ to zero
Aliasing \Timer_BusyToIdle:TimerUDB:capt_fifo_load\ to zero
Removing Lhs of wire \Timer_BusyToCollision:TimerUDB:capt_fifo_load\[66] = zero[13]
Removing Lhs of wire \Timer_BusyToCollision:TimerUDB:trig_reg\[81] = \Timer_BusyToCollision:TimerUDB:timer_enable\[67]
Removing Lhs of wire \Timer_BusyToIdle:TimerUDB:capt_fifo_load\[206] = zero[13]
Removing Lhs of wire \Timer_BusyToIdle:TimerUDB:trig_reg\[222] = \Timer_BusyToIdle:TimerUDB:timer_enable\[207]

------------------------------------------------------
Aliased 0 equations, 4 wires.
------------------------------------------------------

----------------------------------------------------------
Circuit simplification
----------------------------------------------------------

Eliminating unused logic - pass 1:


Eliminating unused logic - pass 2:


Substituting virtuals - pass 1:


----------------------------------------------------------
Circuit simplification results:

	Expanded 0 signals.
	Turned 0 signals into soft nodes.
	Maximum default expansion cost was set at 3.
----------------------------------------------------------

topld:  No errors.

CYPRESS_DIR    : C:\Program Files (x86)\Cypress\PSoC Creator\3.0\PSoC Creator\warp
Warp Program   : C:\Program Files (x86)\Cypress\PSoC Creator\3.0\PSoC Creator\warp\bin/warp.exe
Warp Arguments : -yv2 -v3 -ygs -q10 -o2 -.fftcfgtype=LE -ya "-.fftprj=D:\MSOE\2014-2015\Winter\CE4950_021_Network\lab\Project\ce4950Project\Networking\Networking Project\Networking Project.cydsn\Networking Project.cyprj" -dcpsoc3 "Networking Project.v" -verilog
</CYPRESSTAG>
Warp synthesis phase: Elapsed time ==> 1s.731ms
<CYPRESSTAG name="Fitter results...">
<CYPRESSTAG name="Fitter startup details...">
cyp3fit: V3.0.0.3140, Family: PSoC3, Started at: Thursday, 08 January 2015 08:52:19
Options: -yv2 -v3 -ygs -q10 -o2 -.fftcfgtype=LE -ya -.fftprj=D:\MSOE\2014-2015\Winter\CE4950_021_Network\lab\Project\ce4950Project\Networking\Networking Project\Networking Project.cydsn\Networking Project.cyprj -d CY8C5868AXI-LP035 Networking Project.v -verilog
</CYPRESSTAG>
<CYPRESSTAG name="Design parsing">
Design parsing phase: Elapsed time ==> 0s.016ms
</CYPRESSTAG>
<CYPRESSTAG name="Tech mapping">
<CYPRESSTAG name="Initial Mapping" icon="FILE_RPT_TECHM">
    Converted constant MacroCell: \Timer_BusyToCollision:TimerUDB:capture_last\ from registered to combinatorial
    Converted constant MacroCell: \Timer_BusyToCollision:TimerUDB:capture_out_reg_i\ from registered to combinatorial
    Converted constant MacroCell: \Timer_BusyToIdle:TimerUDB:capture_last\ from registered to combinatorial
    Converted constant MacroCell: \Timer_BusyToIdle:TimerUDB:capture_out_reg_i\ from registered to combinatorial
Assigning clock Clock_collision_2 to clock BUS_CLK because it is a pass-through
Assigning clock Clock_collision_3 to clock BUS_CLK because it is a pass-through
Assigning clock USB_Clock_vbus to clock BUS_CLK because it is a pass-through
Assigning clock timer_clock to clock BUS_CLK because it is a pass-through
Assigning clock timer_clock_1 to clock BUS_CLK because it is a pass-through
Assigning clock timer_clock_2 to clock BUS_CLK because it is a pass-through
<CYPRESSTAG name="Global Clock Selection" icon="FILE_RPT_TECHM">
</CYPRESSTAG>

Removing unused cells resulting from optimization
    Removed unused cell/equation '\Timer_BusyToCollision:TimerUDB:capture_last\:macrocell'
    Removed unused cell/equation '\Timer_BusyToCollision:TimerUDB:capture_out_reg_i\:macrocell'
    Removed unused cell/equation '\Timer_BusyToCollision:TimerUDB:tc_reg_i\:macrocell'
    Removed unused cell/equation '\Timer_BusyToIdle:TimerUDB:capture_last\:macrocell'
    Removed unused cell/equation '\Timer_BusyToIdle:TimerUDB:capture_out_reg_i\:macrocell'
    Removed unused cell/equation '\Timer_BusyToIdle:TimerUDB:tc_reg_i\:macrocell'
Done removing unused cells.
<CYPRESSTAG name="UDB Clock/Enable Remapping Results">
    UDB Clk/Enable \Timer_BusyToCollision:TimerUDB:clock_enable_block\: with output requested to be synchronous
        ClockIn: BUS_CLK was determined to be a global clock that is synchronous to BUS_CLK
        EnableIn: Constant 1 was determined to be synchronous to ClockIn
        ClockOut: BUS_CLK, EnableOut: Constant 1
    UDB Clk/Enable \Timer_BusyToCollision:TimerUDB:sCTRLReg:SyncCtl:cy_psoc3_udb_Ctl_Clk_Sync\: with output requested to be synchronous
        ClockIn: BUS_CLK was determined to be a global clock that is synchronous to BUS_CLK
        EnableIn: Constant 1 was determined to be synchronous to ClockIn
        ClockOut: BUS_CLK, EnableOut: Constant 1
    UDB Clk/Enable \Timer_BusyToIdle:TimerUDB:clock_enable_block\: with output requested to be synchronous
        ClockIn: BUS_CLK was determined to be a global clock that is synchronous to BUS_CLK
        EnableIn: Constant 1 was determined to be synchronous to ClockIn
        ClockOut: BUS_CLK, EnableOut: Constant 1
    UDB Clk/Enable \Timer_BusyToIdle:TimerUDB:sCTRLReg:SyncCtl:cy_psoc3_udb_Ctl_Clk_Sync\: with output requested to be synchronous
        ClockIn: BUS_CLK was determined to be a global clock that is synchronous to BUS_CLK
        EnableIn: Constant 1 was determined to be synchronous to ClockIn
        ClockOut: BUS_CLK, EnableOut: Constant 1
</CYPRESSTAG>
ADD: pft.M0040: information: The following 2 pin(s) will be assigned a location by the fitter: \USB:Dm(0)\, \USB:Dp(0)\


Removing unused cells resulting from optimization
    Removed unused cell/equation '\Timer_BusyToCollision:TimerUDB:runmode_enable\\D\:macrocell'
    Removed unused cell/equation '\Timer_BusyToCollision:TimerUDB:trig_disable\\D\:macrocell'
    Removed unused cell/equation '\Timer_BusyToIdle:TimerUDB:runmode_enable\\D\:macrocell'
    Removed unused cell/equation '\Timer_BusyToIdle:TimerUDB:trig_disable\\D\:macrocell'
    Removed unused cell/equation '__ZERO__:macrocell'
Done removing unused cells.
<CYPRESSTAG name="Duplicate Macrocell detection">

Removing duplicate macrocells
    Removing \Rising_EdgeDetect:last\, Duplicate of \Falling_EdgeDetect:last\ 
    MacroCell: Name=\Rising_EdgeDetect:last\, Mode=(D-Register)
        Total # of inputs        : 1
        Total # of product terms : 1
        List of special equations: 
            Clock  = (ClockBlock_BUS_CLK) => Global
            Clock Enable: True
        Main Equation            : 1 pterm
        (
              Net_648
        );
        Output = \Rising_EdgeDetect:last\ (fanout=1)

End removing duplicate macrocells: used 1 pass
</CYPRESSTAG>
</CYPRESSTAG>
<CYPRESSTAG name="Duplicate Macrocell detection">
</CYPRESSTAG>
<CYPRESSTAG name="Design Equations" icon="FILE_RPT_EQUATION">

------------------------------------------------------------
Design Equations
------------------------------------------------------------
    <CYPRESSTAG name="Pin listing">

    ------------------------------------------------------------
    Pin listing
    ------------------------------------------------------------

    Pin : Name = Pin_LEDBusy(0)
        Attributes:
            In Group/Port: True
            In Sync Option: AUTO
            Out Sync Option: NOSYNC
            Interrupt generated: False
            Interrupt mode: NONE
            Drive mode: CMOS_OUT
            VTrip: EITHER
            Slew: FAST
            Input Sync needed: False
            Output Sync needed: False
            SC shield enabled: False
            POR State: ANY
            LCD Mode: COMMON
            Register Mode: RegComb
            CaSense Mode: NEITHER
            Treat as pin: True
            Is OE Registered: False
            Uses Analog: False
            Can contain Digital: True
            Is SIO: False
            SIO Output Buf: NONREGULATED
            SIO Input Buf: SINGLE_ENDED
            SIO HiFreq: LOW
            SIO Hyst: DISABLED
            SIO Vtrip: MULTIPLIER_0_5
            SIO RefSel: VCC_IO
            Required Capabilitites: DIGITAL
            Initial Value: 0
            IO Voltage: 0
        PORT MAP (
            pa_out => Pin_LEDBusy(0)__PA ,
            pad => Pin_LEDBusy(0)_PAD );
        Properties:
        {
        }

    Pin : Name = Pin_LEDCollision(0)
        Attributes:
            In Group/Port: True
            In Sync Option: AUTO
            Out Sync Option: NOSYNC
            Interrupt generated: False
            Interrupt mode: NONE
            Drive mode: CMOS_OUT
            VTrip: EITHER
            Slew: FAST
            Input Sync needed: False
            Output Sync needed: False
            SC shield enabled: False
            POR State: ANY
            LCD Mode: COMMON
            Register Mode: RegComb
            CaSense Mode: NEITHER
            Treat as pin: True
            Is OE Registered: False
            Uses Analog: False
            Can contain Digital: True
            Is SIO: False
            SIO Output Buf: NONREGULATED
            SIO Input Buf: SINGLE_ENDED
            SIO HiFreq: LOW
            SIO Hyst: DISABLED
            SIO Vtrip: MULTIPLIER_0_5
            SIO RefSel: VCC_IO
            Required Capabilitites: DIGITAL
            Initial Value: 0
            IO Voltage: 0
        PORT MAP (
            pa_out => Pin_LEDCollision(0)__PA ,
            pad => Pin_LEDCollision(0)_PAD );
        Properties:
        {
        }

    Pin : Name = Pin_LEDIdle(0)
        Attributes:
            In Group/Port: True
            In Sync Option: AUTO
            Out Sync Option: NOSYNC
            Interrupt generated: False
            Interrupt mode: NONE
            Drive mode: CMOS_OUT
            VTrip: EITHER
            Slew: FAST
            Input Sync needed: False
            Output Sync needed: False
            SC shield enabled: False
            POR State: ANY
            LCD Mode: COMMON
            Register Mode: RegComb
            CaSense Mode: NEITHER
            Treat as pin: True
            Is OE Registered: False
            Uses Analog: False
            Can contain Digital: True
            Is SIO: False
            SIO Output Buf: NONREGULATED
            SIO Input Buf: SINGLE_ENDED
            SIO HiFreq: LOW
            SIO Hyst: DISABLED
            SIO Vtrip: MULTIPLIER_0_5
            SIO RefSel: VCC_IO
            Required Capabilitites: DIGITAL
            Initial Value: 0
            IO Voltage: 0
        PORT MAP (
            pa_out => Pin_LEDIdle(0)__PA ,
            pad => Pin_LEDIdle(0)_PAD );
        Properties:
        {
        }

    Pin : Name = Recieve_Input(0)
        Attributes:
            In Group/Port: True
            In Sync Option: SYNC
            Out Sync Option: AUTO
            Interrupt generated: False
            Interrupt mode: NONE
            Drive mode: RES_PULL_UP
            VTrip: CMOS
            Slew: FAST
            Input Sync needed: True
            Output Sync needed: False
            SC shield enabled: False
            POR State: ANY
            LCD Mode: COMMON
            Register Mode: RegComb
            CaSense Mode: NEITHER
            Treat as pin: True
            Is OE Registered: False
            Uses Analog: False
            Can contain Digital: True
            Is SIO: False
            SIO Output Buf: NONREGULATED
            SIO Input Buf: SINGLE_ENDED
            SIO HiFreq: LOW
            SIO Hyst: DISABLED
            SIO Vtrip: MULTIPLIER_0_5
            SIO RefSel: VCC_IO
            Required Capabilitites: DIGITAL, ROUTABLE
            Initial Value: 1
            IO Voltage: 5
        PORT MAP (
            pa_out => Recieve_Input(0)__PA ,
            fb => Net_648 ,
            pad => Recieve_Input(0)_PAD );
        Properties:
        {
        }

    Pin : Name = Transm_Output(0)
        Attributes:
            In Group/Port: True
            In Sync Option: AUTO
            Out Sync Option: NOSYNC
            Interrupt generated: False
            Interrupt mode: NONE
            Drive mode: CMOS_OUT
            VTrip: EITHER
            Slew: FAST
            Input Sync needed: False
            Output Sync needed: False
            SC shield enabled: False
            POR State: ANY
            LCD Mode: COMMON
            Register Mode: RegComb
            CaSense Mode: NEITHER
            Treat as pin: True
            Is OE Registered: False
            Uses Analog: False
            Can contain Digital: True
            Is SIO: False
            SIO Output Buf: NONREGULATED
            SIO Input Buf: SINGLE_ENDED
            SIO HiFreq: LOW
            SIO Hyst: DISABLED
            SIO Vtrip: MULTIPLIER_0_5
            SIO RefSel: VCC_IO
            Required Capabilitites: DIGITAL
            Initial Value: 0
            IO Voltage: 0
        PORT MAP (
            pa_out => Transm_Output(0)__PA ,
            pad => Transm_Output(0)_PAD );
        Properties:
        {
        }

    Pin : Name = \USB:Dm(0)\
        Attributes:
            In Group/Port: True
            In Sync Option: AUTO
            Out Sync Option: AUTO
            Interrupt generated: False
            Interrupt mode: NONE
            Drive mode: HI_Z_ANALOG
            VTrip: EITHER
            Slew: FAST
            Input Sync needed: False
            Output Sync needed: False
            SC shield enabled: False
            POR State: ANY
            LCD Mode: COMMON
            Register Mode: RegComb
            CaSense Mode: NEITHER
            Treat as pin: True
            Is OE Registered: False
            Uses Analog: True
            Can contain Digital: False
            Is SIO: False
            SIO Output Buf: NONREGULATED
            SIO Input Buf: SINGLE_ENDED
            SIO HiFreq: LOW
            SIO Hyst: DISABLED
            SIO Vtrip: MULTIPLIER_0_5
            SIO RefSel: VCC_IO
            Required Capabilitites: USB_D_MINUS
            Initial Value: 0
            IO Voltage: 0
        PORT MAP (
            pa_out => \USB:Dm(0)\__PA ,
            analog_term => \USB:Net_597\ ,
            pad => \USB:Dm(0)_PAD\ );

    Pin : Name = \USB:Dp(0)\
        Attributes:
            In Group/Port: True
            In Sync Option: SYNC
            Out Sync Option: AUTO
            Interrupt generated: True
            Interrupt mode: FALLING
            Drive mode: HI_Z_ANALOG
            VTrip: CMOS
            Slew: FAST
            Input Sync needed: True
            Output Sync needed: False
            SC shield enabled: False
            POR State: ANY
            LCD Mode: COMMON
            Register Mode: RegComb
            CaSense Mode: NEITHER
            Treat as pin: False
            Is OE Registered: False
            Uses Analog: True
            Can contain Digital: True
            Is SIO: False
            SIO Output Buf: NONREGULATED
            SIO Input Buf: SINGLE_ENDED
            SIO HiFreq: LOW
            SIO Hyst: DISABLED
            SIO Vtrip: MULTIPLIER_0_5
            SIO RefSel: VCC_IO
            Required Capabilitites: USB_D_PLUS
            Initial Value: 0
            IO Voltage: 0
        PORT MAP (
            pa_out => \USB:Dp(0)\__PA ,
            analog_term => \USB:Net_1000\ ,
            pad => \USB:Dp(0)_PAD\ );
    </CYPRESSTAG>
    <CYPRESSTAG name="Macrocell listing" icon="FILE_RPT_EQUATION">

    ------------------------------------------------------------
    Macrocell listing
    ------------------------------------------------------------

    MacroCell: Name=Net_1, Mode=(Combinatorial)
        Total # of inputs        : 2
        Total # of product terms : 1
            Clock Enable: True
        Main Equation            : 1 pterm
        (
              Net_648 * !\Falling_EdgeDetect:last\
        );
        Output = Net_1 (fanout=1)

    MacroCell: Name=Net_3, Mode=(Combinatorial)
        Total # of inputs        : 2
        Total # of product terms : 1
            Clock Enable: True
        Main Equation            : 1 pterm
        (
              !Net_648 * \Falling_EdgeDetect:last\
        );
        Output = Net_3 (fanout=1)

    MacroCell: Name=Net_573, Mode=(Combinatorial)
        Total # of inputs        : 1
        Total # of product terms : 1
            Clock Enable: True
        Main Equation            : 1 pterm
        (
              !Net_648
        );
        Output = Net_573 (fanout=2)

    MacroCell: Name=\Falling_EdgeDetect:last\, Mode=(D-Register)
        Total # of inputs        : 1
        Total # of product terms : 1
        List of special equations: 
            Clock  = (ClockBlock_BUS_CLK) => Global
            Clock Enable: True
        Main Equation            : 1 pterm
        (
              Net_648
        );
        Output = \Falling_EdgeDetect:last\ (fanout=2)

    MacroCell: Name=\Timer_BusyToCollision:TimerUDB:run_mode\, Mode=(D-Register)
        Total # of inputs        : 1
        Total # of product terms : 1
        List of special equations: 
            Clock  = (ClockBlock_BUS_CLK) => Global
            Clock Enable: True
        Main Equation            : 1 pterm
        (
              \Timer_BusyToCollision:TimerUDB:control_7\
        );
        Output = \Timer_BusyToCollision:TimerUDB:run_mode\ (fanout=3)

    MacroCell: Name=\Timer_BusyToCollision:TimerUDB:status_tc\, Mode=(Combinatorial)
        Total # of inputs        : 2
        Total # of product terms : 1
            Clock Enable: True
        Main Equation            : 1 pterm
        (
              \Timer_BusyToCollision:TimerUDB:run_mode\ * 
              \Timer_BusyToCollision:TimerUDB:per_zero\
        );
        Output = \Timer_BusyToCollision:TimerUDB:status_tc\ (fanout=1)

    MacroCell: Name=\Timer_BusyToCollision:TimerUDB:timer_enable\, Mode=(D-Register)
        Total # of inputs        : 6
        Total # of product terms : 3
        List of special equations: 
            Clock  = (ClockBlock_BUS_CLK) => Global
            Clock Enable: True
        Main Equation            : 3 pterms
        (
              !Net_648 * \Timer_BusyToCollision:TimerUDB:control_7\ * 
              !\Timer_BusyToCollision:TimerUDB:timer_enable\ * 
              !\Timer_BusyToCollision:TimerUDB:trig_disable\
            + !Net_648 * \Timer_BusyToCollision:TimerUDB:control_7\ * 
              !\Timer_BusyToCollision:TimerUDB:run_mode\ * 
              !\Timer_BusyToCollision:TimerUDB:trig_disable\
            + !Net_648 * \Timer_BusyToCollision:TimerUDB:control_7\ * 
              !\Timer_BusyToCollision:TimerUDB:per_zero\ * 
              !\Timer_BusyToCollision:TimerUDB:trig_disable\
        );
        Output = \Timer_BusyToCollision:TimerUDB:timer_enable\ (fanout=4)

    MacroCell: Name=\Timer_BusyToCollision:TimerUDB:trig_disable\, Mode=(D-Register)
        Total # of inputs        : 5
        Total # of product terms : 2
        List of special equations: 
            Clock  = (ClockBlock_BUS_CLK) => Global
            Clock Enable: True
        Main Equation            : 2 pterms
        (
              !Net_648 * \Timer_BusyToCollision:TimerUDB:timer_enable\ * 
              \Timer_BusyToCollision:TimerUDB:run_mode\ * 
              \Timer_BusyToCollision:TimerUDB:per_zero\
            + !Net_648 * \Timer_BusyToCollision:TimerUDB:trig_disable\
        );
        Output = \Timer_BusyToCollision:TimerUDB:trig_disable\ (fanout=2)

    MacroCell: Name=\Timer_BusyToIdle:TimerUDB:run_mode\, Mode=(D-Register)
        Total # of inputs        : 1
        Total # of product terms : 1
        List of special equations: 
            Clock  = (ClockBlock_BUS_CLK) => Global
            Clock Enable: True
        Main Equation            : 1 pterm
        (
              \Timer_BusyToIdle:TimerUDB:control_7\
        );
        Output = \Timer_BusyToIdle:TimerUDB:run_mode\ (fanout=3)

    MacroCell: Name=\Timer_BusyToIdle:TimerUDB:status_tc\, Mode=(Combinatorial)
        Total # of inputs        : 2
        Total # of product terms : 1
            Clock Enable: True
        Main Equation            : 1 pterm
        (
              \Timer_BusyToIdle:TimerUDB:run_mode\ * 
              \Timer_BusyToIdle:TimerUDB:per_zero\
        );
        Output = \Timer_BusyToIdle:TimerUDB:status_tc\ (fanout=1)

    MacroCell: Name=\Timer_BusyToIdle:TimerUDB:timer_enable\, Mode=(D-Register)
        Total # of inputs        : 6
        Total # of product terms : 3
        List of special equations: 
            Clock  = (ClockBlock_BUS_CLK) => Global
            Clock Enable: True
        Main Equation            : 3 pterms
        (
              Net_648 * \Timer_BusyToIdle:TimerUDB:control_7\ * 
              !\Timer_BusyToIdle:TimerUDB:timer_enable\ * 
              !\Timer_BusyToIdle:TimerUDB:trig_disable\
            + Net_648 * \Timer_BusyToIdle:TimerUDB:control_7\ * 
              !\Timer_BusyToIdle:TimerUDB:run_mode\ * 
              !\Timer_BusyToIdle:TimerUDB:trig_disable\
            + Net_648 * \Timer_BusyToIdle:TimerUDB:control_7\ * 
              !\Timer_BusyToIdle:TimerUDB:per_zero\ * 
              !\Timer_BusyToIdle:TimerUDB:trig_disable\
        );
        Output = \Timer_BusyToIdle:TimerUDB:timer_enable\ (fanout=4)

    MacroCell: Name=\Timer_BusyToIdle:TimerUDB:trig_disable\, Mode=(D-Register)
        Total # of inputs        : 5
        Total # of product terms : 2
        List of special equations: 
            Clock  = (ClockBlock_BUS_CLK) => Global
            Clock Enable: True
        Main Equation            : 2 pterms
        (
              Net_648 * \Timer_BusyToIdle:TimerUDB:timer_enable\ * 
              \Timer_BusyToIdle:TimerUDB:run_mode\ * 
              \Timer_BusyToIdle:TimerUDB:per_zero\
            + Net_648 * \Timer_BusyToIdle:TimerUDB:trig_disable\
        );
        Output = \Timer_BusyToIdle:TimerUDB:trig_disable\ (fanout=2)

    MacroCell: Name=__ONE__, Mode=(Combinatorial)
        Total # of inputs        : 0
        Total # of product terms : 0
            Clock Enable: True
        Main Equation            : 0 pterms
        !(
            0
        );
        Output = __ONE__ (fanout=1)
    </CYPRESSTAG>
    <CYPRESSTAG name="Datapath listing">

    ------------------------------------------------------------
    Datapath listing
    ------------------------------------------------------------

    datapathcell: Name =\Timer_BusyToCollision:TimerUDB:sT16:timerdp:u0\
        PORT MAP (
            clock => ClockBlock_BUS_CLK ,
            cs_addr_2 => Net_648 ,
            cs_addr_1 => \Timer_BusyToCollision:TimerUDB:timer_enable\ ,
            cs_addr_0 => \Timer_BusyToCollision:TimerUDB:per_zero\ ,
            chain_out => \Timer_BusyToCollision:TimerUDB:sT16:timerdp:carry\ );
        Properties:
        {
            a0_init = "00000000"
            a1_init = "00000000"
            ce0_sync = 1
            ce1_sync = 1
            cl0_sync = 1
            cl1_sync = 1
            cmsb_sync = 1
            co_msb_sync = 1
            cy_dpconfig = "0000000001000000000000000100000001000000010000000000000010000000000000001000000000000000100000000000000010000000000000001000000011111111000000001111111111111111000000000000000000000001000000000000000000011000"
            d0_init = "00000000"
            d1_init = "00000000"
            f0_blk_sync = 1
            f0_bus_sync = 1
            f1_blk_sync = 1
            f1_bus_sync = 1
            ff0_sync = 1
            ff1_sync = 1
            ov_msb_sync = 1
            so_sync = 1
            z0_sync = 1
            z1_sync = 1
        }
        Clock Polarity: Active High
        Clock Enable: True
        Next in chain : \Timer_BusyToCollision:TimerUDB:sT16:timerdp:u1\

    datapathcell: Name =\Timer_BusyToCollision:TimerUDB:sT16:timerdp:u1\
        PORT MAP (
            clock => ClockBlock_BUS_CLK ,
            cs_addr_2 => Net_648 ,
            cs_addr_1 => \Timer_BusyToCollision:TimerUDB:timer_enable\ ,
            cs_addr_0 => \Timer_BusyToCollision:TimerUDB:per_zero\ ,
            z0_comb => \Timer_BusyToCollision:TimerUDB:per_zero\ ,
            f0_bus_stat_comb => \Timer_BusyToCollision:TimerUDB:status_3\ ,
            f0_blk_stat_comb => \Timer_BusyToCollision:TimerUDB:status_2\ ,
            chain_in => \Timer_BusyToCollision:TimerUDB:sT16:timerdp:carry\ );
        Properties:
        {
            a0_init = "00000000"
            a1_init = "00000000"
            ce0_sync = 1
            ce1_sync = 1
            cl0_sync = 1
            cl1_sync = 1
            cmsb_sync = 1
            co_msb_sync = 1
            cy_dpconfig = "0000000001000000000000000100000001000000010000000000000010000000000000001000000000000000100000000000000010000000000000001000000011111111000000001111111111111111100000110000000000000001000000110000000000011000"
            d0_init = "00000000"
            d1_init = "00000000"
            f0_blk_sync = 1
            f0_bus_sync = 1
            f1_blk_sync = 1
            f1_bus_sync = 1
            ff0_sync = 1
            ff1_sync = 1
            ov_msb_sync = 1
            so_sync = 1
            z0_sync = 1
            z1_sync = 1
        }
        Clock Polarity: Active High
        Clock Enable: True
        Previous in chain : \Timer_BusyToCollision:TimerUDB:sT16:timerdp:u0\

    datapathcell: Name =\Timer_BusyToIdle:TimerUDB:sT16:timerdp:u0\
        PORT MAP (
            clock => ClockBlock_BUS_CLK ,
            cs_addr_2 => Net_573 ,
            cs_addr_1 => \Timer_BusyToIdle:TimerUDB:timer_enable\ ,
            cs_addr_0 => \Timer_BusyToIdle:TimerUDB:per_zero\ ,
            chain_out => \Timer_BusyToIdle:TimerUDB:sT16:timerdp:carry\ );
        Properties:
        {
            a0_init = "00000000"
            a1_init = "00000000"
            ce0_sync = 1
            ce1_sync = 1
            cl0_sync = 1
            cl1_sync = 1
            cmsb_sync = 1
            co_msb_sync = 1
            cy_dpconfig = "0000000001000000000000000100000001000000010000000000000010000000000000001000000000000000100000000000000010000000000000001000000011111111000000001111111111111111000000000000000000000001000000000000000000011000"
            d0_init = "00000000"
            d1_init = "00000000"
            f0_blk_sync = 1
            f0_bus_sync = 1
            f1_blk_sync = 1
            f1_bus_sync = 1
            ff0_sync = 1
            ff1_sync = 1
            ov_msb_sync = 1
            so_sync = 1
            z0_sync = 1
            z1_sync = 1
        }
        Clock Polarity: Active High
        Clock Enable: True
        Next in chain : \Timer_BusyToIdle:TimerUDB:sT16:timerdp:u1\

    datapathcell: Name =\Timer_BusyToIdle:TimerUDB:sT16:timerdp:u1\
        PORT MAP (
            clock => ClockBlock_BUS_CLK ,
            cs_addr_2 => Net_573 ,
            cs_addr_1 => \Timer_BusyToIdle:TimerUDB:timer_enable\ ,
            cs_addr_0 => \Timer_BusyToIdle:TimerUDB:per_zero\ ,
            z0_comb => \Timer_BusyToIdle:TimerUDB:per_zero\ ,
            f0_bus_stat_comb => \Timer_BusyToIdle:TimerUDB:status_3\ ,
            f0_blk_stat_comb => \Timer_BusyToIdle:TimerUDB:status_2\ ,
            chain_in => \Timer_BusyToIdle:TimerUDB:sT16:timerdp:carry\ );
        Properties:
        {
            a0_init = "00000000"
            a1_init = "00000000"
            ce0_sync = 1
            ce1_sync = 1
            cl0_sync = 1
            cl1_sync = 1
            cmsb_sync = 1
            co_msb_sync = 1
            cy_dpconfig = "0000000001000000000000000100000001000000010000000000000010000000000000001000000000000000100000000000000010000000000000001000000011111111000000001111111111111111100000110000000000000001000000110000000000011000"
            d0_init = "00000000"
            d1_init = "00000000"
            f0_blk_sync = 1
            f0_bus_sync = 1
            f1_blk_sync = 1
            f1_bus_sync = 1
            ff0_sync = 1
            ff1_sync = 1
            ov_msb_sync = 1
            so_sync = 1
            z0_sync = 1
            z1_sync = 1
        }
        Clock Polarity: Active High
        Clock Enable: True
        Previous in chain : \Timer_BusyToIdle:TimerUDB:sT16:timerdp:u0\
    </CYPRESSTAG>
    <CYPRESSTAG name="Status register listing">
    </CYPRESSTAG>
    <CYPRESSTAG name="StatusI register listing">

    ------------------------------------------------------------
    StatusI register listing
    ------------------------------------------------------------

    statusicell: Name =\Timer_BusyToCollision:TimerUDB:rstSts:stsreg\
        PORT MAP (
            reset => Net_648 ,
            clock => ClockBlock_BUS_CLK ,
            status_3 => \Timer_BusyToCollision:TimerUDB:status_3\ ,
            status_2 => \Timer_BusyToCollision:TimerUDB:status_2\ ,
            status_0 => \Timer_BusyToCollision:TimerUDB:status_tc\ ,
            interrupt => Net_123 );
        Properties:
        {
            cy_force_order = 1
            cy_int_mask = "1111111"
            cy_md_select = "0000011"
        }
        Clock Polarity: Active High
        Clock Enable: True

    statusicell: Name =\Timer_BusyToIdle:TimerUDB:rstSts:stsreg\
        PORT MAP (
            reset => Net_648 ,
            clock => ClockBlock_BUS_CLK ,
            status_3 => \Timer_BusyToIdle:TimerUDB:status_3\ ,
            status_2 => \Timer_BusyToIdle:TimerUDB:status_2\ ,
            status_0 => \Timer_BusyToIdle:TimerUDB:status_tc\ ,
            interrupt => Net_129 );
        Properties:
        {
            cy_force_order = 1
            cy_int_mask = "1111111"
            cy_md_select = "0000011"
        }
        Clock Polarity: Active High
        Clock Enable: True
    </CYPRESSTAG>
    <CYPRESSTAG name="Sync listing">
    </CYPRESSTAG>
    <CYPRESSTAG name="Control register listing">

    ------------------------------------------------------------
    Control register listing
    ------------------------------------------------------------

    controlcell: Name =\Timer_BusyToCollision:TimerUDB:sCTRLReg:SyncCtl:ctrlreg\
        PORT MAP (
            clock => ClockBlock_BUS_CLK ,
            control_7 => \Timer_BusyToCollision:TimerUDB:control_7\ ,
            control_6 => \Timer_BusyToCollision:TimerUDB:control_6\ ,
            control_5 => \Timer_BusyToCollision:TimerUDB:control_5\ ,
            control_4 => \Timer_BusyToCollision:TimerUDB:control_4\ ,
            control_3 => \Timer_BusyToCollision:TimerUDB:control_3\ ,
            control_2 => \Timer_BusyToCollision:TimerUDB:control_2\ ,
            control_1 => \Timer_BusyToCollision:TimerUDB:control_1\ ,
            control_0 => \Timer_BusyToCollision:TimerUDB:control_0\ );
        Properties:
        {
            cy_ctrl_mode_0 = "11111111"
            cy_ctrl_mode_1 = "00000000"
            cy_ext_reset = 0
            cy_force_order = 1
            cy_init_value = "00000000"
        }
        Clock Polarity: Active High
        Clock Enable: True

    controlcell: Name =\Timer_BusyToIdle:TimerUDB:sCTRLReg:SyncCtl:ctrlreg\
        PORT MAP (
            clock => ClockBlock_BUS_CLK ,
            control_7 => \Timer_BusyToIdle:TimerUDB:control_7\ ,
            control_6 => \Timer_BusyToIdle:TimerUDB:control_6\ ,
            control_5 => \Timer_BusyToIdle:TimerUDB:control_5\ ,
            control_4 => \Timer_BusyToIdle:TimerUDB:control_4\ ,
            control_3 => \Timer_BusyToIdle:TimerUDB:control_3\ ,
            control_2 => \Timer_BusyToIdle:TimerUDB:control_2\ ,
            control_1 => \Timer_BusyToIdle:TimerUDB:control_1\ ,
            control_0 => \Timer_BusyToIdle:TimerUDB:control_0\ );
        Properties:
        {
            cy_ctrl_mode_0 = "11111111"
            cy_ctrl_mode_1 = "00000000"
            cy_ext_reset = 0
            cy_force_order = 1
            cy_init_value = "00000000"
        }
        Clock Polarity: Active High
        Clock Enable: True
    </CYPRESSTAG>
    <CYPRESSTAG name="Count7 listing">
    </CYPRESSTAG>
    <CYPRESSTAG name="DRQ listing">
    </CYPRESSTAG>
    <CYPRESSTAG name="Interrupt listing">

    ------------------------------------------------------------
    Interrupt listing
    ------------------------------------------------------------

    interrupt: Name =\USB:arb_int\
        PORT MAP (
            interrupt => \USB:Net_79\ );
        Properties:
        {
            int_type = "10"
        }

    interrupt: Name =\USB:bus_reset\
        PORT MAP (
            interrupt => \USB:Net_81\ );
        Properties:
        {
            int_type = "10"
        }

    interrupt: Name =\USB:dp_int\
        PORT MAP (
            interrupt => \USB:Net_1010\ );
        Properties:
        {
            int_type = "10"
        }

    interrupt: Name =\USB:ep_0\
        PORT MAP (
            interrupt => \USB:ept_int_0\ );
        Properties:
        {
            int_type = "10"
        }

    interrupt: Name =\USB:ep_1\
        PORT MAP (
            interrupt => \USB:ept_int_1\ );
        Properties:
        {
            int_type = "10"
        }

    interrupt: Name =\USB:ep_2\
        PORT MAP (
            interrupt => \USB:ept_int_2\ );
        Properties:
        {
            int_type = "10"
        }

    interrupt: Name =\USB:ep_3\
        PORT MAP (
            interrupt => \USB:ept_int_3\ );
        Properties:
        {
            int_type = "10"
        }

    interrupt: Name =\USB:ord_int\
        PORT MAP (
            interrupt => \USB:Net_95\ );
        Properties:
        {
            int_type = "10"
        }

    interrupt: Name =\USB:sof_int\
        PORT MAP (
            interrupt => Net_807 );
        Properties:
        {
            int_type = "10"
        }

    interrupt: Name =isr_BusyToCollision
        PORT MAP (
            interrupt => Net_123 );
        Properties:
        {
            int_type = "10"
        }

    interrupt: Name =isr_BusyToIdle
        PORT MAP (
            interrupt => Net_129 );
        Properties:
        {
            int_type = "10"
        }

    interrupt: Name =isr_FallingEdge
        PORT MAP (
            interrupt => Net_3 );
        Properties:
        {
            int_type = "10"
        }

    interrupt: Name =isr_RisingEdge
        PORT MAP (
            interrupt => Net_1 );
        Properties:
        {
            int_type = "10"
        }

    interrupt: Name =isr_sendData
        PORT MAP (
            interrupt => Net_773 );
        Properties:
        {
            int_type = "10"
        }
    </CYPRESSTAG>
</CYPRESSTAG>
<CYPRESSTAG name="Technology mapping summary" expanded>

------------------------------------------------------------
Technology mapping summary
------------------------------------------------------------

Resource Type                 : Used : Free :  Max :  % Used
============================================================
Digital clock dividers        :    0 :    8 :    8 :   0.00%
Analog clock dividers         :    0 :    4 :    4 :   0.00%
Pins                          :   10 :   62 :   72 :  13.89%
UDB Macrocells                :   13 :  179 :  192 :   6.77%
UDB Unique Pterms             :   18 :  366 :  384 :   4.69%
UDB Total Pterms              :   18 :      :      : 
UDB Datapath Cells            :    4 :   20 :   24 :  16.67%
UDB Status Cells              :    2 :   22 :   24 :   8.33%
            StatusI Registers :    2 
UDB Control Cells             :    2 :   22 :   24 :   8.33%
            Control Registers :    2 
DMA Channels                  :    0 :   24 :   24 :   0.00%
Interrupts                    :   14 :   18 :   32 :  43.75%
DSM Fixed Blocks              :    0 :    1 :    1 :   0.00%
VIDAC Fixed Blocks            :    0 :    4 :    4 :   0.00%
SC Fixed Blocks               :    0 :    4 :    4 :   0.00%
Comparator Fixed Blocks       :    0 :    4 :    4 :   0.00%
Opamp Fixed Blocks            :    0 :    4 :    4 :   0.00%
CapSense Buffers              :    0 :    2 :    2 :   0.00%
CAN Fixed Blocks              :    0 :    1 :    1 :   0.00%
Decimator Fixed Blocks        :    0 :    1 :    1 :   0.00%
I2C Fixed Blocks              :    0 :    1 :    1 :   0.00%
Timer Fixed Blocks            :    1 :    3 :    4 :  25.00%
DFB Fixed Blocks              :    0 :    1 :    1 :   0.00%
USB Fixed Blocks              :    1 :    0 :    1 : 100.00%
LCD Fixed Blocks              :    0 :    1 :    1 :   0.00%
EMIF Fixed Blocks             :    0 :    1 :    1 :   0.00%
LPF Fixed Blocks              :    0 :    2 :    2 :   0.00%
SAR Fixed Blocks              :    0 :    2 :    2 :   0.00%
</CYPRESSTAG>
Technology Mapping: Elapsed time ==> 0s.309ms
Info: mpr.M0037: Unused pieces of the design have been optimized out. See the Tech mapping section of the report file for details. (App=cydsfit)
Tech mapping phase: Elapsed time ==> 0s.426ms
</CYPRESSTAG>
<CYPRESSTAG name="Analog Placement">
Initial Analog Placement Results:
IO_2@[IOP=(6)][IoId=(2)] : Pin_LEDBusy(0) (fixed)
IO_7@[IOP=(3)][IoId=(7)] : Pin_LEDCollision(0) (fixed)
IO_3@[IOP=(6)][IoId=(3)] : Pin_LEDIdle(0) (fixed)
IO_0@[IOP=(6)][IoId=(0)] : Recieve_Input(0) (fixed)
IO_6@[IOP=(6)][IoId=(6)] : Transm_Output(0) (fixed)
IO_7@[IOP=(15)][IoId=(7)] : \USB:Dm(0)\ (fixed)
IO_6@[IOP=(15)][IoId=(6)] : \USB:Dp(0)\ (fixed)
USB[0]@[FFB(USB,0)] : \USB:USB\
Analog Placement phase: Elapsed time ==> 0s.057ms
</CYPRESSTAG>
<CYPRESSTAG name="Analog Routing">
Analog Routing phase: Elapsed time ==> 0s.000ms
</CYPRESSTAG>
<CYPRESSTAG name="Analog Code Generation">
============ Analog Final Answer Routes ============
Dump of CyAnalogRoutingResultsDB
Map of net to items {
}
Map of item to net {
}
Mux Info {
}
Dump of CyP35AnalogRoutingResultsDB
IsVddaHalfUsedForComp = False
IsVddaHalfUsedForSar0 = False
IsVddaHalfUsedForSar1 = False
Analog Code Generation phase: Elapsed time ==> 0s.460ms
</CYPRESSTAG>
<CYPRESSTAG name="Digital Placement">
<CYPRESSTAG name="Detailed placement messages">
I2076: Total run-time: 0.8 sec.

</CYPRESSTAG>
<CYPRESSTAG name="PLD Packing">
<CYPRESSTAG name="PLD Packing Summary" expanded>

------------------------------------------------------------
PLD Packing Summary
------------------------------------------------------------
            Resource Type : Used : Free :  Max :  % Used
    ====================================================
                     PLDs :    4 :   44 :   48 :   8.33%

<CYPRESSTAG name="PLD Statistics">

        PLD Resource Type :     Average/LAB
    =======================================
                   Inputs :            4.00
                   Pterms :            4.50
               Macrocells :            3.25
</CYPRESSTAG>
<CYPRESSTAG name="Packed PLD Contents">
Packed PLD Contents not displayed at this verbose level.</CYPRESSTAG>
</CYPRESSTAG>
PLD Packing: Elapsed time ==> 0s.001ms
</CYPRESSTAG>
<CYPRESSTAG name="Partitioning">
<CYPRESSTAG name="Initial Partitioning Summary">
Initial Partitioning Summary not displayed at this verbose level.</CYPRESSTAG>
<CYPRESSTAG name="Final Partitioning Summary">
Final Partitioning Summary not displayed at this verbose level.</CYPRESSTAG>
Partitioning: Elapsed time ==> 0s.040ms
</CYPRESSTAG>
<CYPRESSTAG name="Simulated Annealing">
Annealing: Elapsed time ==> 0s.002ms
<CYPRESSTAG name="Simulated Annealing Results">
The seed used for moves was 114161200.
Inital cost was 239, final cost is 239 (0.00% improvement).</CYPRESSTAG>
</CYPRESSTAG>
<CYPRESSTAG name="Final Placement Summary">

------------------------------------------------------------
Final Placement Summary
------------------------------------------------------------

       Resource Type :      Count : Avg Inputs : Avg Outputs
    ========================================================
                 UDB :          4 :       3.50 :       3.25
<CYPRESSTAG name="Final Placement Details">
<CYPRESSTAG name="Component Details">

------------------------------------------------------------
Component Placement Details
------------------------------------------------------------
UDB [UDB=(0,0)] is empty.
UDB [UDB=(0,1)] is empty.
UDB [UDB=(0,2)] is empty.
UDB [UDB=(0,3)] is empty.
UDB [UDB=(0,4)] contents:
LAB@[UDB=(0,4)][LB=0] #macrocells=4, #inputs=6, #pterms=7
{
    [McSlotId=0]:     MacroCell: Name=\Timer_BusyToCollision:TimerUDB:timer_enable\, Mode=(D-Register) @ [UDB=(0,4)][LB=0][MC=0]
        Total # of inputs        : 6
        Total # of product terms : 3
        List of special equations: 
            Clock  = (ClockBlock_BUS_CLK) => Global
            Clock Enable: True
        Main Equation            : 3 pterms
        (
              !Net_648 * \Timer_BusyToCollision:TimerUDB:control_7\ * 
              !\Timer_BusyToCollision:TimerUDB:timer_enable\ * 
              !\Timer_BusyToCollision:TimerUDB:trig_disable\
            + !Net_648 * \Timer_BusyToCollision:TimerUDB:control_7\ * 
              !\Timer_BusyToCollision:TimerUDB:run_mode\ * 
              !\Timer_BusyToCollision:TimerUDB:trig_disable\
            + !Net_648 * \Timer_BusyToCollision:TimerUDB:control_7\ * 
              !\Timer_BusyToCollision:TimerUDB:per_zero\ * 
              !\Timer_BusyToCollision:TimerUDB:trig_disable\
        );
        Output = \Timer_BusyToCollision:TimerUDB:timer_enable\ (fanout=4)
        Properties               : 
        {
        }

    [McSlotId=1]:     MacroCell: Name=\Timer_BusyToCollision:TimerUDB:trig_disable\, Mode=(D-Register) @ [UDB=(0,4)][LB=0][MC=1]
        Total # of inputs        : 5
        Total # of product terms : 2
        List of special equations: 
            Clock  = (ClockBlock_BUS_CLK) => Global
            Clock Enable: True
        Main Equation            : 2 pterms
        (
              !Net_648 * \Timer_BusyToCollision:TimerUDB:timer_enable\ * 
              \Timer_BusyToCollision:TimerUDB:run_mode\ * 
              \Timer_BusyToCollision:TimerUDB:per_zero\
            + !Net_648 * \Timer_BusyToCollision:TimerUDB:trig_disable\
        );
        Output = \Timer_BusyToCollision:TimerUDB:trig_disable\ (fanout=2)
        Properties               : 
        {
        }

    [McSlotId=2]:     MacroCell: Name=\Timer_BusyToCollision:TimerUDB:run_mode\, Mode=(D-Register) @ [UDB=(0,4)][LB=0][MC=2]
        Total # of inputs        : 1
        Total # of product terms : 1
        List of special equations: 
            Clock  = (ClockBlock_BUS_CLK) => Global
            Clock Enable: True
        Main Equation            : 1 pterm
        (
              \Timer_BusyToCollision:TimerUDB:control_7\
        );
        Output = \Timer_BusyToCollision:TimerUDB:run_mode\ (fanout=3)
        Properties               : 
        {
        }

    [McSlotId=3]:     MacroCell: Name=\Timer_BusyToCollision:TimerUDB:status_tc\, Mode=(Combinatorial) @ [UDB=(0,4)][LB=0][MC=3]
        Total # of inputs        : 2
        Total # of product terms : 1
            Clock Enable: True
        Main Equation            : 1 pterm
        (
              \Timer_BusyToCollision:TimerUDB:run_mode\ * 
              \Timer_BusyToCollision:TimerUDB:per_zero\
        );
        Output = \Timer_BusyToCollision:TimerUDB:status_tc\ (fanout=1)
        Properties               : 
        {
        }
}

datapathcell: Name =\Timer_BusyToCollision:TimerUDB:sT16:timerdp:u1\
    PORT MAP (
        clock => ClockBlock_BUS_CLK ,
        cs_addr_2 => Net_648 ,
        cs_addr_1 => \Timer_BusyToCollision:TimerUDB:timer_enable\ ,
        cs_addr_0 => \Timer_BusyToCollision:TimerUDB:per_zero\ ,
        z0_comb => \Timer_BusyToCollision:TimerUDB:per_zero\ ,
        f0_bus_stat_comb => \Timer_BusyToCollision:TimerUDB:status_3\ ,
        f0_blk_stat_comb => \Timer_BusyToCollision:TimerUDB:status_2\ ,
        chain_in => \Timer_BusyToCollision:TimerUDB:sT16:timerdp:carry\ );
    Properties:
    {
        a0_init = "00000000"
        a1_init = "00000000"
        ce0_sync = 1
        ce1_sync = 1
        cl0_sync = 1
        cl1_sync = 1
        cmsb_sync = 1
        co_msb_sync = 1
        cy_dpconfig = "0000000001000000000000000100000001000000010000000000000010000000000000001000000000000000100000000000000010000000000000001000000011111111000000001111111111111111100000110000000000000001000000110000000000011000"
        d0_init = "00000000"
        d1_init = "00000000"
        f0_blk_sync = 1
        f0_bus_sync = 1
        f1_blk_sync = 1
        f1_bus_sync = 1
        ff0_sync = 1
        ff1_sync = 1
        ov_msb_sync = 1
        so_sync = 1
        z0_sync = 1
        z1_sync = 1
    }
    Clock Polarity: Active High
    Clock Enable: True
    Previous in chain : \Timer_BusyToCollision:TimerUDB:sT16:timerdp:u0\

statusicell: Name =\Timer_BusyToCollision:TimerUDB:rstSts:stsreg\
    PORT MAP (
        reset => Net_648 ,
        clock => ClockBlock_BUS_CLK ,
        status_3 => \Timer_BusyToCollision:TimerUDB:status_3\ ,
        status_2 => \Timer_BusyToCollision:TimerUDB:status_2\ ,
        status_0 => \Timer_BusyToCollision:TimerUDB:status_tc\ ,
        interrupt => Net_123 );
    Properties:
    {
        cy_force_order = 1
        cy_int_mask = "1111111"
        cy_md_select = "0000011"
    }
    Clock Polarity: Active High
    Clock Enable: True

controlcell: Name =\Timer_BusyToCollision:TimerUDB:sCTRLReg:SyncCtl:ctrlreg\
    PORT MAP (
        clock => ClockBlock_BUS_CLK ,
        control_7 => \Timer_BusyToCollision:TimerUDB:control_7\ ,
        control_6 => \Timer_BusyToCollision:TimerUDB:control_6\ ,
        control_5 => \Timer_BusyToCollision:TimerUDB:control_5\ ,
        control_4 => \Timer_BusyToCollision:TimerUDB:control_4\ ,
        control_3 => \Timer_BusyToCollision:TimerUDB:control_3\ ,
        control_2 => \Timer_BusyToCollision:TimerUDB:control_2\ ,
        control_1 => \Timer_BusyToCollision:TimerUDB:control_1\ ,
        control_0 => \Timer_BusyToCollision:TimerUDB:control_0\ );
    Properties:
    {
        cy_ctrl_mode_0 = "11111111"
        cy_ctrl_mode_1 = "00000000"
        cy_ext_reset = 0
        cy_force_order = 1
        cy_init_value = "00000000"
    }
    Clock Polarity: Active High
    Clock Enable: True

UDB [UDB=(0,5)] contents:
datapathcell: Name =\Timer_BusyToIdle:TimerUDB:sT16:timerdp:u0\
    PORT MAP (
        clock => ClockBlock_BUS_CLK ,
        cs_addr_2 => Net_573 ,
        cs_addr_1 => \Timer_BusyToIdle:TimerUDB:timer_enable\ ,
        cs_addr_0 => \Timer_BusyToIdle:TimerUDB:per_zero\ ,
        chain_out => \Timer_BusyToIdle:TimerUDB:sT16:timerdp:carry\ );
    Properties:
    {
        a0_init = "00000000"
        a1_init = "00000000"
        ce0_sync = 1
        ce1_sync = 1
        cl0_sync = 1
        cl1_sync = 1
        cmsb_sync = 1
        co_msb_sync = 1
        cy_dpconfig = "0000000001000000000000000100000001000000010000000000000010000000000000001000000000000000100000000000000010000000000000001000000011111111000000001111111111111111000000000000000000000001000000000000000000011000"
        d0_init = "00000000"
        d1_init = "00000000"
        f0_blk_sync = 1
        f0_bus_sync = 1
        f1_blk_sync = 1
        f1_bus_sync = 1
        ff0_sync = 1
        ff1_sync = 1
        ov_msb_sync = 1
        so_sync = 1
        z0_sync = 1
        z1_sync = 1
    }
    Clock Polarity: Active High
    Clock Enable: True
    Next in chain : \Timer_BusyToIdle:TimerUDB:sT16:timerdp:u1\

UDB [UDB=(1,0)] is empty.
UDB [UDB=(1,1)] is empty.
UDB [UDB=(1,2)] is empty.
UDB [UDB=(1,3)] is empty.
UDB [UDB=(1,4)] contents:
LAB@[UDB=(1,4)][LB=0] #macrocells=4, #inputs=2, #pterms=3
{
    [McSlotId=0]:     MacroCell: Name=Net_1, Mode=(Combinatorial) @ [UDB=(1,4)][LB=0][MC=0]
        Total # of inputs        : 2
        Total # of product terms : 1
            Clock Enable: True
        Main Equation            : 1 pterm
        (
              Net_648 * !\Falling_EdgeDetect:last\
        );
        Output = Net_1 (fanout=1)
        Properties               : 
        {
        }

    [McSlotId=1]:     MacroCell: Name=\Falling_EdgeDetect:last\, Mode=(D-Register) @ [UDB=(1,4)][LB=0][MC=1]
        Total # of inputs        : 1
        Total # of product terms : 1
        List of special equations: 
            Clock  = (ClockBlock_BUS_CLK) => Global
            Clock Enable: True
        Main Equation            : 1 pterm
        (
              Net_648
        );
        Output = \Falling_EdgeDetect:last\ (fanout=2)
        Properties               : 
        {
        }

    [McSlotId=2]:     MacroCell: Name=Net_3, Mode=(Combinatorial) @ [UDB=(1,4)][LB=0][MC=2]
        Total # of inputs        : 2
        Total # of product terms : 1
            Clock Enable: True
        Main Equation            : 1 pterm
        (
              !Net_648 * \Falling_EdgeDetect:last\
        );
        Output = Net_3 (fanout=1)
        Properties               : 
        {
        }

    [McSlotId=3]:     MacroCell: Name=__ONE__, Mode=(Combinatorial) @ [UDB=(1,4)][LB=0][MC=3]
        Total # of inputs        : 0
        Total # of product terms : 0
            Clock Enable: True
        Main Equation            : 0 pterms
        !(
            0
        );
        Output = __ONE__ (fanout=1)
        Properties               : 
        {
        }
}

datapathcell: Name =\Timer_BusyToCollision:TimerUDB:sT16:timerdp:u0\
    PORT MAP (
        clock => ClockBlock_BUS_CLK ,
        cs_addr_2 => Net_648 ,
        cs_addr_1 => \Timer_BusyToCollision:TimerUDB:timer_enable\ ,
        cs_addr_0 => \Timer_BusyToCollision:TimerUDB:per_zero\ ,
        chain_out => \Timer_BusyToCollision:TimerUDB:sT16:timerdp:carry\ );
    Properties:
    {
        a0_init = "00000000"
        a1_init = "00000000"
        ce0_sync = 1
        ce1_sync = 1
        cl0_sync = 1
        cl1_sync = 1
        cmsb_sync = 1
        co_msb_sync = 1
        cy_dpconfig = "0000000001000000000000000100000001000000010000000000000010000000000000001000000000000000100000000000000010000000000000001000000011111111000000001111111111111111000000000000000000000001000000000000000000011000"
        d0_init = "00000000"
        d1_init = "00000000"
        f0_blk_sync = 1
        f0_bus_sync = 1
        f1_blk_sync = 1
        f1_bus_sync = 1
        ff0_sync = 1
        ff1_sync = 1
        ov_msb_sync = 1
        so_sync = 1
        z0_sync = 1
        z1_sync = 1
    }
    Clock Polarity: Active High
    Clock Enable: True
    Next in chain : \Timer_BusyToCollision:TimerUDB:sT16:timerdp:u1\

UDB [UDB=(1,5)] contents:
LAB@[UDB=(1,5)][LB=0] #macrocells=4, #inputs=6, #pterms=7
{
    [McSlotId=0]:     MacroCell: Name=Net_573, Mode=(Combinatorial) @ [UDB=(1,5)][LB=0][MC=0]
        Total # of inputs        : 1
        Total # of product terms : 1
            Clock Enable: True
        Main Equation            : 1 pterm
        (
              !Net_648
        );
        Output = Net_573 (fanout=2)
        Properties               : 
        {
        }

    [McSlotId=1]:     MacroCell: Name=\Timer_BusyToIdle:TimerUDB:timer_enable\, Mode=(D-Register) @ [UDB=(1,5)][LB=0][MC=1]
        Total # of inputs        : 6
        Total # of product terms : 3
        List of special equations: 
            Clock  = (ClockBlock_BUS_CLK) => Global
            Clock Enable: True
        Main Equation            : 3 pterms
        (
              Net_648 * \Timer_BusyToIdle:TimerUDB:control_7\ * 
              !\Timer_BusyToIdle:TimerUDB:timer_enable\ * 
              !\Timer_BusyToIdle:TimerUDB:trig_disable\
            + Net_648 * \Timer_BusyToIdle:TimerUDB:control_7\ * 
              !\Timer_BusyToIdle:TimerUDB:run_mode\ * 
              !\Timer_BusyToIdle:TimerUDB:trig_disable\
            + Net_648 * \Timer_BusyToIdle:TimerUDB:control_7\ * 
              !\Timer_BusyToIdle:TimerUDB:per_zero\ * 
              !\Timer_BusyToIdle:TimerUDB:trig_disable\
        );
        Output = \Timer_BusyToIdle:TimerUDB:timer_enable\ (fanout=4)
        Properties               : 
        {
        }

    [McSlotId=2]:     MacroCell: Name=\Timer_BusyToIdle:TimerUDB:trig_disable\, Mode=(D-Register) @ [UDB=(1,5)][LB=0][MC=2]
        Total # of inputs        : 5
        Total # of product terms : 2
        List of special equations: 
            Clock  = (ClockBlock_BUS_CLK) => Global
            Clock Enable: True
        Main Equation            : 2 pterms
        (
              Net_648 * \Timer_BusyToIdle:TimerUDB:timer_enable\ * 
              \Timer_BusyToIdle:TimerUDB:run_mode\ * 
              \Timer_BusyToIdle:TimerUDB:per_zero\
            + Net_648 * \Timer_BusyToIdle:TimerUDB:trig_disable\
        );
        Output = \Timer_BusyToIdle:TimerUDB:trig_disable\ (fanout=2)
        Properties               : 
        {
        }

    [McSlotId=3]:     MacroCell: Name=\Timer_BusyToIdle:TimerUDB:run_mode\, Mode=(D-Register) @ [UDB=(1,5)][LB=0][MC=3]
        Total # of inputs        : 1
        Total # of product terms : 1
        List of special equations: 
            Clock  = (ClockBlock_BUS_CLK) => Global
            Clock Enable: True
        Main Equation            : 1 pterm
        (
              \Timer_BusyToIdle:TimerUDB:control_7\
        );
        Output = \Timer_BusyToIdle:TimerUDB:run_mode\ (fanout=3)
        Properties               : 
        {
        }
}

LAB@[UDB=(1,5)][LB=1] #macrocells=1, #inputs=2, #pterms=1
{
    [McSlotId=0]:     MacroCell: Name=\Timer_BusyToIdle:TimerUDB:status_tc\, Mode=(Combinatorial) @ [UDB=(1,5)][LB=1][MC=0]
        Total # of inputs        : 2
        Total # of product terms : 1
            Clock Enable: True
        Main Equation            : 1 pterm
        (
              \Timer_BusyToIdle:TimerUDB:run_mode\ * 
              \Timer_BusyToIdle:TimerUDB:per_zero\
        );
        Output = \Timer_BusyToIdle:TimerUDB:status_tc\ (fanout=1)
        Properties               : 
        {
        }

    [McSlotId=1]: (empty)
    [McSlotId=2]: (empty)
    [McSlotId=3]: (empty)
}

datapathcell: Name =\Timer_BusyToIdle:TimerUDB:sT16:timerdp:u1\
    PORT MAP (
        clock => ClockBlock_BUS_CLK ,
        cs_addr_2 => Net_573 ,
        cs_addr_1 => \Timer_BusyToIdle:TimerUDB:timer_enable\ ,
        cs_addr_0 => \Timer_BusyToIdle:TimerUDB:per_zero\ ,
        z0_comb => \Timer_BusyToIdle:TimerUDB:per_zero\ ,
        f0_bus_stat_comb => \Timer_BusyToIdle:TimerUDB:status_3\ ,
        f0_blk_stat_comb => \Timer_BusyToIdle:TimerUDB:status_2\ ,
        chain_in => \Timer_BusyToIdle:TimerUDB:sT16:timerdp:carry\ );
    Properties:
    {
        a0_init = "00000000"
        a1_init = "00000000"
        ce0_sync = 1
        ce1_sync = 1
        cl0_sync = 1
        cl1_sync = 1
        cmsb_sync = 1
        co_msb_sync = 1
        cy_dpconfig = "0000000001000000000000000100000001000000010000000000000010000000000000001000000000000000100000000000000010000000000000001000000011111111000000001111111111111111100000110000000000000001000000110000000000011000"
        d0_init = "00000000"
        d1_init = "00000000"
        f0_blk_sync = 1
        f0_bus_sync = 1
        f1_blk_sync = 1
        f1_bus_sync = 1
        ff0_sync = 1
        ff1_sync = 1
        ov_msb_sync = 1
        so_sync = 1
        z0_sync = 1
        z1_sync = 1
    }
    Clock Polarity: Active High
    Clock Enable: True
    Previous in chain : \Timer_BusyToIdle:TimerUDB:sT16:timerdp:u0\

statusicell: Name =\Timer_BusyToIdle:TimerUDB:rstSts:stsreg\
    PORT MAP (
        reset => Net_648 ,
        clock => ClockBlock_BUS_CLK ,
        status_3 => \Timer_BusyToIdle:TimerUDB:status_3\ ,
        status_2 => \Timer_BusyToIdle:TimerUDB:status_2\ ,
        status_0 => \Timer_BusyToIdle:TimerUDB:status_tc\ ,
        interrupt => Net_129 );
    Properties:
    {
        cy_force_order = 1
        cy_int_mask = "1111111"
        cy_md_select = "0000011"
    }
    Clock Polarity: Active High
    Clock Enable: True

controlcell: Name =\Timer_BusyToIdle:TimerUDB:sCTRLReg:SyncCtl:ctrlreg\
    PORT MAP (
        clock => ClockBlock_BUS_CLK ,
        control_7 => \Timer_BusyToIdle:TimerUDB:control_7\ ,
        control_6 => \Timer_BusyToIdle:TimerUDB:control_6\ ,
        control_5 => \Timer_BusyToIdle:TimerUDB:control_5\ ,
        control_4 => \Timer_BusyToIdle:TimerUDB:control_4\ ,
        control_3 => \Timer_BusyToIdle:TimerUDB:control_3\ ,
        control_2 => \Timer_BusyToIdle:TimerUDB:control_2\ ,
        control_1 => \Timer_BusyToIdle:TimerUDB:control_1\ ,
        control_0 => \Timer_BusyToIdle:TimerUDB:control_0\ );
    Properties:
    {
        cy_ctrl_mode_0 = "11111111"
        cy_ctrl_mode_1 = "00000000"
        cy_ext_reset = 0
        cy_force_order = 1
        cy_init_value = "00000000"
    }
    Clock Polarity: Active High
    Clock Enable: True

UDB [UDB=(2,0)] is empty.
UDB [UDB=(2,1)] is empty.
UDB [UDB=(2,2)] is empty.
UDB [UDB=(2,3)] is empty.
UDB [UDB=(2,4)] is empty.
UDB [UDB=(2,5)] is empty.
UDB [UDB=(3,0)] is empty.
UDB [UDB=(3,1)] is empty.
UDB [UDB=(3,2)] is empty.
UDB [UDB=(3,3)] is empty.
UDB [UDB=(3,4)] is empty.
UDB [UDB=(3,5)] is empty.
Intr hod @ [IntrHod=(0)]: 
  Intr@ [IntrHod=(0)][IntrId=(0)] 
    interrupt: Name =\USB:ep_1\
        PORT MAP (
            interrupt => \USB:ept_int_1\ );
        Properties:
        {
            int_type = "10"
        }
  Intr@ [IntrHod=(0)][IntrId=(1)] 
    interrupt: Name =\USB:ep_2\
        PORT MAP (
            interrupt => \USB:ept_int_2\ );
        Properties:
        {
            int_type = "10"
        }
  Intr@ [IntrHod=(0)][IntrId=(2)] 
    interrupt: Name =\USB:ep_3\
        PORT MAP (
            interrupt => \USB:ept_int_3\ );
        Properties:
        {
            int_type = "10"
        }
  Intr@ [IntrHod=(0)][IntrId=(3)] 
    interrupt: Name =isr_BusyToCollision
        PORT MAP (
            interrupt => Net_123 );
        Properties:
        {
            int_type = "10"
        }
  Intr@ [IntrHod=(0)][IntrId=(4)] 
    interrupt: Name =isr_BusyToIdle
        PORT MAP (
            interrupt => Net_129 );
        Properties:
        {
            int_type = "10"
        }
  Intr@ [IntrHod=(0)][IntrId=(5)] 
    interrupt: Name =isr_FallingEdge
        PORT MAP (
            interrupt => Net_3 );
        Properties:
        {
            int_type = "10"
        }
  Intr@ [IntrHod=(0)][IntrId=(6)] 
    interrupt: Name =isr_RisingEdge
        PORT MAP (
            interrupt => Net_1 );
        Properties:
        {
            int_type = "10"
        }
  Intr@ [IntrHod=(0)][IntrId=(12)] 
    interrupt: Name =\USB:dp_int\
        PORT MAP (
            interrupt => \USB:Net_1010\ );
        Properties:
        {
            int_type = "10"
        }
  Intr@ [IntrHod=(0)][IntrId=(17)] 
    interrupt: Name =isr_sendData
        PORT MAP (
            interrupt => Net_773 );
        Properties:
        {
            int_type = "10"
        }
  Intr@ [IntrHod=(0)][IntrId=(21)] 
    interrupt: Name =\USB:sof_int\
        PORT MAP (
            interrupt => Net_807 );
        Properties:
        {
            int_type = "10"
        }
  Intr@ [IntrHod=(0)][IntrId=(22)] 
    interrupt: Name =\USB:arb_int\
        PORT MAP (
            interrupt => \USB:Net_79\ );
        Properties:
        {
            int_type = "10"
        }
  Intr@ [IntrHod=(0)][IntrId=(23)] 
    interrupt: Name =\USB:bus_reset\
        PORT MAP (
            interrupt => \USB:Net_81\ );
        Properties:
        {
            int_type = "10"
        }
  Intr@ [IntrHod=(0)][IntrId=(24)] 
    interrupt: Name =\USB:ep_0\
        PORT MAP (
            interrupt => \USB:ept_int_0\ );
        Properties:
        {
            int_type = "10"
        }
  Intr@ [IntrHod=(0)][IntrId=(25)] 
    interrupt: Name =\USB:ord_int\
        PORT MAP (
            interrupt => \USB:Net_95\ );
        Properties:
        {
            int_type = "10"
        }
Drq hod @ [DrqHod=(0)]: empty
Port 0 is empty
Port 1 is empty
Port 2 is empty
Port 3 contains the following IO cells:
[IoId=7]: 
Pin : Name = Pin_LEDCollision(0)
    Attributes:
        In Group/Port: True
        In Sync Option: AUTO
        Out Sync Option: NOSYNC
        Interrupt generated: False
        Interrupt mode: NONE
        Drive mode: CMOS_OUT
        VTrip: EITHER
        Slew: FAST
        Input Sync needed: False
        Output Sync needed: False
        SC shield enabled: False
        POR State: ANY
        LCD Mode: COMMON
        Register Mode: RegComb
        CaSense Mode: NEITHER
        Treat as pin: True
        Is OE Registered: False
        Uses Analog: False
        Can contain Digital: True
        Is SIO: False
        SIO Output Buf: NONREGULATED
        SIO Input Buf: SINGLE_ENDED
        SIO HiFreq: LOW
        SIO Hyst: DISABLED
        SIO Vtrip: MULTIPLIER_0_5
        SIO RefSel: VCC_IO
        Required Capabilitites: DIGITAL
        Initial Value: 0
        IO Voltage: 0
    PORT MAP (
        pa_out => Pin_LEDCollision(0)__PA ,
        pad => Pin_LEDCollision(0)_PAD );
    Properties:
    {
    }

Port 4 is empty
Port 5 is empty
Port 6 contains the following IO cells:
[IoId=0]: 
Pin : Name = Recieve_Input(0)
    Attributes:
        In Group/Port: True
        In Sync Option: SYNC
        Out Sync Option: AUTO
        Interrupt generated: False
        Interrupt mode: NONE
        Drive mode: RES_PULL_UP
        VTrip: CMOS
        Slew: FAST
        Input Sync needed: True
        Output Sync needed: False
        SC shield enabled: False
        POR State: ANY
        LCD Mode: COMMON
        Register Mode: RegComb
        CaSense Mode: NEITHER
        Treat as pin: True
        Is OE Registered: False
        Uses Analog: False
        Can contain Digital: True
        Is SIO: False
        SIO Output Buf: NONREGULATED
        SIO Input Buf: SINGLE_ENDED
        SIO HiFreq: LOW
        SIO Hyst: DISABLED
        SIO Vtrip: MULTIPLIER_0_5
        SIO RefSel: VCC_IO
        Required Capabilitites: DIGITAL, ROUTABLE
        Initial Value: 1
        IO Voltage: 5
    PORT MAP (
        pa_out => Recieve_Input(0)__PA ,
        fb => Net_648 ,
        pad => Recieve_Input(0)_PAD );
    Properties:
    {
    }

[IoId=2]: 
Pin : Name = Pin_LEDBusy(0)
    Attributes:
        In Group/Port: True
        In Sync Option: AUTO
        Out Sync Option: NOSYNC
        Interrupt generated: False
        Interrupt mode: NONE
        Drive mode: CMOS_OUT
        VTrip: EITHER
        Slew: FAST
        Input Sync needed: False
        Output Sync needed: False
        SC shield enabled: False
        POR State: ANY
        LCD Mode: COMMON
        Register Mode: RegComb
        CaSense Mode: NEITHER
        Treat as pin: True
        Is OE Registered: False
        Uses Analog: False
        Can contain Digital: True
        Is SIO: False
        SIO Output Buf: NONREGULATED
        SIO Input Buf: SINGLE_ENDED
        SIO HiFreq: LOW
        SIO Hyst: DISABLED
        SIO Vtrip: MULTIPLIER_0_5
        SIO RefSel: VCC_IO
        Required Capabilitites: DIGITAL
        Initial Value: 0
        IO Voltage: 0
    PORT MAP (
        pa_out => Pin_LEDBusy(0)__PA ,
        pad => Pin_LEDBusy(0)_PAD );
    Properties:
    {
    }

[IoId=3]: 
Pin : Name = Pin_LEDIdle(0)
    Attributes:
        In Group/Port: True
        In Sync Option: AUTO
        Out Sync Option: NOSYNC
        Interrupt generated: False
        Interrupt mode: NONE
        Drive mode: CMOS_OUT
        VTrip: EITHER
        Slew: FAST
        Input Sync needed: False
        Output Sync needed: False
        SC shield enabled: False
        POR State: ANY
        LCD Mode: COMMON
        Register Mode: RegComb
        CaSense Mode: NEITHER
        Treat as pin: True
        Is OE Registered: False
        Uses Analog: False
        Can contain Digital: True
        Is SIO: False
        SIO Output Buf: NONREGULATED
        SIO Input Buf: SINGLE_ENDED
        SIO HiFreq: LOW
        SIO Hyst: DISABLED
        SIO Vtrip: MULTIPLIER_0_5
        SIO RefSel: VCC_IO
        Required Capabilitites: DIGITAL
        Initial Value: 0
        IO Voltage: 0
    PORT MAP (
        pa_out => Pin_LEDIdle(0)__PA ,
        pad => Pin_LEDIdle(0)_PAD );
    Properties:
    {
    }

[IoId=6]: 
Pin : Name = Transm_Output(0)
    Attributes:
        In Group/Port: True
        In Sync Option: AUTO
        Out Sync Option: NOSYNC
        Interrupt generated: False
        Interrupt mode: NONE
        Drive mode: CMOS_OUT
        VTrip: EITHER
        Slew: FAST
        Input Sync needed: False
        Output Sync needed: False
        SC shield enabled: False
        POR State: ANY
        LCD Mode: COMMON
        Register Mode: RegComb
        CaSense Mode: NEITHER
        Treat as pin: True
        Is OE Registered: False
        Uses Analog: False
        Can contain Digital: True
        Is SIO: False
        SIO Output Buf: NONREGULATED
        SIO Input Buf: SINGLE_ENDED
        SIO HiFreq: LOW
        SIO Hyst: DISABLED
        SIO Vtrip: MULTIPLIER_0_5
        SIO RefSel: VCC_IO
        Required Capabilitites: DIGITAL
        Initial Value: 0
        IO Voltage: 0
    PORT MAP (
        pa_out => Transm_Output(0)__PA ,
        pad => Transm_Output(0)_PAD );
    Properties:
    {
    }

Port 12 is empty
Port 15 generates interrupt for logical port:
    logicalport: Name =\USB:Dp\
        PORT MAP (
            in_clock_en => tmpOE__Pin_LEDBusy_net_0 ,
            in_reset => zero ,
            out_clock_en => tmpOE__Pin_LEDBusy_net_0 ,
            out_reset => zero ,
            interrupt => \USB:Net_1010\ ,
            in_clock => ClockBlock_BUS_CLK );
        Properties:
        {
            drive_mode = "000"
            ibuf_enabled = "0"
            id = "c39ef993-d787-4c0c-8ad6-c0c81f866442/618a72fc-5ddd-4df5-958f-a3d55102db42"
            init_dr_st = "0"
            input_clk_en = 0
            input_sync = "1"
            input_sync_mode = "0"
            intr_mode = "10"
            invert_in_clock = 0
            invert_in_clock_en = 0
            invert_in_reset = 0
            invert_out_clock = 0
            invert_out_clock_en = 0
            invert_out_reset = 0
            io_voltage = ""
            layout_mode = "CONTIGUOUS"
            oe_conn = "0"
            oe_reset = 0
            oe_sync = "0"
            output_clk_en = 0
            output_clock_mode = "0"
            output_conn = "0"
            output_mode = "0"
            output_reset = 0
            output_sync = "0"
            pa_in_clock = -1
            pa_in_clock_en = -1
            pa_in_reset = -1
            pa_out_clock = -1
            pa_out_clock_en = -1
            pa_out_reset = -1
            pin_aliases = ""
            pin_mode = "I"
            por_state = 4
            port_alias_group = ""
            port_alias_required = 0
            sio_group_cnt = 0
            sio_hifreq = ""
            sio_hyst = "0"
            sio_ibuf = "00000000"
            sio_info = "00"
            sio_obuf = "00000000"
            sio_refsel = "00000000"
            sio_vtrip = "00000000"
            slew_rate = "0"
            spanning = 0
            sw_only = 0
            use_annotation = "0"
            vtrip = "00"
            width = 1
        }
    and contains the following IO cells:
[IoId=6]: 
Pin : Name = \USB:Dp(0)\
    Attributes:
        In Group/Port: True
        In Sync Option: SYNC
        Out Sync Option: AUTO
        Interrupt generated: True
        Interrupt mode: FALLING
        Drive mode: HI_Z_ANALOG
        VTrip: CMOS
        Slew: FAST
        Input Sync needed: True
        Output Sync needed: False
        SC shield enabled: False
        POR State: ANY
        LCD Mode: COMMON
        Register Mode: RegComb
        CaSense Mode: NEITHER
        Treat as pin: False
        Is OE Registered: False
        Uses Analog: True
        Can contain Digital: True
        Is SIO: False
        SIO Output Buf: NONREGULATED
        SIO Input Buf: SINGLE_ENDED
        SIO HiFreq: LOW
        SIO Hyst: DISABLED
        SIO Vtrip: MULTIPLIER_0_5
        SIO RefSel: VCC_IO
        Required Capabilitites: USB_D_PLUS
        Initial Value: 0
        IO Voltage: 0
    PORT MAP (
        pa_out => \USB:Dp(0)\__PA ,
        analog_term => \USB:Net_1000\ ,
        pad => \USB:Dp(0)_PAD\ );
    Properties:
    {
    }

[IoId=7]: 
Pin : Name = \USB:Dm(0)\
    Attributes:
        In Group/Port: True
        In Sync Option: AUTO
        Out Sync Option: AUTO
        Interrupt generated: False
        Interrupt mode: NONE
        Drive mode: HI_Z_ANALOG
        VTrip: EITHER
        Slew: FAST
        Input Sync needed: False
        Output Sync needed: False
        SC shield enabled: False
        POR State: ANY
        LCD Mode: COMMON
        Register Mode: RegComb
        CaSense Mode: NEITHER
        Treat as pin: True
        Is OE Registered: False
        Uses Analog: True
        Can contain Digital: False
        Is SIO: False
        SIO Output Buf: NONREGULATED
        SIO Input Buf: SINGLE_ENDED
        SIO HiFreq: LOW
        SIO Hyst: DISABLED
        SIO Vtrip: MULTIPLIER_0_5
        SIO RefSel: VCC_IO
        Required Capabilitites: USB_D_MINUS
        Initial Value: 0
        IO Voltage: 0
    PORT MAP (
        pa_out => \USB:Dm(0)\__PA ,
        analog_term => \USB:Net_597\ ,
        pad => \USB:Dm(0)_PAD\ );
    Properties:
    {
    }

Fixed Function block hod @ [FFB(CAN,0)]: empty
Fixed Function block hod @ [FFB(Cache,0)]: empty
Fixed Function block hod @ [FFB(CapSense,0)]: empty
Fixed Function block hod @ [FFB(Clock,0)]: 
    Clock Block @ [FFB(Clock,0)]: 
    clockblockcell: Name =ClockBlock
        PORT MAP (
            clk_bus_glb => ClockBlock_BUS_CLK ,
            clk_bus => ClockBlock_BUS_CLK_local ,
            clk_sync => ClockBlock_MASTER_CLK ,
            clk_32k_xtal => ClockBlock_XTAL_32KHZ ,
            xtal => ClockBlock_XTAL ,
            ilo => ClockBlock_ILO ,
            clk_100k => ClockBlock_100k ,
            clk_1k => ClockBlock_1k ,
            clk_32k => ClockBlock_32k ,
            pllout => ClockBlock_PLL_OUT ,
            imo => ClockBlock_IMO );
        Properties:
        {
        }
Fixed Function block hod @ [FFB(Comparator,0)]: empty
Fixed Function block hod @ [FFB(DFB,0)]: empty
Fixed Function block hod @ [FFB(DSM,0)]: empty
Fixed Function block hod @ [FFB(Decimator,0)]: empty
Fixed Function block hod @ [FFB(EMIF,0)]: empty
Fixed Function block hod @ [FFB(I2C,0)]: empty
Fixed Function block hod @ [FFB(LCD,0)]: empty
Fixed Function block hod @ [FFB(LVD,0)]: empty
Fixed Function block hod @ [FFB(PM,0)]: empty
Fixed Function block hod @ [FFB(SC,0)]: empty
Fixed Function block hod @ [FFB(SPC,0)]: empty
Fixed Function block hod @ [FFB(Timer,0)]: 
    Timer Block @ [FFB(Timer,0)]: 
    timercell: Name =\Timer_sendData:TimerHW\
        PORT MAP (
            clock => ClockBlock_BUS_CLK ,
            enable => __ONE__ ,
            tc => \Timer_sendData:Net_51\ ,
            cmp => \Timer_sendData:Net_261\ ,
            irq => Net_773 );
        Properties:
        {
            cy_registers = ""
        }
Fixed Function block hod @ [FFB(USB,0)]: 
    USB Block @ [FFB(USB,0)]: 
    usbcell: Name =\USB:USB\
        PORT MAP (
            dp => \USB:Net_1000\ ,
            dm => \USB:Net_597\ ,
            sof_int => Net_807 ,
            arb_int => \USB:Net_79\ ,
            usb_int => \USB:Net_81\ ,
            ept_int_8 => \USB:ept_int_8\ ,
            ept_int_7 => \USB:ept_int_7\ ,
            ept_int_6 => \USB:ept_int_6\ ,
            ept_int_5 => \USB:ept_int_5\ ,
            ept_int_4 => \USB:ept_int_4\ ,
            ept_int_3 => \USB:ept_int_3\ ,
            ept_int_2 => \USB:ept_int_2\ ,
            ept_int_1 => \USB:ept_int_1\ ,
            ept_int_0 => \USB:ept_int_0\ ,
            ord_int => \USB:Net_95\ ,
            dma_req_7 => \USB:dma_req_7\ ,
            dma_req_6 => \USB:dma_req_6\ ,
            dma_req_5 => \USB:dma_req_5\ ,
            dma_req_4 => \USB:dma_req_4\ ,
            dma_req_3 => \USB:dma_req_3\ ,
            dma_req_2 => \USB:dma_req_2\ ,
            dma_req_1 => \USB:dma_req_1\ ,
            dma_req_0 => \USB:dma_req_0\ ,
            dma_termin => \USB:Net_824\ );
        Properties:
        {
            cy_registers = ""
        }
Fixed Function block hod @ [FFB(VIDAC,0)]: empty
Fixed Function block hod @ [FFB(OpAmp,0)]: empty
Fixed Function block hod @ [FFB(CsAbuf,0)]: empty
Fixed Function block hod @ [FFB(Vref,0)]: empty
Fixed Function block hod @ [FFB(LPF,0)]: empty
Fixed Function block hod @ [FFB(SAR,0)]: empty
</CYPRESSTAG>
<CYPRESSTAG name="Port Configuration Details">

------------------------------------------------------------
Port Configuration report
------------------------------------------------------------
     |     |       | Interrupt |                  |                     | 
Port | Pin | Fixed |      Type |       Drive Mode |                Name | Connections
-----+-----+-------+-----------+------------------+---------------------+-----------------------
   3 |   7 |     * |      NONE |         CMOS_OUT | Pin_LEDCollision(0) | 
-----+-----+-------+-----------+------------------+---------------------+-----------------------
   6 |   0 |     * |      NONE |      RES_PULL_UP |    Recieve_Input(0) | FB(Net_648)
     |   2 |     * |      NONE |         CMOS_OUT |      Pin_LEDBusy(0) | 
     |   3 |     * |      NONE |         CMOS_OUT |      Pin_LEDIdle(0) | 
     |   6 |     * |      NONE |         CMOS_OUT |    Transm_Output(0) | 
-----+-----+-------+-----------+------------------+---------------------+-----------------------
  15 |   6 |       |   FALLING |      HI_Z_ANALOG |         \USB:Dp(0)\ | Analog(\USB:Net_1000\)
     |   7 |       |      NONE |      HI_Z_ANALOG |         \USB:Dm(0)\ | Analog(\USB:Net_597\)
------------------------------------------------------------------------------------------------
</CYPRESSTAG>
</CYPRESSTAG>
</CYPRESSTAG>
Digital component placer commit/Report: Elapsed time ==> 0s.003ms
Digital Placement phase: Elapsed time ==> 1s.120ms
</CYPRESSTAG>
<CYPRESSTAG name="Digital Routing">
Routing successful.
Digital Routing phase: Elapsed time ==> 1s.644ms
</CYPRESSTAG>
<CYPRESSTAG name="Bitstream and API generation">
Bitstream and API generation phase: Elapsed time ==> 0s.302ms
</CYPRESSTAG>
<CYPRESSTAG name="Bitstream verification">
Bitstream verification phase: Elapsed time ==> 0s.052ms
</CYPRESSTAG>
<CYPRESSTAG name="Static timing analysis">
Timing report is in Networking Project_timing.html.
Static timing analysis phase: Elapsed time ==> 0s.407ms
</CYPRESSTAG>
<CYPRESSTAG name="Data reporting">
Data reporting phase: Elapsed time ==> 0s.000ms
</CYPRESSTAG>
<CYPRESSTAG name="Database update...">
Design database save phase: Elapsed time ==> 0s.183ms
</CYPRESSTAG>
cydsfit: Elapsed time ==> 4s.690ms
</CYPRESSTAG>
Fitter phase: Elapsed time ==> 4s.729ms
API generation phase: Elapsed time ==> 1s.484ms
Dependency generation phase: Elapsed time ==> 0s.012ms
Cleanup phase: Elapsed time ==> 0s.001ms
