ARM GAS  C:\Users\Zach\AppData\Local\Temp\ccuiWMzK.s 			page 1


   1              		.syntax unified
   2              		.cpu cortex-m3
   3              		.fpu softvfp
   4              		.eabi_attribute 20, 1
   5              		.eabi_attribute 21, 1
   6              		.eabi_attribute 23, 3
   7              		.eabi_attribute 24, 1
   8              		.eabi_attribute 25, 1
   9              		.eabi_attribute 26, 1
  10              		.eabi_attribute 30, 6
  11              		.eabi_attribute 34, 1
  12              		.eabi_attribute 18, 4
  13              		.thumb
  14              		.file	"Counter_input_PM.c"
  15              		.text
  16              	.Ltext0:
  17              		.cfi_sections	.debug_frame
  18              		.bss
  19              		.align	2
  20              	Counter_input_backup:
  21 0000 00000000 		.space	6
  21      0000
  22 0006 0000     		.section	.text.Counter_input_SaveConfig,"ax",%progbits
  23              		.align	2
  24              		.global	Counter_input_SaveConfig
  25              		.thumb
  26              		.thumb_func
  27              		.type	Counter_input_SaveConfig, %function
  28              	Counter_input_SaveConfig:
  29              	.LFB0:
  30              		.file 1 ".\\Generated_Source\\PSoC5\\Counter_input_PM.c"
   1:.\Generated_Source\PSoC5/Counter_input_PM.c **** /*******************************************************************************
   2:.\Generated_Source\PSoC5/Counter_input_PM.c **** * File Name: Counter_input_PM.c  
   3:.\Generated_Source\PSoC5/Counter_input_PM.c **** * Version 2.40
   4:.\Generated_Source\PSoC5/Counter_input_PM.c **** *
   5:.\Generated_Source\PSoC5/Counter_input_PM.c **** *  Description:
   6:.\Generated_Source\PSoC5/Counter_input_PM.c **** *    This file provides the power management source code to API for the
   7:.\Generated_Source\PSoC5/Counter_input_PM.c **** *    Counter.  
   8:.\Generated_Source\PSoC5/Counter_input_PM.c **** *
   9:.\Generated_Source\PSoC5/Counter_input_PM.c **** *   Note:
  10:.\Generated_Source\PSoC5/Counter_input_PM.c **** *     None
  11:.\Generated_Source\PSoC5/Counter_input_PM.c **** *
  12:.\Generated_Source\PSoC5/Counter_input_PM.c **** *******************************************************************************
  13:.\Generated_Source\PSoC5/Counter_input_PM.c **** * Copyright 2008-2012, Cypress Semiconductor Corporation.  All rights reserved.
  14:.\Generated_Source\PSoC5/Counter_input_PM.c **** * You may use this file only in accordance with the license, terms, conditions, 
  15:.\Generated_Source\PSoC5/Counter_input_PM.c **** * disclaimers, and limitations in the end user license agreement accompanying 
  16:.\Generated_Source\PSoC5/Counter_input_PM.c **** * the software package with which this file was provided.
  17:.\Generated_Source\PSoC5/Counter_input_PM.c **** ********************************************************************************/
  18:.\Generated_Source\PSoC5/Counter_input_PM.c **** 
  19:.\Generated_Source\PSoC5/Counter_input_PM.c **** #include "Counter_input.h"
  20:.\Generated_Source\PSoC5/Counter_input_PM.c **** 
  21:.\Generated_Source\PSoC5/Counter_input_PM.c **** static Counter_input_backupStruct Counter_input_backup;
  22:.\Generated_Source\PSoC5/Counter_input_PM.c **** 
  23:.\Generated_Source\PSoC5/Counter_input_PM.c **** 
  24:.\Generated_Source\PSoC5/Counter_input_PM.c **** /*******************************************************************************
  25:.\Generated_Source\PSoC5/Counter_input_PM.c **** * Function Name: Counter_input_SaveConfig
  26:.\Generated_Source\PSoC5/Counter_input_PM.c **** ********************************************************************************
ARM GAS  C:\Users\Zach\AppData\Local\Temp\ccuiWMzK.s 			page 2


  27:.\Generated_Source\PSoC5/Counter_input_PM.c **** * Summary:
  28:.\Generated_Source\PSoC5/Counter_input_PM.c **** *     Save the current user configuration
  29:.\Generated_Source\PSoC5/Counter_input_PM.c **** *
  30:.\Generated_Source\PSoC5/Counter_input_PM.c **** * Parameters:  
  31:.\Generated_Source\PSoC5/Counter_input_PM.c **** *  void
  32:.\Generated_Source\PSoC5/Counter_input_PM.c **** *
  33:.\Generated_Source\PSoC5/Counter_input_PM.c **** * Return: 
  34:.\Generated_Source\PSoC5/Counter_input_PM.c **** *  void
  35:.\Generated_Source\PSoC5/Counter_input_PM.c **** *
  36:.\Generated_Source\PSoC5/Counter_input_PM.c **** * Global variables:
  37:.\Generated_Source\PSoC5/Counter_input_PM.c **** *  Counter_input_backup:  Variables of this global structure are modified to 
  38:.\Generated_Source\PSoC5/Counter_input_PM.c **** *  store the values of non retention configuration registers when Sleep() API is 
  39:.\Generated_Source\PSoC5/Counter_input_PM.c **** *  called.
  40:.\Generated_Source\PSoC5/Counter_input_PM.c **** *
  41:.\Generated_Source\PSoC5/Counter_input_PM.c **** *******************************************************************************/
  42:.\Generated_Source\PSoC5/Counter_input_PM.c **** void Counter_input_SaveConfig(void) 
  43:.\Generated_Source\PSoC5/Counter_input_PM.c **** {
  31              		.loc 1 43 0
  32              		.cfi_startproc
  33              		@ args = 0, pretend = 0, frame = 0
  34              		@ frame_needed = 1, uses_anonymous_args = 0
  35              		@ link register save eliminated.
  36 0000 80B4     		push	{r7}
  37              	.LCFI0:
  38              		.cfi_def_cfa_offset 4
  39              		.cfi_offset 7, -4
  40 0002 00AF     		add	r7, sp, #0
  41              	.LCFI1:
  42              		.cfi_def_cfa_register 7
  44:.\Generated_Source\PSoC5/Counter_input_PM.c ****     #if (!Counter_input_UsingFixedFunction)
  45:.\Generated_Source\PSoC5/Counter_input_PM.c **** 
  46:.\Generated_Source\PSoC5/Counter_input_PM.c ****         Counter_input_backup.CounterUdb = Counter_input_ReadCounter();
  47:.\Generated_Source\PSoC5/Counter_input_PM.c **** 
  48:.\Generated_Source\PSoC5/Counter_input_PM.c ****         #if (CY_UDB_V0)
  49:.\Generated_Source\PSoC5/Counter_input_PM.c ****             Counter_input_backup.CounterPeriod = Counter_input_ReadPeriod();
  50:.\Generated_Source\PSoC5/Counter_input_PM.c ****             Counter_input_backup.CompareValue = Counter_input_ReadCompare();
  51:.\Generated_Source\PSoC5/Counter_input_PM.c ****             Counter_input_backup.InterruptMaskValue = Counter_input_STATUS_MASK;
  52:.\Generated_Source\PSoC5/Counter_input_PM.c ****         #endif /* CY_UDB_V0 */
  53:.\Generated_Source\PSoC5/Counter_input_PM.c **** 
  54:.\Generated_Source\PSoC5/Counter_input_PM.c ****         #if(!Counter_input_ControlRegRemoved)
  55:.\Generated_Source\PSoC5/Counter_input_PM.c ****             Counter_input_backup.CounterControlRegister = Counter_input_ReadControlRegister();
  56:.\Generated_Source\PSoC5/Counter_input_PM.c ****         #endif /* (!Counter_input_ControlRegRemoved) */
  57:.\Generated_Source\PSoC5/Counter_input_PM.c **** 
  58:.\Generated_Source\PSoC5/Counter_input_PM.c ****     #endif /* (!Counter_input_UsingFixedFunction) */
  59:.\Generated_Source\PSoC5/Counter_input_PM.c **** }
  43              		.loc 1 59 0
  44 0004 BD46     		mov	sp, r7
  45 0006 80BC     		pop	{r7}
  46 0008 7047     		bx	lr
  47              		.cfi_endproc
  48              	.LFE0:
  49              		.size	Counter_input_SaveConfig, .-Counter_input_SaveConfig
  50 000a 00BF     		.section	.text.Counter_input_RestoreConfig,"ax",%progbits
  51              		.align	2
  52              		.global	Counter_input_RestoreConfig
  53              		.thumb
  54              		.thumb_func
ARM GAS  C:\Users\Zach\AppData\Local\Temp\ccuiWMzK.s 			page 3


  55              		.type	Counter_input_RestoreConfig, %function
  56              	Counter_input_RestoreConfig:
  57              	.LFB1:
  60:.\Generated_Source\PSoC5/Counter_input_PM.c **** 
  61:.\Generated_Source\PSoC5/Counter_input_PM.c **** 
  62:.\Generated_Source\PSoC5/Counter_input_PM.c **** /*******************************************************************************
  63:.\Generated_Source\PSoC5/Counter_input_PM.c **** * Function Name: Counter_input_RestoreConfig
  64:.\Generated_Source\PSoC5/Counter_input_PM.c **** ********************************************************************************
  65:.\Generated_Source\PSoC5/Counter_input_PM.c **** *
  66:.\Generated_Source\PSoC5/Counter_input_PM.c **** * Summary:
  67:.\Generated_Source\PSoC5/Counter_input_PM.c **** *  Restores the current user configuration.
  68:.\Generated_Source\PSoC5/Counter_input_PM.c **** *
  69:.\Generated_Source\PSoC5/Counter_input_PM.c **** * Parameters:  
  70:.\Generated_Source\PSoC5/Counter_input_PM.c **** *  void
  71:.\Generated_Source\PSoC5/Counter_input_PM.c **** *
  72:.\Generated_Source\PSoC5/Counter_input_PM.c **** * Return: 
  73:.\Generated_Source\PSoC5/Counter_input_PM.c **** *  void
  74:.\Generated_Source\PSoC5/Counter_input_PM.c **** *
  75:.\Generated_Source\PSoC5/Counter_input_PM.c **** * Global variables:
  76:.\Generated_Source\PSoC5/Counter_input_PM.c **** *  Counter_input_backup:  Variables of this global structure are used to 
  77:.\Generated_Source\PSoC5/Counter_input_PM.c **** *  restore the values of non retention registers on wakeup from sleep mode.
  78:.\Generated_Source\PSoC5/Counter_input_PM.c **** *
  79:.\Generated_Source\PSoC5/Counter_input_PM.c **** *******************************************************************************/
  80:.\Generated_Source\PSoC5/Counter_input_PM.c **** void Counter_input_RestoreConfig(void) 
  81:.\Generated_Source\PSoC5/Counter_input_PM.c **** {      
  58              		.loc 1 81 0
  59              		.cfi_startproc
  60              		@ args = 0, pretend = 0, frame = 0
  61              		@ frame_needed = 1, uses_anonymous_args = 0
  62              		@ link register save eliminated.
  63 0000 80B4     		push	{r7}
  64              	.LCFI2:
  65              		.cfi_def_cfa_offset 4
  66              		.cfi_offset 7, -4
  67 0002 00AF     		add	r7, sp, #0
  68              	.LCFI3:
  69              		.cfi_def_cfa_register 7
  82:.\Generated_Source\PSoC5/Counter_input_PM.c ****     #if (!Counter_input_UsingFixedFunction)
  83:.\Generated_Source\PSoC5/Counter_input_PM.c **** 
  84:.\Generated_Source\PSoC5/Counter_input_PM.c ****         #if (CY_UDB_V0)
  85:.\Generated_Source\PSoC5/Counter_input_PM.c ****             uint8 Counter_input_interruptState;
  86:.\Generated_Source\PSoC5/Counter_input_PM.c ****         #endif  /* (CY_UDB_V0) */
  87:.\Generated_Source\PSoC5/Counter_input_PM.c **** 
  88:.\Generated_Source\PSoC5/Counter_input_PM.c ****        Counter_input_WriteCounter(Counter_input_backup.CounterUdb);
  89:.\Generated_Source\PSoC5/Counter_input_PM.c **** 
  90:.\Generated_Source\PSoC5/Counter_input_PM.c ****         #if (CY_UDB_V0)
  91:.\Generated_Source\PSoC5/Counter_input_PM.c ****             Counter_input_WritePeriod(Counter_input_backup.CounterPeriod);
  92:.\Generated_Source\PSoC5/Counter_input_PM.c ****             Counter_input_WriteCompare(Counter_input_backup.CompareValue);
  93:.\Generated_Source\PSoC5/Counter_input_PM.c **** 
  94:.\Generated_Source\PSoC5/Counter_input_PM.c ****             Counter_input_interruptState = CyEnterCriticalSection();
  95:.\Generated_Source\PSoC5/Counter_input_PM.c ****             Counter_input_STATUS_AUX_CTRL |= Counter_input_STATUS_ACTL_INT_EN_MASK;
  96:.\Generated_Source\PSoC5/Counter_input_PM.c ****             CyExitCriticalSection(Counter_input_interruptState);
  97:.\Generated_Source\PSoC5/Counter_input_PM.c **** 
  98:.\Generated_Source\PSoC5/Counter_input_PM.c ****             Counter_input_STATUS_MASK = Counter_input_backup.InterruptMaskValue;
  99:.\Generated_Source\PSoC5/Counter_input_PM.c ****         #endif  /* (CY_UDB_V0) */
 100:.\Generated_Source\PSoC5/Counter_input_PM.c **** 
 101:.\Generated_Source\PSoC5/Counter_input_PM.c ****         #if(!Counter_input_ControlRegRemoved)
ARM GAS  C:\Users\Zach\AppData\Local\Temp\ccuiWMzK.s 			page 4


 102:.\Generated_Source\PSoC5/Counter_input_PM.c ****             Counter_input_WriteControlRegister(Counter_input_backup.CounterControlRegister);
 103:.\Generated_Source\PSoC5/Counter_input_PM.c ****         #endif /* (!Counter_input_ControlRegRemoved) */
 104:.\Generated_Source\PSoC5/Counter_input_PM.c **** 
 105:.\Generated_Source\PSoC5/Counter_input_PM.c ****     #endif /* (!Counter_input_UsingFixedFunction) */
 106:.\Generated_Source\PSoC5/Counter_input_PM.c **** }
  70              		.loc 1 106 0
  71 0004 BD46     		mov	sp, r7
  72 0006 80BC     		pop	{r7}
  73 0008 7047     		bx	lr
  74              		.cfi_endproc
  75              	.LFE1:
  76              		.size	Counter_input_RestoreConfig, .-Counter_input_RestoreConfig
  77 000a 00BF     		.section	.text.Counter_input_Sleep,"ax",%progbits
  78              		.align	2
  79              		.global	Counter_input_Sleep
  80              		.thumb
  81              		.thumb_func
  82              		.type	Counter_input_Sleep, %function
  83              	Counter_input_Sleep:
  84              	.LFB2:
 107:.\Generated_Source\PSoC5/Counter_input_PM.c **** 
 108:.\Generated_Source\PSoC5/Counter_input_PM.c **** 
 109:.\Generated_Source\PSoC5/Counter_input_PM.c **** /*******************************************************************************
 110:.\Generated_Source\PSoC5/Counter_input_PM.c **** * Function Name: Counter_input_Sleep
 111:.\Generated_Source\PSoC5/Counter_input_PM.c **** ********************************************************************************
 112:.\Generated_Source\PSoC5/Counter_input_PM.c **** * Summary:
 113:.\Generated_Source\PSoC5/Counter_input_PM.c **** *     Stop and Save the user configuration
 114:.\Generated_Source\PSoC5/Counter_input_PM.c **** *
 115:.\Generated_Source\PSoC5/Counter_input_PM.c **** * Parameters:  
 116:.\Generated_Source\PSoC5/Counter_input_PM.c **** *  void
 117:.\Generated_Source\PSoC5/Counter_input_PM.c **** *
 118:.\Generated_Source\PSoC5/Counter_input_PM.c **** * Return: 
 119:.\Generated_Source\PSoC5/Counter_input_PM.c **** *  void
 120:.\Generated_Source\PSoC5/Counter_input_PM.c **** *
 121:.\Generated_Source\PSoC5/Counter_input_PM.c **** * Global variables:
 122:.\Generated_Source\PSoC5/Counter_input_PM.c **** *  Counter_input_backup.enableState:  Is modified depending on the enable 
 123:.\Generated_Source\PSoC5/Counter_input_PM.c **** *  state of the block before entering sleep mode.
 124:.\Generated_Source\PSoC5/Counter_input_PM.c **** *
 125:.\Generated_Source\PSoC5/Counter_input_PM.c **** *******************************************************************************/
 126:.\Generated_Source\PSoC5/Counter_input_PM.c **** void Counter_input_Sleep(void) 
 127:.\Generated_Source\PSoC5/Counter_input_PM.c **** {
  85              		.loc 1 127 0
  86              		.cfi_startproc
  87              		@ args = 0, pretend = 0, frame = 0
  88              		@ frame_needed = 1, uses_anonymous_args = 0
  89 0000 80B5     		push	{r7, lr}
  90              	.LCFI4:
  91              		.cfi_def_cfa_offset 8
  92              		.cfi_offset 7, -8
  93              		.cfi_offset 14, -4
  94 0002 00AF     		add	r7, sp, #0
  95              	.LCFI5:
  96              		.cfi_def_cfa_register 7
 128:.\Generated_Source\PSoC5/Counter_input_PM.c ****     #if(!Counter_input_ControlRegRemoved)
 129:.\Generated_Source\PSoC5/Counter_input_PM.c ****         /* Save Counter's enable state */
 130:.\Generated_Source\PSoC5/Counter_input_PM.c ****         if(Counter_input_CTRL_ENABLE == (Counter_input_CONTROL & Counter_input_CTRL_ENABLE))
  97              		.loc 1 130 0
ARM GAS  C:\Users\Zach\AppData\Local\Temp\ccuiWMzK.s 			page 5


  98 0004 4FF49E43 		mov	r3, #20224
  99 0008 C4F20003 		movt	r3, 16384
 100 000c 1B78     		ldrb	r3, [r3, #0]
 101 000e DBB2     		uxtb	r3, r3
 102 0010 03F00103 		and	r3, r3, #1
 103 0014 002B     		cmp	r3, #0
 104 0016 07D0     		beq	.L4
 131:.\Generated_Source\PSoC5/Counter_input_PM.c ****         {
 132:.\Generated_Source\PSoC5/Counter_input_PM.c ****             /* Counter is enabled */
 133:.\Generated_Source\PSoC5/Counter_input_PM.c ****             Counter_input_backup.CounterEnableState = 1u;
 105              		.loc 1 133 0
 106 0018 40F20003 		movw	r3, #:lower16:Counter_input_backup
 107 001c C0F20003 		movt	r3, #:upper16:Counter_input_backup
 108 0020 4FF00102 		mov	r2, #1
 109 0024 1A70     		strb	r2, [r3, #0]
 110 0026 06E0     		b	.L5
 111              	.L4:
 134:.\Generated_Source\PSoC5/Counter_input_PM.c ****         }
 135:.\Generated_Source\PSoC5/Counter_input_PM.c ****         else
 136:.\Generated_Source\PSoC5/Counter_input_PM.c ****         {
 137:.\Generated_Source\PSoC5/Counter_input_PM.c ****             /* Counter is disabled */
 138:.\Generated_Source\PSoC5/Counter_input_PM.c ****             Counter_input_backup.CounterEnableState = 0u;
 112              		.loc 1 138 0
 113 0028 40F20003 		movw	r3, #:lower16:Counter_input_backup
 114 002c C0F20003 		movt	r3, #:upper16:Counter_input_backup
 115 0030 4FF00002 		mov	r2, #0
 116 0034 1A70     		strb	r2, [r3, #0]
 117              	.L5:
 139:.\Generated_Source\PSoC5/Counter_input_PM.c ****         }
 140:.\Generated_Source\PSoC5/Counter_input_PM.c ****     #else
 141:.\Generated_Source\PSoC5/Counter_input_PM.c ****         Counter_input_backup.CounterEnableState = 1u;
 142:.\Generated_Source\PSoC5/Counter_input_PM.c ****         if(Counter_input_backup.CounterEnableState != 0u)
 143:.\Generated_Source\PSoC5/Counter_input_PM.c ****         {
 144:.\Generated_Source\PSoC5/Counter_input_PM.c ****             Counter_input_backup.CounterEnableState = 0u;
 145:.\Generated_Source\PSoC5/Counter_input_PM.c ****         }
 146:.\Generated_Source\PSoC5/Counter_input_PM.c ****     #endif /* (!Counter_input_ControlRegRemoved) */
 147:.\Generated_Source\PSoC5/Counter_input_PM.c ****     
 148:.\Generated_Source\PSoC5/Counter_input_PM.c ****     Counter_input_Stop();
 118              		.loc 1 148 0
 119 0036 FFF7FEFF 		bl	Counter_input_Stop
 149:.\Generated_Source\PSoC5/Counter_input_PM.c ****     Counter_input_SaveConfig();
 120              		.loc 1 149 0
 121 003a FFF7FEFF 		bl	Counter_input_SaveConfig
 150:.\Generated_Source\PSoC5/Counter_input_PM.c **** }
 122              		.loc 1 150 0
 123 003e 80BD     		pop	{r7, pc}
 124              		.cfi_endproc
 125              	.LFE2:
 126              		.size	Counter_input_Sleep, .-Counter_input_Sleep
 127              		.section	.text.Counter_input_Wakeup,"ax",%progbits
 128              		.align	2
 129              		.global	Counter_input_Wakeup
 130              		.thumb
 131              		.thumb_func
 132              		.type	Counter_input_Wakeup, %function
 133              	Counter_input_Wakeup:
 134              	.LFB3:
ARM GAS  C:\Users\Zach\AppData\Local\Temp\ccuiWMzK.s 			page 6


 151:.\Generated_Source\PSoC5/Counter_input_PM.c **** 
 152:.\Generated_Source\PSoC5/Counter_input_PM.c **** 
 153:.\Generated_Source\PSoC5/Counter_input_PM.c **** /*******************************************************************************
 154:.\Generated_Source\PSoC5/Counter_input_PM.c **** * Function Name: Counter_input_Wakeup
 155:.\Generated_Source\PSoC5/Counter_input_PM.c **** ********************************************************************************
 156:.\Generated_Source\PSoC5/Counter_input_PM.c **** *
 157:.\Generated_Source\PSoC5/Counter_input_PM.c **** * Summary:
 158:.\Generated_Source\PSoC5/Counter_input_PM.c **** *  Restores and enables the user configuration
 159:.\Generated_Source\PSoC5/Counter_input_PM.c **** *  
 160:.\Generated_Source\PSoC5/Counter_input_PM.c **** * Parameters:  
 161:.\Generated_Source\PSoC5/Counter_input_PM.c **** *  void
 162:.\Generated_Source\PSoC5/Counter_input_PM.c **** *
 163:.\Generated_Source\PSoC5/Counter_input_PM.c **** * Return: 
 164:.\Generated_Source\PSoC5/Counter_input_PM.c **** *  void
 165:.\Generated_Source\PSoC5/Counter_input_PM.c **** *
 166:.\Generated_Source\PSoC5/Counter_input_PM.c **** * Global variables:
 167:.\Generated_Source\PSoC5/Counter_input_PM.c **** *  Counter_input_backup.enableState:  Is used to restore the enable state of 
 168:.\Generated_Source\PSoC5/Counter_input_PM.c **** *  block on wakeup from sleep mode.
 169:.\Generated_Source\PSoC5/Counter_input_PM.c **** *
 170:.\Generated_Source\PSoC5/Counter_input_PM.c **** *******************************************************************************/
 171:.\Generated_Source\PSoC5/Counter_input_PM.c **** void Counter_input_Wakeup(void) 
 172:.\Generated_Source\PSoC5/Counter_input_PM.c **** {
 135              		.loc 1 172 0
 136              		.cfi_startproc
 137              		@ args = 0, pretend = 0, frame = 0
 138              		@ frame_needed = 1, uses_anonymous_args = 0
 139 0000 80B5     		push	{r7, lr}
 140              	.LCFI6:
 141              		.cfi_def_cfa_offset 8
 142              		.cfi_offset 7, -8
 143              		.cfi_offset 14, -4
 144 0002 00AF     		add	r7, sp, #0
 145              	.LCFI7:
 146              		.cfi_def_cfa_register 7
 173:.\Generated_Source\PSoC5/Counter_input_PM.c ****     Counter_input_RestoreConfig();
 147              		.loc 1 173 0
 148 0004 FFF7FEFF 		bl	Counter_input_RestoreConfig
 174:.\Generated_Source\PSoC5/Counter_input_PM.c ****     #if(!Counter_input_ControlRegRemoved)
 175:.\Generated_Source\PSoC5/Counter_input_PM.c ****         if(Counter_input_backup.CounterEnableState == 1u)
 149              		.loc 1 175 0
 150 0008 40F20003 		movw	r3, #:lower16:Counter_input_backup
 151 000c C0F20003 		movt	r3, #:upper16:Counter_input_backup
 152 0010 1B78     		ldrb	r3, [r3, #0]	@ zero_extendqisi2
 153 0012 012B     		cmp	r3, #1
 154 0014 01D1     		bne	.L6
 176:.\Generated_Source\PSoC5/Counter_input_PM.c ****         {
 177:.\Generated_Source\PSoC5/Counter_input_PM.c ****             /* Enable Counter's operation */
 178:.\Generated_Source\PSoC5/Counter_input_PM.c ****             Counter_input_Enable();
 155              		.loc 1 178 0
 156 0016 FFF7FEFF 		bl	Counter_input_Enable
 157              	.L6:
 179:.\Generated_Source\PSoC5/Counter_input_PM.c ****         } /* Do nothing if Counter was disabled before */    
 180:.\Generated_Source\PSoC5/Counter_input_PM.c ****     #endif /* (!Counter_input_ControlRegRemoved) */
 181:.\Generated_Source\PSoC5/Counter_input_PM.c ****     
 182:.\Generated_Source\PSoC5/Counter_input_PM.c **** }
 158              		.loc 1 182 0
 159 001a 80BD     		pop	{r7, pc}
ARM GAS  C:\Users\Zach\AppData\Local\Temp\ccuiWMzK.s 			page 7


 160              		.cfi_endproc
 161              	.LFE3:
 162              		.size	Counter_input_Wakeup, .-Counter_input_Wakeup
 163              		.text
 164              	.Letext0:
 165              		.file 2 ".\\Generated_Source\\PSoC5\\cytypes.h"
 166              		.file 3 ".\\Generated_Source\\PSoC5\\Counter_input.h"
 167              		.section	.debug_info,"",%progbits
 168              	.Ldebug_info0:
 169 0000 55010000 		.4byte	0x155
 170 0004 0200     		.2byte	0x2
 171 0006 00000000 		.4byte	.Ldebug_abbrev0
 172 000a 04       		.byte	0x4
 173 000b 01       		.uleb128 0x1
 174 000c 2F000000 		.4byte	.LASF24
 175 0010 01       		.byte	0x1
 176 0011 AD000000 		.4byte	.LASF25
 177 0015 1A010000 		.4byte	.LASF26
 178 0019 00000000 		.4byte	.Ldebug_ranges0+0
 179 001d 00000000 		.4byte	0
 180 0021 00000000 		.4byte	0
 181 0025 00000000 		.4byte	.Ldebug_line0
 182 0029 02       		.uleb128 0x2
 183 002a 01       		.byte	0x1
 184 002b 06       		.byte	0x6
 185 002c D0010000 		.4byte	.LASF0
 186 0030 02       		.uleb128 0x2
 187 0031 01       		.byte	0x1
 188 0032 08       		.byte	0x8
 189 0033 F3000000 		.4byte	.LASF1
 190 0037 02       		.uleb128 0x2
 191 0038 02       		.byte	0x2
 192 0039 05       		.byte	0x5
 193 003a 08020000 		.4byte	.LASF2
 194 003e 02       		.uleb128 0x2
 195 003f 02       		.byte	0x2
 196 0040 07       		.byte	0x7
 197 0041 BD010000 		.4byte	.LASF3
 198 0045 02       		.uleb128 0x2
 199 0046 04       		.byte	0x4
 200 0047 05       		.byte	0x5
 201 0048 7F010000 		.4byte	.LASF4
 202 004c 02       		.uleb128 0x2
 203 004d 04       		.byte	0x4
 204 004e 07       		.byte	0x7
 205 004f 7E000000 		.4byte	.LASF5
 206 0053 02       		.uleb128 0x2
 207 0054 08       		.byte	0x8
 208 0055 05       		.byte	0x5
 209 0056 00000000 		.4byte	.LASF6
 210 005a 02       		.uleb128 0x2
 211 005b 08       		.byte	0x8
 212 005c 07       		.byte	0x7
 213 005d 90000000 		.4byte	.LASF7
 214 0061 03       		.uleb128 0x3
 215 0062 04       		.byte	0x4
 216 0063 05       		.byte	0x5
ARM GAS  C:\Users\Zach\AppData\Local\Temp\ccuiWMzK.s 			page 8


 217 0064 696E7400 		.ascii	"int\000"
 218 0068 02       		.uleb128 0x2
 219 0069 04       		.byte	0x4
 220 006a 07       		.byte	0x7
 221 006b 0E000000 		.4byte	.LASF8
 222 006f 04       		.uleb128 0x4
 223 0070 78000000 		.4byte	.LASF9
 224 0074 02       		.byte	0x2
 225 0075 5B       		.byte	0x5b
 226 0076 30000000 		.4byte	0x30
 227 007a 04       		.uleb128 0x4
 228 007b 12020000 		.4byte	.LASF10
 229 007f 02       		.byte	0x2
 230 0080 5C       		.byte	0x5c
 231 0081 3E000000 		.4byte	0x3e
 232 0085 02       		.uleb128 0x2
 233 0086 04       		.byte	0x4
 234 0087 04       		.byte	0x4
 235 0088 A7000000 		.4byte	.LASF11
 236 008c 02       		.uleb128 0x2
 237 008d 08       		.byte	0x8
 238 008e 04       		.byte	0x4
 239 008f B6010000 		.4byte	.LASF12
 240 0093 02       		.uleb128 0x2
 241 0094 01       		.byte	0x1
 242 0095 08       		.byte	0x8
 243 0096 EE000000 		.4byte	.LASF13
 244 009a 04       		.uleb128 0x4
 245 009b 24020000 		.4byte	.LASF14
 246 009f 02       		.byte	0x2
 247 00a0 F0       		.byte	0xf0
 248 00a1 A5000000 		.4byte	0xa5
 249 00a5 05       		.uleb128 0x5
 250 00a6 6F000000 		.4byte	0x6f
 251 00aa 02       		.uleb128 0x2
 252 00ab 04       		.byte	0x4
 253 00ac 07       		.byte	0x7
 254 00ad 29020000 		.4byte	.LASF15
 255 00b1 06       		.uleb128 0x6
 256 00b2 06       		.byte	0x6
 257 00b3 03       		.byte	0x3
 258 00b4 38       		.byte	0x38
 259 00b5 E4000000 		.4byte	0xe4
 260 00b9 07       		.uleb128 0x7
 261 00ba 88010000 		.4byte	.LASF16
 262 00be 03       		.byte	0x3
 263 00bf 3A       		.byte	0x3a
 264 00c0 6F000000 		.4byte	0x6f
 265 00c4 02       		.byte	0x2
 266 00c5 23       		.byte	0x23
 267 00c6 00       		.uleb128 0
 268 00c7 07       		.uleb128 0x7
 269 00c8 19020000 		.4byte	.LASF17
 270 00cc 03       		.byte	0x3
 271 00cd 3B       		.byte	0x3b
 272 00ce 7A000000 		.4byte	0x7a
 273 00d2 02       		.byte	0x2
ARM GAS  C:\Users\Zach\AppData\Local\Temp\ccuiWMzK.s 			page 9


 274 00d3 23       		.byte	0x23
 275 00d4 02       		.uleb128 0x2
 276 00d5 07       		.uleb128 0x7
 277 00d6 F1010000 		.4byte	.LASF18
 278 00da 03       		.byte	0x3
 279 00db 44       		.byte	0x44
 280 00dc 6F000000 		.4byte	0x6f
 281 00e0 02       		.byte	0x2
 282 00e1 23       		.byte	0x23
 283 00e2 04       		.uleb128 0x4
 284 00e3 00       		.byte	0
 285 00e4 04       		.uleb128 0x4
 286 00e5 9B010000 		.4byte	.LASF19
 287 00e9 03       		.byte	0x3
 288 00ea 47       		.byte	0x47
 289 00eb B1000000 		.4byte	0xb1
 290 00ef 08       		.uleb128 0x8
 291 00f0 01       		.byte	0x1
 292 00f1 01010000 		.4byte	.LASF20
 293 00f5 01       		.byte	0x1
 294 00f6 2A       		.byte	0x2a
 295 00f7 01       		.byte	0x1
 296 00f8 00000000 		.4byte	.LFB0
 297 00fc 0A000000 		.4byte	.LFE0
 298 0100 00000000 		.4byte	.LLST0
 299 0104 01       		.byte	0x1
 300 0105 08       		.uleb128 0x8
 301 0106 01       		.byte	0x1
 302 0107 32020000 		.4byte	.LASF21
 303 010b 01       		.byte	0x1
 304 010c 50       		.byte	0x50
 305 010d 01       		.byte	0x1
 306 010e 00000000 		.4byte	.LFB1
 307 0112 0A000000 		.4byte	.LFE1
 308 0116 2C000000 		.4byte	.LLST1
 309 011a 01       		.byte	0x1
 310 011b 09       		.uleb128 0x9
 311 011c 01       		.byte	0x1
 312 011d 1B000000 		.4byte	.LASF22
 313 0121 01       		.byte	0x1
 314 0122 7E       		.byte	0x7e
 315 0123 01       		.byte	0x1
 316 0124 00000000 		.4byte	.LFB2
 317 0128 40000000 		.4byte	.LFE2
 318 012c 58000000 		.4byte	.LLST2
 319 0130 01       		.byte	0x1
 320 0131 09       		.uleb128 0x9
 321 0132 01       		.byte	0x1
 322 0133 DC010000 		.4byte	.LASF23
 323 0137 01       		.byte	0x1
 324 0138 AB       		.byte	0xab
 325 0139 01       		.byte	0x1
 326 013a 00000000 		.4byte	.LFB3
 327 013e 1C000000 		.4byte	.LFE3
 328 0142 84000000 		.4byte	.LLST3
 329 0146 01       		.byte	0x1
 330 0147 0A       		.uleb128 0xa
ARM GAS  C:\Users\Zach\AppData\Local\Temp\ccuiWMzK.s 			page 10


 331 0148 D9000000 		.4byte	.LASF27
 332 014c 01       		.byte	0x1
 333 014d 15       		.byte	0x15
 334 014e E4000000 		.4byte	0xe4
 335 0152 05       		.byte	0x5
 336 0153 03       		.byte	0x3
 337 0154 00000000 		.4byte	Counter_input_backup
 338 0158 00       		.byte	0
 339              		.section	.debug_abbrev,"",%progbits
 340              	.Ldebug_abbrev0:
 341 0000 01       		.uleb128 0x1
 342 0001 11       		.uleb128 0x11
 343 0002 01       		.byte	0x1
 344 0003 25       		.uleb128 0x25
 345 0004 0E       		.uleb128 0xe
 346 0005 13       		.uleb128 0x13
 347 0006 0B       		.uleb128 0xb
 348 0007 03       		.uleb128 0x3
 349 0008 0E       		.uleb128 0xe
 350 0009 1B       		.uleb128 0x1b
 351 000a 0E       		.uleb128 0xe
 352 000b 55       		.uleb128 0x55
 353 000c 06       		.uleb128 0x6
 354 000d 11       		.uleb128 0x11
 355 000e 01       		.uleb128 0x1
 356 000f 52       		.uleb128 0x52
 357 0010 01       		.uleb128 0x1
 358 0011 10       		.uleb128 0x10
 359 0012 06       		.uleb128 0x6
 360 0013 00       		.byte	0
 361 0014 00       		.byte	0
 362 0015 02       		.uleb128 0x2
 363 0016 24       		.uleb128 0x24
 364 0017 00       		.byte	0
 365 0018 0B       		.uleb128 0xb
 366 0019 0B       		.uleb128 0xb
 367 001a 3E       		.uleb128 0x3e
 368 001b 0B       		.uleb128 0xb
 369 001c 03       		.uleb128 0x3
 370 001d 0E       		.uleb128 0xe
 371 001e 00       		.byte	0
 372 001f 00       		.byte	0
 373 0020 03       		.uleb128 0x3
 374 0021 24       		.uleb128 0x24
 375 0022 00       		.byte	0
 376 0023 0B       		.uleb128 0xb
 377 0024 0B       		.uleb128 0xb
 378 0025 3E       		.uleb128 0x3e
 379 0026 0B       		.uleb128 0xb
 380 0027 03       		.uleb128 0x3
 381 0028 08       		.uleb128 0x8
 382 0029 00       		.byte	0
 383 002a 00       		.byte	0
 384 002b 04       		.uleb128 0x4
 385 002c 16       		.uleb128 0x16
 386 002d 00       		.byte	0
 387 002e 03       		.uleb128 0x3
ARM GAS  C:\Users\Zach\AppData\Local\Temp\ccuiWMzK.s 			page 11


 388 002f 0E       		.uleb128 0xe
 389 0030 3A       		.uleb128 0x3a
 390 0031 0B       		.uleb128 0xb
 391 0032 3B       		.uleb128 0x3b
 392 0033 0B       		.uleb128 0xb
 393 0034 49       		.uleb128 0x49
 394 0035 13       		.uleb128 0x13
 395 0036 00       		.byte	0
 396 0037 00       		.byte	0
 397 0038 05       		.uleb128 0x5
 398 0039 35       		.uleb128 0x35
 399 003a 00       		.byte	0
 400 003b 49       		.uleb128 0x49
 401 003c 13       		.uleb128 0x13
 402 003d 00       		.byte	0
 403 003e 00       		.byte	0
 404 003f 06       		.uleb128 0x6
 405 0040 13       		.uleb128 0x13
 406 0041 01       		.byte	0x1
 407 0042 0B       		.uleb128 0xb
 408 0043 0B       		.uleb128 0xb
 409 0044 3A       		.uleb128 0x3a
 410 0045 0B       		.uleb128 0xb
 411 0046 3B       		.uleb128 0x3b
 412 0047 0B       		.uleb128 0xb
 413 0048 01       		.uleb128 0x1
 414 0049 13       		.uleb128 0x13
 415 004a 00       		.byte	0
 416 004b 00       		.byte	0
 417 004c 07       		.uleb128 0x7
 418 004d 0D       		.uleb128 0xd
 419 004e 00       		.byte	0
 420 004f 03       		.uleb128 0x3
 421 0050 0E       		.uleb128 0xe
 422 0051 3A       		.uleb128 0x3a
 423 0052 0B       		.uleb128 0xb
 424 0053 3B       		.uleb128 0x3b
 425 0054 0B       		.uleb128 0xb
 426 0055 49       		.uleb128 0x49
 427 0056 13       		.uleb128 0x13
 428 0057 38       		.uleb128 0x38
 429 0058 0A       		.uleb128 0xa
 430 0059 00       		.byte	0
 431 005a 00       		.byte	0
 432 005b 08       		.uleb128 0x8
 433 005c 2E       		.uleb128 0x2e
 434 005d 00       		.byte	0
 435 005e 3F       		.uleb128 0x3f
 436 005f 0C       		.uleb128 0xc
 437 0060 03       		.uleb128 0x3
 438 0061 0E       		.uleb128 0xe
 439 0062 3A       		.uleb128 0x3a
 440 0063 0B       		.uleb128 0xb
 441 0064 3B       		.uleb128 0x3b
 442 0065 0B       		.uleb128 0xb
 443 0066 27       		.uleb128 0x27
 444 0067 0C       		.uleb128 0xc
ARM GAS  C:\Users\Zach\AppData\Local\Temp\ccuiWMzK.s 			page 12


 445 0068 11       		.uleb128 0x11
 446 0069 01       		.uleb128 0x1
 447 006a 12       		.uleb128 0x12
 448 006b 01       		.uleb128 0x1
 449 006c 40       		.uleb128 0x40
 450 006d 06       		.uleb128 0x6
 451 006e 9742     		.uleb128 0x2117
 452 0070 0C       		.uleb128 0xc
 453 0071 00       		.byte	0
 454 0072 00       		.byte	0
 455 0073 09       		.uleb128 0x9
 456 0074 2E       		.uleb128 0x2e
 457 0075 00       		.byte	0
 458 0076 3F       		.uleb128 0x3f
 459 0077 0C       		.uleb128 0xc
 460 0078 03       		.uleb128 0x3
 461 0079 0E       		.uleb128 0xe
 462 007a 3A       		.uleb128 0x3a
 463 007b 0B       		.uleb128 0xb
 464 007c 3B       		.uleb128 0x3b
 465 007d 0B       		.uleb128 0xb
 466 007e 27       		.uleb128 0x27
 467 007f 0C       		.uleb128 0xc
 468 0080 11       		.uleb128 0x11
 469 0081 01       		.uleb128 0x1
 470 0082 12       		.uleb128 0x12
 471 0083 01       		.uleb128 0x1
 472 0084 40       		.uleb128 0x40
 473 0085 06       		.uleb128 0x6
 474 0086 9642     		.uleb128 0x2116
 475 0088 0C       		.uleb128 0xc
 476 0089 00       		.byte	0
 477 008a 00       		.byte	0
 478 008b 0A       		.uleb128 0xa
 479 008c 34       		.uleb128 0x34
 480 008d 00       		.byte	0
 481 008e 03       		.uleb128 0x3
 482 008f 0E       		.uleb128 0xe
 483 0090 3A       		.uleb128 0x3a
 484 0091 0B       		.uleb128 0xb
 485 0092 3B       		.uleb128 0x3b
 486 0093 0B       		.uleb128 0xb
 487 0094 49       		.uleb128 0x49
 488 0095 13       		.uleb128 0x13
 489 0096 02       		.uleb128 0x2
 490 0097 0A       		.uleb128 0xa
 491 0098 00       		.byte	0
 492 0099 00       		.byte	0
 493 009a 00       		.byte	0
 494              		.section	.debug_loc,"",%progbits
 495              	.Ldebug_loc0:
 496              	.LLST0:
 497 0000 00000000 		.4byte	.LFB0
 498 0004 02000000 		.4byte	.LCFI0
 499 0008 0200     		.2byte	0x2
 500 000a 7D       		.byte	0x7d
 501 000b 00       		.sleb128 0
ARM GAS  C:\Users\Zach\AppData\Local\Temp\ccuiWMzK.s 			page 13


 502 000c 02000000 		.4byte	.LCFI0
 503 0010 04000000 		.4byte	.LCFI1
 504 0014 0200     		.2byte	0x2
 505 0016 7D       		.byte	0x7d
 506 0017 04       		.sleb128 4
 507 0018 04000000 		.4byte	.LCFI1
 508 001c 0A000000 		.4byte	.LFE0
 509 0020 0200     		.2byte	0x2
 510 0022 77       		.byte	0x77
 511 0023 04       		.sleb128 4
 512 0024 00000000 		.4byte	0
 513 0028 00000000 		.4byte	0
 514              	.LLST1:
 515 002c 00000000 		.4byte	.LFB1
 516 0030 02000000 		.4byte	.LCFI2
 517 0034 0200     		.2byte	0x2
 518 0036 7D       		.byte	0x7d
 519 0037 00       		.sleb128 0
 520 0038 02000000 		.4byte	.LCFI2
 521 003c 04000000 		.4byte	.LCFI3
 522 0040 0200     		.2byte	0x2
 523 0042 7D       		.byte	0x7d
 524 0043 04       		.sleb128 4
 525 0044 04000000 		.4byte	.LCFI3
 526 0048 0A000000 		.4byte	.LFE1
 527 004c 0200     		.2byte	0x2
 528 004e 77       		.byte	0x77
 529 004f 04       		.sleb128 4
 530 0050 00000000 		.4byte	0
 531 0054 00000000 		.4byte	0
 532              	.LLST2:
 533 0058 00000000 		.4byte	.LFB2
 534 005c 02000000 		.4byte	.LCFI4
 535 0060 0200     		.2byte	0x2
 536 0062 7D       		.byte	0x7d
 537 0063 00       		.sleb128 0
 538 0064 02000000 		.4byte	.LCFI4
 539 0068 04000000 		.4byte	.LCFI5
 540 006c 0200     		.2byte	0x2
 541 006e 7D       		.byte	0x7d
 542 006f 08       		.sleb128 8
 543 0070 04000000 		.4byte	.LCFI5
 544 0074 40000000 		.4byte	.LFE2
 545 0078 0200     		.2byte	0x2
 546 007a 77       		.byte	0x77
 547 007b 08       		.sleb128 8
 548 007c 00000000 		.4byte	0
 549 0080 00000000 		.4byte	0
 550              	.LLST3:
 551 0084 00000000 		.4byte	.LFB3
 552 0088 02000000 		.4byte	.LCFI6
 553 008c 0200     		.2byte	0x2
 554 008e 7D       		.byte	0x7d
 555 008f 00       		.sleb128 0
 556 0090 02000000 		.4byte	.LCFI6
 557 0094 04000000 		.4byte	.LCFI7
 558 0098 0200     		.2byte	0x2
ARM GAS  C:\Users\Zach\AppData\Local\Temp\ccuiWMzK.s 			page 14


 559 009a 7D       		.byte	0x7d
 560 009b 08       		.sleb128 8
 561 009c 04000000 		.4byte	.LCFI7
 562 00a0 1C000000 		.4byte	.LFE3
 563 00a4 0200     		.2byte	0x2
 564 00a6 77       		.byte	0x77
 565 00a7 08       		.sleb128 8
 566 00a8 00000000 		.4byte	0
 567 00ac 00000000 		.4byte	0
 568              		.section	.debug_aranges,"",%progbits
 569 0000 34000000 		.4byte	0x34
 570 0004 0200     		.2byte	0x2
 571 0006 00000000 		.4byte	.Ldebug_info0
 572 000a 04       		.byte	0x4
 573 000b 00       		.byte	0
 574 000c 0000     		.2byte	0
 575 000e 0000     		.2byte	0
 576 0010 00000000 		.4byte	.LFB0
 577 0014 0A000000 		.4byte	.LFE0-.LFB0
 578 0018 00000000 		.4byte	.LFB1
 579 001c 0A000000 		.4byte	.LFE1-.LFB1
 580 0020 00000000 		.4byte	.LFB2
 581 0024 40000000 		.4byte	.LFE2-.LFB2
 582 0028 00000000 		.4byte	.LFB3
 583 002c 1C000000 		.4byte	.LFE3-.LFB3
 584 0030 00000000 		.4byte	0
 585 0034 00000000 		.4byte	0
 586              		.section	.debug_ranges,"",%progbits
 587              	.Ldebug_ranges0:
 588 0000 00000000 		.4byte	.LFB0
 589 0004 0A000000 		.4byte	.LFE0
 590 0008 00000000 		.4byte	.LFB1
 591 000c 0A000000 		.4byte	.LFE1
 592 0010 00000000 		.4byte	.LFB2
 593 0014 40000000 		.4byte	.LFE2
 594 0018 00000000 		.4byte	.LFB3
 595 001c 1C000000 		.4byte	.LFE3
 596 0020 00000000 		.4byte	0
 597 0024 00000000 		.4byte	0
 598              		.section	.debug_line,"",%progbits
 599              	.Ldebug_line0:
 600 0000 B9000000 		.section	.debug_str,"MS",%progbits,1
 600      02006200 
 600      00000201 
 600      FB0E0D00 
 600      01010101 
 601              	.LASF6:
 602 0000 6C6F6E67 		.ascii	"long long int\000"
 602      206C6F6E 
 602      6720696E 
 602      7400
 603              	.LASF8:
 604 000e 756E7369 		.ascii	"unsigned int\000"
 604      676E6564 
 604      20696E74 
 604      00
 605              	.LASF22:
ARM GAS  C:\Users\Zach\AppData\Local\Temp\ccuiWMzK.s 			page 15


 606 001b 436F756E 		.ascii	"Counter_input_Sleep\000"
 606      7465725F 
 606      696E7075 
 606      745F536C 
 606      65657000 
 607              	.LASF24:
 608 002f 474E5520 		.ascii	"GNU C 4.7.3 20130312 (release) [ARM/embedded-4_7-br"
 608      4320342E 
 608      372E3320 
 608      32303133 
 608      30333132 
 609 0062 616E6368 		.ascii	"anch revision 196615]\000"
 609      20726576 
 609      6973696F 
 609      6E203139 
 609      36363135 
 610              	.LASF9:
 611 0078 75696E74 		.ascii	"uint8\000"
 611      3800
 612              	.LASF5:
 613 007e 6C6F6E67 		.ascii	"long unsigned int\000"
 613      20756E73 
 613      69676E65 
 613      6420696E 
 613      7400
 614              	.LASF7:
 615 0090 6C6F6E67 		.ascii	"long long unsigned int\000"
 615      206C6F6E 
 615      6720756E 
 615      7369676E 
 615      65642069 
 616              	.LASF11:
 617 00a7 666C6F61 		.ascii	"float\000"
 617      7400
 618              	.LASF25:
 619 00ad 2E5C4765 		.ascii	".\\Generated_Source\\PSoC5\\Counter_input_PM.c\000"
 619      6E657261 
 619      7465645F 
 619      536F7572 
 619      63655C50 
 620              	.LASF27:
 621 00d9 436F756E 		.ascii	"Counter_input_backup\000"
 621      7465725F 
 621      696E7075 
 621      745F6261 
 621      636B7570 
 622              	.LASF13:
 623 00ee 63686172 		.ascii	"char\000"
 623      00
 624              	.LASF1:
 625 00f3 756E7369 		.ascii	"unsigned char\000"
 625      676E6564 
 625      20636861 
 625      7200
 626              	.LASF20:
 627 0101 436F756E 		.ascii	"Counter_input_SaveConfig\000"
 627      7465725F 
ARM GAS  C:\Users\Zach\AppData\Local\Temp\ccuiWMzK.s 			page 16


 627      696E7075 
 627      745F5361 
 627      7665436F 
 628              	.LASF26:
 629 011a 433A5C55 		.ascii	"C:\\Users\\Zach\\Dropbox\\2014-2015\\Winter\\CE4950"
 629      73657273 
 629      5C5A6163 
 629      685C4472 
 629      6F70626F 
 630 0147 5C4E6574 		.ascii	"\\Networking\\Networking Project\\Networking Projec"
 630      776F726B 
 630      696E675C 
 630      4E657477 
 630      6F726B69 
 631 0177 742E6379 		.ascii	"t.cydsn\000"
 631      64736E00 
 632              	.LASF4:
 633 017f 6C6F6E67 		.ascii	"long int\000"
 633      20696E74 
 633      00
 634              	.LASF16:
 635 0188 436F756E 		.ascii	"CounterEnableState\000"
 635      74657245 
 635      6E61626C 
 635      65537461 
 635      746500
 636              	.LASF19:
 637 019b 436F756E 		.ascii	"Counter_input_backupStruct\000"
 637      7465725F 
 637      696E7075 
 637      745F6261 
 637      636B7570 
 638              	.LASF12:
 639 01b6 646F7562 		.ascii	"double\000"
 639      6C6500
 640              	.LASF3:
 641 01bd 73686F72 		.ascii	"short unsigned int\000"
 641      7420756E 
 641      7369676E 
 641      65642069 
 641      6E7400
 642              	.LASF0:
 643 01d0 7369676E 		.ascii	"signed char\000"
 643      65642063 
 643      68617200 
 644              	.LASF23:
 645 01dc 436F756E 		.ascii	"Counter_input_Wakeup\000"
 645      7465725F 
 645      696E7075 
 645      745F5761 
 645      6B657570 
 646              	.LASF18:
 647 01f1 436F756E 		.ascii	"CounterControlRegister\000"
 647      74657243 
 647      6F6E7472 
 647      6F6C5265 
 647      67697374 
ARM GAS  C:\Users\Zach\AppData\Local\Temp\ccuiWMzK.s 			page 17


 648              	.LASF2:
 649 0208 73686F72 		.ascii	"short int\000"
 649      7420696E 
 649      7400
 650              	.LASF10:
 651 0212 75696E74 		.ascii	"uint16\000"
 651      313600
 652              	.LASF17:
 653 0219 436F756E 		.ascii	"CounterUdb\000"
 653      74657255 
 653      646200
 654              	.LASF14:
 655 0224 72656738 		.ascii	"reg8\000"
 655      00
 656              	.LASF15:
 657 0229 73697A65 		.ascii	"sizetype\000"
 657      74797065 
 657      00
 658              	.LASF21:
 659 0232 436F756E 		.ascii	"Counter_input_RestoreConfig\000"
 659      7465725F 
 659      696E7075 
 659      745F5265 
 659      73746F72 
 660              		.ident	"GCC: (GNU Tools for ARM Embedded Processors) 4.7.3 20130312 (release) [ARM/embedded-4_7-br
