ARM GAS  C:\Users\Zach\AppData\Local\Temp\ccEZzzur.s 			page 1


   1              		.syntax unified
   2              		.cpu cortex-m3
   3              		.fpu softvfp
   4              		.eabi_attribute 20, 1
   5              		.eabi_attribute 21, 1
   6              		.eabi_attribute 23, 3
   7              		.eabi_attribute 24, 1
   8              		.eabi_attribute 25, 1
   9              		.eabi_attribute 26, 1
  10              		.eabi_attribute 30, 6
  11              		.eabi_attribute 34, 1
  12              		.eabi_attribute 18, 4
  13              		.thumb
  14              		.file	"main.c"
  15              		.text
  16              	.Ltext0:
  17              		.cfi_sections	.debug_frame
  18              		.global	currentState
  19              		.bss
  20              		.type	currentState, %object
  21              		.size	currentState, 1
  22              	currentState:
  23 0000 00       		.space	1
  24              		.section	.text.isr_FallingEdgeDetected,"ax",%progbits
  25              		.align	2
  26              		.global	isr_FallingEdgeDetected
  27              		.thumb
  28              		.thumb_func
  29              		.type	isr_FallingEdgeDetected, %function
  30              	isr_FallingEdgeDetected:
  31              	.LFB56:
  32              		.file 1 ".\\main.c"
   1:.\main.c      **** /* ========================================
   2:.\main.c      ****  *
   3:.\main.c      ****  * Copyright YOUR COMPANY, THE YEAR
   4:.\main.c      ****  * All Rights Reserved
   5:.\main.c      ****  * UNPUBLISHED, LICENSED SOFTWARE.
   6:.\main.c      ****  *
   7:.\main.c      ****  * CONFIDENTIAL AND PROPRIETARY INFORMATION
   8:.\main.c      ****  * WHICH IS THE PROPERTY OF your company.
   9:.\main.c      ****  *
  10:.\main.c      ****  * ========================================
  11:.\main.c      **** */
  12:.\main.c      **** #include <project.h>
  13:.\main.c      **** #include <stdio.h>
  14:.\main.c      **** #include <stdlib.h>
  15:.\main.c      **** #include <math.h>
  16:.\main.c      **** 
  17:.\main.c      **** #include "main.h"
  18:.\main.c      **** 
  19:.\main.c      **** // the state variable
  20:.\main.c      **** State currentState = IDLE;
  21:.\main.c      **** 
  22:.\main.c      **** 
  23:.\main.c      **** CY_ISR(isr_FallingEdgeDetected)
  24:.\main.c      **** {	
  33              		.loc 1 24 0
ARM GAS  C:\Users\Zach\AppData\Local\Temp\ccEZzzur.s 			page 2


  34              		.cfi_startproc
  35              		@ args = 0, pretend = 0, frame = 0
  36              		@ frame_needed = 1, uses_anonymous_args = 0
  37 0000 80B5     		push	{r7, lr}
  38              	.LCFI0:
  39              		.cfi_def_cfa_offset 8
  40              		.cfi_offset 7, -8
  41              		.cfi_offset 14, -4
  42 0002 00AF     		add	r7, sp, #0
  43              	.LCFI1:
  44              		.cfi_def_cfa_register 7
  25:.\main.c      **** 	Timer_BusyToCollision_WriteCounter(11292);
  45              		.loc 1 25 0
  46 0004 42F61C40 		movw	r0, #11292
  47 0008 FFF7FEFF 		bl	Timer_BusyToCollision_WriteCounter
  26:.\main.c      **** 	currentState = BUSY;
  48              		.loc 1 26 0
  49 000c 40F20003 		movw	r3, #:lower16:currentState
  50 0010 C0F20003 		movt	r3, #:upper16:currentState
  51 0014 4FF00102 		mov	r2, #1
  52 0018 1A70     		strb	r2, [r3, #0]
  27:.\main.c      **** 	Timer_BusyToCollision_Start();
  53              		.loc 1 27 0
  54 001a FFF7FEFF 		bl	Timer_BusyToCollision_Start
  28:.\main.c      **** }
  55              		.loc 1 28 0
  56 001e 80BD     		pop	{r7, pc}
  57              		.cfi_endproc
  58              	.LFE56:
  59              		.size	isr_FallingEdgeDetected, .-isr_FallingEdgeDetected
  60              		.section	.text.isr_RisingEdgeDetected,"ax",%progbits
  61              		.align	2
  62              		.global	isr_RisingEdgeDetected
  63              		.thumb
  64              		.thumb_func
  65              		.type	isr_RisingEdgeDetected, %function
  66              	isr_RisingEdgeDetected:
  67              	.LFB57:
  29:.\main.c      **** 
  30:.\main.c      **** CY_ISR(isr_RisingEdgeDetected)
  31:.\main.c      **** {
  68              		.loc 1 31 0
  69              		.cfi_startproc
  70              		@ args = 0, pretend = 0, frame = 0
  71              		@ frame_needed = 1, uses_anonymous_args = 0
  72 0000 80B5     		push	{r7, lr}
  73              	.LCFI2:
  74              		.cfi_def_cfa_offset 8
  75              		.cfi_offset 7, -8
  76              		.cfi_offset 14, -4
  77 0002 00AF     		add	r7, sp, #0
  78              	.LCFI3:
  79              		.cfi_def_cfa_register 7
  32:.\main.c      **** 	Timer_BusyToIdle_WriteCounter(11292);
  80              		.loc 1 32 0
  81 0004 42F61C40 		movw	r0, #11292
  82 0008 FFF7FEFF 		bl	Timer_BusyToIdle_WriteCounter
ARM GAS  C:\Users\Zach\AppData\Local\Temp\ccEZzzur.s 			page 3


  33:.\main.c      **** 	currentState = BUSY;
  83              		.loc 1 33 0
  84 000c 40F20003 		movw	r3, #:lower16:currentState
  85 0010 C0F20003 		movt	r3, #:upper16:currentState
  86 0014 4FF00102 		mov	r2, #1
  87 0018 1A70     		strb	r2, [r3, #0]
  34:.\main.c      **** 	Timer_BusyToIdle_Start();
  88              		.loc 1 34 0
  89 001a FFF7FEFF 		bl	Timer_BusyToIdle_Start
  35:.\main.c      **** }
  90              		.loc 1 35 0
  91 001e 80BD     		pop	{r7, pc}
  92              		.cfi_endproc
  93              	.LFE57:
  94              		.size	isr_RisingEdgeDetected, .-isr_RisingEdgeDetected
  95              		.section	.text.isr_BusyToIdle,"ax",%progbits
  96              		.align	2
  97              		.global	isr_BusyToIdle
  98              		.thumb
  99              		.thumb_func
 100              		.type	isr_BusyToIdle, %function
 101              	isr_BusyToIdle:
 102              	.LFB58:
  36:.\main.c      **** 
  37:.\main.c      **** // Fires when the line has been high too long, Back to Idle
  38:.\main.c      **** CY_ISR(isr_BusyToIdle)
  39:.\main.c      **** {
 103              		.loc 1 39 0
 104              		.cfi_startproc
 105              		@ args = 0, pretend = 0, frame = 0
 106              		@ frame_needed = 1, uses_anonymous_args = 0
 107 0000 80B5     		push	{r7, lr}
 108              	.LCFI4:
 109              		.cfi_def_cfa_offset 8
 110              		.cfi_offset 7, -8
 111              		.cfi_offset 14, -4
 112 0002 00AF     		add	r7, sp, #0
 113              	.LCFI5:
 114              		.cfi_def_cfa_register 7
  40:.\main.c      **** 	Timer_BusyToIdle_WriteCounter(11292);
 115              		.loc 1 40 0
 116 0004 42F61C40 		movw	r0, #11292
 117 0008 FFF7FEFF 		bl	Timer_BusyToIdle_WriteCounter
  41:.\main.c      **** 	currentState = IDLE;
 118              		.loc 1 41 0
 119 000c 40F20003 		movw	r3, #:lower16:currentState
 120 0010 C0F20003 		movt	r3, #:upper16:currentState
 121 0014 4FF00002 		mov	r2, #0
 122 0018 1A70     		strb	r2, [r3, #0]
  42:.\main.c      **** }
 123              		.loc 1 42 0
 124 001a 80BD     		pop	{r7, pc}
 125              		.cfi_endproc
 126              	.LFE58:
 127              		.size	isr_BusyToIdle, .-isr_BusyToIdle
 128              		.section	.text.isr_BusyToCollision,"ax",%progbits
 129              		.align	2
ARM GAS  C:\Users\Zach\AppData\Local\Temp\ccEZzzur.s 			page 4


 130              		.global	isr_BusyToCollision
 131              		.thumb
 132              		.thumb_func
 133              		.type	isr_BusyToCollision, %function
 134              	isr_BusyToCollision:
 135              	.LFB59:
  43:.\main.c      **** 
  44:.\main.c      **** // Fires when the line has been low too long, Go to Collision
  45:.\main.c      **** CY_ISR(isr_BusyToCollision)
  46:.\main.c      **** {
 136              		.loc 1 46 0
 137              		.cfi_startproc
 138              		@ args = 0, pretend = 0, frame = 0
 139              		@ frame_needed = 1, uses_anonymous_args = 0
 140 0000 80B5     		push	{r7, lr}
 141              	.LCFI6:
 142              		.cfi_def_cfa_offset 8
 143              		.cfi_offset 7, -8
 144              		.cfi_offset 14, -4
 145 0002 00AF     		add	r7, sp, #0
 146              	.LCFI7:
 147              		.cfi_def_cfa_register 7
  47:.\main.c      **** 	Timer_BusyToCollision_WriteCounter(11292);
 148              		.loc 1 47 0
 149 0004 42F61C40 		movw	r0, #11292
 150 0008 FFF7FEFF 		bl	Timer_BusyToCollision_WriteCounter
  48:.\main.c      **** 	currentState = COLLISION;
 151              		.loc 1 48 0
 152 000c 40F20003 		movw	r3, #:lower16:currentState
 153 0010 C0F20003 		movt	r3, #:upper16:currentState
 154 0014 4FF00202 		mov	r2, #2
 155 0018 1A70     		strb	r2, [r3, #0]
  49:.\main.c      **** }
 156              		.loc 1 49 0
 157 001a 80BD     		pop	{r7, pc}
 158              		.cfi_endproc
 159              	.LFE59:
 160              		.size	isr_BusyToCollision, .-isr_BusyToCollision
 161              		.section	.text.main,"ax",%progbits
 162              		.align	2
 163              		.global	main
 164              		.thumb
 165              		.thumb_func
 166              		.type	main, %function
 167              	main:
 168              	.LFB60:
  50:.\main.c      **** 
  51:.\main.c      **** 
  52:.\main.c      **** int main()
  53:.\main.c      **** {
 169              		.loc 1 53 0
 170              		.cfi_startproc
 171              		@ args = 0, pretend = 0, frame = 0
 172              		@ frame_needed = 1, uses_anonymous_args = 0
 173 0000 80B5     		push	{r7, lr}
 174              	.LCFI8:
 175              		.cfi_def_cfa_offset 8
ARM GAS  C:\Users\Zach\AppData\Local\Temp\ccEZzzur.s 			page 5


 176              		.cfi_offset 7, -8
 177              		.cfi_offset 14, -4
 178 0002 00AF     		add	r7, sp, #0
 179              	.LCFI9:
 180              		.cfi_def_cfa_register 7
  54:.\main.c      **** 	// Initialize all components
  55:.\main.c      **** 	init();
 181              		.loc 1 55 0
 182 0004 FFF7FEFF 		bl	init
 183              	.L10:
  56:.\main.c      **** 	
  57:.\main.c      **** 	// main program loop
  58:.\main.c      **** 	for(;;)
  59:.\main.c      ****     {
  60:.\main.c      **** 		// these states are switched in the various ISR's
  61:.\main.c      **** 		switch(currentState)
 184              		.loc 1 61 0
 185 0008 40F20003 		movw	r3, #:lower16:currentState
 186 000c C0F20003 		movt	r3, #:upper16:currentState
 187 0010 1B78     		ldrb	r3, [r3, #0]	@ zero_extendqisi2
 188 0012 012B     		cmp	r3, #1
 189 0014 10D0     		beq	.L8
 190 0016 022B     		cmp	r3, #2
 191 0018 1BD0     		beq	.L9
 192 001a 002B     		cmp	r3, #0
 193 001c 26D1     		bne	.L6
 194              	.L7:
  62:.\main.c      **** 		{
  63:.\main.c      **** 			case IDLE:
  64:.\main.c      **** 				Pin_LEDBusy_Write(0);			
 195              		.loc 1 64 0
 196 001e 4FF00000 		mov	r0, #0
 197 0022 FFF7FEFF 		bl	Pin_LEDBusy_Write
  65:.\main.c      **** 				Pin_LEDIdle_Write(1);
 198              		.loc 1 65 0
 199 0026 4FF00100 		mov	r0, #1
 200 002a FFF7FEFF 		bl	Pin_LEDIdle_Write
  66:.\main.c      **** 				Pin_LEDCollision_Write(0);
 201              		.loc 1 66 0
 202 002e 4FF00000 		mov	r0, #0
 203 0032 FFF7FEFF 		bl	Pin_LEDCollision_Write
  67:.\main.c      **** 				break;
 204              		.loc 1 67 0
 205 0036 19E0     		b	.L6
 206              	.L8:
  68:.\main.c      **** 				
  69:.\main.c      **** 			case BUSY:
  70:.\main.c      **** 				Pin_LEDBusy_Write(1);			
 207              		.loc 1 70 0
 208 0038 4FF00100 		mov	r0, #1
 209 003c FFF7FEFF 		bl	Pin_LEDBusy_Write
  71:.\main.c      **** 				Pin_LEDIdle_Write(0);
 210              		.loc 1 71 0
 211 0040 4FF00000 		mov	r0, #0
 212 0044 FFF7FEFF 		bl	Pin_LEDIdle_Write
  72:.\main.c      **** 				Pin_LEDCollision_Write(0);
 213              		.loc 1 72 0
ARM GAS  C:\Users\Zach\AppData\Local\Temp\ccEZzzur.s 			page 6


 214 0048 4FF00000 		mov	r0, #0
 215 004c FFF7FEFF 		bl	Pin_LEDCollision_Write
  73:.\main.c      **** 				break;
 216              		.loc 1 73 0
 217 0050 0CE0     		b	.L6
 218              	.L9:
  74:.\main.c      **** 
  75:.\main.c      **** 			case COLLISION:			
  76:.\main.c      **** 				Pin_LEDBusy_Write(0);			
 219              		.loc 1 76 0
 220 0052 4FF00000 		mov	r0, #0
 221 0056 FFF7FEFF 		bl	Pin_LEDBusy_Write
  77:.\main.c      **** 				Pin_LEDIdle_Write(0);
 222              		.loc 1 77 0
 223 005a 4FF00000 		mov	r0, #0
 224 005e FFF7FEFF 		bl	Pin_LEDIdle_Write
  78:.\main.c      **** 				Pin_LEDCollision_Write(1);
 225              		.loc 1 78 0
 226 0062 4FF00100 		mov	r0, #1
 227 0066 FFF7FEFF 		bl	Pin_LEDCollision_Write
  79:.\main.c      **** 				break;
 228              		.loc 1 79 0
 229 006a 00BF     		nop
 230              	.L6:
  80:.\main.c      **** 		}
  81:.\main.c      **** 	}
 231              		.loc 1 81 0
 232 006c CCE7     		b	.L10
 233              		.cfi_endproc
 234              	.LFE60:
 235              		.size	main, .-main
 236 006e 00BF     		.section	.text.init,"ax",%progbits
 237              		.align	2
 238              		.global	init
 239              		.thumb
 240              		.thumb_func
 241              		.type	init, %function
 242              	init:
 243              	.LFB61:
  82:.\main.c      **** }
  83:.\main.c      **** 
  84:.\main.c      **** void init()
  85:.\main.c      **** {	
 244              		.loc 1 85 0
 245              		.cfi_startproc
 246              		@ args = 0, pretend = 0, frame = 0
 247              		@ frame_needed = 1, uses_anonymous_args = 0
 248 0000 80B5     		push	{r7, lr}
 249              	.LCFI10:
 250              		.cfi_def_cfa_offset 8
 251              		.cfi_offset 7, -8
 252              		.cfi_offset 14, -4
 253 0002 00AF     		add	r7, sp, #0
 254              	.LCFI11:
 255              		.cfi_def_cfa_register 7
  86:.\main.c      **** 	//Enable Global Interrupts
  87:.\main.c      **** 	CYGlobalIntEnable;
ARM GAS  C:\Users\Zach\AppData\Local\Temp\ccEZzzur.s 			page 7


 256              		.loc 1 87 0
 257              	@ 87 ".\main.c" 1
 258 0004 62B6     		CPSIE   i
 259              	@ 0 "" 2
  88:.\main.c      **** 	
  89:.\main.c      **** 	//Init isr
  90:.\main.c      **** 	isr_BusyToCollision_StartEx(isr_BusyToCollision);
 260              		.loc 1 90 0
 261              		.thumb
 262 0006 40F20000 		movw	r0, #:lower16:isr_BusyToCollision
 263 000a C0F20000 		movt	r0, #:upper16:isr_BusyToCollision
 264 000e FFF7FEFF 		bl	isr_BusyToCollision_StartEx
  91:.\main.c      **** 	isr_BusyToIdle_StartEx(isr_BusyToIdle);
 265              		.loc 1 91 0
 266 0012 40F20000 		movw	r0, #:lower16:isr_BusyToIdle
 267 0016 C0F20000 		movt	r0, #:upper16:isr_BusyToIdle
 268 001a FFF7FEFF 		bl	isr_BusyToIdle_StartEx
  92:.\main.c      **** 	
  93:.\main.c      **** 	isr_RisingEdge_StartEx(isr_RisingEdgeDetected);
 269              		.loc 1 93 0
 270 001e 40F20000 		movw	r0, #:lower16:isr_RisingEdgeDetected
 271 0022 C0F20000 		movt	r0, #:upper16:isr_RisingEdgeDetected
 272 0026 FFF7FEFF 		bl	isr_RisingEdge_StartEx
  94:.\main.c      **** 	isr_FallingEdge_StartEx(isr_FallingEdgeDetected);
 273              		.loc 1 94 0
 274 002a 40F20000 		movw	r0, #:lower16:isr_FallingEdgeDetected
 275 002e C0F20000 		movt	r0, #:upper16:isr_FallingEdgeDetected
 276 0032 FFF7FEFF 		bl	isr_FallingEdge_StartEx
  95:.\main.c      **** 	
  96:.\main.c      **** 	//Init Components
  97:.\main.c      **** 	//Timer_BusyToCollision_Start();
  98:.\main.c      **** 	//Timer_BusyToIdle_Start();
  99:.\main.c      **** 	
 100:.\main.c      **** 	
 101:.\main.c      **** 	
 102:.\main.c      **** }...
 277              		.loc 1 102 0
 278 0036 80BD     		pop	{r7, pc}
 279              		.cfi_endproc
 280              	.LFE61:
 281              		.size	init, .-init
 282              		.text
 283              	.Letext0:
 284              		.file 2 "c:\\program files (x86)\\cypress\\psoc creator\\3.0\\psoc creator\\import\\gnu_cs\\arm\\4
 285              		.file 3 ".\\main.h"
 286              		.file 4 "./Generated_Source/PSoC5/core_cm3.h"
 287              		.section	.debug_info,"",%progbits
 288              	.Ldebug_info0:
 289 0000 6B010000 		.4byte	0x16b
 290 0004 0200     		.2byte	0x2
 291 0006 00000000 		.4byte	.Ldebug_abbrev0
 292 000a 04       		.byte	0x4
 293 000b 01       		.uleb128 0x1
 294 000c 2B010000 		.4byte	.LASF26
 295 0010 01       		.byte	0x1
 296 0011 60000000 		.4byte	.LASF27
 297 0015 95010000 		.4byte	.LASF28
ARM GAS  C:\Users\Zach\AppData\Local\Temp\ccEZzzur.s 			page 8


 298 0019 00000000 		.4byte	.Ldebug_ranges0+0
 299 001d 00000000 		.4byte	0
 300 0021 00000000 		.4byte	0
 301 0025 00000000 		.4byte	.Ldebug_line0
 302 0029 02       		.uleb128 0x2
 303 002a 01       		.byte	0x1
 304 002b 06       		.byte	0x6
 305 002c 89010000 		.4byte	.LASF0
 306 0030 02       		.uleb128 0x2
 307 0031 01       		.byte	0x1
 308 0032 08       		.byte	0x8
 309 0033 52000000 		.4byte	.LASF1
 310 0037 02       		.uleb128 0x2
 311 0038 02       		.byte	0x2
 312 0039 05       		.byte	0x5
 313 003a 21010000 		.4byte	.LASF2
 314 003e 02       		.uleb128 0x2
 315 003f 02       		.byte	0x2
 316 0040 07       		.byte	0x7
 317 0041 7B000000 		.4byte	.LASF3
 318 0045 03       		.uleb128 0x3
 319 0046 ED000000 		.4byte	.LASF17
 320 004a 02       		.byte	0x2
 321 004b 4F       		.byte	0x4f
 322 004c 50000000 		.4byte	0x50
 323 0050 02       		.uleb128 0x2
 324 0051 04       		.byte	0x4
 325 0052 05       		.byte	0x5
 326 0053 74010000 		.4byte	.LASF4
 327 0057 02       		.uleb128 0x2
 328 0058 04       		.byte	0x4
 329 0059 07       		.byte	0x7
 330 005a 69000000 		.4byte	.LASF5
 331 005e 02       		.uleb128 0x2
 332 005f 08       		.byte	0x8
 333 0060 05       		.byte	0x5
 334 0061 00000000 		.4byte	.LASF6
 335 0065 02       		.uleb128 0x2
 336 0066 08       		.byte	0x8
 337 0067 07       		.byte	0x7
 338 0068 D6000000 		.4byte	.LASF7
 339 006c 04       		.uleb128 0x4
 340 006d 04       		.byte	0x4
 341 006e 05       		.byte	0x5
 342 006f 696E7400 		.ascii	"int\000"
 343 0073 02       		.uleb128 0x2
 344 0074 04       		.byte	0x4
 345 0075 07       		.byte	0x7
 346 0076 C9000000 		.4byte	.LASF8
 347 007a 02       		.uleb128 0x2
 348 007b 04       		.byte	0x4
 349 007c 04       		.byte	0x4
 350 007d 4C000000 		.4byte	.LASF9
 351 0081 02       		.uleb128 0x2
 352 0082 08       		.byte	0x8
 353 0083 04       		.byte	0x4
 354 0084 A6000000 		.4byte	.LASF10
ARM GAS  C:\Users\Zach\AppData\Local\Temp\ccEZzzur.s 			page 9


 355 0088 02       		.uleb128 0x2
 356 0089 01       		.byte	0x1
 357 008a 08       		.byte	0x8
 358 008b 08010000 		.4byte	.LASF11
 359 008f 02       		.uleb128 0x2
 360 0090 04       		.byte	0x4
 361 0091 07       		.byte	0x7
 362 0092 F5000000 		.4byte	.LASF12
 363 0096 02       		.uleb128 0x2
 364 0097 08       		.byte	0x8
 365 0098 04       		.byte	0x4
 366 0099 7D010000 		.4byte	.LASF13
 367 009d 05       		.uleb128 0x5
 368 009e 01       		.byte	0x1
 369 009f 03       		.byte	0x3
 370 00a0 13       		.byte	0x13
 371 00a1 B8000000 		.4byte	0xb8
 372 00a5 06       		.uleb128 0x6
 373 00a6 42000000 		.4byte	.LASF14
 374 00aa 00       		.sleb128 0
 375 00ab 06       		.uleb128 0x6
 376 00ac A1000000 		.4byte	.LASF15
 377 00b0 01       		.sleb128 1
 378 00b1 06       		.uleb128 0x6
 379 00b2 FE000000 		.4byte	.LASF16
 380 00b6 02       		.sleb128 2
 381 00b7 00       		.byte	0
 382 00b8 03       		.uleb128 0x3
 383 00b9 8E000000 		.4byte	.LASF18
 384 00bd 03       		.byte	0x3
 385 00be 13       		.byte	0x13
 386 00bf 9D000000 		.4byte	0x9d
 387 00c3 07       		.uleb128 0x7
 388 00c4 01       		.byte	0x1
 389 00c5 0E000000 		.4byte	.LASF19
 390 00c9 01       		.byte	0x1
 391 00ca 17       		.byte	0x17
 392 00cb 01       		.byte	0x1
 393 00cc 00000000 		.4byte	.LFB56
 394 00d0 20000000 		.4byte	.LFE56
 395 00d4 00000000 		.4byte	.LLST0
 396 00d8 01       		.byte	0x1
 397 00d9 07       		.uleb128 0x7
 398 00da 01       		.byte	0x1
 399 00db B2000000 		.4byte	.LASF20
 400 00df 01       		.byte	0x1
 401 00e0 1E       		.byte	0x1e
 402 00e1 01       		.byte	0x1
 403 00e2 00000000 		.4byte	.LFB57
 404 00e6 20000000 		.4byte	.LFE57
 405 00ea 2C000000 		.4byte	.LLST1
 406 00ee 01       		.byte	0x1
 407 00ef 07       		.uleb128 0x7
 408 00f0 01       		.byte	0x1
 409 00f1 33000000 		.4byte	.LASF21
 410 00f5 01       		.byte	0x1
 411 00f6 26       		.byte	0x26
ARM GAS  C:\Users\Zach\AppData\Local\Temp\ccEZzzur.s 			page 10


 412 00f7 01       		.byte	0x1
 413 00f8 00000000 		.4byte	.LFB58
 414 00fc 1C000000 		.4byte	.LFE58
 415 0100 58000000 		.4byte	.LLST2
 416 0104 01       		.byte	0x1
 417 0105 07       		.uleb128 0x7
 418 0106 01       		.byte	0x1
 419 0107 0D010000 		.4byte	.LASF22
 420 010b 01       		.byte	0x1
 421 010c 2D       		.byte	0x2d
 422 010d 01       		.byte	0x1
 423 010e 00000000 		.4byte	.LFB59
 424 0112 1C000000 		.4byte	.LFE59
 425 0116 84000000 		.4byte	.LLST3
 426 011a 01       		.byte	0x1
 427 011b 08       		.uleb128 0x8
 428 011c 01       		.byte	0x1
 429 011d AD000000 		.4byte	.LASF23
 430 0121 01       		.byte	0x1
 431 0122 34       		.byte	0x34
 432 0123 6C000000 		.4byte	0x6c
 433 0127 00000000 		.4byte	.LFB60
 434 012b 6E000000 		.4byte	.LFE60
 435 012f B0000000 		.4byte	.LLST4
 436 0133 01       		.byte	0x1
 437 0134 09       		.uleb128 0x9
 438 0135 01       		.byte	0x1
 439 0136 47000000 		.4byte	.LASF29
 440 013a 01       		.byte	0x1
 441 013b 54       		.byte	0x54
 442 013c 00000000 		.4byte	.LFB61
 443 0140 38000000 		.4byte	.LFE61
 444 0144 DC000000 		.4byte	.LLST5
 445 0148 01       		.byte	0x1
 446 0149 0A       		.uleb128 0xa
 447 014a 94000000 		.4byte	.LASF24
 448 014e 04       		.byte	0x4
 449 014f 1606     		.2byte	0x616
 450 0151 57010000 		.4byte	0x157
 451 0155 01       		.byte	0x1
 452 0156 01       		.byte	0x1
 453 0157 0B       		.uleb128 0xb
 454 0158 45000000 		.4byte	0x45
 455 015c 0C       		.uleb128 0xc
 456 015d 26000000 		.4byte	.LASF25
 457 0161 01       		.byte	0x1
 458 0162 14       		.byte	0x14
 459 0163 B8000000 		.4byte	0xb8
 460 0167 01       		.byte	0x1
 461 0168 05       		.byte	0x5
 462 0169 03       		.byte	0x3
 463 016a 00000000 		.4byte	currentState
 464 016e 00       		.byte	0
 465              		.section	.debug_abbrev,"",%progbits
 466              	.Ldebug_abbrev0:
 467 0000 01       		.uleb128 0x1
 468 0001 11       		.uleb128 0x11
ARM GAS  C:\Users\Zach\AppData\Local\Temp\ccEZzzur.s 			page 11


 469 0002 01       		.byte	0x1
 470 0003 25       		.uleb128 0x25
 471 0004 0E       		.uleb128 0xe
 472 0005 13       		.uleb128 0x13
 473 0006 0B       		.uleb128 0xb
 474 0007 03       		.uleb128 0x3
 475 0008 0E       		.uleb128 0xe
 476 0009 1B       		.uleb128 0x1b
 477 000a 0E       		.uleb128 0xe
 478 000b 55       		.uleb128 0x55
 479 000c 06       		.uleb128 0x6
 480 000d 11       		.uleb128 0x11
 481 000e 01       		.uleb128 0x1
 482 000f 52       		.uleb128 0x52
 483 0010 01       		.uleb128 0x1
 484 0011 10       		.uleb128 0x10
 485 0012 06       		.uleb128 0x6
 486 0013 00       		.byte	0
 487 0014 00       		.byte	0
 488 0015 02       		.uleb128 0x2
 489 0016 24       		.uleb128 0x24
 490 0017 00       		.byte	0
 491 0018 0B       		.uleb128 0xb
 492 0019 0B       		.uleb128 0xb
 493 001a 3E       		.uleb128 0x3e
 494 001b 0B       		.uleb128 0xb
 495 001c 03       		.uleb128 0x3
 496 001d 0E       		.uleb128 0xe
 497 001e 00       		.byte	0
 498 001f 00       		.byte	0
 499 0020 03       		.uleb128 0x3
 500 0021 16       		.uleb128 0x16
 501 0022 00       		.byte	0
 502 0023 03       		.uleb128 0x3
 503 0024 0E       		.uleb128 0xe
 504 0025 3A       		.uleb128 0x3a
 505 0026 0B       		.uleb128 0xb
 506 0027 3B       		.uleb128 0x3b
 507 0028 0B       		.uleb128 0xb
 508 0029 49       		.uleb128 0x49
 509 002a 13       		.uleb128 0x13
 510 002b 00       		.byte	0
 511 002c 00       		.byte	0
 512 002d 04       		.uleb128 0x4
 513 002e 24       		.uleb128 0x24
 514 002f 00       		.byte	0
 515 0030 0B       		.uleb128 0xb
 516 0031 0B       		.uleb128 0xb
 517 0032 3E       		.uleb128 0x3e
 518 0033 0B       		.uleb128 0xb
 519 0034 03       		.uleb128 0x3
 520 0035 08       		.uleb128 0x8
 521 0036 00       		.byte	0
 522 0037 00       		.byte	0
 523 0038 05       		.uleb128 0x5
 524 0039 04       		.uleb128 0x4
 525 003a 01       		.byte	0x1
ARM GAS  C:\Users\Zach\AppData\Local\Temp\ccEZzzur.s 			page 12


 526 003b 0B       		.uleb128 0xb
 527 003c 0B       		.uleb128 0xb
 528 003d 3A       		.uleb128 0x3a
 529 003e 0B       		.uleb128 0xb
 530 003f 3B       		.uleb128 0x3b
 531 0040 0B       		.uleb128 0xb
 532 0041 01       		.uleb128 0x1
 533 0042 13       		.uleb128 0x13
 534 0043 00       		.byte	0
 535 0044 00       		.byte	0
 536 0045 06       		.uleb128 0x6
 537 0046 28       		.uleb128 0x28
 538 0047 00       		.byte	0
 539 0048 03       		.uleb128 0x3
 540 0049 0E       		.uleb128 0xe
 541 004a 1C       		.uleb128 0x1c
 542 004b 0D       		.uleb128 0xd
 543 004c 00       		.byte	0
 544 004d 00       		.byte	0
 545 004e 07       		.uleb128 0x7
 546 004f 2E       		.uleb128 0x2e
 547 0050 00       		.byte	0
 548 0051 3F       		.uleb128 0x3f
 549 0052 0C       		.uleb128 0xc
 550 0053 03       		.uleb128 0x3
 551 0054 0E       		.uleb128 0xe
 552 0055 3A       		.uleb128 0x3a
 553 0056 0B       		.uleb128 0xb
 554 0057 3B       		.uleb128 0x3b
 555 0058 0B       		.uleb128 0xb
 556 0059 27       		.uleb128 0x27
 557 005a 0C       		.uleb128 0xc
 558 005b 11       		.uleb128 0x11
 559 005c 01       		.uleb128 0x1
 560 005d 12       		.uleb128 0x12
 561 005e 01       		.uleb128 0x1
 562 005f 40       		.uleb128 0x40
 563 0060 06       		.uleb128 0x6
 564 0061 9642     		.uleb128 0x2116
 565 0063 0C       		.uleb128 0xc
 566 0064 00       		.byte	0
 567 0065 00       		.byte	0
 568 0066 08       		.uleb128 0x8
 569 0067 2E       		.uleb128 0x2e
 570 0068 00       		.byte	0
 571 0069 3F       		.uleb128 0x3f
 572 006a 0C       		.uleb128 0xc
 573 006b 03       		.uleb128 0x3
 574 006c 0E       		.uleb128 0xe
 575 006d 3A       		.uleb128 0x3a
 576 006e 0B       		.uleb128 0xb
 577 006f 3B       		.uleb128 0x3b
 578 0070 0B       		.uleb128 0xb
 579 0071 49       		.uleb128 0x49
 580 0072 13       		.uleb128 0x13
 581 0073 11       		.uleb128 0x11
 582 0074 01       		.uleb128 0x1
ARM GAS  C:\Users\Zach\AppData\Local\Temp\ccEZzzur.s 			page 13


 583 0075 12       		.uleb128 0x12
 584 0076 01       		.uleb128 0x1
 585 0077 40       		.uleb128 0x40
 586 0078 06       		.uleb128 0x6
 587 0079 9642     		.uleb128 0x2116
 588 007b 0C       		.uleb128 0xc
 589 007c 00       		.byte	0
 590 007d 00       		.byte	0
 591 007e 09       		.uleb128 0x9
 592 007f 2E       		.uleb128 0x2e
 593 0080 00       		.byte	0
 594 0081 3F       		.uleb128 0x3f
 595 0082 0C       		.uleb128 0xc
 596 0083 03       		.uleb128 0x3
 597 0084 0E       		.uleb128 0xe
 598 0085 3A       		.uleb128 0x3a
 599 0086 0B       		.uleb128 0xb
 600 0087 3B       		.uleb128 0x3b
 601 0088 0B       		.uleb128 0xb
 602 0089 11       		.uleb128 0x11
 603 008a 01       		.uleb128 0x1
 604 008b 12       		.uleb128 0x12
 605 008c 01       		.uleb128 0x1
 606 008d 40       		.uleb128 0x40
 607 008e 06       		.uleb128 0x6
 608 008f 9642     		.uleb128 0x2116
 609 0091 0C       		.uleb128 0xc
 610 0092 00       		.byte	0
 611 0093 00       		.byte	0
 612 0094 0A       		.uleb128 0xa
 613 0095 34       		.uleb128 0x34
 614 0096 00       		.byte	0
 615 0097 03       		.uleb128 0x3
 616 0098 0E       		.uleb128 0xe
 617 0099 3A       		.uleb128 0x3a
 618 009a 0B       		.uleb128 0xb
 619 009b 3B       		.uleb128 0x3b
 620 009c 05       		.uleb128 0x5
 621 009d 49       		.uleb128 0x49
 622 009e 13       		.uleb128 0x13
 623 009f 3F       		.uleb128 0x3f
 624 00a0 0C       		.uleb128 0xc
 625 00a1 3C       		.uleb128 0x3c
 626 00a2 0C       		.uleb128 0xc
 627 00a3 00       		.byte	0
 628 00a4 00       		.byte	0
 629 00a5 0B       		.uleb128 0xb
 630 00a6 35       		.uleb128 0x35
 631 00a7 00       		.byte	0
 632 00a8 49       		.uleb128 0x49
 633 00a9 13       		.uleb128 0x13
 634 00aa 00       		.byte	0
 635 00ab 00       		.byte	0
 636 00ac 0C       		.uleb128 0xc
 637 00ad 34       		.uleb128 0x34
 638 00ae 00       		.byte	0
 639 00af 03       		.uleb128 0x3
ARM GAS  C:\Users\Zach\AppData\Local\Temp\ccEZzzur.s 			page 14


 640 00b0 0E       		.uleb128 0xe
 641 00b1 3A       		.uleb128 0x3a
 642 00b2 0B       		.uleb128 0xb
 643 00b3 3B       		.uleb128 0x3b
 644 00b4 0B       		.uleb128 0xb
 645 00b5 49       		.uleb128 0x49
 646 00b6 13       		.uleb128 0x13
 647 00b7 3F       		.uleb128 0x3f
 648 00b8 0C       		.uleb128 0xc
 649 00b9 02       		.uleb128 0x2
 650 00ba 0A       		.uleb128 0xa
 651 00bb 00       		.byte	0
 652 00bc 00       		.byte	0
 653 00bd 00       		.byte	0
 654              		.section	.debug_loc,"",%progbits
 655              	.Ldebug_loc0:
 656              	.LLST0:
 657 0000 00000000 		.4byte	.LFB56
 658 0004 02000000 		.4byte	.LCFI0
 659 0008 0200     		.2byte	0x2
 660 000a 7D       		.byte	0x7d
 661 000b 00       		.sleb128 0
 662 000c 02000000 		.4byte	.LCFI0
 663 0010 04000000 		.4byte	.LCFI1
 664 0014 0200     		.2byte	0x2
 665 0016 7D       		.byte	0x7d
 666 0017 08       		.sleb128 8
 667 0018 04000000 		.4byte	.LCFI1
 668 001c 20000000 		.4byte	.LFE56
 669 0020 0200     		.2byte	0x2
 670 0022 77       		.byte	0x77
 671 0023 08       		.sleb128 8
 672 0024 00000000 		.4byte	0
 673 0028 00000000 		.4byte	0
 674              	.LLST1:
 675 002c 00000000 		.4byte	.LFB57
 676 0030 02000000 		.4byte	.LCFI2
 677 0034 0200     		.2byte	0x2
 678 0036 7D       		.byte	0x7d
 679 0037 00       		.sleb128 0
 680 0038 02000000 		.4byte	.LCFI2
 681 003c 04000000 		.4byte	.LCFI3
 682 0040 0200     		.2byte	0x2
 683 0042 7D       		.byte	0x7d
 684 0043 08       		.sleb128 8
 685 0044 04000000 		.4byte	.LCFI3
 686 0048 20000000 		.4byte	.LFE57
 687 004c 0200     		.2byte	0x2
 688 004e 77       		.byte	0x77
 689 004f 08       		.sleb128 8
 690 0050 00000000 		.4byte	0
 691 0054 00000000 		.4byte	0
 692              	.LLST2:
 693 0058 00000000 		.4byte	.LFB58
 694 005c 02000000 		.4byte	.LCFI4
 695 0060 0200     		.2byte	0x2
 696 0062 7D       		.byte	0x7d
ARM GAS  C:\Users\Zach\AppData\Local\Temp\ccEZzzur.s 			page 15


 697 0063 00       		.sleb128 0
 698 0064 02000000 		.4byte	.LCFI4
 699 0068 04000000 		.4byte	.LCFI5
 700 006c 0200     		.2byte	0x2
 701 006e 7D       		.byte	0x7d
 702 006f 08       		.sleb128 8
 703 0070 04000000 		.4byte	.LCFI5
 704 0074 1C000000 		.4byte	.LFE58
 705 0078 0200     		.2byte	0x2
 706 007a 77       		.byte	0x77
 707 007b 08       		.sleb128 8
 708 007c 00000000 		.4byte	0
 709 0080 00000000 		.4byte	0
 710              	.LLST3:
 711 0084 00000000 		.4byte	.LFB59
 712 0088 02000000 		.4byte	.LCFI6
 713 008c 0200     		.2byte	0x2
 714 008e 7D       		.byte	0x7d
 715 008f 00       		.sleb128 0
 716 0090 02000000 		.4byte	.LCFI6
 717 0094 04000000 		.4byte	.LCFI7
 718 0098 0200     		.2byte	0x2
 719 009a 7D       		.byte	0x7d
 720 009b 08       		.sleb128 8
 721 009c 04000000 		.4byte	.LCFI7
 722 00a0 1C000000 		.4byte	.LFE59
 723 00a4 0200     		.2byte	0x2
 724 00a6 77       		.byte	0x77
 725 00a7 08       		.sleb128 8
 726 00a8 00000000 		.4byte	0
 727 00ac 00000000 		.4byte	0
 728              	.LLST4:
 729 00b0 00000000 		.4byte	.LFB60
 730 00b4 02000000 		.4byte	.LCFI8
 731 00b8 0200     		.2byte	0x2
 732 00ba 7D       		.byte	0x7d
 733 00bb 00       		.sleb128 0
 734 00bc 02000000 		.4byte	.LCFI8
 735 00c0 04000000 		.4byte	.LCFI9
 736 00c4 0200     		.2byte	0x2
 737 00c6 7D       		.byte	0x7d
 738 00c7 08       		.sleb128 8
 739 00c8 04000000 		.4byte	.LCFI9
 740 00cc 6E000000 		.4byte	.LFE60
 741 00d0 0200     		.2byte	0x2
 742 00d2 77       		.byte	0x77
 743 00d3 08       		.sleb128 8
 744 00d4 00000000 		.4byte	0
 745 00d8 00000000 		.4byte	0
 746              	.LLST5:
 747 00dc 00000000 		.4byte	.LFB61
 748 00e0 02000000 		.4byte	.LCFI10
 749 00e4 0200     		.2byte	0x2
 750 00e6 7D       		.byte	0x7d
 751 00e7 00       		.sleb128 0
 752 00e8 02000000 		.4byte	.LCFI10
 753 00ec 04000000 		.4byte	.LCFI11
ARM GAS  C:\Users\Zach\AppData\Local\Temp\ccEZzzur.s 			page 16


 754 00f0 0200     		.2byte	0x2
 755 00f2 7D       		.byte	0x7d
 756 00f3 08       		.sleb128 8
 757 00f4 04000000 		.4byte	.LCFI11
 758 00f8 38000000 		.4byte	.LFE61
 759 00fc 0200     		.2byte	0x2
 760 00fe 77       		.byte	0x77
 761 00ff 08       		.sleb128 8
 762 0100 00000000 		.4byte	0
 763 0104 00000000 		.4byte	0
 764              		.section	.debug_aranges,"",%progbits
 765 0000 44000000 		.4byte	0x44
 766 0004 0200     		.2byte	0x2
 767 0006 00000000 		.4byte	.Ldebug_info0
 768 000a 04       		.byte	0x4
 769 000b 00       		.byte	0
 770 000c 0000     		.2byte	0
 771 000e 0000     		.2byte	0
 772 0010 00000000 		.4byte	.LFB56
 773 0014 20000000 		.4byte	.LFE56-.LFB56
 774 0018 00000000 		.4byte	.LFB57
 775 001c 20000000 		.4byte	.LFE57-.LFB57
 776 0020 00000000 		.4byte	.LFB58
 777 0024 1C000000 		.4byte	.LFE58-.LFB58
 778 0028 00000000 		.4byte	.LFB59
 779 002c 1C000000 		.4byte	.LFE59-.LFB59
 780 0030 00000000 		.4byte	.LFB60
 781 0034 6E000000 		.4byte	.LFE60-.LFB60
 782 0038 00000000 		.4byte	.LFB61
 783 003c 38000000 		.4byte	.LFE61-.LFB61
 784 0040 00000000 		.4byte	0
 785 0044 00000000 		.4byte	0
 786              		.section	.debug_ranges,"",%progbits
 787              	.Ldebug_ranges0:
 788 0000 00000000 		.4byte	.LFB56
 789 0004 20000000 		.4byte	.LFE56
 790 0008 00000000 		.4byte	.LFB57
 791 000c 20000000 		.4byte	.LFE57
 792 0010 00000000 		.4byte	.LFB58
 793 0014 1C000000 		.4byte	.LFE58
 794 0018 00000000 		.4byte	.LFB59
 795 001c 1C000000 		.4byte	.LFE59
 796 0020 00000000 		.4byte	.LFB60
 797 0024 6E000000 		.4byte	.LFE60
 798 0028 00000000 		.4byte	.LFB61
 799 002c 38000000 		.4byte	.LFE61
 800 0030 00000000 		.4byte	0
 801 0034 00000000 		.4byte	0
 802              		.section	.debug_line,"",%progbits
 803              	.Ldebug_line0:
 804 0000 7C010000 		.section	.debug_str,"MS",%progbits,1
 804      0200F800 
 804      00000201 
 804      FB0E0D00 
 804      01010101 
 805              	.LASF6:
 806 0000 6C6F6E67 		.ascii	"long long int\000"
ARM GAS  C:\Users\Zach\AppData\Local\Temp\ccEZzzur.s 			page 17


 806      206C6F6E 
 806      6720696E 
 806      7400
 807              	.LASF19:
 808 000e 6973725F 		.ascii	"isr_FallingEdgeDetected\000"
 808      46616C6C 
 808      696E6745 
 808      64676544 
 808      65746563 
 809              	.LASF25:
 810 0026 63757272 		.ascii	"currentState\000"
 810      656E7453 
 810      74617465 
 810      00
 811              	.LASF21:
 812 0033 6973725F 		.ascii	"isr_BusyToIdle\000"
 812      42757379 
 812      546F4964 
 812      6C6500
 813              	.LASF14:
 814 0042 49444C45 		.ascii	"IDLE\000"
 814      00
 815              	.LASF29:
 816 0047 696E6974 		.ascii	"init\000"
 816      00
 817              	.LASF9:
 818 004c 666C6F61 		.ascii	"float\000"
 818      7400
 819              	.LASF1:
 820 0052 756E7369 		.ascii	"unsigned char\000"
 820      676E6564 
 820      20636861 
 820      7200
 821              	.LASF27:
 822 0060 2E5C6D61 		.ascii	".\\main.c\000"
 822      696E2E63 
 822      00
 823              	.LASF5:
 824 0069 6C6F6E67 		.ascii	"long unsigned int\000"
 824      20756E73 
 824      69676E65 
 824      6420696E 
 824      7400
 825              	.LASF3:
 826 007b 73686F72 		.ascii	"short unsigned int\000"
 826      7420756E 
 826      7369676E 
 826      65642069 
 826      6E7400
 827              	.LASF18:
 828 008e 53746174 		.ascii	"State\000"
 828      6500
 829              	.LASF24:
 830 0094 49544D5F 		.ascii	"ITM_RxBuffer\000"
 830      52784275 
 830      66666572 
 830      00
ARM GAS  C:\Users\Zach\AppData\Local\Temp\ccEZzzur.s 			page 18


 831              	.LASF15:
 832 00a1 42555359 		.ascii	"BUSY\000"
 832      00
 833              	.LASF10:
 834 00a6 646F7562 		.ascii	"double\000"
 834      6C6500
 835              	.LASF23:
 836 00ad 6D61696E 		.ascii	"main\000"
 836      00
 837              	.LASF20:
 838 00b2 6973725F 		.ascii	"isr_RisingEdgeDetected\000"
 838      52697369 
 838      6E674564 
 838      67654465 
 838      74656374 
 839              	.LASF8:
 840 00c9 756E7369 		.ascii	"unsigned int\000"
 840      676E6564 
 840      20696E74 
 840      00
 841              	.LASF7:
 842 00d6 6C6F6E67 		.ascii	"long long unsigned int\000"
 842      206C6F6E 
 842      6720756E 
 842      7369676E 
 842      65642069 
 843              	.LASF17:
 844 00ed 696E7433 		.ascii	"int32_t\000"
 844      325F7400 
 845              	.LASF12:
 846 00f5 73697A65 		.ascii	"sizetype\000"
 846      74797065 
 846      00
 847              	.LASF16:
 848 00fe 434F4C4C 		.ascii	"COLLISION\000"
 848      4953494F 
 848      4E00
 849              	.LASF11:
 850 0108 63686172 		.ascii	"char\000"
 850      00
 851              	.LASF22:
 852 010d 6973725F 		.ascii	"isr_BusyToCollision\000"
 852      42757379 
 852      546F436F 
 852      6C6C6973 
 852      696F6E00 
 853              	.LASF2:
 854 0121 73686F72 		.ascii	"short int\000"
 854      7420696E 
 854      7400
 855              	.LASF26:
 856 012b 474E5520 		.ascii	"GNU C 4.7.3 20130312 (release) [ARM/embedded-4_7-br"
 856      4320342E 
 856      372E3320 
 856      32303133 
 856      30333132 
 857 015e 616E6368 		.ascii	"anch revision 196615]\000"
ARM GAS  C:\Users\Zach\AppData\Local\Temp\ccEZzzur.s 			page 19


 857      20726576 
 857      6973696F 
 857      6E203139 
 857      36363135 
 858              	.LASF4:
 859 0174 6C6F6E67 		.ascii	"long int\000"
 859      20696E74 
 859      00
 860              	.LASF13:
 861 017d 6C6F6E67 		.ascii	"long double\000"
 861      20646F75 
 861      626C6500 
 862              	.LASF0:
 863 0189 7369676E 		.ascii	"signed char\000"
 863      65642063 
 863      68617200 
 864              	.LASF28:
 865 0195 433A5C55 		.ascii	"C:\\Users\\Zach\\Dropbox\\2014-2015\\Winter\\CE4950"
 865      73657273 
 865      5C5A6163 
 865      685C4472 
 865      6F70626F 
 866 01c2 5C4E6574 		.ascii	"\\Networking Project\\Networking Project\\Networkin"
 866      776F726B 
 866      696E6720 
 866      50726F6A 
 866      6563745C 
 867 01f2 67205072 		.ascii	"g Project.cydsn\000"
 867      6F6A6563 
 867      742E6379 
 867      64736E00 
 868              		.ident	"GCC: (GNU Tools for ARM Embedded Processors) 4.7.3 20130312 (release) [ARM/embedded-4_7-br
