--------------- Clean Started: 12/17/2014 11:42:14 Project: Networking Project, Configuration: ARM GCC 4.7.3 Debug ---------------
Deleting file ".\CortexM3\ARM_GCC_473\Debug\main.o"
Deleting file ".\CortexM3\ARM_GCC_473\Debug\cyfitter_cfg.o"
Deleting file ".\CortexM3\ARM_GCC_473\Debug\cymetadata.o"
Deleting file ".\CortexM3\ARM_GCC_473\Debug\isr_RisingEdge.o"
Deleting file ".\CortexM3\ARM_GCC_473\Debug\isr_FallingEdge.o"
Deleting file ".\CortexM3\ARM_GCC_473\Debug\Pin_LEDCollision.o"
Deleting file ".\CortexM3\ARM_GCC_473\Debug\Pin_LEDIdle.o"
Deleting file ".\CortexM3\ARM_GCC_473\Debug\Recieve_Input.o"
Deleting file ".\CortexM3\ARM_GCC_473\Debug\Cm3Start.o"
Deleting file ".\CortexM3\ARM_GCC_473\Debug\CyBootAsmGnu.o"
Deleting file ".\CortexM3\ARM_GCC_473\Debug\CyDmac.o"
Deleting file ".\CortexM3\ARM_GCC_473\Debug\CyFlash.o"
Deleting file ".\CortexM3\ARM_GCC_473\Debug\CyLib.o"
Deleting file ".\CortexM3\ARM_GCC_473\Debug\cyPm.o"
Deleting file ".\CortexM3\ARM_GCC_473\Debug\CySpc.o"
Deleting file ".\CortexM3\ARM_GCC_473\Debug\cyutils.o"
Deleting file ".\CortexM3\ARM_GCC_473\Debug\Pin_LEDBusy.o"
Deleting file ".\CortexM3\ARM_GCC_473\Debug\Timer_BusyToCollision.o"
Deleting file ".\CortexM3\ARM_GCC_473\Debug\Timer_BusyToCollision_PM.o"
Deleting file ".\CortexM3\ARM_GCC_473\Debug\isr_BusyToCollision.o"
Deleting file ".\CortexM3\ARM_GCC_473\Debug\isr_BusyToIdle.o"
Deleting file ".\CortexM3\ARM_GCC_473\Debug\Timer_IdleToBusy.o"
Deleting file ".\CortexM3\ARM_GCC_473\Debug\Timer_IdleToBusy_PM.o"
Deleting file ".\CortexM3\ARM_GCC_473\Debug\Networking Project.hex"
Deleting file ".\CortexM3\ARM_GCC_473\Debug\Networking Project.elf"
Deleting file ".\CortexM3\ARM_GCC_473\Debug\Networking Project.map"
Deleting file ".\Networking Project.cycdx"
Deleting file ".\Networking Project.svd"
Deleting file ".\Networking Project.rpt"
Deleting file ".\Networking Project_timing.html"
Deleting file ".\CortexM3\ARM_GCC_473\Debug\.deps\C_FILE.P"
Deleting file ".\CortexM3\ARM_GCC_473\Debug\.deps\ARM_C_FILE.P"
Deleting file ".\CortexM3\ARM_GCC_473\Debug\.deps\GNU_ARM_ASM_FILE.P"
--------------- Clean Succeeded: 12/17/2014 11:42:14 ---------------
