--------------- Rebuild Started: 01/14/2015 15:31:56 Project: Networking Project, Configuration: ARM GCC 4.7.3 Debug ---------------
Deleting file ".\CortexM3\ARM_GCC_473\Debug\main.o"
Deleting file ".\CortexM3\ARM_GCC_473\Debug\cyfitter_cfg.o"
Deleting file ".\CortexM3\ARM_GCC_473\Debug\cymetadata.o"
Deleting file ".\CortexM3\ARM_GCC_473\Debug\isr_RisingEdge.o"
Deleting file ".\CortexM3\ARM_GCC_473\Debug\isr_FallingEdge.o"
Deleting file ".\CortexM3\ARM_GCC_473\Debug\Pin_LEDCollision.o"
Deleting file ".\CortexM3\ARM_GCC_473\Debug\Pin_LEDIdle.o"
Deleting file ".\CortexM3\ARM_GCC_473\Debug\Recieve_Input.o"
Deleting file ".\CortexM3\ARM_GCC_473\Debug\Cm3Start.o"
Deleting file ".\CortexM3\ARM_GCC_473\Debug\CyBootAsmGnu.o"
Deleting file ".\CortexM3\ARM_GCC_473\Debug\CyDmac.o"
Deleting file ".\CortexM3\ARM_GCC_473\Debug\CyFlash.o"
Deleting file ".\CortexM3\ARM_GCC_473\Debug\CyLib.o"
Deleting file ".\CortexM3\ARM_GCC_473\Debug\cyPm.o"
Deleting file ".\CortexM3\ARM_GCC_473\Debug\CySpc.o"
Deleting file ".\CortexM3\ARM_GCC_473\Debug\cyutils.o"
Deleting file ".\CortexM3\ARM_GCC_473\Debug\Pin_LEDBusy.o"
Deleting file ".\CortexM3\ARM_GCC_473\Debug\Timer_BusyToCollision.o"
Deleting file ".\CortexM3\ARM_GCC_473\Debug\Timer_BusyToCollision_PM.o"
Deleting file ".\CortexM3\ARM_GCC_473\Debug\Timer_BusyToIdle.o"
Deleting file ".\CortexM3\ARM_GCC_473\Debug\Timer_BusyToIdle_PM.o"
Deleting file ".\CortexM3\ARM_GCC_473\Debug\isr_BusyToCollision.o"
Deleting file ".\CortexM3\ARM_GCC_473\Debug\isr_BusyToIdle.o"
Deleting file ".\CortexM3\ARM_GCC_473\Debug\USB.o"
Deleting file ".\CortexM3\ARM_GCC_473\Debug\USB_audio.o"
Deleting file ".\CortexM3\ARM_GCC_473\Debug\USB_boot.o"
Deleting file ".\CortexM3\ARM_GCC_473\Debug\USB_cdc.o"
Deleting file ".\CortexM3\ARM_GCC_473\Debug\USB_cls.o"
Deleting file ".\CortexM3\ARM_GCC_473\Debug\USB_descr.o"
Deleting file ".\CortexM3\ARM_GCC_473\Debug\USB_drv.o"
Deleting file ".\CortexM3\ARM_GCC_473\Debug\USB_episr.o"
Deleting file ".\CortexM3\ARM_GCC_473\Debug\USB_hid.o"
Deleting file ".\CortexM3\ARM_GCC_473\Debug\USB_pm.o"
Deleting file ".\CortexM3\ARM_GCC_473\Debug\USB_std.o"
Deleting file ".\CortexM3\ARM_GCC_473\Debug\USB_vnd.o"
Deleting file ".\CortexM3\ARM_GCC_473\Debug\USB_midi.o"
Deleting file ".\CortexM3\ARM_GCC_473\Debug\LCD.o"
Deleting file ".\CortexM3\ARM_GCC_473\Debug\LCD_PM.o"
Deleting file ".\CortexM3\ARM_GCC_473\Debug\USB_Dm.o"
Deleting file ".\CortexM3\ARM_GCC_473\Debug\USB_Dp.o"
Deleting file ".\CortexM3\ARM_GCC_473\Debug\LCD_LCDPort.o"
Deleting file ".\CortexM3\ARM_GCC_473\Debug\Timer_sendData.o"
Deleting file ".\CortexM3\ARM_GCC_473\Debug\Timer_sendData_PM.o"
Deleting file ".\CortexM3\ARM_GCC_473\Debug\isr_sendData.o"
Deleting file ".\CortexM3\ARM_GCC_473\Debug\Transm_Output.o"
Deleting file ".\CortexM3\ARM_GCC_473\Debug\Networking Project.hex"
Deleting file ".\CortexM3\ARM_GCC_473\Debug\Networking Project.elf"
Deleting file ".\CortexM3\ARM_GCC_473\Debug\Networking Project.map"
Deleting file ".\Networking Project.cycdx"
Deleting file ".\Networking Project.svd"
Deleting file ".\Networking Project.rpt"
Deleting file ".\Networking Project_timing.html"
Deleting file ".\CortexM3\ARM_GCC_473\Debug\.deps\C_FILE.P"
Deleting file ".\CortexM3\ARM_GCC_473\Debug\.deps\ARM_C_FILE.P"
Deleting file ".\CortexM3\ARM_GCC_473\Debug\.deps\GNU_ARM_ASM_FILE.P"
cydsfit.exe "-.appdatapath" "C:\Users\makij\AppData\Local\Cypress Semiconductor\PSoC Creator\3.0" "-.fdsnotice" "-.fdswarpdepfile=warp_dependencies.txt" "-.fdselabdepfile=elab_dependencies.txt" "-.fdsbldfile=generated_files.txt" "-p" "D:\MSOE\2014-2015\Winter\CE4950_021_Network\lab\Project\ce4950Project\Networking\Networking Project\Networking Project.cydsn\Networking Project.cyprj" "-d" "CY8C5868AXI-LP035" "-s" "D:\MSOE\2014-2015\Winter\CE4950_021_Network\lab\Project\ce4950Project\Networking\Networking Project\Networking Project.cydsn\Generated_Source\PSoC5" "--" "-yv2" "-v3" "-ygs" "-q10" "-o2" "-.fftcfgtype=LE"
Elaborating Design...
HDL Generation ...
Synthesis ...
Place and Route ...
Tech mapping ...
ADD: pft.M0040: information: The following 9 pin(s) will be assigned a location by the fitter: \LCD:LCDPort(0)\, \LCD:LCDPort(1)\, \LCD:LCDPort(2)\, \LCD:LCDPort(3)\, \LCD:LCDPort(4)\, \LCD:LCDPort(5)\, \LCD:LCDPort(6)\, \USB:Dm(0)\, \USB:Dp(0)\
Info: mpr.M0037: Unused pieces of the design have been optimized out. See the Tech mapping section of the report file for details. (App=cydsfit)
Analog Placement ...
Analog Routing ...
Analog Code Generation ...
Digital Placement ...
Digital Routing ...
Bitstream Generation ...
Static timing analysis ...
API Generation ...
Dependency Generation ...
Clean Temporary Files ...
arm-none-eabi-gcc.exe -I. -I./Generated_Source/PSoC5 -Wno-main -mcpu=cortex-m3 -mthumb -Wall -g -D DEBUG -Wa,-alh=.\CortexM3\ARM_GCC_473\Debug\main.lst -ffunction-sections -c .\main.c -o .\CortexM3\ARM_GCC_473\Debug\main.o
.\main.c: In function 'main':
.\main.c:186:14: warning: pointer targets in passing argument 1 of 'USB_GetAll' differ in signedness [-Wpointer-sign]
In file included from ./Generated_Source/PSoC5/project.h:38:0,
                 from .\main.c:12:
./Generated_Source/PSoC5/USB_cdc.h:39:12: note: expected 'uint8 *' but argument is of type 'char *'
.\main.c:208:22: warning: pointer targets in passing argument 1 of 'USB_PutData' differ in signedness [-Wpointer-sign]
In file included from ./Generated_Source/PSoC5/project.h:38:0,
                 from .\main.c:12:
./Generated_Source/PSoC5/USB_cdc.h:31:10: note: expected 'const uint8 *' but argument is of type 'char *'
.\main.c: In function 'printbinchar':
.\main.c:393:27: error: 'i386' undeclared (first use in this function)
.\main.c:393:27: note: each undeclared identifier is reported only once for each function it appears in
The command 'arm-none-eabi-gcc.exe' failed with exit code '1'.
--------------- Rebuild Failed: 01/14/2015 15:32:14 ---------------
