ARM GAS  C:\Users\makij\AppData\Local\Temp\ccVJor7s.s 			page 1


   1              		.syntax unified
   2              		.cpu cortex-m3
   3              		.fpu softvfp
   4              		.eabi_attribute 20, 1
   5              		.eabi_attribute 21, 1
   6              		.eabi_attribute 23, 3
   7              		.eabi_attribute 24, 1
   8              		.eabi_attribute 25, 1
   9              		.eabi_attribute 26, 1
  10              		.eabi_attribute 30, 6
  11              		.eabi_attribute 34, 1
  12              		.eabi_attribute 18, 4
  13              		.thumb
  14              		.file	"Timer_BusyToCollision_PM.c"
  15              		.text
  16              	.Ltext0:
  17              		.cfi_sections	.debug_frame
  18              		.bss
  19              		.align	2
  20              	Timer_BusyToCollision_backup:
  21 0000 00000000 		.space	6
  21      0000
  22 0006 0000     		.section	.text.Timer_BusyToCollision_SaveConfig,"ax",%progbits
  23              		.align	2
  24              		.global	Timer_BusyToCollision_SaveConfig
  25              		.thumb
  26              		.thumb_func
  27              		.type	Timer_BusyToCollision_SaveConfig, %function
  28              	Timer_BusyToCollision_SaveConfig:
  29              	.LFB0:
  30              		.file 1 ".\\Generated_Source\\PSoC5\\Timer_BusyToCollision_PM.c"
   1:.\Generated_Source\PSoC5/Timer_BusyToCollision_PM.c **** /*******************************************************************************
   2:.\Generated_Source\PSoC5/Timer_BusyToCollision_PM.c **** * File Name: Timer_BusyToCollision_PM.c
   3:.\Generated_Source\PSoC5/Timer_BusyToCollision_PM.c **** * Version 2.60
   4:.\Generated_Source\PSoC5/Timer_BusyToCollision_PM.c **** *
   5:.\Generated_Source\PSoC5/Timer_BusyToCollision_PM.c **** *  Description:
   6:.\Generated_Source\PSoC5/Timer_BusyToCollision_PM.c **** *     This file provides the power management source code to API for the
   7:.\Generated_Source\PSoC5/Timer_BusyToCollision_PM.c **** *     Timer.
   8:.\Generated_Source\PSoC5/Timer_BusyToCollision_PM.c **** *
   9:.\Generated_Source\PSoC5/Timer_BusyToCollision_PM.c **** *   Note:
  10:.\Generated_Source\PSoC5/Timer_BusyToCollision_PM.c **** *     None
  11:.\Generated_Source\PSoC5/Timer_BusyToCollision_PM.c **** *
  12:.\Generated_Source\PSoC5/Timer_BusyToCollision_PM.c **** *******************************************************************************
  13:.\Generated_Source\PSoC5/Timer_BusyToCollision_PM.c **** * Copyright 2008-2014, Cypress Semiconductor Corporation.  All rights reserved.
  14:.\Generated_Source\PSoC5/Timer_BusyToCollision_PM.c **** * You may use this file only in accordance with the license, terms, conditions,
  15:.\Generated_Source\PSoC5/Timer_BusyToCollision_PM.c **** * disclaimers, and limitations in the end user license agreement accompanying
  16:.\Generated_Source\PSoC5/Timer_BusyToCollision_PM.c **** * the software package with which this file was provided.
  17:.\Generated_Source\PSoC5/Timer_BusyToCollision_PM.c **** ********************************************************************************/
  18:.\Generated_Source\PSoC5/Timer_BusyToCollision_PM.c **** 
  19:.\Generated_Source\PSoC5/Timer_BusyToCollision_PM.c **** #include "Timer_BusyToCollision.h"
  20:.\Generated_Source\PSoC5/Timer_BusyToCollision_PM.c **** 
  21:.\Generated_Source\PSoC5/Timer_BusyToCollision_PM.c **** static Timer_BusyToCollision_backupStruct Timer_BusyToCollision_backup;
  22:.\Generated_Source\PSoC5/Timer_BusyToCollision_PM.c **** 
  23:.\Generated_Source\PSoC5/Timer_BusyToCollision_PM.c **** 
  24:.\Generated_Source\PSoC5/Timer_BusyToCollision_PM.c **** /*******************************************************************************
  25:.\Generated_Source\PSoC5/Timer_BusyToCollision_PM.c **** * Function Name: Timer_BusyToCollision_SaveConfig
  26:.\Generated_Source\PSoC5/Timer_BusyToCollision_PM.c **** ********************************************************************************
ARM GAS  C:\Users\makij\AppData\Local\Temp\ccVJor7s.s 			page 2


  27:.\Generated_Source\PSoC5/Timer_BusyToCollision_PM.c **** *
  28:.\Generated_Source\PSoC5/Timer_BusyToCollision_PM.c **** * Summary:
  29:.\Generated_Source\PSoC5/Timer_BusyToCollision_PM.c **** *     Save the current user configuration
  30:.\Generated_Source\PSoC5/Timer_BusyToCollision_PM.c **** *
  31:.\Generated_Source\PSoC5/Timer_BusyToCollision_PM.c **** * Parameters:
  32:.\Generated_Source\PSoC5/Timer_BusyToCollision_PM.c **** *  void
  33:.\Generated_Source\PSoC5/Timer_BusyToCollision_PM.c **** *
  34:.\Generated_Source\PSoC5/Timer_BusyToCollision_PM.c **** * Return:
  35:.\Generated_Source\PSoC5/Timer_BusyToCollision_PM.c **** *  void
  36:.\Generated_Source\PSoC5/Timer_BusyToCollision_PM.c **** *
  37:.\Generated_Source\PSoC5/Timer_BusyToCollision_PM.c **** * Global variables:
  38:.\Generated_Source\PSoC5/Timer_BusyToCollision_PM.c **** *  Timer_BusyToCollision_backup:  Variables of this global structure are modified to
  39:.\Generated_Source\PSoC5/Timer_BusyToCollision_PM.c **** *  store the values of non retention configuration registers when Sleep() API is
  40:.\Generated_Source\PSoC5/Timer_BusyToCollision_PM.c **** *  called.
  41:.\Generated_Source\PSoC5/Timer_BusyToCollision_PM.c **** *
  42:.\Generated_Source\PSoC5/Timer_BusyToCollision_PM.c **** *******************************************************************************/
  43:.\Generated_Source\PSoC5/Timer_BusyToCollision_PM.c **** void Timer_BusyToCollision_SaveConfig(void) 
  44:.\Generated_Source\PSoC5/Timer_BusyToCollision_PM.c **** {
  31              		.loc 1 44 0
  32              		.cfi_startproc
  33              		@ args = 0, pretend = 0, frame = 0
  34              		@ frame_needed = 1, uses_anonymous_args = 0
  35 0000 80B5     		push	{r7, lr}
  36              	.LCFI0:
  37              		.cfi_def_cfa_offset 8
  38              		.cfi_offset 7, -8
  39              		.cfi_offset 14, -4
  40 0002 00AF     		add	r7, sp, #0
  41              	.LCFI1:
  42              		.cfi_def_cfa_register 7
  45:.\Generated_Source\PSoC5/Timer_BusyToCollision_PM.c ****     #if (!Timer_BusyToCollision_UsingFixedFunction)
  46:.\Generated_Source\PSoC5/Timer_BusyToCollision_PM.c ****         Timer_BusyToCollision_backup.TimerUdb = Timer_BusyToCollision_ReadCounter();
  43              		.loc 1 46 0
  44 0004 FFF7FEFF 		bl	Timer_BusyToCollision_ReadCounter
  45 0008 0346     		mov	r3, r0
  46 000a 1A46     		mov	r2, r3
  47 000c 40F20003 		movw	r3, #:lower16:Timer_BusyToCollision_backup
  48 0010 C0F20003 		movt	r3, #:upper16:Timer_BusyToCollision_backup
  49 0014 5A80     		strh	r2, [r3, #2]	@ movhi
  47:.\Generated_Source\PSoC5/Timer_BusyToCollision_PM.c ****         Timer_BusyToCollision_backup.InterruptMaskValue = Timer_BusyToCollision_STATUS_MASK;
  50              		.loc 1 47 0
  51 0016 46F28D43 		movw	r3, #25741
  52 001a C4F20003 		movt	r3, 16384
  53 001e 1B78     		ldrb	r3, [r3, #0]
  54 0020 DAB2     		uxtb	r2, r3
  55 0022 40F20003 		movw	r3, #:lower16:Timer_BusyToCollision_backup
  56 0026 C0F20003 		movt	r3, #:upper16:Timer_BusyToCollision_backup
  57 002a 1A71     		strb	r2, [r3, #4]
  48:.\Generated_Source\PSoC5/Timer_BusyToCollision_PM.c ****         #if (Timer_BusyToCollision_UsingHWCaptureCounter)
  49:.\Generated_Source\PSoC5/Timer_BusyToCollision_PM.c ****             Timer_BusyToCollision_backup.TimerCaptureCounter = Timer_BusyToCollision_ReadCaptureCou
  50:.\Generated_Source\PSoC5/Timer_BusyToCollision_PM.c ****         #endif /* Back Up capture counter register  */
  51:.\Generated_Source\PSoC5/Timer_BusyToCollision_PM.c **** 
  52:.\Generated_Source\PSoC5/Timer_BusyToCollision_PM.c ****         #if(!Timer_BusyToCollision_UDB_CONTROL_REG_REMOVED)
  53:.\Generated_Source\PSoC5/Timer_BusyToCollision_PM.c ****             Timer_BusyToCollision_backup.TimerControlRegister = Timer_BusyToCollision_ReadControlRe
  58              		.loc 1 53 0
  59 002c FFF7FEFF 		bl	Timer_BusyToCollision_ReadControlRegister
  60 0030 0346     		mov	r3, r0
ARM GAS  C:\Users\makij\AppData\Local\Temp\ccVJor7s.s 			page 3


  61 0032 1A46     		mov	r2, r3
  62 0034 40F20003 		movw	r3, #:lower16:Timer_BusyToCollision_backup
  63 0038 C0F20003 		movt	r3, #:upper16:Timer_BusyToCollision_backup
  64 003c 5A71     		strb	r2, [r3, #5]
  54:.\Generated_Source\PSoC5/Timer_BusyToCollision_PM.c ****         #endif /* Backup the enable state of the Timer component */
  55:.\Generated_Source\PSoC5/Timer_BusyToCollision_PM.c ****     #endif /* Backup non retention registers in UDB implementation. All fixed function registers ar
  56:.\Generated_Source\PSoC5/Timer_BusyToCollision_PM.c **** }
  65              		.loc 1 56 0
  66 003e 80BD     		pop	{r7, pc}
  67              		.cfi_endproc
  68              	.LFE0:
  69              		.size	Timer_BusyToCollision_SaveConfig, .-Timer_BusyToCollision_SaveConfig
  70              		.section	.text.Timer_BusyToCollision_RestoreConfig,"ax",%progbits
  71              		.align	2
  72              		.global	Timer_BusyToCollision_RestoreConfig
  73              		.thumb
  74              		.thumb_func
  75              		.type	Timer_BusyToCollision_RestoreConfig, %function
  76              	Timer_BusyToCollision_RestoreConfig:
  77              	.LFB1:
  57:.\Generated_Source\PSoC5/Timer_BusyToCollision_PM.c **** 
  58:.\Generated_Source\PSoC5/Timer_BusyToCollision_PM.c **** 
  59:.\Generated_Source\PSoC5/Timer_BusyToCollision_PM.c **** /*******************************************************************************
  60:.\Generated_Source\PSoC5/Timer_BusyToCollision_PM.c **** * Function Name: Timer_BusyToCollision_RestoreConfig
  61:.\Generated_Source\PSoC5/Timer_BusyToCollision_PM.c **** ********************************************************************************
  62:.\Generated_Source\PSoC5/Timer_BusyToCollision_PM.c **** *
  63:.\Generated_Source\PSoC5/Timer_BusyToCollision_PM.c **** * Summary:
  64:.\Generated_Source\PSoC5/Timer_BusyToCollision_PM.c **** *  Restores the current user configuration.
  65:.\Generated_Source\PSoC5/Timer_BusyToCollision_PM.c **** *
  66:.\Generated_Source\PSoC5/Timer_BusyToCollision_PM.c **** * Parameters:
  67:.\Generated_Source\PSoC5/Timer_BusyToCollision_PM.c **** *  void
  68:.\Generated_Source\PSoC5/Timer_BusyToCollision_PM.c **** *
  69:.\Generated_Source\PSoC5/Timer_BusyToCollision_PM.c **** * Return:
  70:.\Generated_Source\PSoC5/Timer_BusyToCollision_PM.c **** *  void
  71:.\Generated_Source\PSoC5/Timer_BusyToCollision_PM.c **** *
  72:.\Generated_Source\PSoC5/Timer_BusyToCollision_PM.c **** * Global variables:
  73:.\Generated_Source\PSoC5/Timer_BusyToCollision_PM.c **** *  Timer_BusyToCollision_backup:  Variables of this global structure are used to
  74:.\Generated_Source\PSoC5/Timer_BusyToCollision_PM.c **** *  restore the values of non retention registers on wakeup from sleep mode.
  75:.\Generated_Source\PSoC5/Timer_BusyToCollision_PM.c **** *
  76:.\Generated_Source\PSoC5/Timer_BusyToCollision_PM.c **** *******************************************************************************/
  77:.\Generated_Source\PSoC5/Timer_BusyToCollision_PM.c **** void Timer_BusyToCollision_RestoreConfig(void) 
  78:.\Generated_Source\PSoC5/Timer_BusyToCollision_PM.c **** {   
  78              		.loc 1 78 0
  79              		.cfi_startproc
  80              		@ args = 0, pretend = 0, frame = 0
  81              		@ frame_needed = 1, uses_anonymous_args = 0
  82 0000 80B5     		push	{r7, lr}
  83              	.LCFI2:
  84              		.cfi_def_cfa_offset 8
  85              		.cfi_offset 7, -8
  86              		.cfi_offset 14, -4
  87 0002 00AF     		add	r7, sp, #0
  88              	.LCFI3:
  89              		.cfi_def_cfa_register 7
  79:.\Generated_Source\PSoC5/Timer_BusyToCollision_PM.c ****     #if (!Timer_BusyToCollision_UsingFixedFunction)
  80:.\Generated_Source\PSoC5/Timer_BusyToCollision_PM.c **** 
  81:.\Generated_Source\PSoC5/Timer_BusyToCollision_PM.c ****         Timer_BusyToCollision_WriteCounter(Timer_BusyToCollision_backup.TimerUdb);
ARM GAS  C:\Users\makij\AppData\Local\Temp\ccVJor7s.s 			page 4


  90              		.loc 1 81 0
  91 0004 40F20003 		movw	r3, #:lower16:Timer_BusyToCollision_backup
  92 0008 C0F20003 		movt	r3, #:upper16:Timer_BusyToCollision_backup
  93 000c 5B88     		ldrh	r3, [r3, #2]
  94 000e 1846     		mov	r0, r3
  95 0010 FFF7FEFF 		bl	Timer_BusyToCollision_WriteCounter
  82:.\Generated_Source\PSoC5/Timer_BusyToCollision_PM.c ****         Timer_BusyToCollision_STATUS_MASK =Timer_BusyToCollision_backup.InterruptMaskValue;
  96              		.loc 1 82 0
  97 0014 46F28D43 		movw	r3, #25741
  98 0018 C4F20003 		movt	r3, 16384
  99 001c 40F20002 		movw	r2, #:lower16:Timer_BusyToCollision_backup
 100 0020 C0F20002 		movt	r2, #:upper16:Timer_BusyToCollision_backup
 101 0024 1279     		ldrb	r2, [r2, #4]	@ zero_extendqisi2
 102 0026 1A70     		strb	r2, [r3, #0]
  83:.\Generated_Source\PSoC5/Timer_BusyToCollision_PM.c ****         #if (Timer_BusyToCollision_UsingHWCaptureCounter)
  84:.\Generated_Source\PSoC5/Timer_BusyToCollision_PM.c ****             Timer_BusyToCollision_SetCaptureCount(Timer_BusyToCollision_backup.TimerCaptureCounter)
  85:.\Generated_Source\PSoC5/Timer_BusyToCollision_PM.c ****         #endif /* Restore Capture counter register*/
  86:.\Generated_Source\PSoC5/Timer_BusyToCollision_PM.c **** 
  87:.\Generated_Source\PSoC5/Timer_BusyToCollision_PM.c ****         #if(!Timer_BusyToCollision_UDB_CONTROL_REG_REMOVED)
  88:.\Generated_Source\PSoC5/Timer_BusyToCollision_PM.c ****             Timer_BusyToCollision_WriteControlRegister(Timer_BusyToCollision_backup.TimerControlReg
 103              		.loc 1 88 0
 104 0028 40F20003 		movw	r3, #:lower16:Timer_BusyToCollision_backup
 105 002c C0F20003 		movt	r3, #:upper16:Timer_BusyToCollision_backup
 106 0030 5B79     		ldrb	r3, [r3, #5]	@ zero_extendqisi2
 107 0032 1846     		mov	r0, r3
 108 0034 FFF7FEFF 		bl	Timer_BusyToCollision_WriteControlRegister
  89:.\Generated_Source\PSoC5/Timer_BusyToCollision_PM.c ****         #endif /* Restore the enable state of the Timer component */
  90:.\Generated_Source\PSoC5/Timer_BusyToCollision_PM.c ****     #endif /* Restore non retention registers in the UDB implementation only */
  91:.\Generated_Source\PSoC5/Timer_BusyToCollision_PM.c **** }
 109              		.loc 1 91 0
 110 0038 80BD     		pop	{r7, pc}
 111              		.cfi_endproc
 112              	.LFE1:
 113              		.size	Timer_BusyToCollision_RestoreConfig, .-Timer_BusyToCollision_RestoreConfig
 114 003a 00BF     		.section	.text.Timer_BusyToCollision_Sleep,"ax",%progbits
 115              		.align	2
 116              		.global	Timer_BusyToCollision_Sleep
 117              		.thumb
 118              		.thumb_func
 119              		.type	Timer_BusyToCollision_Sleep, %function
 120              	Timer_BusyToCollision_Sleep:
 121              	.LFB2:
  92:.\Generated_Source\PSoC5/Timer_BusyToCollision_PM.c **** 
  93:.\Generated_Source\PSoC5/Timer_BusyToCollision_PM.c **** 
  94:.\Generated_Source\PSoC5/Timer_BusyToCollision_PM.c **** /*******************************************************************************
  95:.\Generated_Source\PSoC5/Timer_BusyToCollision_PM.c **** * Function Name: Timer_BusyToCollision_Sleep
  96:.\Generated_Source\PSoC5/Timer_BusyToCollision_PM.c **** ********************************************************************************
  97:.\Generated_Source\PSoC5/Timer_BusyToCollision_PM.c **** *
  98:.\Generated_Source\PSoC5/Timer_BusyToCollision_PM.c **** * Summary:
  99:.\Generated_Source\PSoC5/Timer_BusyToCollision_PM.c **** *     Stop and Save the user configuration
 100:.\Generated_Source\PSoC5/Timer_BusyToCollision_PM.c **** *
 101:.\Generated_Source\PSoC5/Timer_BusyToCollision_PM.c **** * Parameters:
 102:.\Generated_Source\PSoC5/Timer_BusyToCollision_PM.c **** *  void
 103:.\Generated_Source\PSoC5/Timer_BusyToCollision_PM.c **** *
 104:.\Generated_Source\PSoC5/Timer_BusyToCollision_PM.c **** * Return:
 105:.\Generated_Source\PSoC5/Timer_BusyToCollision_PM.c **** *  void
 106:.\Generated_Source\PSoC5/Timer_BusyToCollision_PM.c **** *
ARM GAS  C:\Users\makij\AppData\Local\Temp\ccVJor7s.s 			page 5


 107:.\Generated_Source\PSoC5/Timer_BusyToCollision_PM.c **** * Global variables:
 108:.\Generated_Source\PSoC5/Timer_BusyToCollision_PM.c **** *  Timer_BusyToCollision_backup.TimerEnableState:  Is modified depending on the
 109:.\Generated_Source\PSoC5/Timer_BusyToCollision_PM.c **** *  enable state of the block before entering sleep mode.
 110:.\Generated_Source\PSoC5/Timer_BusyToCollision_PM.c **** *
 111:.\Generated_Source\PSoC5/Timer_BusyToCollision_PM.c **** *******************************************************************************/
 112:.\Generated_Source\PSoC5/Timer_BusyToCollision_PM.c **** void Timer_BusyToCollision_Sleep(void) 
 113:.\Generated_Source\PSoC5/Timer_BusyToCollision_PM.c **** {
 122              		.loc 1 113 0
 123              		.cfi_startproc
 124              		@ args = 0, pretend = 0, frame = 0
 125              		@ frame_needed = 1, uses_anonymous_args = 0
 126 0000 80B5     		push	{r7, lr}
 127              	.LCFI4:
 128              		.cfi_def_cfa_offset 8
 129              		.cfi_offset 7, -8
 130              		.cfi_offset 14, -4
 131 0002 00AF     		add	r7, sp, #0
 132              	.LCFI5:
 133              		.cfi_def_cfa_register 7
 114:.\Generated_Source\PSoC5/Timer_BusyToCollision_PM.c ****     #if(!Timer_BusyToCollision_UDB_CONTROL_REG_REMOVED)
 115:.\Generated_Source\PSoC5/Timer_BusyToCollision_PM.c ****         /* Save Counter's enable state */
 116:.\Generated_Source\PSoC5/Timer_BusyToCollision_PM.c ****         if(Timer_BusyToCollision_CTRL_ENABLE == (Timer_BusyToCollision_CONTROL & Timer_BusyToCollis
 134              		.loc 1 116 0
 135 0004 46F27D43 		movw	r3, #25725
 136 0008 C4F20003 		movt	r3, 16384
 137 000c 1B78     		ldrb	r3, [r3, #0]
 138 000e DBB2     		uxtb	r3, r3
 139 0010 DBB2     		uxtb	r3, r3
 140 0012 5BB2     		sxtb	r3, r3
 141 0014 002B     		cmp	r3, #0
 142 0016 07DA     		bge	.L4
 117:.\Generated_Source\PSoC5/Timer_BusyToCollision_PM.c ****         {
 118:.\Generated_Source\PSoC5/Timer_BusyToCollision_PM.c ****             /* Timer is enabled */
 119:.\Generated_Source\PSoC5/Timer_BusyToCollision_PM.c ****             Timer_BusyToCollision_backup.TimerEnableState = 1u;
 143              		.loc 1 119 0
 144 0018 40F20003 		movw	r3, #:lower16:Timer_BusyToCollision_backup
 145 001c C0F20003 		movt	r3, #:upper16:Timer_BusyToCollision_backup
 146 0020 4FF00102 		mov	r2, #1
 147 0024 1A70     		strb	r2, [r3, #0]
 148 0026 06E0     		b	.L5
 149              	.L4:
 120:.\Generated_Source\PSoC5/Timer_BusyToCollision_PM.c ****         }
 121:.\Generated_Source\PSoC5/Timer_BusyToCollision_PM.c ****         else
 122:.\Generated_Source\PSoC5/Timer_BusyToCollision_PM.c ****         {
 123:.\Generated_Source\PSoC5/Timer_BusyToCollision_PM.c ****             /* Timer is disabled */
 124:.\Generated_Source\PSoC5/Timer_BusyToCollision_PM.c ****             Timer_BusyToCollision_backup.TimerEnableState = 0u;
 150              		.loc 1 124 0
 151 0028 40F20003 		movw	r3, #:lower16:Timer_BusyToCollision_backup
 152 002c C0F20003 		movt	r3, #:upper16:Timer_BusyToCollision_backup
 153 0030 4FF00002 		mov	r2, #0
 154 0034 1A70     		strb	r2, [r3, #0]
 155              	.L5:
 125:.\Generated_Source\PSoC5/Timer_BusyToCollision_PM.c ****         }
 126:.\Generated_Source\PSoC5/Timer_BusyToCollision_PM.c ****     #endif /* Back up enable state from the Timer control register */
 127:.\Generated_Source\PSoC5/Timer_BusyToCollision_PM.c ****     Timer_BusyToCollision_Stop();
 156              		.loc 1 127 0
 157 0036 FFF7FEFF 		bl	Timer_BusyToCollision_Stop
ARM GAS  C:\Users\makij\AppData\Local\Temp\ccVJor7s.s 			page 6


 128:.\Generated_Source\PSoC5/Timer_BusyToCollision_PM.c ****     Timer_BusyToCollision_SaveConfig();
 158              		.loc 1 128 0
 159 003a FFF7FEFF 		bl	Timer_BusyToCollision_SaveConfig
 129:.\Generated_Source\PSoC5/Timer_BusyToCollision_PM.c **** }
 160              		.loc 1 129 0
 161 003e 80BD     		pop	{r7, pc}
 162              		.cfi_endproc
 163              	.LFE2:
 164              		.size	Timer_BusyToCollision_Sleep, .-Timer_BusyToCollision_Sleep
 165              		.section	.text.Timer_BusyToCollision_Wakeup,"ax",%progbits
 166              		.align	2
 167              		.global	Timer_BusyToCollision_Wakeup
 168              		.thumb
 169              		.thumb_func
 170              		.type	Timer_BusyToCollision_Wakeup, %function
 171              	Timer_BusyToCollision_Wakeup:
 172              	.LFB3:
 130:.\Generated_Source\PSoC5/Timer_BusyToCollision_PM.c **** 
 131:.\Generated_Source\PSoC5/Timer_BusyToCollision_PM.c **** 
 132:.\Generated_Source\PSoC5/Timer_BusyToCollision_PM.c **** /*******************************************************************************
 133:.\Generated_Source\PSoC5/Timer_BusyToCollision_PM.c **** * Function Name: Timer_BusyToCollision_Wakeup
 134:.\Generated_Source\PSoC5/Timer_BusyToCollision_PM.c **** ********************************************************************************
 135:.\Generated_Source\PSoC5/Timer_BusyToCollision_PM.c **** *
 136:.\Generated_Source\PSoC5/Timer_BusyToCollision_PM.c **** * Summary:
 137:.\Generated_Source\PSoC5/Timer_BusyToCollision_PM.c **** *  Restores and enables the user configuration
 138:.\Generated_Source\PSoC5/Timer_BusyToCollision_PM.c **** *
 139:.\Generated_Source\PSoC5/Timer_BusyToCollision_PM.c **** * Parameters:
 140:.\Generated_Source\PSoC5/Timer_BusyToCollision_PM.c **** *  void
 141:.\Generated_Source\PSoC5/Timer_BusyToCollision_PM.c **** *
 142:.\Generated_Source\PSoC5/Timer_BusyToCollision_PM.c **** * Return:
 143:.\Generated_Source\PSoC5/Timer_BusyToCollision_PM.c **** *  void
 144:.\Generated_Source\PSoC5/Timer_BusyToCollision_PM.c **** *
 145:.\Generated_Source\PSoC5/Timer_BusyToCollision_PM.c **** * Global variables:
 146:.\Generated_Source\PSoC5/Timer_BusyToCollision_PM.c **** *  Timer_BusyToCollision_backup.enableState:  Is used to restore the enable state of
 147:.\Generated_Source\PSoC5/Timer_BusyToCollision_PM.c **** *  block on wakeup from sleep mode.
 148:.\Generated_Source\PSoC5/Timer_BusyToCollision_PM.c **** *
 149:.\Generated_Source\PSoC5/Timer_BusyToCollision_PM.c **** *******************************************************************************/
 150:.\Generated_Source\PSoC5/Timer_BusyToCollision_PM.c **** void Timer_BusyToCollision_Wakeup(void) 
 151:.\Generated_Source\PSoC5/Timer_BusyToCollision_PM.c **** {
 173              		.loc 1 151 0
 174              		.cfi_startproc
 175              		@ args = 0, pretend = 0, frame = 0
 176              		@ frame_needed = 1, uses_anonymous_args = 0
 177 0000 80B5     		push	{r7, lr}
 178              	.LCFI6:
 179              		.cfi_def_cfa_offset 8
 180              		.cfi_offset 7, -8
 181              		.cfi_offset 14, -4
 182 0002 00AF     		add	r7, sp, #0
 183              	.LCFI7:
 184              		.cfi_def_cfa_register 7
 152:.\Generated_Source\PSoC5/Timer_BusyToCollision_PM.c ****     Timer_BusyToCollision_RestoreConfig();
 185              		.loc 1 152 0
 186 0004 FFF7FEFF 		bl	Timer_BusyToCollision_RestoreConfig
 153:.\Generated_Source\PSoC5/Timer_BusyToCollision_PM.c ****     #if(!Timer_BusyToCollision_UDB_CONTROL_REG_REMOVED)
 154:.\Generated_Source\PSoC5/Timer_BusyToCollision_PM.c ****         if(Timer_BusyToCollision_backup.TimerEnableState == 1u)
 187              		.loc 1 154 0
ARM GAS  C:\Users\makij\AppData\Local\Temp\ccVJor7s.s 			page 7


 188 0008 40F20003 		movw	r3, #:lower16:Timer_BusyToCollision_backup
 189 000c C0F20003 		movt	r3, #:upper16:Timer_BusyToCollision_backup
 190 0010 1B78     		ldrb	r3, [r3, #0]	@ zero_extendqisi2
 191 0012 012B     		cmp	r3, #1
 192 0014 01D1     		bne	.L6
 155:.\Generated_Source\PSoC5/Timer_BusyToCollision_PM.c ****         {     /* Enable Timer's operation */
 156:.\Generated_Source\PSoC5/Timer_BusyToCollision_PM.c ****                 Timer_BusyToCollision_Enable();
 193              		.loc 1 156 0
 194 0016 FFF7FEFF 		bl	Timer_BusyToCollision_Enable
 195              	.L6:
 157:.\Generated_Source\PSoC5/Timer_BusyToCollision_PM.c ****         } /* Do nothing if Timer was disabled before */
 158:.\Generated_Source\PSoC5/Timer_BusyToCollision_PM.c ****     #endif /* Remove this code section if Control register is removed */
 159:.\Generated_Source\PSoC5/Timer_BusyToCollision_PM.c **** }
 196              		.loc 1 159 0
 197 001a 80BD     		pop	{r7, pc}
 198              		.cfi_endproc
 199              	.LFE3:
 200              		.size	Timer_BusyToCollision_Wakeup, .-Timer_BusyToCollision_Wakeup
 201              		.text
 202              	.Letext0:
 203              		.file 2 ".\\Generated_Source\\PSoC5\\cytypes.h"
 204              		.file 3 ".\\Generated_Source\\PSoC5\\Timer_BusyToCollision.h"
 205              		.section	.debug_info,"",%progbits
 206              	.Ldebug_info0:
 207 0000 63010000 		.4byte	0x163
 208 0004 0200     		.2byte	0x2
 209 0006 00000000 		.4byte	.Ldebug_abbrev0
 210 000a 04       		.byte	0x4
 211 000b 01       		.uleb128 0x1
 212 000c 5B000000 		.4byte	.LASF25
 213 0010 01       		.byte	0x1
 214 0011 DB010000 		.4byte	.LASF26
 215 0015 31010000 		.4byte	.LASF27
 216 0019 00000000 		.4byte	.Ldebug_ranges0+0
 217 001d 00000000 		.4byte	0
 218 0021 00000000 		.4byte	0
 219 0025 00000000 		.4byte	.Ldebug_line0
 220 0029 02       		.uleb128 0x2
 221 002a 01       		.byte	0x1
 222 002b 06       		.byte	0x6
 223 002c 22020000 		.4byte	.LASF0
 224 0030 02       		.uleb128 0x2
 225 0031 01       		.byte	0x1
 226 0032 08       		.byte	0x8
 227 0033 23010000 		.4byte	.LASF1
 228 0037 02       		.uleb128 0x2
 229 0038 02       		.byte	0x2
 230 0039 05       		.byte	0x5
 231 003a A1020000 		.4byte	.LASF2
 232 003e 02       		.uleb128 0x2
 233 003f 02       		.byte	0x2
 234 0040 07       		.byte	0x7
 235 0041 0F020000 		.4byte	.LASF3
 236 0045 02       		.uleb128 0x2
 237 0046 04       		.byte	0x4
 238 0047 05       		.byte	0x5
 239 0048 B3010000 		.4byte	.LASF4
ARM GAS  C:\Users\makij\AppData\Local\Temp\ccVJor7s.s 			page 8


 240 004c 02       		.uleb128 0x2
 241 004d 04       		.byte	0x4
 242 004e 07       		.byte	0x7
 243 004f AA000000 		.4byte	.LASF5
 244 0053 02       		.uleb128 0x2
 245 0054 08       		.byte	0x8
 246 0055 05       		.byte	0x5
 247 0056 00000000 		.4byte	.LASF6
 248 005a 02       		.uleb128 0x2
 249 005b 08       		.byte	0x8
 250 005c 07       		.byte	0x7
 251 005d E0000000 		.4byte	.LASF7
 252 0061 03       		.uleb128 0x3
 253 0062 04       		.byte	0x4
 254 0063 05       		.byte	0x5
 255 0064 696E7400 		.ascii	"int\000"
 256 0068 02       		.uleb128 0x2
 257 0069 04       		.byte	0x4
 258 006a 07       		.byte	0x7
 259 006b 31000000 		.4byte	.LASF8
 260 006f 04       		.uleb128 0x4
 261 0070 A4000000 		.4byte	.LASF9
 262 0074 02       		.byte	0x2
 263 0075 5B       		.byte	0x5b
 264 0076 30000000 		.4byte	0x30
 265 007a 04       		.uleb128 0x4
 266 007b 5D020000 		.4byte	.LASF10
 267 007f 02       		.byte	0x2
 268 0080 5C       		.byte	0x5c
 269 0081 3E000000 		.4byte	0x3e
 270 0085 02       		.uleb128 0x2
 271 0086 04       		.byte	0x4
 272 0087 04       		.byte	0x4
 273 0088 0C010000 		.4byte	.LASF11
 274 008c 02       		.uleb128 0x2
 275 008d 08       		.byte	0x8
 276 008e 04       		.byte	0x4
 277 008f D4010000 		.4byte	.LASF12
 278 0093 02       		.uleb128 0x2
 279 0094 01       		.byte	0x1
 280 0095 08       		.byte	0x8
 281 0096 AE010000 		.4byte	.LASF13
 282 009a 04       		.uleb128 0x4
 283 009b CF010000 		.4byte	.LASF14
 284 009f 02       		.byte	0x2
 285 00a0 F0       		.byte	0xf0
 286 00a1 A5000000 		.4byte	0xa5
 287 00a5 05       		.uleb128 0x5
 288 00a6 6F000000 		.4byte	0x6f
 289 00aa 02       		.uleb128 0x2
 290 00ab 04       		.byte	0x4
 291 00ac 07       		.byte	0x7
 292 00ad 2E020000 		.4byte	.LASF15
 293 00b1 06       		.uleb128 0x6
 294 00b2 06       		.byte	0x6
 295 00b3 03       		.byte	0x3
 296 00b4 43       		.byte	0x43
ARM GAS  C:\Users\makij\AppData\Local\Temp\ccVJor7s.s 			page 9


 297 00b5 F2000000 		.4byte	0xf2
 298 00b9 07       		.uleb128 0x7
 299 00ba 12010000 		.4byte	.LASF16
 300 00be 03       		.byte	0x3
 301 00bf 45       		.byte	0x45
 302 00c0 6F000000 		.4byte	0x6f
 303 00c4 02       		.byte	0x2
 304 00c5 23       		.byte	0x23
 305 00c6 00       		.uleb128 0
 306 00c7 07       		.uleb128 0x7
 307 00c8 54020000 		.4byte	.LASF17
 308 00cc 03       		.byte	0x3
 309 00cd 48       		.byte	0x48
 310 00ce 7A000000 		.4byte	0x7a
 311 00d2 02       		.byte	0x2
 312 00d3 23       		.byte	0x23
 313 00d4 02       		.uleb128 0x2
 314 00d5 07       		.uleb128 0x7
 315 00d6 BC010000 		.4byte	.LASF18
 316 00da 03       		.byte	0x3
 317 00db 49       		.byte	0x49
 318 00dc 6F000000 		.4byte	0x6f
 319 00e0 02       		.byte	0x2
 320 00e1 23       		.byte	0x23
 321 00e2 04       		.uleb128 0x4
 322 00e3 07       		.uleb128 0x7
 323 00e4 F7000000 		.4byte	.LASF19
 324 00e8 03       		.byte	0x3
 325 00e9 4F       		.byte	0x4f
 326 00ea 6F000000 		.4byte	0x6f
 327 00ee 02       		.byte	0x2
 328 00ef 23       		.byte	0x23
 329 00f0 05       		.uleb128 0x5
 330 00f1 00       		.byte	0
 331 00f2 04       		.uleb128 0x4
 332 00f3 0E000000 		.4byte	.LASF20
 333 00f7 03       		.byte	0x3
 334 00f8 53       		.byte	0x53
 335 00f9 B1000000 		.4byte	0xb1
 336 00fd 08       		.uleb128 0x8
 337 00fe 01       		.byte	0x1
 338 00ff 64020000 		.4byte	.LASF21
 339 0103 01       		.byte	0x1
 340 0104 2B       		.byte	0x2b
 341 0105 01       		.byte	0x1
 342 0106 00000000 		.4byte	.LFB0
 343 010a 40000000 		.4byte	.LFE0
 344 010e 00000000 		.4byte	.LLST0
 345 0112 01       		.byte	0x1
 346 0113 08       		.uleb128 0x8
 347 0114 01       		.byte	0x1
 348 0115 BC000000 		.4byte	.LASF22
 349 0119 01       		.byte	0x1
 350 011a 4D       		.byte	0x4d
 351 011b 01       		.byte	0x1
 352 011c 00000000 		.4byte	.LFB1
 353 0120 3A000000 		.4byte	.LFE1
ARM GAS  C:\Users\makij\AppData\Local\Temp\ccVJor7s.s 			page 10


 354 0124 2C000000 		.4byte	.LLST1
 355 0128 01       		.byte	0x1
 356 0129 08       		.uleb128 0x8
 357 012a 01       		.byte	0x1
 358 012b 85020000 		.4byte	.LASF23
 359 012f 01       		.byte	0x1
 360 0130 70       		.byte	0x70
 361 0131 01       		.byte	0x1
 362 0132 00000000 		.4byte	.LFB2
 363 0136 40000000 		.4byte	.LFE2
 364 013a 58000000 		.4byte	.LLST2
 365 013e 01       		.byte	0x1
 366 013f 08       		.uleb128 0x8
 367 0140 01       		.byte	0x1
 368 0141 3E000000 		.4byte	.LASF24
 369 0145 01       		.byte	0x1
 370 0146 96       		.byte	0x96
 371 0147 01       		.byte	0x1
 372 0148 00000000 		.4byte	.LFB3
 373 014c 1C000000 		.4byte	.LFE3
 374 0150 84000000 		.4byte	.LLST3
 375 0154 01       		.byte	0x1
 376 0155 09       		.uleb128 0x9
 377 0156 37020000 		.4byte	.LASF28
 378 015a 01       		.byte	0x1
 379 015b 15       		.byte	0x15
 380 015c F2000000 		.4byte	0xf2
 381 0160 05       		.byte	0x5
 382 0161 03       		.byte	0x3
 383 0162 00000000 		.4byte	Timer_BusyToCollision_backup
 384 0166 00       		.byte	0
 385              		.section	.debug_abbrev,"",%progbits
 386              	.Ldebug_abbrev0:
 387 0000 01       		.uleb128 0x1
 388 0001 11       		.uleb128 0x11
 389 0002 01       		.byte	0x1
 390 0003 25       		.uleb128 0x25
 391 0004 0E       		.uleb128 0xe
 392 0005 13       		.uleb128 0x13
 393 0006 0B       		.uleb128 0xb
 394 0007 03       		.uleb128 0x3
 395 0008 0E       		.uleb128 0xe
 396 0009 1B       		.uleb128 0x1b
 397 000a 0E       		.uleb128 0xe
 398 000b 55       		.uleb128 0x55
 399 000c 06       		.uleb128 0x6
 400 000d 11       		.uleb128 0x11
 401 000e 01       		.uleb128 0x1
 402 000f 52       		.uleb128 0x52
 403 0010 01       		.uleb128 0x1
 404 0011 10       		.uleb128 0x10
 405 0012 06       		.uleb128 0x6
 406 0013 00       		.byte	0
 407 0014 00       		.byte	0
 408 0015 02       		.uleb128 0x2
 409 0016 24       		.uleb128 0x24
 410 0017 00       		.byte	0
ARM GAS  C:\Users\makij\AppData\Local\Temp\ccVJor7s.s 			page 11


 411 0018 0B       		.uleb128 0xb
 412 0019 0B       		.uleb128 0xb
 413 001a 3E       		.uleb128 0x3e
 414 001b 0B       		.uleb128 0xb
 415 001c 03       		.uleb128 0x3
 416 001d 0E       		.uleb128 0xe
 417 001e 00       		.byte	0
 418 001f 00       		.byte	0
 419 0020 03       		.uleb128 0x3
 420 0021 24       		.uleb128 0x24
 421 0022 00       		.byte	0
 422 0023 0B       		.uleb128 0xb
 423 0024 0B       		.uleb128 0xb
 424 0025 3E       		.uleb128 0x3e
 425 0026 0B       		.uleb128 0xb
 426 0027 03       		.uleb128 0x3
 427 0028 08       		.uleb128 0x8
 428 0029 00       		.byte	0
 429 002a 00       		.byte	0
 430 002b 04       		.uleb128 0x4
 431 002c 16       		.uleb128 0x16
 432 002d 00       		.byte	0
 433 002e 03       		.uleb128 0x3
 434 002f 0E       		.uleb128 0xe
 435 0030 3A       		.uleb128 0x3a
 436 0031 0B       		.uleb128 0xb
 437 0032 3B       		.uleb128 0x3b
 438 0033 0B       		.uleb128 0xb
 439 0034 49       		.uleb128 0x49
 440 0035 13       		.uleb128 0x13
 441 0036 00       		.byte	0
 442 0037 00       		.byte	0
 443 0038 05       		.uleb128 0x5
 444 0039 35       		.uleb128 0x35
 445 003a 00       		.byte	0
 446 003b 49       		.uleb128 0x49
 447 003c 13       		.uleb128 0x13
 448 003d 00       		.byte	0
 449 003e 00       		.byte	0
 450 003f 06       		.uleb128 0x6
 451 0040 13       		.uleb128 0x13
 452 0041 01       		.byte	0x1
 453 0042 0B       		.uleb128 0xb
 454 0043 0B       		.uleb128 0xb
 455 0044 3A       		.uleb128 0x3a
 456 0045 0B       		.uleb128 0xb
 457 0046 3B       		.uleb128 0x3b
 458 0047 0B       		.uleb128 0xb
 459 0048 01       		.uleb128 0x1
 460 0049 13       		.uleb128 0x13
 461 004a 00       		.byte	0
 462 004b 00       		.byte	0
 463 004c 07       		.uleb128 0x7
 464 004d 0D       		.uleb128 0xd
 465 004e 00       		.byte	0
 466 004f 03       		.uleb128 0x3
 467 0050 0E       		.uleb128 0xe
ARM GAS  C:\Users\makij\AppData\Local\Temp\ccVJor7s.s 			page 12


 468 0051 3A       		.uleb128 0x3a
 469 0052 0B       		.uleb128 0xb
 470 0053 3B       		.uleb128 0x3b
 471 0054 0B       		.uleb128 0xb
 472 0055 49       		.uleb128 0x49
 473 0056 13       		.uleb128 0x13
 474 0057 38       		.uleb128 0x38
 475 0058 0A       		.uleb128 0xa
 476 0059 00       		.byte	0
 477 005a 00       		.byte	0
 478 005b 08       		.uleb128 0x8
 479 005c 2E       		.uleb128 0x2e
 480 005d 00       		.byte	0
 481 005e 3F       		.uleb128 0x3f
 482 005f 0C       		.uleb128 0xc
 483 0060 03       		.uleb128 0x3
 484 0061 0E       		.uleb128 0xe
 485 0062 3A       		.uleb128 0x3a
 486 0063 0B       		.uleb128 0xb
 487 0064 3B       		.uleb128 0x3b
 488 0065 0B       		.uleb128 0xb
 489 0066 27       		.uleb128 0x27
 490 0067 0C       		.uleb128 0xc
 491 0068 11       		.uleb128 0x11
 492 0069 01       		.uleb128 0x1
 493 006a 12       		.uleb128 0x12
 494 006b 01       		.uleb128 0x1
 495 006c 40       		.uleb128 0x40
 496 006d 06       		.uleb128 0x6
 497 006e 9642     		.uleb128 0x2116
 498 0070 0C       		.uleb128 0xc
 499 0071 00       		.byte	0
 500 0072 00       		.byte	0
 501 0073 09       		.uleb128 0x9
 502 0074 34       		.uleb128 0x34
 503 0075 00       		.byte	0
 504 0076 03       		.uleb128 0x3
 505 0077 0E       		.uleb128 0xe
 506 0078 3A       		.uleb128 0x3a
 507 0079 0B       		.uleb128 0xb
 508 007a 3B       		.uleb128 0x3b
 509 007b 0B       		.uleb128 0xb
 510 007c 49       		.uleb128 0x49
 511 007d 13       		.uleb128 0x13
 512 007e 02       		.uleb128 0x2
 513 007f 0A       		.uleb128 0xa
 514 0080 00       		.byte	0
 515 0081 00       		.byte	0
 516 0082 00       		.byte	0
 517              		.section	.debug_loc,"",%progbits
 518              	.Ldebug_loc0:
 519              	.LLST0:
 520 0000 00000000 		.4byte	.LFB0
 521 0004 02000000 		.4byte	.LCFI0
 522 0008 0200     		.2byte	0x2
 523 000a 7D       		.byte	0x7d
 524 000b 00       		.sleb128 0
ARM GAS  C:\Users\makij\AppData\Local\Temp\ccVJor7s.s 			page 13


 525 000c 02000000 		.4byte	.LCFI0
 526 0010 04000000 		.4byte	.LCFI1
 527 0014 0200     		.2byte	0x2
 528 0016 7D       		.byte	0x7d
 529 0017 08       		.sleb128 8
 530 0018 04000000 		.4byte	.LCFI1
 531 001c 40000000 		.4byte	.LFE0
 532 0020 0200     		.2byte	0x2
 533 0022 77       		.byte	0x77
 534 0023 08       		.sleb128 8
 535 0024 00000000 		.4byte	0
 536 0028 00000000 		.4byte	0
 537              	.LLST1:
 538 002c 00000000 		.4byte	.LFB1
 539 0030 02000000 		.4byte	.LCFI2
 540 0034 0200     		.2byte	0x2
 541 0036 7D       		.byte	0x7d
 542 0037 00       		.sleb128 0
 543 0038 02000000 		.4byte	.LCFI2
 544 003c 04000000 		.4byte	.LCFI3
 545 0040 0200     		.2byte	0x2
 546 0042 7D       		.byte	0x7d
 547 0043 08       		.sleb128 8
 548 0044 04000000 		.4byte	.LCFI3
 549 0048 3A000000 		.4byte	.LFE1
 550 004c 0200     		.2byte	0x2
 551 004e 77       		.byte	0x77
 552 004f 08       		.sleb128 8
 553 0050 00000000 		.4byte	0
 554 0054 00000000 		.4byte	0
 555              	.LLST2:
 556 0058 00000000 		.4byte	.LFB2
 557 005c 02000000 		.4byte	.LCFI4
 558 0060 0200     		.2byte	0x2
 559 0062 7D       		.byte	0x7d
 560 0063 00       		.sleb128 0
 561 0064 02000000 		.4byte	.LCFI4
 562 0068 04000000 		.4byte	.LCFI5
 563 006c 0200     		.2byte	0x2
 564 006e 7D       		.byte	0x7d
 565 006f 08       		.sleb128 8
 566 0070 04000000 		.4byte	.LCFI5
 567 0074 40000000 		.4byte	.LFE2
 568 0078 0200     		.2byte	0x2
 569 007a 77       		.byte	0x77
 570 007b 08       		.sleb128 8
 571 007c 00000000 		.4byte	0
 572 0080 00000000 		.4byte	0
 573              	.LLST3:
 574 0084 00000000 		.4byte	.LFB3
 575 0088 02000000 		.4byte	.LCFI6
 576 008c 0200     		.2byte	0x2
 577 008e 7D       		.byte	0x7d
 578 008f 00       		.sleb128 0
 579 0090 02000000 		.4byte	.LCFI6
 580 0094 04000000 		.4byte	.LCFI7
 581 0098 0200     		.2byte	0x2
ARM GAS  C:\Users\makij\AppData\Local\Temp\ccVJor7s.s 			page 14


 582 009a 7D       		.byte	0x7d
 583 009b 08       		.sleb128 8
 584 009c 04000000 		.4byte	.LCFI7
 585 00a0 1C000000 		.4byte	.LFE3
 586 00a4 0200     		.2byte	0x2
 587 00a6 77       		.byte	0x77
 588 00a7 08       		.sleb128 8
 589 00a8 00000000 		.4byte	0
 590 00ac 00000000 		.4byte	0
 591              		.section	.debug_aranges,"",%progbits
 592 0000 34000000 		.4byte	0x34
 593 0004 0200     		.2byte	0x2
 594 0006 00000000 		.4byte	.Ldebug_info0
 595 000a 04       		.byte	0x4
 596 000b 00       		.byte	0
 597 000c 0000     		.2byte	0
 598 000e 0000     		.2byte	0
 599 0010 00000000 		.4byte	.LFB0
 600 0014 40000000 		.4byte	.LFE0-.LFB0
 601 0018 00000000 		.4byte	.LFB1
 602 001c 3A000000 		.4byte	.LFE1-.LFB1
 603 0020 00000000 		.4byte	.LFB2
 604 0024 40000000 		.4byte	.LFE2-.LFB2
 605 0028 00000000 		.4byte	.LFB3
 606 002c 1C000000 		.4byte	.LFE3-.LFB3
 607 0030 00000000 		.4byte	0
 608 0034 00000000 		.4byte	0
 609              		.section	.debug_ranges,"",%progbits
 610              	.Ldebug_ranges0:
 611 0000 00000000 		.4byte	.LFB0
 612 0004 40000000 		.4byte	.LFE0
 613 0008 00000000 		.4byte	.LFB1
 614 000c 3A000000 		.4byte	.LFE1
 615 0010 00000000 		.4byte	.LFB2
 616 0014 40000000 		.4byte	.LFE2
 617 0018 00000000 		.4byte	.LFB3
 618 001c 1C000000 		.4byte	.LFE3
 619 0020 00000000 		.4byte	0
 620 0024 00000000 		.4byte	0
 621              		.section	.debug_line,"",%progbits
 622              	.Ldebug_line0:
 623 0000 C9000000 		.section	.debug_str,"MS",%progbits,1
 623      02007200 
 623      00000201 
 623      FB0E0D00 
 623      01010101 
 624              	.LASF6:
 625 0000 6C6F6E67 		.ascii	"long long int\000"
 625      206C6F6E 
 625      6720696E 
 625      7400
 626              	.LASF20:
 627 000e 54696D65 		.ascii	"Timer_BusyToCollision_backupStruct\000"
 627      725F4275 
 627      7379546F 
 627      436F6C6C 
 627      6973696F 
ARM GAS  C:\Users\makij\AppData\Local\Temp\ccVJor7s.s 			page 15


 628              	.LASF8:
 629 0031 756E7369 		.ascii	"unsigned int\000"
 629      676E6564 
 629      20696E74 
 629      00
 630              	.LASF24:
 631 003e 54696D65 		.ascii	"Timer_BusyToCollision_Wakeup\000"
 631      725F4275 
 631      7379546F 
 631      436F6C6C 
 631      6973696F 
 632              	.LASF25:
 633 005b 474E5520 		.ascii	"GNU C 4.7.3 20130312 (release) [ARM/embedded-4_7-br"
 633      4320342E 
 633      372E3320 
 633      32303133 
 633      30333132 
 634 008e 616E6368 		.ascii	"anch revision 196615]\000"
 634      20726576 
 634      6973696F 
 634      6E203139 
 634      36363135 
 635              	.LASF9:
 636 00a4 75696E74 		.ascii	"uint8\000"
 636      3800
 637              	.LASF5:
 638 00aa 6C6F6E67 		.ascii	"long unsigned int\000"
 638      20756E73 
 638      69676E65 
 638      6420696E 
 638      7400
 639              	.LASF22:
 640 00bc 54696D65 		.ascii	"Timer_BusyToCollision_RestoreConfig\000"
 640      725F4275 
 640      7379546F 
 640      436F6C6C 
 640      6973696F 
 641              	.LASF7:
 642 00e0 6C6F6E67 		.ascii	"long long unsigned int\000"
 642      206C6F6E 
 642      6720756E 
 642      7369676E 
 642      65642069 
 643              	.LASF19:
 644 00f7 54696D65 		.ascii	"TimerControlRegister\000"
 644      72436F6E 
 644      74726F6C 
 644      52656769 
 644      73746572 
 645              	.LASF11:
 646 010c 666C6F61 		.ascii	"float\000"
 646      7400
 647              	.LASF16:
 648 0112 54696D65 		.ascii	"TimerEnableState\000"
 648      72456E61 
 648      626C6553 
 648      74617465 
ARM GAS  C:\Users\makij\AppData\Local\Temp\ccVJor7s.s 			page 16


 648      00
 649              	.LASF1:
 650 0123 756E7369 		.ascii	"unsigned char\000"
 650      676E6564 
 650      20636861 
 650      7200
 651              	.LASF27:
 652 0131 443A5C4D 		.ascii	"D:\\MSOE\\2014-2015\\Winter\\CE4950_021_Network\\la"
 652      534F455C 
 652      32303134 
 652      2D323031 
 652      355C5769 
 653 015f 625C5072 		.ascii	"b\\Project\\ce4950Project\\Networking\\Networking P"
 653      6F6A6563 
 653      745C6365 
 653      34393530 
 653      50726F6A 
 654 018e 726F6A65 		.ascii	"roject\\Networking Project.cydsn\000"
 654      63745C4E 
 654      6574776F 
 654      726B696E 
 654      67205072 
 655              	.LASF13:
 656 01ae 63686172 		.ascii	"char\000"
 656      00
 657              	.LASF4:
 658 01b3 6C6F6E67 		.ascii	"long int\000"
 658      20696E74 
 658      00
 659              	.LASF18:
 660 01bc 496E7465 		.ascii	"InterruptMaskValue\000"
 660      72727570 
 660      744D6173 
 660      6B56616C 
 660      756500
 661              	.LASF14:
 662 01cf 72656738 		.ascii	"reg8\000"
 662      00
 663              	.LASF12:
 664 01d4 646F7562 		.ascii	"double\000"
 664      6C6500
 665              	.LASF26:
 666 01db 2E5C4765 		.ascii	".\\Generated_Source\\PSoC5\\Timer_BusyToCollision_P"
 666      6E657261 
 666      7465645F 
 666      536F7572 
 666      63655C50 
 667 020b 4D2E6300 		.ascii	"M.c\000"
 668              	.LASF3:
 669 020f 73686F72 		.ascii	"short unsigned int\000"
 669      7420756E 
 669      7369676E 
 669      65642069 
 669      6E7400
 670              	.LASF0:
 671 0222 7369676E 		.ascii	"signed char\000"
 671      65642063 
ARM GAS  C:\Users\makij\AppData\Local\Temp\ccVJor7s.s 			page 17


 671      68617200 
 672              	.LASF15:
 673 022e 73697A65 		.ascii	"sizetype\000"
 673      74797065 
 673      00
 674              	.LASF28:
 675 0237 54696D65 		.ascii	"Timer_BusyToCollision_backup\000"
 675      725F4275 
 675      7379546F 
 675      436F6C6C 
 675      6973696F 
 676              	.LASF17:
 677 0254 54696D65 		.ascii	"TimerUdb\000"
 677      72556462 
 677      00
 678              	.LASF10:
 679 025d 75696E74 		.ascii	"uint16\000"
 679      313600
 680              	.LASF21:
 681 0264 54696D65 		.ascii	"Timer_BusyToCollision_SaveConfig\000"
 681      725F4275 
 681      7379546F 
 681      436F6C6C 
 681      6973696F 
 682              	.LASF23:
 683 0285 54696D65 		.ascii	"Timer_BusyToCollision_Sleep\000"
 683      725F4275 
 683      7379546F 
 683      436F6C6C 
 683      6973696F 
 684              	.LASF2:
 685 02a1 73686F72 		.ascii	"short int\000"
 685      7420696E 
 685      7400
 686              		.ident	"GCC: (GNU Tools for ARM Embedded Processors) 4.7.3 20130312 (release) [ARM/embedded-4_7-br
