ARM GAS  C:\Users\makij\AppData\Local\Temp\ccTiPcJU.s 			page 1


   1              		.syntax unified
   2              		.cpu cortex-m3
   3              		.fpu softvfp
   4              		.eabi_attribute 20, 1
   5              		.eabi_attribute 21, 1
   6              		.eabi_attribute 23, 3
   7              		.eabi_attribute 24, 1
   8              		.eabi_attribute 25, 1
   9              		.eabi_attribute 26, 1
  10              		.eabi_attribute 30, 6
  11              		.eabi_attribute 34, 1
  12              		.eabi_attribute 18, 4
  13              		.thumb
  14              		.file	"USB_episr.c"
  15              		.text
  16              	.Ltext0:
  17              		.cfi_sections	.debug_frame
  18              		.section	.text.USB_EP_1_ISR,"ax",%progbits
  19              		.align	2
  20              		.global	USB_EP_1_ISR
  21              		.thumb
  22              		.thumb_func
  23              		.type	USB_EP_1_ISR, %function
  24              	USB_EP_1_ISR:
  25              	.LFB0:
  26              		.file 1 ".\\Generated_Source\\PSoC5\\USB_episr.c"
   1:.\Generated_Source\PSoC5/USB_episr.c **** /*******************************************************************************
   2:.\Generated_Source\PSoC5/USB_episr.c **** * File Name: USB_episr.c
   3:.\Generated_Source\PSoC5/USB_episr.c **** * Version 2.70
   4:.\Generated_Source\PSoC5/USB_episr.c **** *
   5:.\Generated_Source\PSoC5/USB_episr.c **** * Description:
   6:.\Generated_Source\PSoC5/USB_episr.c **** *  Data endpoint Interrupt Service Routines
   7:.\Generated_Source\PSoC5/USB_episr.c **** *
   8:.\Generated_Source\PSoC5/USB_episr.c **** * Note:
   9:.\Generated_Source\PSoC5/USB_episr.c **** *
  10:.\Generated_Source\PSoC5/USB_episr.c **** ********************************************************************************
  11:.\Generated_Source\PSoC5/USB_episr.c **** * Copyright 2008-2013, Cypress Semiconductor Corporation.  All rights reserved.
  12:.\Generated_Source\PSoC5/USB_episr.c **** * You may use this file only in accordance with the license, terms, conditions,
  13:.\Generated_Source\PSoC5/USB_episr.c **** * disclaimers, and limitations in the end user license agreement accompanying
  14:.\Generated_Source\PSoC5/USB_episr.c **** * the software package with which this file was provided.
  15:.\Generated_Source\PSoC5/USB_episr.c **** *******************************************************************************/
  16:.\Generated_Source\PSoC5/USB_episr.c **** 
  17:.\Generated_Source\PSoC5/USB_episr.c **** #include "USB.h"
  18:.\Generated_Source\PSoC5/USB_episr.c **** #include "USB_pvt.h"
  19:.\Generated_Source\PSoC5/USB_episr.c **** #if (defined(USB_ENABLE_MIDI_STREAMING) && (USB_ENABLE_MIDI_API != 0u))
  20:.\Generated_Source\PSoC5/USB_episr.c ****     #include "USB_midi.h"
  21:.\Generated_Source\PSoC5/USB_episr.c **** #endif /* (defined(USB_ENABLE_MIDI_STREAMING) && (USB_ENABLE_MIDI_API != 0u)) */
  22:.\Generated_Source\PSoC5/USB_episr.c **** #if ((USB_EP_MM == USB__EP_DMAAUTO) && (USB_EP_DMA_AUTO_OPT == 0u))
  23:.\Generated_Source\PSoC5/USB_episr.c ****     #include "USB_EP8_DMA_Done_SR.h"
  24:.\Generated_Source\PSoC5/USB_episr.c ****     #include "USB_EP17_DMA_Done_SR.h"
  25:.\Generated_Source\PSoC5/USB_episr.c **** #endif /* (USB_EP_MM == USB__EP_DMAAUTO) && (USB_EP_DMA_AUTO_OPT == 0u) */
  26:.\Generated_Source\PSoC5/USB_episr.c **** 
  27:.\Generated_Source\PSoC5/USB_episr.c **** 
  28:.\Generated_Source\PSoC5/USB_episr.c **** /***************************************
  29:.\Generated_Source\PSoC5/USB_episr.c **** * Custom Declarations
  30:.\Generated_Source\PSoC5/USB_episr.c **** ***************************************/
  31:.\Generated_Source\PSoC5/USB_episr.c **** /* `#START CUSTOM_DECLARATIONS` Place your declaration here */
ARM GAS  C:\Users\makij\AppData\Local\Temp\ccTiPcJU.s 			page 2


  32:.\Generated_Source\PSoC5/USB_episr.c **** 
  33:.\Generated_Source\PSoC5/USB_episr.c **** /* `#END` */
  34:.\Generated_Source\PSoC5/USB_episr.c **** 
  35:.\Generated_Source\PSoC5/USB_episr.c **** 
  36:.\Generated_Source\PSoC5/USB_episr.c **** #if(USB_EP1_ISR_REMOVE == 0u)
  37:.\Generated_Source\PSoC5/USB_episr.c **** 
  38:.\Generated_Source\PSoC5/USB_episr.c **** 
  39:.\Generated_Source\PSoC5/USB_episr.c ****     /******************************************************************************
  40:.\Generated_Source\PSoC5/USB_episr.c ****     * Function Name: USB_EP_1_ISR
  41:.\Generated_Source\PSoC5/USB_episr.c ****     *******************************************************************************
  42:.\Generated_Source\PSoC5/USB_episr.c ****     *
  43:.\Generated_Source\PSoC5/USB_episr.c ****     * Summary:
  44:.\Generated_Source\PSoC5/USB_episr.c ****     *  Endpoint 1 Interrupt Service Routine
  45:.\Generated_Source\PSoC5/USB_episr.c ****     *
  46:.\Generated_Source\PSoC5/USB_episr.c ****     * Parameters:
  47:.\Generated_Source\PSoC5/USB_episr.c ****     *  None.
  48:.\Generated_Source\PSoC5/USB_episr.c ****     *
  49:.\Generated_Source\PSoC5/USB_episr.c ****     * Return:
  50:.\Generated_Source\PSoC5/USB_episr.c ****     *  None.
  51:.\Generated_Source\PSoC5/USB_episr.c ****     *
  52:.\Generated_Source\PSoC5/USB_episr.c ****     ******************************************************************************/
  53:.\Generated_Source\PSoC5/USB_episr.c ****     CY_ISR(USB_EP_1_ISR)
  54:.\Generated_Source\PSoC5/USB_episr.c ****     {
  27              		.loc 1 54 0
  28              		.cfi_startproc
  29              		@ args = 0, pretend = 0, frame = 0
  30              		@ frame_needed = 1, uses_anonymous_args = 0
  31              		@ link register save eliminated.
  32 0000 80B4     		push	{r7}
  33              	.LCFI0:
  34              		.cfi_def_cfa_offset 4
  35              		.cfi_offset 7, -4
  36 0002 00AF     		add	r7, sp, #0
  37              	.LCFI1:
  38              		.cfi_def_cfa_register 7
  55:.\Generated_Source\PSoC5/USB_episr.c ****         #if (defined(USB_ENABLE_MIDI_STREAMING) && !defined(USB_MAIN_SERVICE_MIDI_OUT)  && \
  56:.\Generated_Source\PSoC5/USB_episr.c ****                      USB_ISR_SERVICE_MIDI_OUT && CY_PSOC3)
  57:.\Generated_Source\PSoC5/USB_episr.c ****             uint8 int_en;
  58:.\Generated_Source\PSoC5/USB_episr.c ****         #endif /* USB_ISR_SERVICE_MIDI_OUT && CY_PSOC3 */
  59:.\Generated_Source\PSoC5/USB_episr.c **** 
  60:.\Generated_Source\PSoC5/USB_episr.c ****         /* `#START EP1_USER_CODE` Place your code here */
  61:.\Generated_Source\PSoC5/USB_episr.c **** 
  62:.\Generated_Source\PSoC5/USB_episr.c ****         /* `#END` */
  63:.\Generated_Source\PSoC5/USB_episr.c **** 
  64:.\Generated_Source\PSoC5/USB_episr.c ****         #if (defined(USB_ENABLE_MIDI_STREAMING) && !defined(USB_MAIN_SERVICE_MIDI_OUT) && \
  65:.\Generated_Source\PSoC5/USB_episr.c ****                      USB_ISR_SERVICE_MIDI_OUT && CY_PSOC3)
  66:.\Generated_Source\PSoC5/USB_episr.c ****             int_en = EA;
  67:.\Generated_Source\PSoC5/USB_episr.c ****             CyGlobalIntEnable;  /* Make sure nested interrupt is enabled */
  68:.\Generated_Source\PSoC5/USB_episr.c ****         #endif /* USB_ISR_SERVICE_MIDI_OUT && CY_PSOC3 */
  69:.\Generated_Source\PSoC5/USB_episr.c **** 
  70:.\Generated_Source\PSoC5/USB_episr.c ****         CY_GET_REG8(USB_SIE_EP1_CR0_PTR); /* Must read the mode reg */
  39              		.loc 1 70 0
  40 0004 46F20E03 		movw	r3, #24590
  41 0008 C4F20003 		movt	r3, 16384
  42 000c 1B78     		ldrb	r3, [r3, #0]
  71:.\Generated_Source\PSoC5/USB_episr.c ****         /* Do not toggle ISOC endpoint */
  72:.\Generated_Source\PSoC5/USB_episr.c ****         if((USB_EP[USB_EP1].attrib & USB_EP_TYPE_MASK) !=
ARM GAS  C:\Users\makij\AppData\Local\Temp\ccTiPcJU.s 			page 3


  43              		.loc 1 72 0
  44 000e 40F20003 		movw	r3, #:lower16:USB_EP
  45 0012 C0F20003 		movt	r3, #:upper16:USB_EP
  46 0016 1B7B     		ldrb	r3, [r3, #12]
  47 0018 DBB2     		uxtb	r3, r3
  48 001a 03F00303 		and	r3, r3, #3
  49 001e 012B     		cmp	r3, #1
  50 0020 0FD0     		beq	.L2
  73:.\Generated_Source\PSoC5/USB_episr.c ****                                                                                     USB_EP_TYPE_ISO
  74:.\Generated_Source\PSoC5/USB_episr.c ****         {
  75:.\Generated_Source\PSoC5/USB_episr.c ****             USB_EP[USB_EP1].epToggle ^= USB_EPX_CNT_DATA_TOGGLE;
  51              		.loc 1 75 0
  52 0022 40F20003 		movw	r3, #:lower16:USB_EP
  53 0026 C0F20003 		movt	r3, #:upper16:USB_EP
  54 002a DB7B     		ldrb	r3, [r3, #15]
  55 002c DBB2     		uxtb	r3, r3
  56 002e 83F07F03 		eor	r3, r3, #127
  57 0032 6FEA0303 		mvn	r3, r3
  58 0036 DAB2     		uxtb	r2, r3
  59 0038 40F20003 		movw	r3, #:lower16:USB_EP
  60 003c C0F20003 		movt	r3, #:upper16:USB_EP
  61 0040 DA73     		strb	r2, [r3, #15]
  62              	.L2:
  76:.\Generated_Source\PSoC5/USB_episr.c ****         }
  77:.\Generated_Source\PSoC5/USB_episr.c ****         USB_EP[USB_EP1].apiEpState = USB_EVENT_PENDING;
  63              		.loc 1 77 0
  64 0042 40F20003 		movw	r3, #:lower16:USB_EP
  65 0046 C0F20003 		movt	r3, #:upper16:USB_EP
  66 004a 4FF00102 		mov	r2, #1
  67 004e 5A73     		strb	r2, [r3, #13]
  78:.\Generated_Source\PSoC5/USB_episr.c ****         CY_SET_REG8(USB_SIE_EP_INT_SR_PTR, CY_GET_REG8(USB_SIE_EP_INT_SR_PTR) &
  68              		.loc 1 78 0
  69 0050 46F20B03 		movw	r3, #24587
  70 0054 C4F20003 		movt	r3, 16384
  71 0058 46F20B02 		movw	r2, #24587
  72 005c C4F20002 		movt	r2, 16384
  73 0060 1278     		ldrb	r2, [r2, #0]
  74 0062 D2B2     		uxtb	r2, r2
  75 0064 22F00102 		bic	r2, r2, #1
  76 0068 D2B2     		uxtb	r2, r2
  77 006a 1A70     		strb	r2, [r3, #0]
  79:.\Generated_Source\PSoC5/USB_episr.c ****                                                                     (uint8)~USB_SIE_EP_INT_EP1_MASK
  80:.\Generated_Source\PSoC5/USB_episr.c **** 
  81:.\Generated_Source\PSoC5/USB_episr.c ****         #if (defined(USB_ENABLE_MIDI_STREAMING) && !defined(USB_MAIN_SERVICE_MIDI_OUT) && \
  82:.\Generated_Source\PSoC5/USB_episr.c ****                      USB_ISR_SERVICE_MIDI_OUT)
  83:.\Generated_Source\PSoC5/USB_episr.c ****             if(USB_midi_out_ep == USB_EP1)
  84:.\Generated_Source\PSoC5/USB_episr.c ****             {
  85:.\Generated_Source\PSoC5/USB_episr.c ****                 USB_MIDI_OUT_EP_Service();
  86:.\Generated_Source\PSoC5/USB_episr.c ****             }
  87:.\Generated_Source\PSoC5/USB_episr.c ****         #endif /*  USB_ISR_SERVICE_MIDI_OUT */
  88:.\Generated_Source\PSoC5/USB_episr.c **** 
  89:.\Generated_Source\PSoC5/USB_episr.c ****         /* `#START EP1_END_USER_CODE` Place your code here */
  90:.\Generated_Source\PSoC5/USB_episr.c **** 
  91:.\Generated_Source\PSoC5/USB_episr.c ****         /* `#END` */
  92:.\Generated_Source\PSoC5/USB_episr.c **** 
  93:.\Generated_Source\PSoC5/USB_episr.c ****         #if (defined(USB_ENABLE_MIDI_STREAMING) && !defined(USB_MAIN_SERVICE_MIDI_OUT) && \
  94:.\Generated_Source\PSoC5/USB_episr.c ****                      USB_ISR_SERVICE_MIDI_OUT && CY_PSOC3)
ARM GAS  C:\Users\makij\AppData\Local\Temp\ccTiPcJU.s 			page 4


  95:.\Generated_Source\PSoC5/USB_episr.c ****             EA = int_en;
  96:.\Generated_Source\PSoC5/USB_episr.c ****         #endif /* USB_ISR_SERVICE_MIDI_OUT && CY_PSOC3 */
  97:.\Generated_Source\PSoC5/USB_episr.c ****     }
  78              		.loc 1 97 0
  79 006c BD46     		mov	sp, r7
  80 006e 80BC     		pop	{r7}
  81 0070 7047     		bx	lr
  82              		.cfi_endproc
  83              	.LFE0:
  84              		.size	USB_EP_1_ISR, .-USB_EP_1_ISR
  85 0072 00BF     		.section	.text.USB_SOF_ISR,"ax",%progbits
  86              		.align	2
  87              		.global	USB_SOF_ISR
  88              		.thumb
  89              		.thumb_func
  90              		.type	USB_SOF_ISR, %function
  91              	USB_SOF_ISR:
  92              	.LFB1:
  98:.\Generated_Source\PSoC5/USB_episr.c **** 
  99:.\Generated_Source\PSoC5/USB_episr.c **** #endif   /*  USB_EP1_ISR_REMOVE */
 100:.\Generated_Source\PSoC5/USB_episr.c **** 
 101:.\Generated_Source\PSoC5/USB_episr.c **** 
 102:.\Generated_Source\PSoC5/USB_episr.c **** #if(USB_EP2_ISR_REMOVE == 0u)
 103:.\Generated_Source\PSoC5/USB_episr.c **** 
 104:.\Generated_Source\PSoC5/USB_episr.c ****     /*******************************************************************************
 105:.\Generated_Source\PSoC5/USB_episr.c ****     * Function Name: USB_EP_2_ISR
 106:.\Generated_Source\PSoC5/USB_episr.c ****     ********************************************************************************
 107:.\Generated_Source\PSoC5/USB_episr.c ****     *
 108:.\Generated_Source\PSoC5/USB_episr.c ****     * Summary:
 109:.\Generated_Source\PSoC5/USB_episr.c ****     *  Endpoint 2 Interrupt Service Routine
 110:.\Generated_Source\PSoC5/USB_episr.c ****     *
 111:.\Generated_Source\PSoC5/USB_episr.c ****     * Parameters:
 112:.\Generated_Source\PSoC5/USB_episr.c ****     *  None.
 113:.\Generated_Source\PSoC5/USB_episr.c ****     *
 114:.\Generated_Source\PSoC5/USB_episr.c ****     * Return:
 115:.\Generated_Source\PSoC5/USB_episr.c ****     *  None.
 116:.\Generated_Source\PSoC5/USB_episr.c ****     *
 117:.\Generated_Source\PSoC5/USB_episr.c ****     *******************************************************************************/
 118:.\Generated_Source\PSoC5/USB_episr.c ****     CY_ISR(USB_EP_2_ISR)
 119:.\Generated_Source\PSoC5/USB_episr.c ****     {
 120:.\Generated_Source\PSoC5/USB_episr.c ****         #if (defined(USB_ENABLE_MIDI_STREAMING) && !defined(USB_MAIN_SERVICE_MIDI_OUT) && \
 121:.\Generated_Source\PSoC5/USB_episr.c ****                      USB_ISR_SERVICE_MIDI_OUT && CY_PSOC3)
 122:.\Generated_Source\PSoC5/USB_episr.c ****             uint8 int_en;
 123:.\Generated_Source\PSoC5/USB_episr.c ****         #endif /* USB_ISR_SERVICE_MIDI_OUT && CY_PSOC3 */
 124:.\Generated_Source\PSoC5/USB_episr.c **** 
 125:.\Generated_Source\PSoC5/USB_episr.c ****         /* `#START EP2_USER_CODE` Place your code here */
 126:.\Generated_Source\PSoC5/USB_episr.c **** 
 127:.\Generated_Source\PSoC5/USB_episr.c ****         /* `#END` */
 128:.\Generated_Source\PSoC5/USB_episr.c **** 
 129:.\Generated_Source\PSoC5/USB_episr.c ****         #if (defined(USB_ENABLE_MIDI_STREAMING) && !defined(USB_MAIN_SERVICE_MIDI_OUT) && \
 130:.\Generated_Source\PSoC5/USB_episr.c ****                      USB_ISR_SERVICE_MIDI_OUT && CY_PSOC3)
 131:.\Generated_Source\PSoC5/USB_episr.c ****             int_en = EA;
 132:.\Generated_Source\PSoC5/USB_episr.c ****             CyGlobalIntEnable;  /* Make sure nested interrupt is enabled */
 133:.\Generated_Source\PSoC5/USB_episr.c ****         #endif /* USB_ISR_SERVICE_MIDI_OUT && CY_PSOC3 */
 134:.\Generated_Source\PSoC5/USB_episr.c **** 
 135:.\Generated_Source\PSoC5/USB_episr.c ****         CY_GET_REG8(USB_SIE_EP2_CR0_PTR); /* Must read the mode reg */
 136:.\Generated_Source\PSoC5/USB_episr.c ****         /* Do not toggle ISOC endpoint */
ARM GAS  C:\Users\makij\AppData\Local\Temp\ccTiPcJU.s 			page 5


 137:.\Generated_Source\PSoC5/USB_episr.c ****         if((USB_EP[USB_EP2].attrib & USB_EP_TYPE_MASK) !=
 138:.\Generated_Source\PSoC5/USB_episr.c ****                                                                                     USB_EP_TYPE_ISO
 139:.\Generated_Source\PSoC5/USB_episr.c ****         {
 140:.\Generated_Source\PSoC5/USB_episr.c ****             USB_EP[USB_EP2].epToggle ^= USB_EPX_CNT_DATA_TOGGLE;
 141:.\Generated_Source\PSoC5/USB_episr.c ****         }
 142:.\Generated_Source\PSoC5/USB_episr.c ****         USB_EP[USB_EP2].apiEpState = USB_EVENT_PENDING;
 143:.\Generated_Source\PSoC5/USB_episr.c ****         CY_SET_REG8(USB_SIE_EP_INT_SR_PTR, CY_GET_REG8(USB_SIE_EP_INT_SR_PTR)
 144:.\Generated_Source\PSoC5/USB_episr.c ****                                                                         & (uint8)~USB_SIE_EP_INT_EP
 145:.\Generated_Source\PSoC5/USB_episr.c **** 
 146:.\Generated_Source\PSoC5/USB_episr.c ****         #if (defined(USB_ENABLE_MIDI_STREAMING) && !defined(USB_MAIN_SERVICE_MIDI_OUT) && \
 147:.\Generated_Source\PSoC5/USB_episr.c ****                      USB_ISR_SERVICE_MIDI_OUT)
 148:.\Generated_Source\PSoC5/USB_episr.c ****             if(USB_midi_out_ep == USB_EP2)
 149:.\Generated_Source\PSoC5/USB_episr.c ****             {
 150:.\Generated_Source\PSoC5/USB_episr.c ****                 USB_MIDI_OUT_EP_Service();
 151:.\Generated_Source\PSoC5/USB_episr.c ****             }
 152:.\Generated_Source\PSoC5/USB_episr.c ****         #endif /*  USB_ISR_SERVICE_MIDI_OUT */
 153:.\Generated_Source\PSoC5/USB_episr.c **** 
 154:.\Generated_Source\PSoC5/USB_episr.c ****         /* `#START EP2_END_USER_CODE` Place your code here */
 155:.\Generated_Source\PSoC5/USB_episr.c **** 
 156:.\Generated_Source\PSoC5/USB_episr.c ****         /* `#END` */
 157:.\Generated_Source\PSoC5/USB_episr.c **** 
 158:.\Generated_Source\PSoC5/USB_episr.c ****         #if (defined(USB_ENABLE_MIDI_STREAMING) && !defined(USB_MAIN_SERVICE_MIDI_OUT) && \
 159:.\Generated_Source\PSoC5/USB_episr.c ****                      USB_ISR_SERVICE_MIDI_OUT && CY_PSOC3)
 160:.\Generated_Source\PSoC5/USB_episr.c ****             EA = int_en;
 161:.\Generated_Source\PSoC5/USB_episr.c ****         #endif /* USB_ISR_SERVICE_MIDI_OUT && CY_PSOC3 */
 162:.\Generated_Source\PSoC5/USB_episr.c ****     }
 163:.\Generated_Source\PSoC5/USB_episr.c **** 
 164:.\Generated_Source\PSoC5/USB_episr.c **** #endif   /*  USB_EP2_ISR_REMOVE */
 165:.\Generated_Source\PSoC5/USB_episr.c **** 
 166:.\Generated_Source\PSoC5/USB_episr.c **** 
 167:.\Generated_Source\PSoC5/USB_episr.c **** #if(USB_EP3_ISR_REMOVE == 0u)
 168:.\Generated_Source\PSoC5/USB_episr.c **** 
 169:.\Generated_Source\PSoC5/USB_episr.c ****     /*******************************************************************************
 170:.\Generated_Source\PSoC5/USB_episr.c ****     * Function Name: USB_EP_3_ISR
 171:.\Generated_Source\PSoC5/USB_episr.c ****     ********************************************************************************
 172:.\Generated_Source\PSoC5/USB_episr.c ****     *
 173:.\Generated_Source\PSoC5/USB_episr.c ****     * Summary:
 174:.\Generated_Source\PSoC5/USB_episr.c ****     *  Endpoint 3 Interrupt Service Routine
 175:.\Generated_Source\PSoC5/USB_episr.c ****     *
 176:.\Generated_Source\PSoC5/USB_episr.c ****     * Parameters:
 177:.\Generated_Source\PSoC5/USB_episr.c ****     *  None.
 178:.\Generated_Source\PSoC5/USB_episr.c ****     *
 179:.\Generated_Source\PSoC5/USB_episr.c ****     * Return:
 180:.\Generated_Source\PSoC5/USB_episr.c ****     *  None.
 181:.\Generated_Source\PSoC5/USB_episr.c ****     *
 182:.\Generated_Source\PSoC5/USB_episr.c ****     *******************************************************************************/
 183:.\Generated_Source\PSoC5/USB_episr.c ****     CY_ISR(USB_EP_3_ISR)
 184:.\Generated_Source\PSoC5/USB_episr.c ****     {
 185:.\Generated_Source\PSoC5/USB_episr.c ****         #if (defined(USB_ENABLE_MIDI_STREAMING) && !defined(USB_MAIN_SERVICE_MIDI_OUT) && \
 186:.\Generated_Source\PSoC5/USB_episr.c ****                      USB_ISR_SERVICE_MIDI_OUT && CY_PSOC3)
 187:.\Generated_Source\PSoC5/USB_episr.c ****             uint8 int_en;
 188:.\Generated_Source\PSoC5/USB_episr.c ****         #endif /* USB_ISR_SERVICE_MIDI_OUT && CY_PSOC3 */
 189:.\Generated_Source\PSoC5/USB_episr.c **** 
 190:.\Generated_Source\PSoC5/USB_episr.c ****         /* `#START EP3_USER_CODE` Place your code here */
 191:.\Generated_Source\PSoC5/USB_episr.c **** 
 192:.\Generated_Source\PSoC5/USB_episr.c ****         /* `#END` */
 193:.\Generated_Source\PSoC5/USB_episr.c **** 
ARM GAS  C:\Users\makij\AppData\Local\Temp\ccTiPcJU.s 			page 6


 194:.\Generated_Source\PSoC5/USB_episr.c ****         #if (defined(USB_ENABLE_MIDI_STREAMING) && !defined(USB_MAIN_SERVICE_MIDI_OUT) && \
 195:.\Generated_Source\PSoC5/USB_episr.c ****                      USB_ISR_SERVICE_MIDI_OUT && CY_PSOC3)
 196:.\Generated_Source\PSoC5/USB_episr.c ****             int_en = EA;
 197:.\Generated_Source\PSoC5/USB_episr.c ****             CyGlobalIntEnable;  /* Make sure nested interrupt is enabled */
 198:.\Generated_Source\PSoC5/USB_episr.c ****         #endif /* CY_PSOC3 & USB_ISR_SERVICE_MIDI_OUT  */
 199:.\Generated_Source\PSoC5/USB_episr.c **** 
 200:.\Generated_Source\PSoC5/USB_episr.c ****         CY_GET_REG8(USB_SIE_EP3_CR0_PTR); /* Must read the mode reg */
 201:.\Generated_Source\PSoC5/USB_episr.c ****         /* Do not toggle ISOC endpoint */
 202:.\Generated_Source\PSoC5/USB_episr.c ****         if((USB_EP[USB_EP3].attrib & USB_EP_TYPE_MASK) !=
 203:.\Generated_Source\PSoC5/USB_episr.c ****                                                                                     USB_EP_TYPE_ISO
 204:.\Generated_Source\PSoC5/USB_episr.c ****         {
 205:.\Generated_Source\PSoC5/USB_episr.c ****             USB_EP[USB_EP3].epToggle ^= USB_EPX_CNT_DATA_TOGGLE;
 206:.\Generated_Source\PSoC5/USB_episr.c ****         }
 207:.\Generated_Source\PSoC5/USB_episr.c ****         USB_EP[USB_EP3].apiEpState = USB_EVENT_PENDING;
 208:.\Generated_Source\PSoC5/USB_episr.c ****         CY_SET_REG8(USB_SIE_EP_INT_SR_PTR, CY_GET_REG8(USB_SIE_EP_INT_SR_PTR)
 209:.\Generated_Source\PSoC5/USB_episr.c ****                                                                         & (uint8)~USB_SIE_EP_INT_EP
 210:.\Generated_Source\PSoC5/USB_episr.c **** 
 211:.\Generated_Source\PSoC5/USB_episr.c ****         #if (defined(USB_ENABLE_MIDI_STREAMING) && !defined(USB_MAIN_SERVICE_MIDI_OUT) && \
 212:.\Generated_Source\PSoC5/USB_episr.c ****                      USB_ISR_SERVICE_MIDI_OUT)
 213:.\Generated_Source\PSoC5/USB_episr.c ****             if(USB_midi_out_ep == USB_EP3)
 214:.\Generated_Source\PSoC5/USB_episr.c ****             {
 215:.\Generated_Source\PSoC5/USB_episr.c ****                 USB_MIDI_OUT_EP_Service();
 216:.\Generated_Source\PSoC5/USB_episr.c ****             }
 217:.\Generated_Source\PSoC5/USB_episr.c ****         #endif /*  USB_ISR_SERVICE_MIDI_OUT */
 218:.\Generated_Source\PSoC5/USB_episr.c **** 
 219:.\Generated_Source\PSoC5/USB_episr.c ****         /* `#START EP3_END_USER_CODE` Place your code here */
 220:.\Generated_Source\PSoC5/USB_episr.c **** 
 221:.\Generated_Source\PSoC5/USB_episr.c ****         /* `#END` */
 222:.\Generated_Source\PSoC5/USB_episr.c **** 
 223:.\Generated_Source\PSoC5/USB_episr.c ****         #if (defined(USB_ENABLE_MIDI_STREAMING) && !defined(USB_MAIN_SERVICE_MIDI_OUT) && \
 224:.\Generated_Source\PSoC5/USB_episr.c ****                      USB_ISR_SERVICE_MIDI_OUT && CY_PSOC3)
 225:.\Generated_Source\PSoC5/USB_episr.c ****             EA = int_en;
 226:.\Generated_Source\PSoC5/USB_episr.c ****         #endif /* CY_PSOC3 & USB_ISR_SERVICE_MIDI_OUT  */
 227:.\Generated_Source\PSoC5/USB_episr.c ****     }
 228:.\Generated_Source\PSoC5/USB_episr.c **** 
 229:.\Generated_Source\PSoC5/USB_episr.c **** #endif   /*  USB_EP3_ISR_REMOVE */
 230:.\Generated_Source\PSoC5/USB_episr.c **** 
 231:.\Generated_Source\PSoC5/USB_episr.c **** 
 232:.\Generated_Source\PSoC5/USB_episr.c **** #if(USB_EP4_ISR_REMOVE == 0u)
 233:.\Generated_Source\PSoC5/USB_episr.c **** 
 234:.\Generated_Source\PSoC5/USB_episr.c ****     /*******************************************************************************
 235:.\Generated_Source\PSoC5/USB_episr.c ****     * Function Name: USB_EP_4_ISR
 236:.\Generated_Source\PSoC5/USB_episr.c ****     ********************************************************************************
 237:.\Generated_Source\PSoC5/USB_episr.c ****     *
 238:.\Generated_Source\PSoC5/USB_episr.c ****     * Summary:
 239:.\Generated_Source\PSoC5/USB_episr.c ****     *  Endpoint 4 Interrupt Service Routine
 240:.\Generated_Source\PSoC5/USB_episr.c ****     *
 241:.\Generated_Source\PSoC5/USB_episr.c ****     * Parameters:
 242:.\Generated_Source\PSoC5/USB_episr.c ****     *  None.
 243:.\Generated_Source\PSoC5/USB_episr.c ****     *
 244:.\Generated_Source\PSoC5/USB_episr.c ****     * Return:
 245:.\Generated_Source\PSoC5/USB_episr.c ****     *  None.
 246:.\Generated_Source\PSoC5/USB_episr.c ****     *
 247:.\Generated_Source\PSoC5/USB_episr.c ****     *******************************************************************************/
 248:.\Generated_Source\PSoC5/USB_episr.c ****     CY_ISR(USB_EP_4_ISR)
 249:.\Generated_Source\PSoC5/USB_episr.c ****     {
 250:.\Generated_Source\PSoC5/USB_episr.c ****         #if (defined(USB_ENABLE_MIDI_STREAMING) && !defined(USB_MAIN_SERVICE_MIDI_OUT) && \
ARM GAS  C:\Users\makij\AppData\Local\Temp\ccTiPcJU.s 			page 7


 251:.\Generated_Source\PSoC5/USB_episr.c ****                      USB_ISR_SERVICE_MIDI_OUT && CY_PSOC3)
 252:.\Generated_Source\PSoC5/USB_episr.c ****             uint8 int_en;
 253:.\Generated_Source\PSoC5/USB_episr.c ****         #endif /* CY_PSOC3 & USB_ISR_SERVICE_MIDI_OUT  */
 254:.\Generated_Source\PSoC5/USB_episr.c **** 
 255:.\Generated_Source\PSoC5/USB_episr.c ****         /* `#START EP4_USER_CODE` Place your code here */
 256:.\Generated_Source\PSoC5/USB_episr.c **** 
 257:.\Generated_Source\PSoC5/USB_episr.c ****         /* `#END` */
 258:.\Generated_Source\PSoC5/USB_episr.c **** 
 259:.\Generated_Source\PSoC5/USB_episr.c ****         #if (defined(USB_ENABLE_MIDI_STREAMING) && !defined(USB_MAIN_SERVICE_MIDI_OUT) && \
 260:.\Generated_Source\PSoC5/USB_episr.c ****                      USB_ISR_SERVICE_MIDI_OUT && CY_PSOC3)
 261:.\Generated_Source\PSoC5/USB_episr.c ****             int_en = EA;
 262:.\Generated_Source\PSoC5/USB_episr.c ****             CyGlobalIntEnable;  /* Make sure nested interrupt is enabled */
 263:.\Generated_Source\PSoC5/USB_episr.c ****         #endif /* CY_PSOC3 & USB_ISR_SERVICE_MIDI_OUT  */
 264:.\Generated_Source\PSoC5/USB_episr.c **** 
 265:.\Generated_Source\PSoC5/USB_episr.c ****         CY_GET_REG8(USB_SIE_EP4_CR0_PTR); /* Must read the mode reg */
 266:.\Generated_Source\PSoC5/USB_episr.c ****         /* Do not toggle ISOC endpoint */
 267:.\Generated_Source\PSoC5/USB_episr.c ****         if((USB_EP[USB_EP4].attrib & USB_EP_TYPE_MASK) !=
 268:.\Generated_Source\PSoC5/USB_episr.c ****                                                                                     USB_EP_TYPE_ISO
 269:.\Generated_Source\PSoC5/USB_episr.c ****         {
 270:.\Generated_Source\PSoC5/USB_episr.c ****             USB_EP[USB_EP4].epToggle ^= USB_EPX_CNT_DATA_TOGGLE;
 271:.\Generated_Source\PSoC5/USB_episr.c ****         }
 272:.\Generated_Source\PSoC5/USB_episr.c ****         USB_EP[USB_EP4].apiEpState = USB_EVENT_PENDING;
 273:.\Generated_Source\PSoC5/USB_episr.c ****         CY_SET_REG8(USB_SIE_EP_INT_SR_PTR, CY_GET_REG8(USB_SIE_EP_INT_SR_PTR)
 274:.\Generated_Source\PSoC5/USB_episr.c ****                                                                         & (uint8)~USB_SIE_EP_INT_EP
 275:.\Generated_Source\PSoC5/USB_episr.c **** 
 276:.\Generated_Source\PSoC5/USB_episr.c ****         #if (defined(USB_ENABLE_MIDI_STREAMING) && !defined(USB_MAIN_SERVICE_MIDI_OUT) && \
 277:.\Generated_Source\PSoC5/USB_episr.c ****                      USB_ISR_SERVICE_MIDI_OUT)
 278:.\Generated_Source\PSoC5/USB_episr.c ****             if(USB_midi_out_ep == USB_EP4)
 279:.\Generated_Source\PSoC5/USB_episr.c ****             {
 280:.\Generated_Source\PSoC5/USB_episr.c ****                 USB_MIDI_OUT_EP_Service();
 281:.\Generated_Source\PSoC5/USB_episr.c ****             }
 282:.\Generated_Source\PSoC5/USB_episr.c ****         #endif /*  USB_ISR_SERVICE_MIDI_OUT */
 283:.\Generated_Source\PSoC5/USB_episr.c **** 
 284:.\Generated_Source\PSoC5/USB_episr.c ****         /* `#START EP4_END_USER_CODE` Place your code here */
 285:.\Generated_Source\PSoC5/USB_episr.c **** 
 286:.\Generated_Source\PSoC5/USB_episr.c ****         /* `#END` */
 287:.\Generated_Source\PSoC5/USB_episr.c **** 
 288:.\Generated_Source\PSoC5/USB_episr.c ****         #if (defined(USB_ENABLE_MIDI_STREAMING) && !defined(USB_MAIN_SERVICE_MIDI_OUT) && \
 289:.\Generated_Source\PSoC5/USB_episr.c ****                      USB_ISR_SERVICE_MIDI_OUT && CY_PSOC3)
 290:.\Generated_Source\PSoC5/USB_episr.c ****             EA = int_en;
 291:.\Generated_Source\PSoC5/USB_episr.c ****         #endif /* CY_PSOC3 & USB_ISR_SERVICE_MIDI_OUT  */
 292:.\Generated_Source\PSoC5/USB_episr.c ****     }
 293:.\Generated_Source\PSoC5/USB_episr.c **** 
 294:.\Generated_Source\PSoC5/USB_episr.c **** #endif   /*  USB_EP4_ISR_REMOVE */
 295:.\Generated_Source\PSoC5/USB_episr.c **** 
 296:.\Generated_Source\PSoC5/USB_episr.c **** 
 297:.\Generated_Source\PSoC5/USB_episr.c **** #if(USB_EP5_ISR_REMOVE == 0u)
 298:.\Generated_Source\PSoC5/USB_episr.c **** 
 299:.\Generated_Source\PSoC5/USB_episr.c ****     /*******************************************************************************
 300:.\Generated_Source\PSoC5/USB_episr.c ****     * Function Name: USB_EP_5_ISR
 301:.\Generated_Source\PSoC5/USB_episr.c ****     ********************************************************************************
 302:.\Generated_Source\PSoC5/USB_episr.c ****     *
 303:.\Generated_Source\PSoC5/USB_episr.c ****     * Summary:
 304:.\Generated_Source\PSoC5/USB_episr.c ****     *  Endpoint 5 Interrupt Service Routine
 305:.\Generated_Source\PSoC5/USB_episr.c ****     *
 306:.\Generated_Source\PSoC5/USB_episr.c ****     * Parameters:
 307:.\Generated_Source\PSoC5/USB_episr.c ****     *  None.
ARM GAS  C:\Users\makij\AppData\Local\Temp\ccTiPcJU.s 			page 8


 308:.\Generated_Source\PSoC5/USB_episr.c ****     *
 309:.\Generated_Source\PSoC5/USB_episr.c ****     * Return:
 310:.\Generated_Source\PSoC5/USB_episr.c ****     *  None.
 311:.\Generated_Source\PSoC5/USB_episr.c ****     *
 312:.\Generated_Source\PSoC5/USB_episr.c ****     *******************************************************************************/
 313:.\Generated_Source\PSoC5/USB_episr.c ****     CY_ISR(USB_EP_5_ISR)
 314:.\Generated_Source\PSoC5/USB_episr.c ****     {
 315:.\Generated_Source\PSoC5/USB_episr.c ****         #if (defined(USB_ENABLE_MIDI_STREAMING) && !defined(USB_MAIN_SERVICE_MIDI_OUT) && \
 316:.\Generated_Source\PSoC5/USB_episr.c ****                      USB_ISR_SERVICE_MIDI_OUT && CY_PSOC3)
 317:.\Generated_Source\PSoC5/USB_episr.c ****             uint8 int_en;
 318:.\Generated_Source\PSoC5/USB_episr.c ****         #endif /* CY_PSOC3 & USB_ISR_SERVICE_MIDI_OUT  */
 319:.\Generated_Source\PSoC5/USB_episr.c **** 
 320:.\Generated_Source\PSoC5/USB_episr.c ****         /* `#START EP5_USER_CODE` Place your code here */
 321:.\Generated_Source\PSoC5/USB_episr.c **** 
 322:.\Generated_Source\PSoC5/USB_episr.c ****         /* `#END` */
 323:.\Generated_Source\PSoC5/USB_episr.c **** 
 324:.\Generated_Source\PSoC5/USB_episr.c ****         #if (defined(USB_ENABLE_MIDI_STREAMING) && !defined(USB_MAIN_SERVICE_MIDI_OUT) && \
 325:.\Generated_Source\PSoC5/USB_episr.c ****                      USB_ISR_SERVICE_MIDI_OUT && CY_PSOC3)
 326:.\Generated_Source\PSoC5/USB_episr.c ****             int_en = EA;
 327:.\Generated_Source\PSoC5/USB_episr.c ****             CyGlobalIntEnable;  /* Make sure nested interrupt is enabled */
 328:.\Generated_Source\PSoC5/USB_episr.c ****         #endif /* CY_PSOC3 & USB_ISR_SERVICE_MIDI_OUT  */
 329:.\Generated_Source\PSoC5/USB_episr.c **** 
 330:.\Generated_Source\PSoC5/USB_episr.c ****         CY_GET_REG8(USB_SIE_EP5_CR0_PTR); /* Must read the mode reg */
 331:.\Generated_Source\PSoC5/USB_episr.c ****         /* Do not toggle ISOC endpoint */
 332:.\Generated_Source\PSoC5/USB_episr.c ****         if((USB_EP[USB_EP5].attrib & USB_EP_TYPE_MASK) !=
 333:.\Generated_Source\PSoC5/USB_episr.c ****                                                                                     USB_EP_TYPE_ISO
 334:.\Generated_Source\PSoC5/USB_episr.c ****         {
 335:.\Generated_Source\PSoC5/USB_episr.c ****             USB_EP[USB_EP5].epToggle ^= USB_EPX_CNT_DATA_TOGGLE;
 336:.\Generated_Source\PSoC5/USB_episr.c ****         }
 337:.\Generated_Source\PSoC5/USB_episr.c ****         USB_EP[USB_EP5].apiEpState = USB_EVENT_PENDING;
 338:.\Generated_Source\PSoC5/USB_episr.c ****         CY_SET_REG8(USB_SIE_EP_INT_SR_PTR, CY_GET_REG8(USB_SIE_EP_INT_SR_PTR)
 339:.\Generated_Source\PSoC5/USB_episr.c ****                                                                         & (uint8)~USB_SIE_EP_INT_EP
 340:.\Generated_Source\PSoC5/USB_episr.c **** 
 341:.\Generated_Source\PSoC5/USB_episr.c ****         #if (defined(USB_ENABLE_MIDI_STREAMING) && !defined(USB_MAIN_SERVICE_MIDI_OUT) && \
 342:.\Generated_Source\PSoC5/USB_episr.c ****                      USB_ISR_SERVICE_MIDI_OUT)
 343:.\Generated_Source\PSoC5/USB_episr.c ****             if(USB_midi_out_ep == USB_EP5)
 344:.\Generated_Source\PSoC5/USB_episr.c ****             {
 345:.\Generated_Source\PSoC5/USB_episr.c ****                 USB_MIDI_OUT_EP_Service();
 346:.\Generated_Source\PSoC5/USB_episr.c ****             }
 347:.\Generated_Source\PSoC5/USB_episr.c ****         #endif /*  USB_ISR_SERVICE_MIDI_OUT */
 348:.\Generated_Source\PSoC5/USB_episr.c **** 
 349:.\Generated_Source\PSoC5/USB_episr.c ****         /* `#START EP5_END_USER_CODE` Place your code here */
 350:.\Generated_Source\PSoC5/USB_episr.c **** 
 351:.\Generated_Source\PSoC5/USB_episr.c ****         /* `#END` */
 352:.\Generated_Source\PSoC5/USB_episr.c **** 
 353:.\Generated_Source\PSoC5/USB_episr.c ****         #if (defined(USB_ENABLE_MIDI_STREAMING) && !defined(USB_MAIN_SERVICE_MIDI_OUT) && \
 354:.\Generated_Source\PSoC5/USB_episr.c ****                      USB_ISR_SERVICE_MIDI_OUT && CY_PSOC3)
 355:.\Generated_Source\PSoC5/USB_episr.c ****             EA = int_en;
 356:.\Generated_Source\PSoC5/USB_episr.c ****         #endif /* CY_PSOC3 & USB_ISR_SERVICE_MIDI_OUT  */
 357:.\Generated_Source\PSoC5/USB_episr.c ****     }
 358:.\Generated_Source\PSoC5/USB_episr.c **** #endif   /*  USB_EP5_ISR_REMOVE */
 359:.\Generated_Source\PSoC5/USB_episr.c **** 
 360:.\Generated_Source\PSoC5/USB_episr.c **** 
 361:.\Generated_Source\PSoC5/USB_episr.c **** #if(USB_EP6_ISR_REMOVE == 0u)
 362:.\Generated_Source\PSoC5/USB_episr.c **** 
 363:.\Generated_Source\PSoC5/USB_episr.c ****     /*******************************************************************************
 364:.\Generated_Source\PSoC5/USB_episr.c ****     * Function Name: USB_EP_6_ISR
ARM GAS  C:\Users\makij\AppData\Local\Temp\ccTiPcJU.s 			page 9


 365:.\Generated_Source\PSoC5/USB_episr.c ****     ********************************************************************************
 366:.\Generated_Source\PSoC5/USB_episr.c ****     *
 367:.\Generated_Source\PSoC5/USB_episr.c ****     * Summary:
 368:.\Generated_Source\PSoC5/USB_episr.c ****     *  Endpoint 6 Interrupt Service Routine
 369:.\Generated_Source\PSoC5/USB_episr.c ****     *
 370:.\Generated_Source\PSoC5/USB_episr.c ****     * Parameters:
 371:.\Generated_Source\PSoC5/USB_episr.c ****     *  None.
 372:.\Generated_Source\PSoC5/USB_episr.c ****     *
 373:.\Generated_Source\PSoC5/USB_episr.c ****     * Return:
 374:.\Generated_Source\PSoC5/USB_episr.c ****     *  None.
 375:.\Generated_Source\PSoC5/USB_episr.c ****     *
 376:.\Generated_Source\PSoC5/USB_episr.c ****     *******************************************************************************/
 377:.\Generated_Source\PSoC5/USB_episr.c ****     CY_ISR(USB_EP_6_ISR)
 378:.\Generated_Source\PSoC5/USB_episr.c ****     {
 379:.\Generated_Source\PSoC5/USB_episr.c ****         #if (defined(USB_ENABLE_MIDI_STREAMING) && !defined(USB_MAIN_SERVICE_MIDI_OUT) && \
 380:.\Generated_Source\PSoC5/USB_episr.c ****                      USB_ISR_SERVICE_MIDI_OUT && CY_PSOC3)
 381:.\Generated_Source\PSoC5/USB_episr.c ****             uint8 int_en;
 382:.\Generated_Source\PSoC5/USB_episr.c ****         #endif /* CY_PSOC3 & USB_ISR_SERVICE_MIDI_OUT  */
 383:.\Generated_Source\PSoC5/USB_episr.c **** 
 384:.\Generated_Source\PSoC5/USB_episr.c ****         /* `#START EP6_USER_CODE` Place your code here */
 385:.\Generated_Source\PSoC5/USB_episr.c **** 
 386:.\Generated_Source\PSoC5/USB_episr.c ****         /* `#END` */
 387:.\Generated_Source\PSoC5/USB_episr.c **** 
 388:.\Generated_Source\PSoC5/USB_episr.c ****         #if (defined(USB_ENABLE_MIDI_STREAMING) && !defined(USB_MAIN_SERVICE_MIDI_OUT) && \
 389:.\Generated_Source\PSoC5/USB_episr.c ****                      USB_ISR_SERVICE_MIDI_OUT && CY_PSOC3)
 390:.\Generated_Source\PSoC5/USB_episr.c ****             int_en = EA;
 391:.\Generated_Source\PSoC5/USB_episr.c ****             CyGlobalIntEnable;  /* Make sure nested interrupt is enabled */
 392:.\Generated_Source\PSoC5/USB_episr.c ****         #endif /* CY_PSOC3 & USB_ISR_SERVICE_MIDI_OUT  */
 393:.\Generated_Source\PSoC5/USB_episr.c **** 
 394:.\Generated_Source\PSoC5/USB_episr.c ****         CY_GET_REG8(USB_SIE_EP6_CR0_PTR); /* Must read the mode reg */
 395:.\Generated_Source\PSoC5/USB_episr.c ****         /* Do not toggle ISOC endpoint */
 396:.\Generated_Source\PSoC5/USB_episr.c ****         if((USB_EP[USB_EP6].attrib & USB_EP_TYPE_MASK) !=
 397:.\Generated_Source\PSoC5/USB_episr.c ****                                                                                     USB_EP_TYPE_ISO
 398:.\Generated_Source\PSoC5/USB_episr.c ****         {
 399:.\Generated_Source\PSoC5/USB_episr.c ****             USB_EP[USB_EP6].epToggle ^= USB_EPX_CNT_DATA_TOGGLE;
 400:.\Generated_Source\PSoC5/USB_episr.c ****         }
 401:.\Generated_Source\PSoC5/USB_episr.c ****         USB_EP[USB_EP6].apiEpState = USB_EVENT_PENDING;
 402:.\Generated_Source\PSoC5/USB_episr.c ****         CY_SET_REG8(USB_SIE_EP_INT_SR_PTR, CY_GET_REG8(USB_SIE_EP_INT_SR_PTR)
 403:.\Generated_Source\PSoC5/USB_episr.c ****                                                                         & (uint8)~USB_SIE_EP_INT_EP
 404:.\Generated_Source\PSoC5/USB_episr.c **** 
 405:.\Generated_Source\PSoC5/USB_episr.c ****         #if (defined(USB_ENABLE_MIDI_STREAMING) && !defined(USB_MAIN_SERVICE_MIDI_OUT) && \
 406:.\Generated_Source\PSoC5/USB_episr.c ****                      USB_ISR_SERVICE_MIDI_OUT)
 407:.\Generated_Source\PSoC5/USB_episr.c ****             if(USB_midi_out_ep == USB_EP6)
 408:.\Generated_Source\PSoC5/USB_episr.c ****             {
 409:.\Generated_Source\PSoC5/USB_episr.c ****                 USB_MIDI_OUT_EP_Service();
 410:.\Generated_Source\PSoC5/USB_episr.c ****             }
 411:.\Generated_Source\PSoC5/USB_episr.c ****         #endif /*  USB_ISR_SERVICE_MIDI_OUT  */
 412:.\Generated_Source\PSoC5/USB_episr.c **** 
 413:.\Generated_Source\PSoC5/USB_episr.c ****         /* `#START EP6_END_USER_CODE` Place your code here */
 414:.\Generated_Source\PSoC5/USB_episr.c **** 
 415:.\Generated_Source\PSoC5/USB_episr.c ****         /* `#END` */
 416:.\Generated_Source\PSoC5/USB_episr.c **** 
 417:.\Generated_Source\PSoC5/USB_episr.c ****         #if (defined(USB_ENABLE_MIDI_STREAMING) && !defined(USB_MAIN_SERVICE_MIDI_OUT) && \
 418:.\Generated_Source\PSoC5/USB_episr.c ****                      USB_ISR_SERVICE_MIDI_OUT && CY_PSOC3)
 419:.\Generated_Source\PSoC5/USB_episr.c ****             EA = int_en;
 420:.\Generated_Source\PSoC5/USB_episr.c ****         #endif /* CY_PSOC3 & USB_ISR_SERVICE_MIDI_OUT  */
 421:.\Generated_Source\PSoC5/USB_episr.c ****     }
ARM GAS  C:\Users\makij\AppData\Local\Temp\ccTiPcJU.s 			page 10


 422:.\Generated_Source\PSoC5/USB_episr.c **** 
 423:.\Generated_Source\PSoC5/USB_episr.c **** #endif   /*  USB_EP6_ISR_REMOVE */
 424:.\Generated_Source\PSoC5/USB_episr.c **** 
 425:.\Generated_Source\PSoC5/USB_episr.c **** 
 426:.\Generated_Source\PSoC5/USB_episr.c **** #if(USB_EP7_ISR_REMOVE == 0u)
 427:.\Generated_Source\PSoC5/USB_episr.c **** 
 428:.\Generated_Source\PSoC5/USB_episr.c ****     /*******************************************************************************
 429:.\Generated_Source\PSoC5/USB_episr.c ****     * Function Name: USB_EP_7_ISR
 430:.\Generated_Source\PSoC5/USB_episr.c ****     ********************************************************************************
 431:.\Generated_Source\PSoC5/USB_episr.c ****     *
 432:.\Generated_Source\PSoC5/USB_episr.c ****     * Summary:
 433:.\Generated_Source\PSoC5/USB_episr.c ****     *  Endpoint 7 Interrupt Service Routine
 434:.\Generated_Source\PSoC5/USB_episr.c ****     *
 435:.\Generated_Source\PSoC5/USB_episr.c ****     * Parameters:
 436:.\Generated_Source\PSoC5/USB_episr.c ****     *  None.
 437:.\Generated_Source\PSoC5/USB_episr.c ****     *
 438:.\Generated_Source\PSoC5/USB_episr.c ****     * Return:
 439:.\Generated_Source\PSoC5/USB_episr.c ****     *  None.
 440:.\Generated_Source\PSoC5/USB_episr.c ****     *
 441:.\Generated_Source\PSoC5/USB_episr.c ****     *******************************************************************************/
 442:.\Generated_Source\PSoC5/USB_episr.c ****     CY_ISR(USB_EP_7_ISR)
 443:.\Generated_Source\PSoC5/USB_episr.c ****     {
 444:.\Generated_Source\PSoC5/USB_episr.c ****         #if (defined(USB_ENABLE_MIDI_STREAMING) && !defined(USB_MAIN_SERVICE_MIDI_OUT) && \
 445:.\Generated_Source\PSoC5/USB_episr.c ****                      USB_ISR_SERVICE_MIDI_OUT && CY_PSOC3)
 446:.\Generated_Source\PSoC5/USB_episr.c ****             uint8 int_en;
 447:.\Generated_Source\PSoC5/USB_episr.c ****         #endif /* CY_PSOC3 & USB_ISR_SERVICE_MIDI_OUT  */
 448:.\Generated_Source\PSoC5/USB_episr.c **** 
 449:.\Generated_Source\PSoC5/USB_episr.c ****         /* `#START EP7_USER_CODE` Place your code here */
 450:.\Generated_Source\PSoC5/USB_episr.c **** 
 451:.\Generated_Source\PSoC5/USB_episr.c ****         /* `#END` */
 452:.\Generated_Source\PSoC5/USB_episr.c **** 
 453:.\Generated_Source\PSoC5/USB_episr.c ****         #if (defined(USB_ENABLE_MIDI_STREAMING) && !defined(USB_MAIN_SERVICE_MIDI_OUT) && \
 454:.\Generated_Source\PSoC5/USB_episr.c ****                      USB_ISR_SERVICE_MIDI_OUT && CY_PSOC3)
 455:.\Generated_Source\PSoC5/USB_episr.c ****             int_en = EA;
 456:.\Generated_Source\PSoC5/USB_episr.c ****             CyGlobalIntEnable;  /* Make sure nested interrupt is enabled */
 457:.\Generated_Source\PSoC5/USB_episr.c ****         #endif /* CY_PSOC3 & USB_ISR_SERVICE_MIDI_OUT  */
 458:.\Generated_Source\PSoC5/USB_episr.c **** 
 459:.\Generated_Source\PSoC5/USB_episr.c ****         CY_GET_REG8(USB_SIE_EP7_CR0_PTR); /* Must read the mode reg */
 460:.\Generated_Source\PSoC5/USB_episr.c ****         /* Do not toggle ISOC endpoint */
 461:.\Generated_Source\PSoC5/USB_episr.c ****         if((USB_EP[USB_EP7].attrib & USB_EP_TYPE_MASK) !=
 462:.\Generated_Source\PSoC5/USB_episr.c ****                                                                                     USB_EP_TYPE_ISO
 463:.\Generated_Source\PSoC5/USB_episr.c ****         {
 464:.\Generated_Source\PSoC5/USB_episr.c ****             USB_EP[USB_EP7].epToggle ^= USB_EPX_CNT_DATA_TOGGLE;
 465:.\Generated_Source\PSoC5/USB_episr.c ****         }
 466:.\Generated_Source\PSoC5/USB_episr.c ****         USB_EP[USB_EP7].apiEpState = USB_EVENT_PENDING;
 467:.\Generated_Source\PSoC5/USB_episr.c ****         CY_SET_REG8(USB_SIE_EP_INT_SR_PTR, CY_GET_REG8(USB_SIE_EP_INT_SR_PTR)
 468:.\Generated_Source\PSoC5/USB_episr.c ****                                                                         & (uint8)~USB_SIE_EP_INT_EP
 469:.\Generated_Source\PSoC5/USB_episr.c **** 
 470:.\Generated_Source\PSoC5/USB_episr.c ****         #if (defined(USB_ENABLE_MIDI_STREAMING) && !defined(USB_MAIN_SERVICE_MIDI_OUT) && \
 471:.\Generated_Source\PSoC5/USB_episr.c ****                      USB_ISR_SERVICE_MIDI_OUT)
 472:.\Generated_Source\PSoC5/USB_episr.c ****             if(USB_midi_out_ep == USB_EP7)
 473:.\Generated_Source\PSoC5/USB_episr.c ****             {
 474:.\Generated_Source\PSoC5/USB_episr.c ****                 USB_MIDI_OUT_EP_Service();
 475:.\Generated_Source\PSoC5/USB_episr.c ****             }
 476:.\Generated_Source\PSoC5/USB_episr.c ****         #endif /*  USB_ISR_SERVICE_MIDI_OUT  */
 477:.\Generated_Source\PSoC5/USB_episr.c **** 
 478:.\Generated_Source\PSoC5/USB_episr.c ****         /* `#START EP7_END_USER_CODE` Place your code here */
ARM GAS  C:\Users\makij\AppData\Local\Temp\ccTiPcJU.s 			page 11


 479:.\Generated_Source\PSoC5/USB_episr.c **** 
 480:.\Generated_Source\PSoC5/USB_episr.c ****         /* `#END` */
 481:.\Generated_Source\PSoC5/USB_episr.c **** 
 482:.\Generated_Source\PSoC5/USB_episr.c ****         #if (defined(USB_ENABLE_MIDI_STREAMING) && !defined(USB_MAIN_SERVICE_MIDI_OUT) && \
 483:.\Generated_Source\PSoC5/USB_episr.c ****                      USB_ISR_SERVICE_MIDI_OUT && CY_PSOC3)
 484:.\Generated_Source\PSoC5/USB_episr.c ****             EA = int_en;
 485:.\Generated_Source\PSoC5/USB_episr.c ****         #endif /* CY_PSOC3 & USB_ISR_SERVICE_MIDI_OUT  */
 486:.\Generated_Source\PSoC5/USB_episr.c ****     }
 487:.\Generated_Source\PSoC5/USB_episr.c **** 
 488:.\Generated_Source\PSoC5/USB_episr.c **** #endif   /*  USB_EP7_ISR_REMOVE */
 489:.\Generated_Source\PSoC5/USB_episr.c **** 
 490:.\Generated_Source\PSoC5/USB_episr.c **** 
 491:.\Generated_Source\PSoC5/USB_episr.c **** #if(USB_EP8_ISR_REMOVE == 0u)
 492:.\Generated_Source\PSoC5/USB_episr.c **** 
 493:.\Generated_Source\PSoC5/USB_episr.c ****     /*******************************************************************************
 494:.\Generated_Source\PSoC5/USB_episr.c ****     * Function Name: USB_EP_8_ISR
 495:.\Generated_Source\PSoC5/USB_episr.c ****     ********************************************************************************
 496:.\Generated_Source\PSoC5/USB_episr.c ****     *
 497:.\Generated_Source\PSoC5/USB_episr.c ****     * Summary:
 498:.\Generated_Source\PSoC5/USB_episr.c ****     *  Endpoint 8 Interrupt Service Routine
 499:.\Generated_Source\PSoC5/USB_episr.c ****     *
 500:.\Generated_Source\PSoC5/USB_episr.c ****     * Parameters:
 501:.\Generated_Source\PSoC5/USB_episr.c ****     *  None.
 502:.\Generated_Source\PSoC5/USB_episr.c ****     *
 503:.\Generated_Source\PSoC5/USB_episr.c ****     * Return:
 504:.\Generated_Source\PSoC5/USB_episr.c ****     *  None.
 505:.\Generated_Source\PSoC5/USB_episr.c ****     *
 506:.\Generated_Source\PSoC5/USB_episr.c ****     *******************************************************************************/
 507:.\Generated_Source\PSoC5/USB_episr.c ****     CY_ISR(USB_EP_8_ISR)
 508:.\Generated_Source\PSoC5/USB_episr.c ****     {
 509:.\Generated_Source\PSoC5/USB_episr.c ****         #if (defined(USB_ENABLE_MIDI_STREAMING) && !defined(USB_MAIN_SERVICE_MIDI_OUT) && \
 510:.\Generated_Source\PSoC5/USB_episr.c ****                      USB_ISR_SERVICE_MIDI_OUT && CY_PSOC3)
 511:.\Generated_Source\PSoC5/USB_episr.c ****             uint8 int_en;
 512:.\Generated_Source\PSoC5/USB_episr.c ****         #endif /* CY_PSOC3 & USB_ISR_SERVICE_MIDI_OUT  */
 513:.\Generated_Source\PSoC5/USB_episr.c **** 
 514:.\Generated_Source\PSoC5/USB_episr.c ****         /* `#START EP8_USER_CODE` Place your code here */
 515:.\Generated_Source\PSoC5/USB_episr.c **** 
 516:.\Generated_Source\PSoC5/USB_episr.c ****         /* `#END` */
 517:.\Generated_Source\PSoC5/USB_episr.c **** 
 518:.\Generated_Source\PSoC5/USB_episr.c ****         #if (defined(USB_ENABLE_MIDI_STREAMING) && !defined(USB_MAIN_SERVICE_MIDI_OUT) && \
 519:.\Generated_Source\PSoC5/USB_episr.c ****                      USB_ISR_SERVICE_MIDI_OUT && CY_PSOC3)
 520:.\Generated_Source\PSoC5/USB_episr.c ****             int_en = EA;
 521:.\Generated_Source\PSoC5/USB_episr.c ****             CyGlobalIntEnable;  /* Make sure nested interrupt is enabled */
 522:.\Generated_Source\PSoC5/USB_episr.c ****         #endif /* CY_PSOC3 & USB_ISR_SERVICE_MIDI_OUT  */
 523:.\Generated_Source\PSoC5/USB_episr.c **** 
 524:.\Generated_Source\PSoC5/USB_episr.c ****         CY_GET_REG8(USB_SIE_EP8_CR0_PTR); /* Must read the mode reg */
 525:.\Generated_Source\PSoC5/USB_episr.c ****         /* Do not toggle ISOC endpoint */
 526:.\Generated_Source\PSoC5/USB_episr.c ****         if((USB_EP[USB_EP8].attrib & USB_EP_TYPE_MASK) !=
 527:.\Generated_Source\PSoC5/USB_episr.c ****                                                                                     USB_EP_TYPE_ISO
 528:.\Generated_Source\PSoC5/USB_episr.c ****         {
 529:.\Generated_Source\PSoC5/USB_episr.c ****             USB_EP[USB_EP8].epToggle ^= USB_EPX_CNT_DATA_TOGGLE;
 530:.\Generated_Source\PSoC5/USB_episr.c ****         }
 531:.\Generated_Source\PSoC5/USB_episr.c ****         USB_EP[USB_EP8].apiEpState = USB_EVENT_PENDING;
 532:.\Generated_Source\PSoC5/USB_episr.c ****         CY_SET_REG8(USB_SIE_EP_INT_SR_PTR, CY_GET_REG8(USB_SIE_EP_INT_SR_PTR)
 533:.\Generated_Source\PSoC5/USB_episr.c ****                                                                         & (uint8)~USB_SIE_EP_INT_EP
 534:.\Generated_Source\PSoC5/USB_episr.c **** 
 535:.\Generated_Source\PSoC5/USB_episr.c ****         #if (defined(USB_ENABLE_MIDI_STREAMING) && !defined(USB_MAIN_SERVICE_MIDI_OUT) && \
ARM GAS  C:\Users\makij\AppData\Local\Temp\ccTiPcJU.s 			page 12


 536:.\Generated_Source\PSoC5/USB_episr.c ****                      USB_ISR_SERVICE_MIDI_OUT)
 537:.\Generated_Source\PSoC5/USB_episr.c ****             if(USB_midi_out_ep == USB_EP8)
 538:.\Generated_Source\PSoC5/USB_episr.c ****             {
 539:.\Generated_Source\PSoC5/USB_episr.c ****                 USB_MIDI_OUT_EP_Service();
 540:.\Generated_Source\PSoC5/USB_episr.c ****             }
 541:.\Generated_Source\PSoC5/USB_episr.c ****         #endif /*  USB_ISR_SERVICE_MIDI_OUT */
 542:.\Generated_Source\PSoC5/USB_episr.c **** 
 543:.\Generated_Source\PSoC5/USB_episr.c ****         /* `#START EP8_END_USER_CODE` Place your code here */
 544:.\Generated_Source\PSoC5/USB_episr.c **** 
 545:.\Generated_Source\PSoC5/USB_episr.c ****         /* `#END` */
 546:.\Generated_Source\PSoC5/USB_episr.c **** 
 547:.\Generated_Source\PSoC5/USB_episr.c ****         #if (defined(USB_ENABLE_MIDI_STREAMING) && !defined(USB_MAIN_SERVICE_MIDI_OUT) && \
 548:.\Generated_Source\PSoC5/USB_episr.c ****                      USB_ISR_SERVICE_MIDI_OUT && CY_PSOC3)
 549:.\Generated_Source\PSoC5/USB_episr.c ****             EA = int_en;
 550:.\Generated_Source\PSoC5/USB_episr.c ****         #endif /* CY_PSOC3 & USB_ISR_SERVICE_MIDI_OUT  */
 551:.\Generated_Source\PSoC5/USB_episr.c ****     }
 552:.\Generated_Source\PSoC5/USB_episr.c **** 
 553:.\Generated_Source\PSoC5/USB_episr.c **** #endif   /*  USB_EP8_ISR_REMOVE */
 554:.\Generated_Source\PSoC5/USB_episr.c **** 
 555:.\Generated_Source\PSoC5/USB_episr.c **** 
 556:.\Generated_Source\PSoC5/USB_episr.c **** /*******************************************************************************
 557:.\Generated_Source\PSoC5/USB_episr.c **** * Function Name: USB_SOF_ISR
 558:.\Generated_Source\PSoC5/USB_episr.c **** ********************************************************************************
 559:.\Generated_Source\PSoC5/USB_episr.c **** *
 560:.\Generated_Source\PSoC5/USB_episr.c **** * Summary:
 561:.\Generated_Source\PSoC5/USB_episr.c **** *  Start of Frame Interrupt Service Routine
 562:.\Generated_Source\PSoC5/USB_episr.c **** *
 563:.\Generated_Source\PSoC5/USB_episr.c **** * Parameters:
 564:.\Generated_Source\PSoC5/USB_episr.c **** *  None.
 565:.\Generated_Source\PSoC5/USB_episr.c **** *
 566:.\Generated_Source\PSoC5/USB_episr.c **** * Return:
 567:.\Generated_Source\PSoC5/USB_episr.c **** *  None.
 568:.\Generated_Source\PSoC5/USB_episr.c **** *
 569:.\Generated_Source\PSoC5/USB_episr.c **** *******************************************************************************/
 570:.\Generated_Source\PSoC5/USB_episr.c **** CY_ISR(USB_SOF_ISR)
 571:.\Generated_Source\PSoC5/USB_episr.c **** {
  93              		.loc 1 571 0
  94              		.cfi_startproc
  95              		@ args = 0, pretend = 0, frame = 0
  96              		@ frame_needed = 1, uses_anonymous_args = 0
  97              		@ link register save eliminated.
  98 0000 80B4     		push	{r7}
  99              	.LCFI2:
 100              		.cfi_def_cfa_offset 4
 101              		.cfi_offset 7, -4
 102 0002 00AF     		add	r7, sp, #0
 103              	.LCFI3:
 104              		.cfi_def_cfa_register 7
 572:.\Generated_Source\PSoC5/USB_episr.c ****     /* `#START SOF_USER_CODE` Place your code here */
 573:.\Generated_Source\PSoC5/USB_episr.c **** 
 574:.\Generated_Source\PSoC5/USB_episr.c ****     /* `#END` */
 575:.\Generated_Source\PSoC5/USB_episr.c **** }
 105              		.loc 1 575 0
 106 0004 BD46     		mov	sp, r7
 107 0006 80BC     		pop	{r7}
 108 0008 7047     		bx	lr
 109              		.cfi_endproc
ARM GAS  C:\Users\makij\AppData\Local\Temp\ccTiPcJU.s 			page 13


 110              	.LFE1:
 111              		.size	USB_SOF_ISR, .-USB_SOF_ISR
 112 000a 00BF     		.section	.text.USB_BUS_RESET_ISR,"ax",%progbits
 113              		.align	2
 114              		.global	USB_BUS_RESET_ISR
 115              		.thumb
 116              		.thumb_func
 117              		.type	USB_BUS_RESET_ISR, %function
 118              	USB_BUS_RESET_ISR:
 119              	.LFB2:
 576:.\Generated_Source\PSoC5/USB_episr.c **** 
 577:.\Generated_Source\PSoC5/USB_episr.c **** 
 578:.\Generated_Source\PSoC5/USB_episr.c **** /*******************************************************************************
 579:.\Generated_Source\PSoC5/USB_episr.c **** * Function Name: USB_BUS_RESET_ISR
 580:.\Generated_Source\PSoC5/USB_episr.c **** ********************************************************************************
 581:.\Generated_Source\PSoC5/USB_episr.c **** *
 582:.\Generated_Source\PSoC5/USB_episr.c **** * Summary:
 583:.\Generated_Source\PSoC5/USB_episr.c **** *  USB Bus Reset Interrupt Service Routine.  Calls _Start with the same
 584:.\Generated_Source\PSoC5/USB_episr.c **** *  parameters as the last USER call to _Start
 585:.\Generated_Source\PSoC5/USB_episr.c **** *
 586:.\Generated_Source\PSoC5/USB_episr.c **** * Parameters:
 587:.\Generated_Source\PSoC5/USB_episr.c **** *  None.
 588:.\Generated_Source\PSoC5/USB_episr.c **** *
 589:.\Generated_Source\PSoC5/USB_episr.c **** * Return:
 590:.\Generated_Source\PSoC5/USB_episr.c **** *  None.
 591:.\Generated_Source\PSoC5/USB_episr.c **** *
 592:.\Generated_Source\PSoC5/USB_episr.c **** *******************************************************************************/
 593:.\Generated_Source\PSoC5/USB_episr.c **** CY_ISR(USB_BUS_RESET_ISR)
 594:.\Generated_Source\PSoC5/USB_episr.c **** {
 120              		.loc 1 594 0
 121              		.cfi_startproc
 122              		@ args = 0, pretend = 0, frame = 0
 123              		@ frame_needed = 1, uses_anonymous_args = 0
 124 0000 80B5     		push	{r7, lr}
 125              	.LCFI4:
 126              		.cfi_def_cfa_offset 8
 127              		.cfi_offset 7, -8
 128              		.cfi_offset 14, -4
 129 0002 00AF     		add	r7, sp, #0
 130              	.LCFI5:
 131              		.cfi_def_cfa_register 7
 595:.\Generated_Source\PSoC5/USB_episr.c ****     /* `#START BUS_RESET_USER_CODE` Place your code here */
 596:.\Generated_Source\PSoC5/USB_episr.c **** 
 597:.\Generated_Source\PSoC5/USB_episr.c ****     /* `#END` */
 598:.\Generated_Source\PSoC5/USB_episr.c **** 
 599:.\Generated_Source\PSoC5/USB_episr.c ****     USB_ReInitComponent();
 132              		.loc 1 599 0
 133 0004 FFF7FEFF 		bl	USB_ReInitComponent
 600:.\Generated_Source\PSoC5/USB_episr.c **** }
 134              		.loc 1 600 0
 135 0008 80BD     		pop	{r7, pc}
 136              		.cfi_endproc
 137              	.LFE2:
 138              		.size	USB_BUS_RESET_ISR, .-USB_BUS_RESET_ISR
 139 000a 00BF     		.text
 140              	.Letext0:
 141              		.file 2 ".\\Generated_Source\\PSoC5\\cytypes.h"
ARM GAS  C:\Users\makij\AppData\Local\Temp\ccTiPcJU.s 			page 14


 142              		.file 3 ".\\Generated_Source\\PSoC5\\USB.h"
 143              		.file 4 ".\\Generated_Source\\PSoC5\\USB_pvt.h"
 144              		.section	.debug_info,"",%progbits
 145              	.Ldebug_info0:
 146 0000 A6010000 		.4byte	0x1a6
 147 0004 0200     		.2byte	0x2
 148 0006 00000000 		.4byte	.Ldebug_abbrev0
 149 000a 04       		.byte	0x4
 150 000b 01       		.uleb128 0x1
 151 000c B7010000 		.4byte	.LASF29
 152 0010 01       		.byte	0x1
 153 0011 65010000 		.4byte	.LASF30
 154 0015 1E000000 		.4byte	.LASF31
 155 0019 00000000 		.4byte	.Ldebug_ranges0+0
 156 001d 00000000 		.4byte	0
 157 0021 00000000 		.4byte	0
 158 0025 00000000 		.4byte	.Ldebug_line0
 159 0029 02       		.uleb128 0x2
 160 002a 01       		.byte	0x1
 161 002b 06       		.byte	0x6
 162 002c 26020000 		.4byte	.LASF0
 163 0030 02       		.uleb128 0x2
 164 0031 01       		.byte	0x1
 165 0032 08       		.byte	0x8
 166 0033 C4000000 		.4byte	.LASF1
 167 0037 02       		.uleb128 0x2
 168 0038 02       		.byte	0x2
 169 0039 05       		.byte	0x5
 170 003a 9A010000 		.4byte	.LASF2
 171 003e 02       		.uleb128 0x2
 172 003f 02       		.byte	0x2
 173 0040 07       		.byte	0x7
 174 0041 9B000000 		.4byte	.LASF3
 175 0045 02       		.uleb128 0x2
 176 0046 04       		.byte	0x4
 177 0047 05       		.byte	0x5
 178 0048 0A020000 		.4byte	.LASF4
 179 004c 02       		.uleb128 0x2
 180 004d 04       		.byte	0x4
 181 004e 07       		.byte	0x7
 182 004f D7000000 		.4byte	.LASF5
 183 0053 02       		.uleb128 0x2
 184 0054 08       		.byte	0x8
 185 0055 05       		.byte	0x5
 186 0056 57010000 		.4byte	.LASF6
 187 005a 02       		.uleb128 0x2
 188 005b 08       		.byte	0x8
 189 005c 07       		.byte	0x7
 190 005d 26010000 		.4byte	.LASF7
 191 0061 03       		.uleb128 0x3
 192 0062 04       		.byte	0x4
 193 0063 05       		.byte	0x5
 194 0064 696E7400 		.ascii	"int\000"
 195 0068 02       		.uleb128 0x2
 196 0069 04       		.byte	0x4
 197 006a 07       		.byte	0x7
 198 006b 19010000 		.4byte	.LASF8
ARM GAS  C:\Users\makij\AppData\Local\Temp\ccTiPcJU.s 			page 15


 199 006f 04       		.uleb128 0x4
 200 0070 B1010000 		.4byte	.LASF9
 201 0074 02       		.byte	0x2
 202 0075 5B       		.byte	0x5b
 203 0076 30000000 		.4byte	0x30
 204 007a 04       		.uleb128 0x4
 205 007b 07010000 		.4byte	.LASF10
 206 007f 02       		.byte	0x2
 207 0080 5C       		.byte	0x5c
 208 0081 3E000000 		.4byte	0x3e
 209 0085 02       		.uleb128 0x2
 210 0086 04       		.byte	0x4
 211 0087 04       		.byte	0x4
 212 0088 B5000000 		.4byte	.LASF11
 213 008c 02       		.uleb128 0x2
 214 008d 08       		.byte	0x8
 215 008e 04       		.byte	0x4
 216 008f EE000000 		.4byte	.LASF12
 217 0093 02       		.uleb128 0x2
 218 0094 01       		.byte	0x1
 219 0095 08       		.byte	0x8
 220 0096 8A010000 		.4byte	.LASF13
 221 009a 04       		.uleb128 0x4
 222 009b D2000000 		.4byte	.LASF14
 223 009f 02       		.byte	0x2
 224 00a0 F0       		.byte	0xf0
 225 00a1 A5000000 		.4byte	0xa5
 226 00a5 05       		.uleb128 0x5
 227 00a6 6F000000 		.4byte	0x6f
 228 00aa 02       		.uleb128 0x2
 229 00ab 04       		.byte	0x4
 230 00ac 07       		.byte	0x7
 231 00ad 47010000 		.4byte	.LASF15
 232 00b1 06       		.uleb128 0x6
 233 00b2 0C       		.byte	0xc
 234 00b3 03       		.byte	0x3
 235 00b4 74       		.byte	0x74
 236 00b5 38010000 		.4byte	0x138
 237 00b9 07       		.uleb128 0x7
 238 00ba F5000000 		.4byte	.LASF16
 239 00be 03       		.byte	0x3
 240 00bf 76       		.byte	0x76
 241 00c0 6F000000 		.4byte	0x6f
 242 00c4 02       		.byte	0x2
 243 00c5 23       		.byte	0x23
 244 00c6 00       		.uleb128 0
 245 00c7 07       		.uleb128 0x7
 246 00c8 0E010000 		.4byte	.LASF17
 247 00cc 03       		.byte	0x3
 248 00cd 77       		.byte	0x77
 249 00ce 6F000000 		.4byte	0x6f
 250 00d2 02       		.byte	0x2
 251 00d3 23       		.byte	0x23
 252 00d4 01       		.uleb128 0x1
 253 00d5 07       		.uleb128 0x7
 254 00d6 3D010000 		.4byte	.LASF18
 255 00da 03       		.byte	0x3
ARM GAS  C:\Users\makij\AppData\Local\Temp\ccTiPcJU.s 			page 16


 256 00db 78       		.byte	0x78
 257 00dc 6F000000 		.4byte	0x6f
 258 00e0 02       		.byte	0x2
 259 00e1 23       		.byte	0x23
 260 00e2 02       		.uleb128 0x2
 261 00e3 07       		.uleb128 0x7
 262 00e4 BB000000 		.4byte	.LASF19
 263 00e8 03       		.byte	0x3
 264 00e9 79       		.byte	0x79
 265 00ea 6F000000 		.4byte	0x6f
 266 00ee 02       		.byte	0x2
 267 00ef 23       		.byte	0x23
 268 00f0 03       		.uleb128 0x3
 269 00f1 07       		.uleb128 0x7
 270 00f2 E9000000 		.4byte	.LASF20
 271 00f6 03       		.byte	0x3
 272 00f7 7A       		.byte	0x7a
 273 00f8 6F000000 		.4byte	0x6f
 274 00fc 02       		.byte	0x2
 275 00fd 23       		.byte	0x23
 276 00fe 04       		.uleb128 0x4
 277 00ff 07       		.uleb128 0x7
 278 0100 50010000 		.4byte	.LASF21
 279 0104 03       		.byte	0x3
 280 0105 7B       		.byte	0x7b
 281 0106 6F000000 		.4byte	0x6f
 282 010a 02       		.byte	0x2
 283 010b 23       		.byte	0x23
 284 010c 05       		.uleb128 0x5
 285 010d 07       		.uleb128 0x7
 286 010e FC000000 		.4byte	.LASF22
 287 0112 03       		.byte	0x3
 288 0113 7C       		.byte	0x7c
 289 0114 7A000000 		.4byte	0x7a
 290 0118 02       		.byte	0x2
 291 0119 23       		.byte	0x23
 292 011a 06       		.uleb128 0x6
 293 011b 07       		.uleb128 0x7
 294 011c 8F010000 		.4byte	.LASF23
 295 0120 03       		.byte	0x3
 296 0121 7D       		.byte	0x7d
 297 0122 7A000000 		.4byte	0x7a
 298 0126 02       		.byte	0x2
 299 0127 23       		.byte	0x23
 300 0128 08       		.uleb128 0x8
 301 0129 07       		.uleb128 0x7
 302 012a 00020000 		.4byte	.LASF24
 303 012e 03       		.byte	0x3
 304 012f 7E       		.byte	0x7e
 305 0130 6F000000 		.4byte	0x6f
 306 0134 02       		.byte	0x2
 307 0135 23       		.byte	0x23
 308 0136 0A       		.uleb128 0xa
 309 0137 00       		.byte	0
 310 0138 04       		.uleb128 0x4
 311 0139 13020000 		.4byte	.LASF25
 312 013d 03       		.byte	0x3
ARM GAS  C:\Users\makij\AppData\Local\Temp\ccTiPcJU.s 			page 17


 313 013e 7F       		.byte	0x7f
 314 013f B1000000 		.4byte	0xb1
 315 0143 08       		.uleb128 0x8
 316 0144 01       		.byte	0x1
 317 0145 A4010000 		.4byte	.LASF26
 318 0149 01       		.byte	0x1
 319 014a 35       		.byte	0x35
 320 014b 01       		.byte	0x1
 321 014c 00000000 		.4byte	.LFB0
 322 0150 72000000 		.4byte	.LFE0
 323 0154 00000000 		.4byte	.LLST0
 324 0158 01       		.byte	0x1
 325 0159 09       		.uleb128 0x9
 326 015a 01       		.byte	0x1
 327 015b 00000000 		.4byte	.LASF27
 328 015f 01       		.byte	0x1
 329 0160 3A02     		.2byte	0x23a
 330 0162 01       		.byte	0x1
 331 0163 00000000 		.4byte	.LFB1
 332 0167 0A000000 		.4byte	.LFE1
 333 016b 2C000000 		.4byte	.LLST1
 334 016f 01       		.byte	0x1
 335 0170 0A       		.uleb128 0xa
 336 0171 01       		.byte	0x1
 337 0172 0C000000 		.4byte	.LASF28
 338 0176 01       		.byte	0x1
 339 0177 5102     		.2byte	0x251
 340 0179 01       		.byte	0x1
 341 017a 00000000 		.4byte	.LFB2
 342 017e 0A000000 		.4byte	.LFE2
 343 0182 58000000 		.4byte	.LLST2
 344 0186 01       		.byte	0x1
 345 0187 0B       		.uleb128 0xb
 346 0188 38010000 		.4byte	0x138
 347 018c 97010000 		.4byte	0x197
 348 0190 0C       		.uleb128 0xc
 349 0191 AA000000 		.4byte	0xaa
 350 0195 08       		.byte	0x8
 351 0196 00       		.byte	0
 352 0197 0D       		.uleb128 0xd
 353 0198 AE000000 		.4byte	.LASF32
 354 019c 04       		.byte	0x4
 355 019d 32       		.byte	0x32
 356 019e A4010000 		.4byte	0x1a4
 357 01a2 01       		.byte	0x1
 358 01a3 01       		.byte	0x1
 359 01a4 05       		.uleb128 0x5
 360 01a5 87010000 		.4byte	0x187
 361 01a9 00       		.byte	0
 362              		.section	.debug_abbrev,"",%progbits
 363              	.Ldebug_abbrev0:
 364 0000 01       		.uleb128 0x1
 365 0001 11       		.uleb128 0x11
 366 0002 01       		.byte	0x1
 367 0003 25       		.uleb128 0x25
 368 0004 0E       		.uleb128 0xe
 369 0005 13       		.uleb128 0x13
ARM GAS  C:\Users\makij\AppData\Local\Temp\ccTiPcJU.s 			page 18


 370 0006 0B       		.uleb128 0xb
 371 0007 03       		.uleb128 0x3
 372 0008 0E       		.uleb128 0xe
 373 0009 1B       		.uleb128 0x1b
 374 000a 0E       		.uleb128 0xe
 375 000b 55       		.uleb128 0x55
 376 000c 06       		.uleb128 0x6
 377 000d 11       		.uleb128 0x11
 378 000e 01       		.uleb128 0x1
 379 000f 52       		.uleb128 0x52
 380 0010 01       		.uleb128 0x1
 381 0011 10       		.uleb128 0x10
 382 0012 06       		.uleb128 0x6
 383 0013 00       		.byte	0
 384 0014 00       		.byte	0
 385 0015 02       		.uleb128 0x2
 386 0016 24       		.uleb128 0x24
 387 0017 00       		.byte	0
 388 0018 0B       		.uleb128 0xb
 389 0019 0B       		.uleb128 0xb
 390 001a 3E       		.uleb128 0x3e
 391 001b 0B       		.uleb128 0xb
 392 001c 03       		.uleb128 0x3
 393 001d 0E       		.uleb128 0xe
 394 001e 00       		.byte	0
 395 001f 00       		.byte	0
 396 0020 03       		.uleb128 0x3
 397 0021 24       		.uleb128 0x24
 398 0022 00       		.byte	0
 399 0023 0B       		.uleb128 0xb
 400 0024 0B       		.uleb128 0xb
 401 0025 3E       		.uleb128 0x3e
 402 0026 0B       		.uleb128 0xb
 403 0027 03       		.uleb128 0x3
 404 0028 08       		.uleb128 0x8
 405 0029 00       		.byte	0
 406 002a 00       		.byte	0
 407 002b 04       		.uleb128 0x4
 408 002c 16       		.uleb128 0x16
 409 002d 00       		.byte	0
 410 002e 03       		.uleb128 0x3
 411 002f 0E       		.uleb128 0xe
 412 0030 3A       		.uleb128 0x3a
 413 0031 0B       		.uleb128 0xb
 414 0032 3B       		.uleb128 0x3b
 415 0033 0B       		.uleb128 0xb
 416 0034 49       		.uleb128 0x49
 417 0035 13       		.uleb128 0x13
 418 0036 00       		.byte	0
 419 0037 00       		.byte	0
 420 0038 05       		.uleb128 0x5
 421 0039 35       		.uleb128 0x35
 422 003a 00       		.byte	0
 423 003b 49       		.uleb128 0x49
 424 003c 13       		.uleb128 0x13
 425 003d 00       		.byte	0
 426 003e 00       		.byte	0
ARM GAS  C:\Users\makij\AppData\Local\Temp\ccTiPcJU.s 			page 19


 427 003f 06       		.uleb128 0x6
 428 0040 13       		.uleb128 0x13
 429 0041 01       		.byte	0x1
 430 0042 0B       		.uleb128 0xb
 431 0043 0B       		.uleb128 0xb
 432 0044 3A       		.uleb128 0x3a
 433 0045 0B       		.uleb128 0xb
 434 0046 3B       		.uleb128 0x3b
 435 0047 0B       		.uleb128 0xb
 436 0048 01       		.uleb128 0x1
 437 0049 13       		.uleb128 0x13
 438 004a 00       		.byte	0
 439 004b 00       		.byte	0
 440 004c 07       		.uleb128 0x7
 441 004d 0D       		.uleb128 0xd
 442 004e 00       		.byte	0
 443 004f 03       		.uleb128 0x3
 444 0050 0E       		.uleb128 0xe
 445 0051 3A       		.uleb128 0x3a
 446 0052 0B       		.uleb128 0xb
 447 0053 3B       		.uleb128 0x3b
 448 0054 0B       		.uleb128 0xb
 449 0055 49       		.uleb128 0x49
 450 0056 13       		.uleb128 0x13
 451 0057 38       		.uleb128 0x38
 452 0058 0A       		.uleb128 0xa
 453 0059 00       		.byte	0
 454 005a 00       		.byte	0
 455 005b 08       		.uleb128 0x8
 456 005c 2E       		.uleb128 0x2e
 457 005d 00       		.byte	0
 458 005e 3F       		.uleb128 0x3f
 459 005f 0C       		.uleb128 0xc
 460 0060 03       		.uleb128 0x3
 461 0061 0E       		.uleb128 0xe
 462 0062 3A       		.uleb128 0x3a
 463 0063 0B       		.uleb128 0xb
 464 0064 3B       		.uleb128 0x3b
 465 0065 0B       		.uleb128 0xb
 466 0066 27       		.uleb128 0x27
 467 0067 0C       		.uleb128 0xc
 468 0068 11       		.uleb128 0x11
 469 0069 01       		.uleb128 0x1
 470 006a 12       		.uleb128 0x12
 471 006b 01       		.uleb128 0x1
 472 006c 40       		.uleb128 0x40
 473 006d 06       		.uleb128 0x6
 474 006e 9742     		.uleb128 0x2117
 475 0070 0C       		.uleb128 0xc
 476 0071 00       		.byte	0
 477 0072 00       		.byte	0
 478 0073 09       		.uleb128 0x9
 479 0074 2E       		.uleb128 0x2e
 480 0075 00       		.byte	0
 481 0076 3F       		.uleb128 0x3f
 482 0077 0C       		.uleb128 0xc
 483 0078 03       		.uleb128 0x3
ARM GAS  C:\Users\makij\AppData\Local\Temp\ccTiPcJU.s 			page 20


 484 0079 0E       		.uleb128 0xe
 485 007a 3A       		.uleb128 0x3a
 486 007b 0B       		.uleb128 0xb
 487 007c 3B       		.uleb128 0x3b
 488 007d 05       		.uleb128 0x5
 489 007e 27       		.uleb128 0x27
 490 007f 0C       		.uleb128 0xc
 491 0080 11       		.uleb128 0x11
 492 0081 01       		.uleb128 0x1
 493 0082 12       		.uleb128 0x12
 494 0083 01       		.uleb128 0x1
 495 0084 40       		.uleb128 0x40
 496 0085 06       		.uleb128 0x6
 497 0086 9742     		.uleb128 0x2117
 498 0088 0C       		.uleb128 0xc
 499 0089 00       		.byte	0
 500 008a 00       		.byte	0
 501 008b 0A       		.uleb128 0xa
 502 008c 2E       		.uleb128 0x2e
 503 008d 00       		.byte	0
 504 008e 3F       		.uleb128 0x3f
 505 008f 0C       		.uleb128 0xc
 506 0090 03       		.uleb128 0x3
 507 0091 0E       		.uleb128 0xe
 508 0092 3A       		.uleb128 0x3a
 509 0093 0B       		.uleb128 0xb
 510 0094 3B       		.uleb128 0x3b
 511 0095 05       		.uleb128 0x5
 512 0096 27       		.uleb128 0x27
 513 0097 0C       		.uleb128 0xc
 514 0098 11       		.uleb128 0x11
 515 0099 01       		.uleb128 0x1
 516 009a 12       		.uleb128 0x12
 517 009b 01       		.uleb128 0x1
 518 009c 40       		.uleb128 0x40
 519 009d 06       		.uleb128 0x6
 520 009e 9642     		.uleb128 0x2116
 521 00a0 0C       		.uleb128 0xc
 522 00a1 00       		.byte	0
 523 00a2 00       		.byte	0
 524 00a3 0B       		.uleb128 0xb
 525 00a4 01       		.uleb128 0x1
 526 00a5 01       		.byte	0x1
 527 00a6 49       		.uleb128 0x49
 528 00a7 13       		.uleb128 0x13
 529 00a8 01       		.uleb128 0x1
 530 00a9 13       		.uleb128 0x13
 531 00aa 00       		.byte	0
 532 00ab 00       		.byte	0
 533 00ac 0C       		.uleb128 0xc
 534 00ad 21       		.uleb128 0x21
 535 00ae 00       		.byte	0
 536 00af 49       		.uleb128 0x49
 537 00b0 13       		.uleb128 0x13
 538 00b1 2F       		.uleb128 0x2f
 539 00b2 0B       		.uleb128 0xb
 540 00b3 00       		.byte	0
ARM GAS  C:\Users\makij\AppData\Local\Temp\ccTiPcJU.s 			page 21


 541 00b4 00       		.byte	0
 542 00b5 0D       		.uleb128 0xd
 543 00b6 34       		.uleb128 0x34
 544 00b7 00       		.byte	0
 545 00b8 03       		.uleb128 0x3
 546 00b9 0E       		.uleb128 0xe
 547 00ba 3A       		.uleb128 0x3a
 548 00bb 0B       		.uleb128 0xb
 549 00bc 3B       		.uleb128 0x3b
 550 00bd 0B       		.uleb128 0xb
 551 00be 49       		.uleb128 0x49
 552 00bf 13       		.uleb128 0x13
 553 00c0 3F       		.uleb128 0x3f
 554 00c1 0C       		.uleb128 0xc
 555 00c2 3C       		.uleb128 0x3c
 556 00c3 0C       		.uleb128 0xc
 557 00c4 00       		.byte	0
 558 00c5 00       		.byte	0
 559 00c6 00       		.byte	0
 560              		.section	.debug_loc,"",%progbits
 561              	.Ldebug_loc0:
 562              	.LLST0:
 563 0000 00000000 		.4byte	.LFB0
 564 0004 02000000 		.4byte	.LCFI0
 565 0008 0200     		.2byte	0x2
 566 000a 7D       		.byte	0x7d
 567 000b 00       		.sleb128 0
 568 000c 02000000 		.4byte	.LCFI0
 569 0010 04000000 		.4byte	.LCFI1
 570 0014 0200     		.2byte	0x2
 571 0016 7D       		.byte	0x7d
 572 0017 04       		.sleb128 4
 573 0018 04000000 		.4byte	.LCFI1
 574 001c 72000000 		.4byte	.LFE0
 575 0020 0200     		.2byte	0x2
 576 0022 77       		.byte	0x77
 577 0023 04       		.sleb128 4
 578 0024 00000000 		.4byte	0
 579 0028 00000000 		.4byte	0
 580              	.LLST1:
 581 002c 00000000 		.4byte	.LFB1
 582 0030 02000000 		.4byte	.LCFI2
 583 0034 0200     		.2byte	0x2
 584 0036 7D       		.byte	0x7d
 585 0037 00       		.sleb128 0
 586 0038 02000000 		.4byte	.LCFI2
 587 003c 04000000 		.4byte	.LCFI3
 588 0040 0200     		.2byte	0x2
 589 0042 7D       		.byte	0x7d
 590 0043 04       		.sleb128 4
 591 0044 04000000 		.4byte	.LCFI3
 592 0048 0A000000 		.4byte	.LFE1
 593 004c 0200     		.2byte	0x2
 594 004e 77       		.byte	0x77
 595 004f 04       		.sleb128 4
 596 0050 00000000 		.4byte	0
 597 0054 00000000 		.4byte	0
ARM GAS  C:\Users\makij\AppData\Local\Temp\ccTiPcJU.s 			page 22


 598              	.LLST2:
 599 0058 00000000 		.4byte	.LFB2
 600 005c 02000000 		.4byte	.LCFI4
 601 0060 0200     		.2byte	0x2
 602 0062 7D       		.byte	0x7d
 603 0063 00       		.sleb128 0
 604 0064 02000000 		.4byte	.LCFI4
 605 0068 04000000 		.4byte	.LCFI5
 606 006c 0200     		.2byte	0x2
 607 006e 7D       		.byte	0x7d
 608 006f 08       		.sleb128 8
 609 0070 04000000 		.4byte	.LCFI5
 610 0074 0A000000 		.4byte	.LFE2
 611 0078 0200     		.2byte	0x2
 612 007a 77       		.byte	0x77
 613 007b 08       		.sleb128 8
 614 007c 00000000 		.4byte	0
 615 0080 00000000 		.4byte	0
 616              		.section	.debug_aranges,"",%progbits
 617 0000 2C000000 		.4byte	0x2c
 618 0004 0200     		.2byte	0x2
 619 0006 00000000 		.4byte	.Ldebug_info0
 620 000a 04       		.byte	0x4
 621 000b 00       		.byte	0
 622 000c 0000     		.2byte	0
 623 000e 0000     		.2byte	0
 624 0010 00000000 		.4byte	.LFB0
 625 0014 72000000 		.4byte	.LFE0-.LFB0
 626 0018 00000000 		.4byte	.LFB1
 627 001c 0A000000 		.4byte	.LFE1-.LFB1
 628 0020 00000000 		.4byte	.LFB2
 629 0024 0A000000 		.4byte	.LFE2-.LFB2
 630 0028 00000000 		.4byte	0
 631 002c 00000000 		.4byte	0
 632              		.section	.debug_ranges,"",%progbits
 633              	.Ldebug_ranges0:
 634 0000 00000000 		.4byte	.LFB0
 635 0004 72000000 		.4byte	.LFE0
 636 0008 00000000 		.4byte	.LFB1
 637 000c 0A000000 		.4byte	.LFE1
 638 0010 00000000 		.4byte	.LFB2
 639 0014 0A000000 		.4byte	.LFE2
 640 0018 00000000 		.4byte	0
 641 001c 00000000 		.4byte	0
 642              		.section	.debug_line,"",%progbits
 643              	.Ldebug_line0:
 644 0000 A0000000 		.section	.debug_str,"MS",%progbits,1
 644      02005E00 
 644      00000201 
 644      FB0E0D00 
 644      01010101 
 645              	.LASF27:
 646 0000 5553425F 		.ascii	"USB_SOF_ISR\000"
 646      534F465F 
 646      49535200 
 647              	.LASF28:
 648 000c 5553425F 		.ascii	"USB_BUS_RESET_ISR\000"
ARM GAS  C:\Users\makij\AppData\Local\Temp\ccTiPcJU.s 			page 23


 648      4255535F 
 648      52455345 
 648      545F4953 
 648      5200
 649              	.LASF31:
 650 001e 443A5C4D 		.ascii	"D:\\MSOE\\2014-2015\\Winter\\CE4950_021_Network\\la"
 650      534F455C 
 650      32303134 
 650      2D323031 
 650      355C5769 
 651 004c 625C5072 		.ascii	"b\\Project\\ce4950Project\\Networking\\Networking P"
 651      6F6A6563 
 651      745C6365 
 651      34393530 
 651      50726F6A 
 652 007b 726F6A65 		.ascii	"roject\\Networking Project.cydsn\000"
 652      63745C4E 
 652      6574776F 
 652      726B696E 
 652      67205072 
 653              	.LASF3:
 654 009b 73686F72 		.ascii	"short unsigned int\000"
 654      7420756E 
 654      7369676E 
 654      65642069 
 654      6E7400
 655              	.LASF32:
 656 00ae 5553425F 		.ascii	"USB_EP\000"
 656      455000
 657              	.LASF11:
 658 00b5 666C6F61 		.ascii	"float\000"
 658      7400
 659              	.LASF19:
 660 00bb 6570546F 		.ascii	"epToggle\000"
 660      67676C65 
 660      00
 661              	.LASF1:
 662 00c4 756E7369 		.ascii	"unsigned char\000"
 662      676E6564 
 662      20636861 
 662      7200
 663              	.LASF14:
 664 00d2 72656738 		.ascii	"reg8\000"
 664      00
 665              	.LASF5:
 666 00d7 6C6F6E67 		.ascii	"long unsigned int\000"
 666      20756E73 
 666      69676E65 
 666      6420696E 
 666      7400
 667              	.LASF20:
 668 00e9 61646472 		.ascii	"addr\000"
 668      00
 669              	.LASF12:
 670 00ee 646F7562 		.ascii	"double\000"
 670      6C6500
 671              	.LASF16:
ARM GAS  C:\Users\makij\AppData\Local\Temp\ccTiPcJU.s 			page 24


 672 00f5 61747472 		.ascii	"attrib\000"
 672      696200
 673              	.LASF22:
 674 00fc 62756666 		.ascii	"buffOffset\000"
 674      4F666673 
 674      657400
 675              	.LASF10:
 676 0107 75696E74 		.ascii	"uint16\000"
 676      313600
 677              	.LASF17:
 678 010e 61706945 		.ascii	"apiEpState\000"
 678      70537461 
 678      746500
 679              	.LASF8:
 680 0119 756E7369 		.ascii	"unsigned int\000"
 680      676E6564 
 680      20696E74 
 680      00
 681              	.LASF7:
 682 0126 6C6F6E67 		.ascii	"long long unsigned int\000"
 682      206C6F6E 
 682      6720756E 
 682      7369676E 
 682      65642069 
 683              	.LASF18:
 684 013d 68774570 		.ascii	"hwEpState\000"
 684      53746174 
 684      6500
 685              	.LASF15:
 686 0147 73697A65 		.ascii	"sizetype\000"
 686      74797065 
 686      00
 687              	.LASF21:
 688 0150 65704D6F 		.ascii	"epMode\000"
 688      646500
 689              	.LASF6:
 690 0157 6C6F6E67 		.ascii	"long long int\000"
 690      206C6F6E 
 690      6720696E 
 690      7400
 691              	.LASF30:
 692 0165 2E5C4765 		.ascii	".\\Generated_Source\\PSoC5\\USB_episr.c\000"
 692      6E657261 
 692      7465645F 
 692      536F7572 
 692      63655C50 
 693              	.LASF13:
 694 018a 63686172 		.ascii	"char\000"
 694      00
 695              	.LASF23:
 696 018f 62756666 		.ascii	"bufferSize\000"
 696      65725369 
 696      7A6500
 697              	.LASF2:
 698 019a 73686F72 		.ascii	"short int\000"
 698      7420696E 
 698      7400
ARM GAS  C:\Users\makij\AppData\Local\Temp\ccTiPcJU.s 			page 25


 699              	.LASF26:
 700 01a4 5553425F 		.ascii	"USB_EP_1_ISR\000"
 700      45505F31 
 700      5F495352 
 700      00
 701              	.LASF9:
 702 01b1 75696E74 		.ascii	"uint8\000"
 702      3800
 703              	.LASF29:
 704 01b7 474E5520 		.ascii	"GNU C 4.7.3 20130312 (release) [ARM/embedded-4_7-br"
 704      4320342E 
 704      372E3320 
 704      32303133 
 704      30333132 
 705 01ea 616E6368 		.ascii	"anch revision 196615]\000"
 705      20726576 
 705      6973696F 
 705      6E203139 
 705      36363135 
 706              	.LASF24:
 707 0200 696E7465 		.ascii	"interface\000"
 707      72666163 
 707      6500
 708              	.LASF4:
 709 020a 6C6F6E67 		.ascii	"long int\000"
 709      20696E74 
 709      00
 710              	.LASF25:
 711 0213 545F5553 		.ascii	"T_USB_EP_CTL_BLOCK\000"
 711      425F4550 
 711      5F43544C 
 711      5F424C4F 
 711      434B00
 712              	.LASF0:
 713 0226 7369676E 		.ascii	"signed char\000"
 713      65642063 
 713      68617200 
 714              		.ident	"GCC: (GNU Tools for ARM Embedded Processors) 4.7.3 20130312 (release) [ARM/embedded-4_7-br
