ARM GAS  C:\Users\Zach\AppData\Local\Temp\ccLcqs1D.s 			page 1


   1              		.syntax unified
   2              		.cpu cortex-m3
   3              		.fpu softvfp
   4              		.eabi_attribute 20, 1
   5              		.eabi_attribute 21, 1
   6              		.eabi_attribute 23, 3
   7              		.eabi_attribute 24, 1
   8              		.eabi_attribute 25, 1
   9              		.eabi_attribute 26, 1
  10              		.eabi_attribute 30, 6
  11              		.eabi_attribute 34, 1
  12              		.eabi_attribute 18, 4
  13              		.thumb
  14              		.file	"USB_cls.c"
  15              		.text
  16              	.Ltext0:
  17              		.cfi_sections	.debug_frame
  18              		.section	.text.USB_DispatchClassRqst,"ax",%progbits
  19              		.align	2
  20              		.global	USB_DispatchClassRqst
  21              		.thumb
  22              		.thumb_func
  23              		.type	USB_DispatchClassRqst, %function
  24              	USB_DispatchClassRqst:
  25              	.LFB0:
  26              		.file 1 ".\\Generated_Source\\PSoC5\\USB_cls.c"
   1:.\Generated_Source\PSoC5/USB_cls.c **** /*******************************************************************************
   2:.\Generated_Source\PSoC5/USB_cls.c **** * File Name: USB_cls.c
   3:.\Generated_Source\PSoC5/USB_cls.c **** * Version 2.70
   4:.\Generated_Source\PSoC5/USB_cls.c **** *
   5:.\Generated_Source\PSoC5/USB_cls.c **** * Description:
   6:.\Generated_Source\PSoC5/USB_cls.c **** *  USB Class request handler.
   7:.\Generated_Source\PSoC5/USB_cls.c **** *
   8:.\Generated_Source\PSoC5/USB_cls.c **** * Note:
   9:.\Generated_Source\PSoC5/USB_cls.c **** *
  10:.\Generated_Source\PSoC5/USB_cls.c **** ********************************************************************************
  11:.\Generated_Source\PSoC5/USB_cls.c **** * Copyright 2008-2013, Cypress Semiconductor Corporation.  All rights reserved.
  12:.\Generated_Source\PSoC5/USB_cls.c **** * You may use this file only in accordance with the license, terms, conditions,
  13:.\Generated_Source\PSoC5/USB_cls.c **** * disclaimers, and limitations in the end user license agreement accompanying
  14:.\Generated_Source\PSoC5/USB_cls.c **** * the software package with which this file was provided.
  15:.\Generated_Source\PSoC5/USB_cls.c **** *******************************************************************************/
  16:.\Generated_Source\PSoC5/USB_cls.c **** 
  17:.\Generated_Source\PSoC5/USB_cls.c **** #include "USB.h"
  18:.\Generated_Source\PSoC5/USB_cls.c **** 
  19:.\Generated_Source\PSoC5/USB_cls.c **** #if(USB_EXTERN_CLS == USB_FALSE)
  20:.\Generated_Source\PSoC5/USB_cls.c **** 
  21:.\Generated_Source\PSoC5/USB_cls.c **** #include "USB_pvt.h"
  22:.\Generated_Source\PSoC5/USB_cls.c **** 
  23:.\Generated_Source\PSoC5/USB_cls.c **** 
  24:.\Generated_Source\PSoC5/USB_cls.c **** /***************************************
  25:.\Generated_Source\PSoC5/USB_cls.c **** * User Implemented Class Driver Declarations.
  26:.\Generated_Source\PSoC5/USB_cls.c **** ***************************************/
  27:.\Generated_Source\PSoC5/USB_cls.c **** /* `#START USER_DEFINED_CLASS_DECLARATIONS` Place your declaration here */
  28:.\Generated_Source\PSoC5/USB_cls.c **** 
  29:.\Generated_Source\PSoC5/USB_cls.c **** /* `#END` */
  30:.\Generated_Source\PSoC5/USB_cls.c **** 
  31:.\Generated_Source\PSoC5/USB_cls.c **** 
ARM GAS  C:\Users\Zach\AppData\Local\Temp\ccLcqs1D.s 			page 2


  32:.\Generated_Source\PSoC5/USB_cls.c **** /*******************************************************************************
  33:.\Generated_Source\PSoC5/USB_cls.c **** * Function Name: USB_DispatchClassRqst
  34:.\Generated_Source\PSoC5/USB_cls.c **** ********************************************************************************
  35:.\Generated_Source\PSoC5/USB_cls.c **** * Summary:
  36:.\Generated_Source\PSoC5/USB_cls.c **** *  This routine dispatches class specific requests depend on interface class.
  37:.\Generated_Source\PSoC5/USB_cls.c **** *
  38:.\Generated_Source\PSoC5/USB_cls.c **** * Parameters:
  39:.\Generated_Source\PSoC5/USB_cls.c **** *  None.
  40:.\Generated_Source\PSoC5/USB_cls.c **** *
  41:.\Generated_Source\PSoC5/USB_cls.c **** * Return:
  42:.\Generated_Source\PSoC5/USB_cls.c **** *  requestHandled.
  43:.\Generated_Source\PSoC5/USB_cls.c **** *
  44:.\Generated_Source\PSoC5/USB_cls.c **** * Reentrant:
  45:.\Generated_Source\PSoC5/USB_cls.c **** *  No.
  46:.\Generated_Source\PSoC5/USB_cls.c **** *
  47:.\Generated_Source\PSoC5/USB_cls.c **** *******************************************************************************/
  48:.\Generated_Source\PSoC5/USB_cls.c **** uint8 USB_DispatchClassRqst(void) 
  49:.\Generated_Source\PSoC5/USB_cls.c **** {
  27              		.loc 1 49 0
  28              		.cfi_startproc
  29              		@ args = 0, pretend = 0, frame = 8
  30              		@ frame_needed = 1, uses_anonymous_args = 0
  31 0000 80B5     		push	{r7, lr}
  32              	.LCFI0:
  33              		.cfi_def_cfa_offset 8
  34              		.cfi_offset 7, -8
  35              		.cfi_offset 14, -4
  36 0002 82B0     		sub	sp, sp, #8
  37              	.LCFI1:
  38              		.cfi_def_cfa_offset 16
  39 0004 00AF     		add	r7, sp, #0
  40              	.LCFI2:
  41              		.cfi_def_cfa_register 7
  50:.\Generated_Source\PSoC5/USB_cls.c ****     uint8 requestHandled = USB_FALSE;
  42              		.loc 1 50 0
  43 0006 4FF00003 		mov	r3, #0
  44 000a FB71     		strb	r3, [r7, #7]
  51:.\Generated_Source\PSoC5/USB_cls.c ****     uint8 interfaceNumber = 0u;
  45              		.loc 1 51 0
  46 000c 4FF00003 		mov	r3, #0
  47 0010 BB71     		strb	r3, [r7, #6]
  52:.\Generated_Source\PSoC5/USB_cls.c **** 
  53:.\Generated_Source\PSoC5/USB_cls.c ****     switch(CY_GET_REG8(USB_bmRequestType) & USB_RQST_RCPT_MASK)
  48              		.loc 1 53 0
  49 0012 4FF4C043 		mov	r3, #24576
  50 0016 C4F20003 		movt	r3, 16384
  51 001a 1B78     		ldrb	r3, [r3, #0]
  52 001c DBB2     		uxtb	r3, r3
  53 001e 03F00303 		and	r3, r3, #3
  54 0022 012B     		cmp	r3, #1
  55 0024 02D0     		beq	.L3
  56 0026 022B     		cmp	r3, #2
  57 0028 07D0     		beq	.L4
  58 002a 1EE0     		b	.L12
  59              	.L3:
  54:.\Generated_Source\PSoC5/USB_cls.c ****     {
  55:.\Generated_Source\PSoC5/USB_cls.c ****         case USB_RQST_RCPT_IFC:        /* Class-specific request directed to an interface */
ARM GAS  C:\Users\Zach\AppData\Local\Temp\ccLcqs1D.s 			page 3


  56:.\Generated_Source\PSoC5/USB_cls.c ****             interfaceNumber = CY_GET_REG8(USB_wIndexLo); /* wIndexLo contain Interface number */
  60              		.loc 1 56 0
  61 002c 46F20403 		movw	r3, #24580
  62 0030 C4F20003 		movt	r3, 16384
  63 0034 1B78     		ldrb	r3, [r3, #0]
  64 0036 BB71     		strb	r3, [r7, #6]
  57:.\Generated_Source\PSoC5/USB_cls.c ****             break;
  65              		.loc 1 57 0
  66 0038 18E0     		b	.L5
  67              	.L4:
  58:.\Generated_Source\PSoC5/USB_cls.c ****         case USB_RQST_RCPT_EP:         /* Class-specific request directed to the endpoint */
  59:.\Generated_Source\PSoC5/USB_cls.c ****             /* Find related interface to the endpoint, wIndexLo contain EP number */
  60:.\Generated_Source\PSoC5/USB_cls.c ****             interfaceNumber = USB_EP[CY_GET_REG8(USB_wIndexLo) & 
  68              		.loc 1 60 0
  69 003a 46F20403 		movw	r3, #24580
  70 003e C4F20003 		movt	r3, 16384
  71 0042 1B78     		ldrb	r3, [r3, #0]
  72 0044 DBB2     		uxtb	r3, r3
  73 0046 03F07F01 		and	r1, r3, #127
  74 004a 40F20002 		movw	r2, #:lower16:USB_EP
  75 004e C0F20002 		movt	r2, #:upper16:USB_EP
  76 0052 0B46     		mov	r3, r1
  77 0054 4FEA4303 		lsl	r3, r3, #1
  78 0058 5B18     		adds	r3, r3, r1
  79 005a 4FEA8303 		lsl	r3, r3, #2
  80 005e D318     		adds	r3, r2, r3
  81 0060 03F10803 		add	r3, r3, #8
  82 0064 9B78     		ldrb	r3, [r3, #2]
  83 0066 BB71     		strb	r3, [r7, #6]
  61:.\Generated_Source\PSoC5/USB_cls.c ****                               USB_DIR_UNUSED].interface;
  62:.\Generated_Source\PSoC5/USB_cls.c ****             break;
  84              		.loc 1 62 0
  85 0068 00E0     		b	.L5
  86              	.L12:
  63:.\Generated_Source\PSoC5/USB_cls.c ****         default:    /* RequestHandled is initialized as FALSE by default */
  64:.\Generated_Source\PSoC5/USB_cls.c ****             break;
  87              		.loc 1 64 0
  88 006a 00BF     		nop
  89              	.L5:
  65:.\Generated_Source\PSoC5/USB_cls.c ****     }
  66:.\Generated_Source\PSoC5/USB_cls.c ****     /* Handle Class request depend on interface type */
  67:.\Generated_Source\PSoC5/USB_cls.c ****     switch(USB_interfaceClass[interfaceNumber])
  90              		.loc 1 67 0
  91 006c 40F20003 		movw	r3, #:lower16:USB_interfaceClass
  92 0070 C0F20003 		movt	r3, #:upper16:USB_interfaceClass
  93 0074 1A68     		ldr	r2, [r3, #0]
  94 0076 BB79     		ldrb	r3, [r7, #6]	@ zero_extendqisi2
  95 0078 D318     		adds	r3, r2, r3
  96 007a 1B78     		ldrb	r3, [r3, #0]	@ zero_extendqisi2
  97 007c 022B     		cmp	r3, #2
  98 007e 04D0     		beq	.L8
  99 0080 032B     		cmp	r3, #3
 100 0082 08D0     		beq	.L14
 101 0084 012B     		cmp	r3, #1
 102 0086 08D0     		beq	.L15
 103 0088 04E0     		b	.L13
 104              	.L8:
ARM GAS  C:\Users\Zach\AppData\Local\Temp\ccLcqs1D.s 			page 4


  68:.\Generated_Source\PSoC5/USB_cls.c ****     {
  69:.\Generated_Source\PSoC5/USB_cls.c ****         case USB_CLASS_HID:
  70:.\Generated_Source\PSoC5/USB_cls.c ****             #if defined(USB_ENABLE_HID_CLASS)
  71:.\Generated_Source\PSoC5/USB_cls.c ****                 requestHandled = USB_DispatchHIDClassRqst();
  72:.\Generated_Source\PSoC5/USB_cls.c ****             #endif /* USB_ENABLE_HID_CLASS */
  73:.\Generated_Source\PSoC5/USB_cls.c ****             break;
  74:.\Generated_Source\PSoC5/USB_cls.c ****         case USB_CLASS_AUDIO:
  75:.\Generated_Source\PSoC5/USB_cls.c ****             #if defined(USB_ENABLE_AUDIO_CLASS)
  76:.\Generated_Source\PSoC5/USB_cls.c ****                 requestHandled = USB_DispatchAUDIOClassRqst();
  77:.\Generated_Source\PSoC5/USB_cls.c ****             #endif /* USB_CLASS_AUDIO */
  78:.\Generated_Source\PSoC5/USB_cls.c ****             break;
  79:.\Generated_Source\PSoC5/USB_cls.c ****         case USB_CLASS_CDC:
  80:.\Generated_Source\PSoC5/USB_cls.c ****             #if defined(USB_ENABLE_CDC_CLASS)
  81:.\Generated_Source\PSoC5/USB_cls.c ****                 requestHandled = USB_DispatchCDCClassRqst();
 105              		.loc 1 81 0
 106 008a FFF7FEFF 		bl	USB_DispatchCDCClassRqst
 107 008e 0346     		mov	r3, r0
 108 0090 FB71     		strb	r3, [r7, #7]
  82:.\Generated_Source\PSoC5/USB_cls.c ****             #endif /* USB_ENABLE_CDC_CLASS */
  83:.\Generated_Source\PSoC5/USB_cls.c ****             break;
 109              		.loc 1 83 0
 110 0092 03E0     		b	.L10
 111              	.L13:
  84:.\Generated_Source\PSoC5/USB_cls.c ****         default:    /* requestHandled is initialized as FALSE by default */
  85:.\Generated_Source\PSoC5/USB_cls.c ****             break;
 112              		.loc 1 85 0
 113 0094 02E0     		b	.L10
 114              	.L14:
  73:.\Generated_Source\PSoC5/USB_cls.c ****             break;
 115              		.loc 1 73 0
 116 0096 00BF     		nop
 117 0098 00E0     		b	.L10
 118              	.L15:
  78:.\Generated_Source\PSoC5/USB_cls.c ****             break;
 119              		.loc 1 78 0
 120 009a 00BF     		nop
 121              	.L10:
  86:.\Generated_Source\PSoC5/USB_cls.c ****     }
  87:.\Generated_Source\PSoC5/USB_cls.c **** 
  88:.\Generated_Source\PSoC5/USB_cls.c ****     /* `#START USER_DEFINED_CLASS_CODE` Place your Class request here */
  89:.\Generated_Source\PSoC5/USB_cls.c **** 
  90:.\Generated_Source\PSoC5/USB_cls.c ****     /* `#END` */
  91:.\Generated_Source\PSoC5/USB_cls.c **** 
  92:.\Generated_Source\PSoC5/USB_cls.c ****     return(requestHandled);
 122              		.loc 1 92 0
 123 009c FB79     		ldrb	r3, [r7, #7]	@ zero_extendqisi2
  93:.\Generated_Source\PSoC5/USB_cls.c **** }
 124              		.loc 1 93 0
 125 009e 1846     		mov	r0, r3
 126 00a0 07F10807 		add	r7, r7, #8
 127 00a4 BD46     		mov	sp, r7
 128 00a6 80BD     		pop	{r7, pc}
 129              		.cfi_endproc
 130              	.LFE0:
 131              		.size	USB_DispatchClassRqst, .-USB_DispatchClassRqst
 132              		.text
 133              	.Letext0:
ARM GAS  C:\Users\Zach\AppData\Local\Temp\ccLcqs1D.s 			page 5


 134              		.file 2 ".\\Generated_Source\\PSoC5\\cytypes.h"
 135              		.file 3 ".\\Generated_Source\\PSoC5\\USB.h"
 136              		.file 4 ".\\Generated_Source\\PSoC5\\USB_pvt.h"
 137              		.section	.debug_info,"",%progbits
 138              	.Ldebug_info0:
 139 0000 B5010000 		.4byte	0x1b5
 140 0004 0200     		.2byte	0x2
 141 0006 00000000 		.4byte	.Ldebug_abbrev0
 142 000a 04       		.byte	0x4
 143 000b 01       		.uleb128 0x1
 144 000c BA010000 		.4byte	.LASF30
 145 0010 01       		.byte	0x1
 146 0011 61000000 		.4byte	.LASF31
 147 0015 3A010000 		.4byte	.LASF32
 148 0019 00000000 		.4byte	.Ldebug_ranges0+0
 149 001d 00000000 		.4byte	0
 150 0021 00000000 		.4byte	0
 151 0025 00000000 		.4byte	.Ldebug_line0
 152 0029 02       		.uleb128 0x2
 153 002a 01       		.byte	0x1
 154 002b 06       		.byte	0x6
 155 002c 29020000 		.4byte	.LASF0
 156 0030 02       		.uleb128 0x2
 157 0031 01       		.byte	0x1
 158 0032 08       		.byte	0x8
 159 0033 4E000000 		.4byte	.LASF1
 160 0037 02       		.uleb128 0x2
 161 0038 02       		.byte	0x2
 162 0039 05       		.byte	0x5
 163 003a AA010000 		.4byte	.LASF2
 164 003e 02       		.uleb128 0x2
 165 003f 02       		.byte	0x2
 166 0040 07       		.byte	0x7
 167 0041 16000000 		.4byte	.LASF3
 168 0045 02       		.uleb128 0x2
 169 0046 04       		.byte	0x4
 170 0047 05       		.byte	0x5
 171 0048 0D020000 		.4byte	.LASF4
 172 004c 02       		.uleb128 0x2
 173 004d 04       		.byte	0x4
 174 004e 07       		.byte	0x7
 175 004f 84000000 		.4byte	.LASF5
 176 0053 02       		.uleb128 0x2
 177 0054 08       		.byte	0x8
 178 0055 05       		.byte	0x5
 179 0056 27010000 		.4byte	.LASF6
 180 005a 02       		.uleb128 0x2
 181 005b 08       		.byte	0x8
 182 005c 07       		.byte	0x7
 183 005d E3000000 		.4byte	.LASF7
 184 0061 03       		.uleb128 0x3
 185 0062 04       		.byte	0x4
 186 0063 05       		.byte	0x5
 187 0064 696E7400 		.ascii	"int\000"
 188 0068 02       		.uleb128 0x2
 189 0069 04       		.byte	0x4
 190 006a 07       		.byte	0x7
ARM GAS  C:\Users\Zach\AppData\Local\Temp\ccLcqs1D.s 			page 6


 191 006b D6000000 		.4byte	.LASF8
 192 006f 04       		.uleb128 0x4
 193 0070 B4010000 		.4byte	.LASF9
 194 0074 02       		.byte	0x2
 195 0075 5B       		.byte	0x5b
 196 0076 30000000 		.4byte	0x30
 197 007a 04       		.uleb128 0x4
 198 007b C4000000 		.4byte	.LASF10
 199 007f 02       		.byte	0x2
 200 0080 5C       		.byte	0x5c
 201 0081 3E000000 		.4byte	0x3e
 202 0085 02       		.uleb128 0x2
 203 0086 04       		.byte	0x4
 204 0087 04       		.byte	0x4
 205 0088 3F000000 		.4byte	.LASF11
 206 008c 02       		.uleb128 0x2
 207 008d 08       		.byte	0x8
 208 008e 04       		.byte	0x4
 209 008f AB000000 		.4byte	.LASF12
 210 0093 02       		.uleb128 0x2
 211 0094 01       		.byte	0x1
 212 0095 08       		.byte	0x8
 213 0096 35010000 		.4byte	.LASF13
 214 009a 04       		.uleb128 0x4
 215 009b 5C000000 		.4byte	.LASF14
 216 009f 02       		.byte	0x2
 217 00a0 F0       		.byte	0xf0
 218 00a1 A5000000 		.4byte	0xa5
 219 00a5 05       		.uleb128 0x5
 220 00a6 6F000000 		.4byte	0x6f
 221 00aa 02       		.uleb128 0x2
 222 00ab 04       		.byte	0x4
 223 00ac 07       		.byte	0x7
 224 00ad 17010000 		.4byte	.LASF15
 225 00b1 06       		.uleb128 0x6
 226 00b2 0C       		.byte	0xc
 227 00b3 03       		.byte	0x3
 228 00b4 7A       		.byte	0x7a
 229 00b5 38010000 		.4byte	0x138
 230 00b9 07       		.uleb128 0x7
 231 00ba B2000000 		.4byte	.LASF16
 232 00be 03       		.byte	0x3
 233 00bf 7C       		.byte	0x7c
 234 00c0 6F000000 		.4byte	0x6f
 235 00c4 02       		.byte	0x2
 236 00c5 23       		.byte	0x23
 237 00c6 00       		.uleb128 0
 238 00c7 07       		.uleb128 0x7
 239 00c8 CB000000 		.4byte	.LASF17
 240 00cc 03       		.byte	0x3
 241 00cd 7D       		.byte	0x7d
 242 00ce 6F000000 		.4byte	0x6f
 243 00d2 02       		.byte	0x2
 244 00d3 23       		.byte	0x23
 245 00d4 01       		.uleb128 0x1
 246 00d5 07       		.uleb128 0x7
 247 00d6 FA000000 		.4byte	.LASF18
ARM GAS  C:\Users\Zach\AppData\Local\Temp\ccLcqs1D.s 			page 7


 248 00da 03       		.byte	0x3
 249 00db 7E       		.byte	0x7e
 250 00dc 6F000000 		.4byte	0x6f
 251 00e0 02       		.byte	0x2
 252 00e1 23       		.byte	0x23
 253 00e2 02       		.uleb128 0x2
 254 00e3 07       		.uleb128 0x7
 255 00e4 45000000 		.4byte	.LASF19
 256 00e8 03       		.byte	0x3
 257 00e9 7F       		.byte	0x7f
 258 00ea 6F000000 		.4byte	0x6f
 259 00ee 02       		.byte	0x2
 260 00ef 23       		.byte	0x23
 261 00f0 03       		.uleb128 0x3
 262 00f1 07       		.uleb128 0x7
 263 00f2 96000000 		.4byte	.LASF20
 264 00f6 03       		.byte	0x3
 265 00f7 80       		.byte	0x80
 266 00f8 6F000000 		.4byte	0x6f
 267 00fc 02       		.byte	0x2
 268 00fd 23       		.byte	0x23
 269 00fe 04       		.uleb128 0x4
 270 00ff 07       		.uleb128 0x7
 271 0100 20010000 		.4byte	.LASF21
 272 0104 03       		.byte	0x3
 273 0105 81       		.byte	0x81
 274 0106 6F000000 		.4byte	0x6f
 275 010a 02       		.byte	0x2
 276 010b 23       		.byte	0x23
 277 010c 05       		.uleb128 0x5
 278 010d 07       		.uleb128 0x7
 279 010e B9000000 		.4byte	.LASF22
 280 0112 03       		.byte	0x3
 281 0113 82       		.byte	0x82
 282 0114 7A000000 		.4byte	0x7a
 283 0118 02       		.byte	0x2
 284 0119 23       		.byte	0x23
 285 011a 06       		.uleb128 0x6
 286 011b 07       		.uleb128 0x7
 287 011c 9F010000 		.4byte	.LASF23
 288 0120 03       		.byte	0x3
 289 0121 83       		.byte	0x83
 290 0122 7A000000 		.4byte	0x7a
 291 0126 02       		.byte	0x2
 292 0127 23       		.byte	0x23
 293 0128 08       		.uleb128 0x8
 294 0129 07       		.uleb128 0x7
 295 012a 03020000 		.4byte	.LASF24
 296 012e 03       		.byte	0x3
 297 012f 84       		.byte	0x84
 298 0130 6F000000 		.4byte	0x6f
 299 0134 02       		.byte	0x2
 300 0135 23       		.byte	0x23
 301 0136 0A       		.uleb128 0xa
 302 0137 00       		.byte	0
 303 0138 04       		.uleb128 0x4
 304 0139 16020000 		.4byte	.LASF25
ARM GAS  C:\Users\Zach\AppData\Local\Temp\ccLcqs1D.s 			page 8


 305 013d 03       		.byte	0x3
 306 013e 85       		.byte	0x85
 307 013f B1000000 		.4byte	0xb1
 308 0143 08       		.uleb128 0x8
 309 0144 01       		.byte	0x1
 310 0145 00000000 		.4byte	.LASF33
 311 0149 01       		.byte	0x1
 312 014a 30       		.byte	0x30
 313 014b 01       		.byte	0x1
 314 014c 6F000000 		.4byte	0x6f
 315 0150 00000000 		.4byte	.LFB0
 316 0154 A8000000 		.4byte	.LFE0
 317 0158 00000000 		.4byte	.LLST0
 318 015c 01       		.byte	0x1
 319 015d 7E010000 		.4byte	0x17e
 320 0161 09       		.uleb128 0x9
 321 0162 30000000 		.4byte	.LASF26
 322 0166 01       		.byte	0x1
 323 0167 32       		.byte	0x32
 324 0168 6F000000 		.4byte	0x6f
 325 016c 02       		.byte	0x2
 326 016d 91       		.byte	0x91
 327 016e 77       		.sleb128 -9
 328 016f 09       		.uleb128 0x9
 329 0170 9B000000 		.4byte	.LASF27
 330 0174 01       		.byte	0x1
 331 0175 33       		.byte	0x33
 332 0176 6F000000 		.4byte	0x6f
 333 017a 02       		.byte	0x2
 334 017b 91       		.byte	0x91
 335 017c 76       		.sleb128 -10
 336 017d 00       		.byte	0
 337 017e 0A       		.uleb128 0xa
 338 017f 04010000 		.4byte	.LASF28
 339 0183 04       		.byte	0x4
 340 0184 32       		.byte	0x32
 341 0185 8B010000 		.4byte	0x18b
 342 0189 01       		.byte	0x1
 343 018a 01       		.byte	0x1
 344 018b 0B       		.uleb128 0xb
 345 018c 04       		.byte	0x4
 346 018d 91010000 		.4byte	0x191
 347 0191 0C       		.uleb128 0xc
 348 0192 6F000000 		.4byte	0x6f
 349 0196 0D       		.uleb128 0xd
 350 0197 38010000 		.4byte	0x138
 351 019b A6010000 		.4byte	0x1a6
 352 019f 0E       		.uleb128 0xe
 353 01a0 AA000000 		.4byte	0xaa
 354 01a4 08       		.byte	0x8
 355 01a5 00       		.byte	0
 356 01a6 0A       		.uleb128 0xa
 357 01a7 29000000 		.4byte	.LASF29
 358 01ab 04       		.byte	0x4
 359 01ac 34       		.byte	0x34
 360 01ad B3010000 		.4byte	0x1b3
 361 01b1 01       		.byte	0x1
ARM GAS  C:\Users\Zach\AppData\Local\Temp\ccLcqs1D.s 			page 9


 362 01b2 01       		.byte	0x1
 363 01b3 05       		.uleb128 0x5
 364 01b4 96010000 		.4byte	0x196
 365 01b8 00       		.byte	0
 366              		.section	.debug_abbrev,"",%progbits
 367              	.Ldebug_abbrev0:
 368 0000 01       		.uleb128 0x1
 369 0001 11       		.uleb128 0x11
 370 0002 01       		.byte	0x1
 371 0003 25       		.uleb128 0x25
 372 0004 0E       		.uleb128 0xe
 373 0005 13       		.uleb128 0x13
 374 0006 0B       		.uleb128 0xb
 375 0007 03       		.uleb128 0x3
 376 0008 0E       		.uleb128 0xe
 377 0009 1B       		.uleb128 0x1b
 378 000a 0E       		.uleb128 0xe
 379 000b 55       		.uleb128 0x55
 380 000c 06       		.uleb128 0x6
 381 000d 11       		.uleb128 0x11
 382 000e 01       		.uleb128 0x1
 383 000f 52       		.uleb128 0x52
 384 0010 01       		.uleb128 0x1
 385 0011 10       		.uleb128 0x10
 386 0012 06       		.uleb128 0x6
 387 0013 00       		.byte	0
 388 0014 00       		.byte	0
 389 0015 02       		.uleb128 0x2
 390 0016 24       		.uleb128 0x24
 391 0017 00       		.byte	0
 392 0018 0B       		.uleb128 0xb
 393 0019 0B       		.uleb128 0xb
 394 001a 3E       		.uleb128 0x3e
 395 001b 0B       		.uleb128 0xb
 396 001c 03       		.uleb128 0x3
 397 001d 0E       		.uleb128 0xe
 398 001e 00       		.byte	0
 399 001f 00       		.byte	0
 400 0020 03       		.uleb128 0x3
 401 0021 24       		.uleb128 0x24
 402 0022 00       		.byte	0
 403 0023 0B       		.uleb128 0xb
 404 0024 0B       		.uleb128 0xb
 405 0025 3E       		.uleb128 0x3e
 406 0026 0B       		.uleb128 0xb
 407 0027 03       		.uleb128 0x3
 408 0028 08       		.uleb128 0x8
 409 0029 00       		.byte	0
 410 002a 00       		.byte	0
 411 002b 04       		.uleb128 0x4
 412 002c 16       		.uleb128 0x16
 413 002d 00       		.byte	0
 414 002e 03       		.uleb128 0x3
 415 002f 0E       		.uleb128 0xe
 416 0030 3A       		.uleb128 0x3a
 417 0031 0B       		.uleb128 0xb
 418 0032 3B       		.uleb128 0x3b
ARM GAS  C:\Users\Zach\AppData\Local\Temp\ccLcqs1D.s 			page 10


 419 0033 0B       		.uleb128 0xb
 420 0034 49       		.uleb128 0x49
 421 0035 13       		.uleb128 0x13
 422 0036 00       		.byte	0
 423 0037 00       		.byte	0
 424 0038 05       		.uleb128 0x5
 425 0039 35       		.uleb128 0x35
 426 003a 00       		.byte	0
 427 003b 49       		.uleb128 0x49
 428 003c 13       		.uleb128 0x13
 429 003d 00       		.byte	0
 430 003e 00       		.byte	0
 431 003f 06       		.uleb128 0x6
 432 0040 13       		.uleb128 0x13
 433 0041 01       		.byte	0x1
 434 0042 0B       		.uleb128 0xb
 435 0043 0B       		.uleb128 0xb
 436 0044 3A       		.uleb128 0x3a
 437 0045 0B       		.uleb128 0xb
 438 0046 3B       		.uleb128 0x3b
 439 0047 0B       		.uleb128 0xb
 440 0048 01       		.uleb128 0x1
 441 0049 13       		.uleb128 0x13
 442 004a 00       		.byte	0
 443 004b 00       		.byte	0
 444 004c 07       		.uleb128 0x7
 445 004d 0D       		.uleb128 0xd
 446 004e 00       		.byte	0
 447 004f 03       		.uleb128 0x3
 448 0050 0E       		.uleb128 0xe
 449 0051 3A       		.uleb128 0x3a
 450 0052 0B       		.uleb128 0xb
 451 0053 3B       		.uleb128 0x3b
 452 0054 0B       		.uleb128 0xb
 453 0055 49       		.uleb128 0x49
 454 0056 13       		.uleb128 0x13
 455 0057 38       		.uleb128 0x38
 456 0058 0A       		.uleb128 0xa
 457 0059 00       		.byte	0
 458 005a 00       		.byte	0
 459 005b 08       		.uleb128 0x8
 460 005c 2E       		.uleb128 0x2e
 461 005d 01       		.byte	0x1
 462 005e 3F       		.uleb128 0x3f
 463 005f 0C       		.uleb128 0xc
 464 0060 03       		.uleb128 0x3
 465 0061 0E       		.uleb128 0xe
 466 0062 3A       		.uleb128 0x3a
 467 0063 0B       		.uleb128 0xb
 468 0064 3B       		.uleb128 0x3b
 469 0065 0B       		.uleb128 0xb
 470 0066 27       		.uleb128 0x27
 471 0067 0C       		.uleb128 0xc
 472 0068 49       		.uleb128 0x49
 473 0069 13       		.uleb128 0x13
 474 006a 11       		.uleb128 0x11
 475 006b 01       		.uleb128 0x1
ARM GAS  C:\Users\Zach\AppData\Local\Temp\ccLcqs1D.s 			page 11


 476 006c 12       		.uleb128 0x12
 477 006d 01       		.uleb128 0x1
 478 006e 40       		.uleb128 0x40
 479 006f 06       		.uleb128 0x6
 480 0070 9642     		.uleb128 0x2116
 481 0072 0C       		.uleb128 0xc
 482 0073 01       		.uleb128 0x1
 483 0074 13       		.uleb128 0x13
 484 0075 00       		.byte	0
 485 0076 00       		.byte	0
 486 0077 09       		.uleb128 0x9
 487 0078 34       		.uleb128 0x34
 488 0079 00       		.byte	0
 489 007a 03       		.uleb128 0x3
 490 007b 0E       		.uleb128 0xe
 491 007c 3A       		.uleb128 0x3a
 492 007d 0B       		.uleb128 0xb
 493 007e 3B       		.uleb128 0x3b
 494 007f 0B       		.uleb128 0xb
 495 0080 49       		.uleb128 0x49
 496 0081 13       		.uleb128 0x13
 497 0082 02       		.uleb128 0x2
 498 0083 0A       		.uleb128 0xa
 499 0084 00       		.byte	0
 500 0085 00       		.byte	0
 501 0086 0A       		.uleb128 0xa
 502 0087 34       		.uleb128 0x34
 503 0088 00       		.byte	0
 504 0089 03       		.uleb128 0x3
 505 008a 0E       		.uleb128 0xe
 506 008b 3A       		.uleb128 0x3a
 507 008c 0B       		.uleb128 0xb
 508 008d 3B       		.uleb128 0x3b
 509 008e 0B       		.uleb128 0xb
 510 008f 49       		.uleb128 0x49
 511 0090 13       		.uleb128 0x13
 512 0091 3F       		.uleb128 0x3f
 513 0092 0C       		.uleb128 0xc
 514 0093 3C       		.uleb128 0x3c
 515 0094 0C       		.uleb128 0xc
 516 0095 00       		.byte	0
 517 0096 00       		.byte	0
 518 0097 0B       		.uleb128 0xb
 519 0098 0F       		.uleb128 0xf
 520 0099 00       		.byte	0
 521 009a 0B       		.uleb128 0xb
 522 009b 0B       		.uleb128 0xb
 523 009c 49       		.uleb128 0x49
 524 009d 13       		.uleb128 0x13
 525 009e 00       		.byte	0
 526 009f 00       		.byte	0
 527 00a0 0C       		.uleb128 0xc
 528 00a1 26       		.uleb128 0x26
 529 00a2 00       		.byte	0
 530 00a3 49       		.uleb128 0x49
 531 00a4 13       		.uleb128 0x13
 532 00a5 00       		.byte	0
ARM GAS  C:\Users\Zach\AppData\Local\Temp\ccLcqs1D.s 			page 12


 533 00a6 00       		.byte	0
 534 00a7 0D       		.uleb128 0xd
 535 00a8 01       		.uleb128 0x1
 536 00a9 01       		.byte	0x1
 537 00aa 49       		.uleb128 0x49
 538 00ab 13       		.uleb128 0x13
 539 00ac 01       		.uleb128 0x1
 540 00ad 13       		.uleb128 0x13
 541 00ae 00       		.byte	0
 542 00af 00       		.byte	0
 543 00b0 0E       		.uleb128 0xe
 544 00b1 21       		.uleb128 0x21
 545 00b2 00       		.byte	0
 546 00b3 49       		.uleb128 0x49
 547 00b4 13       		.uleb128 0x13
 548 00b5 2F       		.uleb128 0x2f
 549 00b6 0B       		.uleb128 0xb
 550 00b7 00       		.byte	0
 551 00b8 00       		.byte	0
 552 00b9 00       		.byte	0
 553              		.section	.debug_loc,"",%progbits
 554              	.Ldebug_loc0:
 555              	.LLST0:
 556 0000 00000000 		.4byte	.LFB0
 557 0004 02000000 		.4byte	.LCFI0
 558 0008 0200     		.2byte	0x2
 559 000a 7D       		.byte	0x7d
 560 000b 00       		.sleb128 0
 561 000c 02000000 		.4byte	.LCFI0
 562 0010 04000000 		.4byte	.LCFI1
 563 0014 0200     		.2byte	0x2
 564 0016 7D       		.byte	0x7d
 565 0017 08       		.sleb128 8
 566 0018 04000000 		.4byte	.LCFI1
 567 001c 06000000 		.4byte	.LCFI2
 568 0020 0200     		.2byte	0x2
 569 0022 7D       		.byte	0x7d
 570 0023 10       		.sleb128 16
 571 0024 06000000 		.4byte	.LCFI2
 572 0028 A8000000 		.4byte	.LFE0
 573 002c 0200     		.2byte	0x2
 574 002e 77       		.byte	0x77
 575 002f 10       		.sleb128 16
 576 0030 00000000 		.4byte	0
 577 0034 00000000 		.4byte	0
 578              		.section	.debug_aranges,"",%progbits
 579 0000 1C000000 		.4byte	0x1c
 580 0004 0200     		.2byte	0x2
 581 0006 00000000 		.4byte	.Ldebug_info0
 582 000a 04       		.byte	0x4
 583 000b 00       		.byte	0
 584 000c 0000     		.2byte	0
 585 000e 0000     		.2byte	0
 586 0010 00000000 		.4byte	.LFB0
 587 0014 A8000000 		.4byte	.LFE0-.LFB0
 588 0018 00000000 		.4byte	0
 589 001c 00000000 		.4byte	0
ARM GAS  C:\Users\Zach\AppData\Local\Temp\ccLcqs1D.s 			page 13


 590              		.section	.debug_ranges,"",%progbits
 591              	.Ldebug_ranges0:
 592 0000 00000000 		.4byte	.LFB0
 593 0004 A8000000 		.4byte	.LFE0
 594 0008 00000000 		.4byte	0
 595 000c 00000000 		.4byte	0
 596              		.section	.debug_line,"",%progbits
 597              	.Ldebug_line0:
 598 0000 88000000 		.section	.debug_str,"MS",%progbits,1
 598      02005C00 
 598      00000201 
 598      FB0E0D00 
 598      01010101 
 599              	.LASF33:
 600 0000 5553425F 		.ascii	"USB_DispatchClassRqst\000"
 600      44697370 
 600      61746368 
 600      436C6173 
 600      73527173 
 601              	.LASF3:
 602 0016 73686F72 		.ascii	"short unsigned int\000"
 602      7420756E 
 602      7369676E 
 602      65642069 
 602      6E7400
 603              	.LASF29:
 604 0029 5553425F 		.ascii	"USB_EP\000"
 604      455000
 605              	.LASF26:
 606 0030 72657175 		.ascii	"requestHandled\000"
 606      65737448 
 606      616E646C 
 606      656400
 607              	.LASF11:
 608 003f 666C6F61 		.ascii	"float\000"
 608      7400
 609              	.LASF19:
 610 0045 6570546F 		.ascii	"epToggle\000"
 610      67676C65 
 610      00
 611              	.LASF1:
 612 004e 756E7369 		.ascii	"unsigned char\000"
 612      676E6564 
 612      20636861 
 612      7200
 613              	.LASF14:
 614 005c 72656738 		.ascii	"reg8\000"
 614      00
 615              	.LASF31:
 616 0061 2E5C4765 		.ascii	".\\Generated_Source\\PSoC5\\USB_cls.c\000"
 616      6E657261 
 616      7465645F 
 616      536F7572 
 616      63655C50 
 617              	.LASF5:
 618 0084 6C6F6E67 		.ascii	"long unsigned int\000"
 618      20756E73 
ARM GAS  C:\Users\Zach\AppData\Local\Temp\ccLcqs1D.s 			page 14


 618      69676E65 
 618      6420696E 
 618      7400
 619              	.LASF20:
 620 0096 61646472 		.ascii	"addr\000"
 620      00
 621              	.LASF27:
 622 009b 696E7465 		.ascii	"interfaceNumber\000"
 622      72666163 
 622      654E756D 
 622      62657200 
 623              	.LASF12:
 624 00ab 646F7562 		.ascii	"double\000"
 624      6C6500
 625              	.LASF16:
 626 00b2 61747472 		.ascii	"attrib\000"
 626      696200
 627              	.LASF22:
 628 00b9 62756666 		.ascii	"buffOffset\000"
 628      4F666673 
 628      657400
 629              	.LASF10:
 630 00c4 75696E74 		.ascii	"uint16\000"
 630      313600
 631              	.LASF17:
 632 00cb 61706945 		.ascii	"apiEpState\000"
 632      70537461 
 632      746500
 633              	.LASF8:
 634 00d6 756E7369 		.ascii	"unsigned int\000"
 634      676E6564 
 634      20696E74 
 634      00
 635              	.LASF7:
 636 00e3 6C6F6E67 		.ascii	"long long unsigned int\000"
 636      206C6F6E 
 636      6720756E 
 636      7369676E 
 636      65642069 
 637              	.LASF18:
 638 00fa 68774570 		.ascii	"hwEpState\000"
 638      53746174 
 638      6500
 639              	.LASF28:
 640 0104 5553425F 		.ascii	"USB_interfaceClass\000"
 640      696E7465 
 640      72666163 
 640      65436C61 
 640      737300
 641              	.LASF15:
 642 0117 73697A65 		.ascii	"sizetype\000"
 642      74797065 
 642      00
 643              	.LASF21:
 644 0120 65704D6F 		.ascii	"epMode\000"
 644      646500
 645              	.LASF6:
ARM GAS  C:\Users\Zach\AppData\Local\Temp\ccLcqs1D.s 			page 15


 646 0127 6C6F6E67 		.ascii	"long long int\000"
 646      206C6F6E 
 646      6720696E 
 646      7400
 647              	.LASF13:
 648 0135 63686172 		.ascii	"char\000"
 648      00
 649              	.LASF32:
 650 013a 433A5C55 		.ascii	"C:\\Users\\Zach\\Dropbox\\2014-2015\\Winter\\CE4950"
 650      73657273 
 650      5C5A6163 
 650      685C4472 
 650      6F70626F 
 651 0167 5C4E6574 		.ascii	"\\Networking\\Networking Project\\Networking Projec"
 651      776F726B 
 651      696E675C 
 651      4E657477 
 651      6F726B69 
 652 0197 742E6379 		.ascii	"t.cydsn\000"
 652      64736E00 
 653              	.LASF23:
 654 019f 62756666 		.ascii	"bufferSize\000"
 654      65725369 
 654      7A6500
 655              	.LASF2:
 656 01aa 73686F72 		.ascii	"short int\000"
 656      7420696E 
 656      7400
 657              	.LASF9:
 658 01b4 75696E74 		.ascii	"uint8\000"
 658      3800
 659              	.LASF30:
 660 01ba 474E5520 		.ascii	"GNU C 4.7.3 20130312 (release) [ARM/embedded-4_7-br"
 660      4320342E 
 660      372E3320 
 660      32303133 
 660      30333132 
 661 01ed 616E6368 		.ascii	"anch revision 196615]\000"
 661      20726576 
 661      6973696F 
 661      6E203139 
 661      36363135 
 662              	.LASF24:
 663 0203 696E7465 		.ascii	"interface\000"
 663      72666163 
 663      6500
 664              	.LASF4:
 665 020d 6C6F6E67 		.ascii	"long int\000"
 665      20696E74 
 665      00
 666              	.LASF25:
 667 0216 545F5553 		.ascii	"T_USB_EP_CTL_BLOCK\000"
 667      425F4550 
 667      5F43544C 
 667      5F424C4F 
 667      434B00
 668              	.LASF0:
ARM GAS  C:\Users\Zach\AppData\Local\Temp\ccLcqs1D.s 			page 16


 669 0229 7369676E 		.ascii	"signed char\000"
 669      65642063 
 669      68617200 
 670              		.ident	"GCC: (GNU Tools for ARM Embedded Processors) 4.7.3 20130312 (release) [ARM/embedded-4_7-br
