ARM GAS  C:\Users\makij\AppData\Local\Temp\ccp5Jw7l.s 			page 1


   1              		.syntax unified
   2              		.cpu cortex-m3
   3              		.fpu softvfp
   4              		.eabi_attribute 20, 1
   5              		.eabi_attribute 21, 1
   6              		.eabi_attribute 23, 3
   7              		.eabi_attribute 24, 1
   8              		.eabi_attribute 25, 1
   9              		.eabi_attribute 26, 1
  10              		.eabi_attribute 30, 6
  11              		.eabi_attribute 34, 1
  12              		.eabi_attribute 18, 4
  13              		.thumb
  14              		.file	"USB_descr.c"
  15              		.text
  16              	.Ltext0:
  17              		.cfi_sections	.debug_frame
  18              		.global	USB_DEVICE0_DESCR
  19              		.section	.rodata
  20              		.align	2
  21              		.type	USB_DEVICE0_DESCR, %object
  22              		.size	USB_DEVICE0_DESCR, 18
  23              	USB_DEVICE0_DESCR:
  24 0000 12       		.byte	18
  25 0001 01       		.byte	1
  26 0002 00       		.byte	0
  27 0003 02       		.byte	2
  28 0004 00       		.byte	0
  29 0005 00       		.byte	0
  30 0006 00       		.byte	0
  31 0007 08       		.byte	8
  32 0008 B4       		.byte	-76
  33 0009 04       		.byte	4
  34 000a 51       		.byte	81
  35 000b 80       		.byte	-128
  36 000c 00       		.byte	0
  37 000d 00       		.byte	0
  38 000e 00       		.byte	0
  39 000f 00       		.byte	0
  40 0010 00       		.byte	0
  41 0011 01       		.byte	1
  42              		.global	USB_DEVICE0_CONFIGURATION0_DESCR
  43 0012 0000     		.align	2
  44              		.type	USB_DEVICE0_CONFIGURATION0_DESCR, %object
  45              		.size	USB_DEVICE0_CONFIGURATION0_DESCR, 25
  46              	USB_DEVICE0_CONFIGURATION0_DESCR:
  47 0014 09       		.byte	9
  48 0015 02       		.byte	2
  49 0016 19       		.byte	25
  50 0017 00       		.byte	0
  51 0018 01       		.byte	1
  52 0019 01       		.byte	1
  53 001a 00       		.byte	0
  54 001b 40       		.byte	64
  55 001c 00       		.byte	0
  56 001d 09       		.byte	9
  57 001e 04       		.byte	4
ARM GAS  C:\Users\makij\AppData\Local\Temp\ccp5Jw7l.s 			page 2


  58 001f 00       		.byte	0
  59 0020 00       		.byte	0
  60 0021 01       		.byte	1
  61 0022 00       		.byte	0
  62 0023 00       		.byte	0
  63 0024 00       		.byte	0
  64 0025 00       		.byte	0
  65 0026 07       		.byte	7
  66 0027 05       		.byte	5
  67 0028 01       		.byte	1
  68 0029 02       		.byte	2
  69 002a 08       		.byte	8
  70 002b 00       		.byte	0
  71 002c 0A       		.byte	10
  72              		.global	USB_DEVICE0_CONFIGURATION0_EP_SETTINGS_TABLE
  73 002d 000000   		.align	2
  74              		.type	USB_DEVICE0_CONFIGURATION0_EP_SETTINGS_TABLE, %object
  75              		.size	USB_DEVICE0_CONFIGURATION0_EP_SETTINGS_TABLE, 8
  76              	USB_DEVICE0_CONFIGURATION0_EP_SETTINGS_TABLE:
  77 0030 00       		.byte	0
  78 0031 00       		.byte	0
  79 0032 01       		.byte	1
  80 0033 02       		.byte	2
  81 0034 0800     		.short	8
  82 0036 00       		.byte	0
  83 0037 00       		.space	1
  84              		.global	USB_DEVICE0_CONFIGURATION0_INTERFACE_CLASS
  85              		.align	2
  86              		.type	USB_DEVICE0_CONFIGURATION0_INTERFACE_CLASS, %object
  87              		.size	USB_DEVICE0_CONFIGURATION0_INTERFACE_CLASS, 1
  88              	USB_DEVICE0_CONFIGURATION0_INTERFACE_CLASS:
  89 0038 00       		.space	1
  90              		.global	USB_DEVICE0_CONFIGURATION0_TABLE
  91 0039 000000   		.align	2
  92              		.type	USB_DEVICE0_CONFIGURATION0_TABLE, %object
  93              		.size	USB_DEVICE0_CONFIGURATION0_TABLE, 32
  94              	USB_DEVICE0_CONFIGURATION0_TABLE:
  95 003c 01       		.byte	1
  96 003d 000000   		.space	3
  97 0040 00000000 		.word	USB_DEVICE0_CONFIGURATION0_DESCR
  98 0044 01       		.byte	1
  99 0045 000000   		.space	3
 100 0048 00000000 		.word	USB_DEVICE0_CONFIGURATION0_EP_SETTINGS_TABLE
 101 004c 00       		.byte	0
 102 004d 000000   		.space	3
 103 0050 00000000 		.word	0
 104 0054 00       		.byte	0
 105 0055 000000   		.space	3
 106 0058 00000000 		.word	USB_DEVICE0_CONFIGURATION0_INTERFACE_CLASS
 107              		.global	USB_DEVICE0_TABLE
 108              		.align	2
 109              		.type	USB_DEVICE0_TABLE, %object
 110              		.size	USB_DEVICE0_TABLE, 16
 111              	USB_DEVICE0_TABLE:
 112 005c 01       		.byte	1
 113 005d 000000   		.space	3
 114 0060 00000000 		.word	USB_DEVICE0_DESCR
ARM GAS  C:\Users\makij\AppData\Local\Temp\ccp5Jw7l.s 			page 3


 115 0064 01       		.byte	1
 116 0065 000000   		.space	3
 117 0068 00000000 		.word	USB_DEVICE0_CONFIGURATION0_TABLE
 118              		.global	USB_TABLE
 119              		.align	2
 120              		.type	USB_TABLE, %object
 121              		.size	USB_TABLE, 8
 122              	USB_TABLE:
 123 006c 01       		.byte	1
 124 006d 000000   		.space	3
 125 0070 00000000 		.word	USB_DEVICE0_TABLE
 126              		.text
 127              	.Letext0:
 128              		.file 1 ".\\Generated_Source\\PSoC5\\cytypes.h"
 129              		.file 2 ".\\Generated_Source\\PSoC5\\USB.h"
 130              		.file 3 ".\\Generated_Source\\PSoC5\\USB_descr.c"
 131              		.section	.debug_info,"",%progbits
 132              	.Ldebug_info0:
 133 0000 40020000 		.4byte	0x240
 134 0004 0200     		.2byte	0x2
 135 0006 00000000 		.4byte	.Ldebug_abbrev0
 136 000a 04       		.byte	0x4
 137 000b 01       		.uleb128 0x1
 138 000c 00020000 		.4byte	.LASF31
 139 0010 01       		.byte	0x1
 140 0011 87020000 		.4byte	.LASF32
 141 0015 00000000 		.4byte	.LASF33
 142 0019 00000000 		.4byte	.Ldebug_line0
 143 001d 02       		.uleb128 0x2
 144 001e 01       		.byte	0x1
 145 001f 06       		.byte	0x6
 146 0020 AC020000 		.4byte	.LASF0
 147 0024 02       		.uleb128 0x2
 148 0025 01       		.byte	0x1
 149 0026 08       		.byte	0x8
 150 0027 DE000000 		.4byte	.LASF1
 151 002b 02       		.uleb128 0x2
 152 002c 02       		.byte	0x2
 153 002d 05       		.byte	0x5
 154 002e F0010000 		.4byte	.LASF2
 155 0032 02       		.uleb128 0x2
 156 0033 02       		.byte	0x2
 157 0034 07       		.byte	0x7
 158 0035 7D000000 		.4byte	.LASF3
 159 0039 02       		.uleb128 0x2
 160 003a 04       		.byte	0x4
 161 003b 05       		.byte	0x5
 162 003c 7E020000 		.4byte	.LASF4
 163 0040 02       		.uleb128 0x2
 164 0041 04       		.byte	0x4
 165 0042 07       		.byte	0x7
 166 0043 F7000000 		.4byte	.LASF5
 167 0047 02       		.uleb128 0x2
 168 0048 08       		.byte	0x8
 169 0049 05       		.byte	0x5
 170 004a D3010000 		.4byte	.LASF6
 171 004e 02       		.uleb128 0x2
ARM GAS  C:\Users\makij\AppData\Local\Temp\ccp5Jw7l.s 			page 4


 172 004f 08       		.byte	0x8
 173 0050 07       		.byte	0x7
 174 0051 AC010000 		.4byte	.LASF7
 175 0055 03       		.uleb128 0x3
 176 0056 04       		.byte	0x4
 177 0057 05       		.byte	0x5
 178 0058 696E7400 		.ascii	"int\000"
 179 005c 02       		.uleb128 0x2
 180 005d 04       		.byte	0x4
 181 005e 07       		.byte	0x7
 182 005f 9F010000 		.4byte	.LASF8
 183 0063 04       		.uleb128 0x4
 184 0064 FA010000 		.4byte	.LASF9
 185 0068 01       		.byte	0x1
 186 0069 5B       		.byte	0x5b
 187 006a 24000000 		.4byte	0x24
 188 006e 04       		.uleb128 0x4
 189 006f 98010000 		.4byte	.LASF10
 190 0073 01       		.byte	0x1
 191 0074 5C       		.byte	0x5c
 192 0075 32000000 		.4byte	0x32
 193 0079 02       		.uleb128 0x2
 194 007a 04       		.byte	0x4
 195 007b 04       		.byte	0x4
 196 007c C3000000 		.4byte	.LASF11
 197 0080 02       		.uleb128 0x2
 198 0081 08       		.byte	0x8
 199 0082 04       		.byte	0x4
 200 0083 59010000 		.4byte	.LASF12
 201 0087 02       		.uleb128 0x2
 202 0088 01       		.byte	0x1
 203 0089 08       		.byte	0x8
 204 008a E1010000 		.4byte	.LASF13
 205 008e 02       		.uleb128 0x2
 206 008f 04       		.byte	0x4
 207 0090 07       		.byte	0x7
 208 0091 CA010000 		.4byte	.LASF14
 209 0095 05       		.uleb128 0x5
 210 0096 08       		.byte	0x8
 211 0097 02       		.byte	0x2
 212 0098 81       		.byte	0x81
 213 0099 F2000000 		.4byte	0xf2
 214 009d 06       		.uleb128 0x6
 215 009e 49020000 		.4byte	.LASF15
 216 00a2 02       		.byte	0x2
 217 00a3 83       		.byte	0x83
 218 00a4 63000000 		.4byte	0x63
 219 00a8 02       		.byte	0x2
 220 00a9 23       		.byte	0x23
 221 00aa 00       		.uleb128 0
 222 00ab 06       		.uleb128 0x6
 223 00ac C9000000 		.4byte	.LASF16
 224 00b0 02       		.byte	0x2
 225 00b1 84       		.byte	0x84
 226 00b2 63000000 		.4byte	0x63
 227 00b6 02       		.byte	0x2
 228 00b7 23       		.byte	0x23
ARM GAS  C:\Users\makij\AppData\Local\Temp\ccp5Jw7l.s 			page 5


 229 00b8 01       		.uleb128 0x1
 230 00b9 06       		.uleb128 0x6
 231 00ba 09010000 		.4byte	.LASF17
 232 00be 02       		.byte	0x2
 233 00bf 85       		.byte	0x85
 234 00c0 63000000 		.4byte	0x63
 235 00c4 02       		.byte	0x2
 236 00c5 23       		.byte	0x23
 237 00c6 02       		.uleb128 0x2
 238 00c7 06       		.uleb128 0x6
 239 00c8 EC000000 		.4byte	.LASF18
 240 00cc 02       		.byte	0x2
 241 00cd 86       		.byte	0x86
 242 00ce 63000000 		.4byte	0x63
 243 00d2 02       		.byte	0x2
 244 00d3 23       		.byte	0x23
 245 00d4 03       		.uleb128 0x3
 246 00d5 06       		.uleb128 0x6
 247 00d6 60010000 		.4byte	.LASF19
 248 00da 02       		.byte	0x2
 249 00db 87       		.byte	0x87
 250 00dc 6E000000 		.4byte	0x6e
 251 00e0 02       		.byte	0x2
 252 00e1 23       		.byte	0x23
 253 00e2 04       		.uleb128 0x4
 254 00e3 06       		.uleb128 0x6
 255 00e4 B8020000 		.4byte	.LASF20
 256 00e8 02       		.byte	0x2
 257 00e9 88       		.byte	0x88
 258 00ea 63000000 		.4byte	0x63
 259 00ee 02       		.byte	0x2
 260 00ef 23       		.byte	0x23
 261 00f0 06       		.uleb128 0x6
 262 00f1 00       		.byte	0
 263 00f2 04       		.uleb128 0x4
 264 00f3 0E010000 		.4byte	.LASF21
 265 00f7 02       		.byte	0x2
 266 00f8 89       		.byte	0x89
 267 00f9 95000000 		.4byte	0x95
 268 00fd 05       		.uleb128 0x5
 269 00fe 08       		.byte	0x8
 270 00ff 02       		.byte	0x2
 271 0100 99       		.byte	0x99
 272 0101 20010000 		.4byte	0x120
 273 0105 07       		.uleb128 0x7
 274 0106 6300     		.ascii	"c\000"
 275 0108 02       		.byte	0x2
 276 0109 9B       		.byte	0x9b
 277 010a 63000000 		.4byte	0x63
 278 010e 02       		.byte	0x2
 279 010f 23       		.byte	0x23
 280 0110 00       		.uleb128 0
 281 0111 06       		.uleb128 0x6
 282 0112 C3010000 		.4byte	.LASF22
 283 0116 02       		.byte	0x2
 284 0117 9C       		.byte	0x9c
 285 0118 20010000 		.4byte	0x120
ARM GAS  C:\Users\makij\AppData\Local\Temp\ccp5Jw7l.s 			page 6


 286 011c 02       		.byte	0x2
 287 011d 23       		.byte	0x23
 288 011e 04       		.uleb128 0x4
 289 011f 00       		.byte	0
 290 0120 08       		.uleb128 0x8
 291 0121 04       		.byte	0x4
 292 0122 26010000 		.4byte	0x126
 293 0126 09       		.uleb128 0x9
 294 0127 04       		.uleb128 0x4
 295 0128 D4000000 		.4byte	.LASF23
 296 012c 02       		.byte	0x2
 297 012d 9D       		.byte	0x9d
 298 012e FD000000 		.4byte	0xfd
 299 0132 0A       		.uleb128 0xa
 300 0133 63000000 		.4byte	0x63
 301 0137 42010000 		.4byte	0x142
 302 013b 0B       		.uleb128 0xb
 303 013c 8E000000 		.4byte	0x8e
 304 0140 11       		.byte	0x11
 305 0141 00       		.byte	0
 306 0142 0C       		.uleb128 0xc
 307 0143 26010000 		.4byte	.LASF24
 308 0147 03       		.byte	0x3
 309 0148 26       		.byte	0x26
 310 0149 54010000 		.4byte	0x154
 311 014d 01       		.byte	0x1
 312 014e 05       		.byte	0x5
 313 014f 03       		.byte	0x3
 314 0150 00000000 		.4byte	USB_DEVICE0_DESCR
 315 0154 0D       		.uleb128 0xd
 316 0155 32010000 		.4byte	0x132
 317 0159 0A       		.uleb128 0xa
 318 015a 63000000 		.4byte	0x63
 319 015e 69010000 		.4byte	0x169
 320 0162 0B       		.uleb128 0xb
 321 0163 8E000000 		.4byte	0x8e
 322 0167 18       		.byte	0x18
 323 0168 00       		.byte	0
 324 0169 0C       		.uleb128 0xc
 325 016a 38010000 		.4byte	.LASF25
 326 016e 03       		.byte	0x3
 327 016f 39       		.byte	0x39
 328 0170 7B010000 		.4byte	0x17b
 329 0174 01       		.byte	0x1
 330 0175 05       		.byte	0x5
 331 0176 03       		.byte	0x3
 332 0177 00000000 		.4byte	USB_DEVICE0_CONFIGURATION0_DESCR
 333 017b 0D       		.uleb128 0xd
 334 017c 59010000 		.4byte	0x159
 335 0180 0A       		.uleb128 0xa
 336 0181 F2000000 		.4byte	0xf2
 337 0185 90010000 		.4byte	0x190
 338 0189 0B       		.uleb128 0xb
 339 018a 8E000000 		.4byte	0x8e
 340 018e 00       		.byte	0
 341 018f 00       		.byte	0
 342 0190 0C       		.uleb128 0xc
ARM GAS  C:\Users\makij\AppData\Local\Temp\ccp5Jw7l.s 			page 7


 343 0191 6B010000 		.4byte	.LASF26
 344 0195 03       		.byte	0x3
 345 0196 64       		.byte	0x64
 346 0197 A2010000 		.4byte	0x1a2
 347 019b 01       		.byte	0x1
 348 019c 05       		.byte	0x5
 349 019d 03       		.byte	0x3
 350 019e 00000000 		.4byte	USB_DEVICE0_CONFIGURATION0_EP_SETTINGS_TABLE
 351 01a2 0D       		.uleb128 0xd
 352 01a3 80010000 		.4byte	0x180
 353 01a7 0A       		.uleb128 0xa
 354 01a8 63000000 		.4byte	0x63
 355 01ac B7010000 		.4byte	0x1b7
 356 01b0 0B       		.uleb128 0xb
 357 01b1 8E000000 		.4byte	0x8e
 358 01b5 00       		.byte	0
 359 01b6 00       		.byte	0
 360 01b7 0C       		.uleb128 0xc
 361 01b8 53020000 		.4byte	.LASF27
 362 01bc 03       		.byte	0x3
 363 01bd 68       		.byte	0x68
 364 01be C9010000 		.4byte	0x1c9
 365 01c2 01       		.byte	0x1
 366 01c3 05       		.byte	0x5
 367 01c4 03       		.byte	0x3
 368 01c5 00000000 		.4byte	USB_DEVICE0_CONFIGURATION0_INTERFACE_CLASS
 369 01c9 0D       		.uleb128 0xd
 370 01ca A7010000 		.4byte	0x1a7
 371 01ce 0A       		.uleb128 0xa
 372 01cf 27010000 		.4byte	0x127
 373 01d3 DE010000 		.4byte	0x1de
 374 01d7 0B       		.uleb128 0xb
 375 01d8 8E000000 		.4byte	0x8e
 376 01dc 03       		.byte	0x3
 377 01dd 00       		.byte	0
 378 01de 0C       		.uleb128 0xc
 379 01df A2000000 		.4byte	.LASF28
 380 01e3 03       		.byte	0x3
 381 01e4 70       		.byte	0x70
 382 01e5 F0010000 		.4byte	0x1f0
 383 01e9 01       		.byte	0x1
 384 01ea 05       		.byte	0x5
 385 01eb 03       		.byte	0x3
 386 01ec 00000000 		.4byte	USB_DEVICE0_CONFIGURATION0_TABLE
 387 01f0 0D       		.uleb128 0xd
 388 01f1 CE010000 		.4byte	0x1ce
 389 01f5 0A       		.uleb128 0xa
 390 01f6 27010000 		.4byte	0x127
 391 01fa 05020000 		.4byte	0x205
 392 01fe 0B       		.uleb128 0xb
 393 01ff 8E000000 		.4byte	0x8e
 394 0203 01       		.byte	0x1
 395 0204 00       		.byte	0
 396 0205 0C       		.uleb128 0xc
 397 0206 90000000 		.4byte	.LASF29
 398 020a 03       		.byte	0x3
 399 020b 7A       		.byte	0x7a
ARM GAS  C:\Users\makij\AppData\Local\Temp\ccp5Jw7l.s 			page 8


 400 020c 17020000 		.4byte	0x217
 401 0210 01       		.byte	0x1
 402 0211 05       		.byte	0x5
 403 0212 03       		.byte	0x3
 404 0213 00000000 		.4byte	USB_DEVICE0_TABLE
 405 0217 0D       		.uleb128 0xd
 406 0218 F5010000 		.4byte	0x1f5
 407 021c 0A       		.uleb128 0xa
 408 021d 27010000 		.4byte	0x127
 409 0221 2C020000 		.4byte	0x22c
 410 0225 0B       		.uleb128 0xb
 411 0226 8E000000 		.4byte	0x8e
 412 022a 00       		.byte	0
 413 022b 00       		.byte	0
 414 022c 0C       		.uleb128 0xc
 415 022d E6010000 		.4byte	.LASF30
 416 0231 03       		.byte	0x3
 417 0232 81       		.byte	0x81
 418 0233 3E020000 		.4byte	0x23e
 419 0237 01       		.byte	0x1
 420 0238 05       		.byte	0x5
 421 0239 03       		.byte	0x3
 422 023a 00000000 		.4byte	USB_TABLE
 423 023e 0D       		.uleb128 0xd
 424 023f 1C020000 		.4byte	0x21c
 425 0243 00       		.byte	0
 426              		.section	.debug_abbrev,"",%progbits
 427              	.Ldebug_abbrev0:
 428 0000 01       		.uleb128 0x1
 429 0001 11       		.uleb128 0x11
 430 0002 01       		.byte	0x1
 431 0003 25       		.uleb128 0x25
 432 0004 0E       		.uleb128 0xe
 433 0005 13       		.uleb128 0x13
 434 0006 0B       		.uleb128 0xb
 435 0007 03       		.uleb128 0x3
 436 0008 0E       		.uleb128 0xe
 437 0009 1B       		.uleb128 0x1b
 438 000a 0E       		.uleb128 0xe
 439 000b 10       		.uleb128 0x10
 440 000c 06       		.uleb128 0x6
 441 000d 00       		.byte	0
 442 000e 00       		.byte	0
 443 000f 02       		.uleb128 0x2
 444 0010 24       		.uleb128 0x24
 445 0011 00       		.byte	0
 446 0012 0B       		.uleb128 0xb
 447 0013 0B       		.uleb128 0xb
 448 0014 3E       		.uleb128 0x3e
 449 0015 0B       		.uleb128 0xb
 450 0016 03       		.uleb128 0x3
 451 0017 0E       		.uleb128 0xe
 452 0018 00       		.byte	0
 453 0019 00       		.byte	0
 454 001a 03       		.uleb128 0x3
 455 001b 24       		.uleb128 0x24
 456 001c 00       		.byte	0
ARM GAS  C:\Users\makij\AppData\Local\Temp\ccp5Jw7l.s 			page 9


 457 001d 0B       		.uleb128 0xb
 458 001e 0B       		.uleb128 0xb
 459 001f 3E       		.uleb128 0x3e
 460 0020 0B       		.uleb128 0xb
 461 0021 03       		.uleb128 0x3
 462 0022 08       		.uleb128 0x8
 463 0023 00       		.byte	0
 464 0024 00       		.byte	0
 465 0025 04       		.uleb128 0x4
 466 0026 16       		.uleb128 0x16
 467 0027 00       		.byte	0
 468 0028 03       		.uleb128 0x3
 469 0029 0E       		.uleb128 0xe
 470 002a 3A       		.uleb128 0x3a
 471 002b 0B       		.uleb128 0xb
 472 002c 3B       		.uleb128 0x3b
 473 002d 0B       		.uleb128 0xb
 474 002e 49       		.uleb128 0x49
 475 002f 13       		.uleb128 0x13
 476 0030 00       		.byte	0
 477 0031 00       		.byte	0
 478 0032 05       		.uleb128 0x5
 479 0033 13       		.uleb128 0x13
 480 0034 01       		.byte	0x1
 481 0035 0B       		.uleb128 0xb
 482 0036 0B       		.uleb128 0xb
 483 0037 3A       		.uleb128 0x3a
 484 0038 0B       		.uleb128 0xb
 485 0039 3B       		.uleb128 0x3b
 486 003a 0B       		.uleb128 0xb
 487 003b 01       		.uleb128 0x1
 488 003c 13       		.uleb128 0x13
 489 003d 00       		.byte	0
 490 003e 00       		.byte	0
 491 003f 06       		.uleb128 0x6
 492 0040 0D       		.uleb128 0xd
 493 0041 00       		.byte	0
 494 0042 03       		.uleb128 0x3
 495 0043 0E       		.uleb128 0xe
 496 0044 3A       		.uleb128 0x3a
 497 0045 0B       		.uleb128 0xb
 498 0046 3B       		.uleb128 0x3b
 499 0047 0B       		.uleb128 0xb
 500 0048 49       		.uleb128 0x49
 501 0049 13       		.uleb128 0x13
 502 004a 38       		.uleb128 0x38
 503 004b 0A       		.uleb128 0xa
 504 004c 00       		.byte	0
 505 004d 00       		.byte	0
 506 004e 07       		.uleb128 0x7
 507 004f 0D       		.uleb128 0xd
 508 0050 00       		.byte	0
 509 0051 03       		.uleb128 0x3
 510 0052 08       		.uleb128 0x8
 511 0053 3A       		.uleb128 0x3a
 512 0054 0B       		.uleb128 0xb
 513 0055 3B       		.uleb128 0x3b
ARM GAS  C:\Users\makij\AppData\Local\Temp\ccp5Jw7l.s 			page 10


 514 0056 0B       		.uleb128 0xb
 515 0057 49       		.uleb128 0x49
 516 0058 13       		.uleb128 0x13
 517 0059 38       		.uleb128 0x38
 518 005a 0A       		.uleb128 0xa
 519 005b 00       		.byte	0
 520 005c 00       		.byte	0
 521 005d 08       		.uleb128 0x8
 522 005e 0F       		.uleb128 0xf
 523 005f 00       		.byte	0
 524 0060 0B       		.uleb128 0xb
 525 0061 0B       		.uleb128 0xb
 526 0062 49       		.uleb128 0x49
 527 0063 13       		.uleb128 0x13
 528 0064 00       		.byte	0
 529 0065 00       		.byte	0
 530 0066 09       		.uleb128 0x9
 531 0067 26       		.uleb128 0x26
 532 0068 00       		.byte	0
 533 0069 00       		.byte	0
 534 006a 00       		.byte	0
 535 006b 0A       		.uleb128 0xa
 536 006c 01       		.uleb128 0x1
 537 006d 01       		.byte	0x1
 538 006e 49       		.uleb128 0x49
 539 006f 13       		.uleb128 0x13
 540 0070 01       		.uleb128 0x1
 541 0071 13       		.uleb128 0x13
 542 0072 00       		.byte	0
 543 0073 00       		.byte	0
 544 0074 0B       		.uleb128 0xb
 545 0075 21       		.uleb128 0x21
 546 0076 00       		.byte	0
 547 0077 49       		.uleb128 0x49
 548 0078 13       		.uleb128 0x13
 549 0079 2F       		.uleb128 0x2f
 550 007a 0B       		.uleb128 0xb
 551 007b 00       		.byte	0
 552 007c 00       		.byte	0
 553 007d 0C       		.uleb128 0xc
 554 007e 34       		.uleb128 0x34
 555 007f 00       		.byte	0
 556 0080 03       		.uleb128 0x3
 557 0081 0E       		.uleb128 0xe
 558 0082 3A       		.uleb128 0x3a
 559 0083 0B       		.uleb128 0xb
 560 0084 3B       		.uleb128 0x3b
 561 0085 0B       		.uleb128 0xb
 562 0086 49       		.uleb128 0x49
 563 0087 13       		.uleb128 0x13
 564 0088 3F       		.uleb128 0x3f
 565 0089 0C       		.uleb128 0xc
 566 008a 02       		.uleb128 0x2
 567 008b 0A       		.uleb128 0xa
 568 008c 00       		.byte	0
 569 008d 00       		.byte	0
 570 008e 0D       		.uleb128 0xd
ARM GAS  C:\Users\makij\AppData\Local\Temp\ccp5Jw7l.s 			page 11


 571 008f 26       		.uleb128 0x26
 572 0090 00       		.byte	0
 573 0091 49       		.uleb128 0x49
 574 0092 13       		.uleb128 0x13
 575 0093 00       		.byte	0
 576 0094 00       		.byte	0
 577 0095 00       		.byte	0
 578              		.section	.debug_aranges,"",%progbits
 579 0000 14000000 		.4byte	0x14
 580 0004 0200     		.2byte	0x2
 581 0006 00000000 		.4byte	.Ldebug_info0
 582 000a 04       		.byte	0x4
 583 000b 00       		.byte	0
 584 000c 0000     		.2byte	0
 585 000e 0000     		.2byte	0
 586 0010 00000000 		.4byte	0
 587 0014 00000000 		.4byte	0
 588              		.section	.debug_line,"",%progbits
 589              	.Ldebug_line0:
 590 0000 57000000 		.section	.debug_str,"MS",%progbits,1
 590      02005100 
 590      00000201 
 590      FB0E0D00 
 590      01010101 
 591              	.LASF33:
 592 0000 443A5C4D 		.ascii	"D:\\MSOE\\2014-2015\\Winter\\CE4950_021_Network\\la"
 592      534F455C 
 592      32303134 
 592      2D323031 
 592      355C5769 
 593 002e 625C5072 		.ascii	"b\\Project\\ce4950Project\\Networking\\Networking P"
 593      6F6A6563 
 593      745C6365 
 593      34393530 
 593      50726F6A 
 594 005d 726F6A65 		.ascii	"roject\\Networking Project.cydsn\000"
 594      63745C4E 
 594      6574776F 
 594      726B696E 
 594      67205072 
 595              	.LASF3:
 596 007d 73686F72 		.ascii	"short unsigned int\000"
 596      7420756E 
 596      7369676E 
 596      65642069 
 596      6E7400
 597              	.LASF29:
 598 0090 5553425F 		.ascii	"USB_DEVICE0_TABLE\000"
 598      44455649 
 598      4345305F 
 598      5441424C 
 598      4500
 599              	.LASF28:
 600 00a2 5553425F 		.ascii	"USB_DEVICE0_CONFIGURATION0_TABLE\000"
 600      44455649 
 600      4345305F 
 600      434F4E46 
ARM GAS  C:\Users\makij\AppData\Local\Temp\ccp5Jw7l.s 			page 12


 600      49475552 
 601              	.LASF11:
 602 00c3 666C6F61 		.ascii	"float\000"
 602      7400
 603              	.LASF16:
 604 00c9 616C7453 		.ascii	"altSetting\000"
 604      65747469 
 604      6E6700
 605              	.LASF23:
 606 00d4 545F5553 		.ascii	"T_USB_LUT\000"
 606      425F4C55 
 606      5400
 607              	.LASF1:
 608 00de 756E7369 		.ascii	"unsigned char\000"
 608      676E6564 
 608      20636861 
 608      7200
 609              	.LASF18:
 610 00ec 61747472 		.ascii	"attributes\000"
 610      69627574 
 610      657300
 611              	.LASF5:
 612 00f7 6C6F6E67 		.ascii	"long unsigned int\000"
 612      20756E73 
 612      69676E65 
 612      6420696E 
 612      7400
 613              	.LASF17:
 614 0109 61646472 		.ascii	"addr\000"
 614      00
 615              	.LASF21:
 616 010e 545F5553 		.ascii	"T_USB_EP_SETTINGS_BLOCK\000"
 616      425F4550 
 616      5F534554 
 616      54494E47 
 616      535F424C 
 617              	.LASF24:
 618 0126 5553425F 		.ascii	"USB_DEVICE0_DESCR\000"
 618      44455649 
 618      4345305F 
 618      44455343 
 618      5200
 619              	.LASF25:
 620 0138 5553425F 		.ascii	"USB_DEVICE0_CONFIGURATION0_DESCR\000"
 620      44455649 
 620      4345305F 
 620      434F4E46 
 620      49475552 
 621              	.LASF12:
 622 0159 646F7562 		.ascii	"double\000"
 622      6C6500
 623              	.LASF19:
 624 0160 62756666 		.ascii	"bufferSize\000"
 624      65725369 
 624      7A6500
 625              	.LASF26:
 626 016b 5553425F 		.ascii	"USB_DEVICE0_CONFIGURATION0_EP_SETTINGS_TABLE\000"
ARM GAS  C:\Users\makij\AppData\Local\Temp\ccp5Jw7l.s 			page 13


 626      44455649 
 626      4345305F 
 626      434F4E46 
 626      49475552 
 627              	.LASF10:
 628 0198 75696E74 		.ascii	"uint16\000"
 628      313600
 629              	.LASF8:
 630 019f 756E7369 		.ascii	"unsigned int\000"
 630      676E6564 
 630      20696E74 
 630      00
 631              	.LASF7:
 632 01ac 6C6F6E67 		.ascii	"long long unsigned int\000"
 632      206C6F6E 
 632      6720756E 
 632      7369676E 
 632      65642069 
 633              	.LASF22:
 634 01c3 705F6C69 		.ascii	"p_list\000"
 634      737400
 635              	.LASF14:
 636 01ca 73697A65 		.ascii	"sizetype\000"
 636      74797065 
 636      00
 637              	.LASF6:
 638 01d3 6C6F6E67 		.ascii	"long long int\000"
 638      206C6F6E 
 638      6720696E 
 638      7400
 639              	.LASF13:
 640 01e1 63686172 		.ascii	"char\000"
 640      00
 641              	.LASF30:
 642 01e6 5553425F 		.ascii	"USB_TABLE\000"
 642      5441424C 
 642      4500
 643              	.LASF2:
 644 01f0 73686F72 		.ascii	"short int\000"
 644      7420696E 
 644      7400
 645              	.LASF9:
 646 01fa 75696E74 		.ascii	"uint8\000"
 646      3800
 647              	.LASF31:
 648 0200 474E5520 		.ascii	"GNU C 4.7.3 20130312 (release) [ARM/embedded-4_7-br"
 648      4320342E 
 648      372E3320 
 648      32303133 
 648      30333132 
 649 0233 616E6368 		.ascii	"anch revision 196615]\000"
 649      20726576 
 649      6973696F 
 649      6E203139 
 649      36363135 
 650              	.LASF15:
 651 0249 696E7465 		.ascii	"interface\000"
ARM GAS  C:\Users\makij\AppData\Local\Temp\ccp5Jw7l.s 			page 14


 651      72666163 
 651      6500
 652              	.LASF27:
 653 0253 5553425F 		.ascii	"USB_DEVICE0_CONFIGURATION0_INTERFACE_CLASS\000"
 653      44455649 
 653      4345305F 
 653      434F4E46 
 653      49475552 
 654              	.LASF4:
 655 027e 6C6F6E67 		.ascii	"long int\000"
 655      20696E74 
 655      00
 656              	.LASF32:
 657 0287 2E5C4765 		.ascii	".\\Generated_Source\\PSoC5\\USB_descr.c\000"
 657      6E657261 
 657      7465645F 
 657      536F7572 
 657      63655C50 
 658              	.LASF0:
 659 02ac 7369676E 		.ascii	"signed char\000"
 659      65642063 
 659      68617200 
 660              	.LASF20:
 661 02b8 624D6973 		.ascii	"bMisc\000"
 661      6300
 662              		.ident	"GCC: (GNU Tools for ARM Embedded Processors) 4.7.3 20130312 (release) [ARM/embedded-4_7-br
