ARM GAS  C:\Users\makij\AppData\Local\Temp\ccWynwqq.s 			page 1


   1              		.syntax unified
   2              		.cpu cortex-m3
   3              		.fpu softvfp
   4              		.eabi_attribute 20, 1
   5              		.eabi_attribute 21, 1
   6              		.eabi_attribute 23, 3
   7              		.eabi_attribute 24, 1
   8              		.eabi_attribute 25, 1
   9              		.eabi_attribute 26, 1
  10              		.eabi_attribute 30, 6
  11              		.eabi_attribute 34, 1
  12              		.eabi_attribute 18, 4
  13              		.thumb
  14              		.file	"cyfitter_cfg.c"
  15              		.text
  16              	.Ltext0:
  17              		.cfi_sections	.debug_frame
  18              		.section	.text.CYMEMZERO,"ax",%progbits
  19              		.align	2
  20              		.thumb
  21              		.thumb_func
  22              		.type	CYMEMZERO, %function
  23              	CYMEMZERO:
  24              	.LFB0:
  25              		.file 1 ".\\Generated_Source\\PSoC5\\cyfitter_cfg.c"
   1:.\Generated_Source\PSoC5/cyfitter_cfg.c **** /*******************************************************************************
   2:.\Generated_Source\PSoC5/cyfitter_cfg.c **** * FILENAME: cyfitter_cfg.c
   3:.\Generated_Source\PSoC5/cyfitter_cfg.c **** * PSoC Creator 3.0 SP2
   4:.\Generated_Source\PSoC5/cyfitter_cfg.c **** *
   5:.\Generated_Source\PSoC5/cyfitter_cfg.c **** * Description:
   6:.\Generated_Source\PSoC5/cyfitter_cfg.c **** * This file is automatically generated by PSoC Creator with device 
   7:.\Generated_Source\PSoC5/cyfitter_cfg.c **** * initialization code.  Except for the user defined sections in
   8:.\Generated_Source\PSoC5/cyfitter_cfg.c **** * CyClockStartupError(), this file should not be modified.
   9:.\Generated_Source\PSoC5/cyfitter_cfg.c **** *
  10:.\Generated_Source\PSoC5/cyfitter_cfg.c **** ********************************************************************************
  11:.\Generated_Source\PSoC5/cyfitter_cfg.c **** * Copyright 2013, Cypress Semiconductor Corporation.  All rights reserved.
  12:.\Generated_Source\PSoC5/cyfitter_cfg.c **** * You may use this file only in accordance with the license, terms, conditions, 
  13:.\Generated_Source\PSoC5/cyfitter_cfg.c **** * disclaimers, and limitations in the end user license agreement accompanying 
  14:.\Generated_Source\PSoC5/cyfitter_cfg.c **** * the software package with which this file was provided.
  15:.\Generated_Source\PSoC5/cyfitter_cfg.c **** ********************************************************************************/
  16:.\Generated_Source\PSoC5/cyfitter_cfg.c **** 
  17:.\Generated_Source\PSoC5/cyfitter_cfg.c **** #include <string.h>
  18:.\Generated_Source\PSoC5/cyfitter_cfg.c **** #include <cytypes.h>
  19:.\Generated_Source\PSoC5/cyfitter_cfg.c **** #include <cydevice_trm.h>
  20:.\Generated_Source\PSoC5/cyfitter_cfg.c **** #include <cyfitter.h>
  21:.\Generated_Source\PSoC5/cyfitter_cfg.c **** #include <CyLib.h>
  22:.\Generated_Source\PSoC5/cyfitter_cfg.c **** #include <cyfitter_cfg.h>
  23:.\Generated_Source\PSoC5/cyfitter_cfg.c **** 
  24:.\Generated_Source\PSoC5/cyfitter_cfg.c **** #define CY_NEED_CYCLOCKSTARTUPERROR 1
  25:.\Generated_Source\PSoC5/cyfitter_cfg.c **** 
  26:.\Generated_Source\PSoC5/cyfitter_cfg.c **** 
  27:.\Generated_Source\PSoC5/cyfitter_cfg.c **** #if defined(__GNUC__) || defined(__ARMCC_VERSION)
  28:.\Generated_Source\PSoC5/cyfitter_cfg.c ****     #define CYPACKED 
  29:.\Generated_Source\PSoC5/cyfitter_cfg.c ****     #define CYPACKED_ATTR __attribute__ ((packed))
  30:.\Generated_Source\PSoC5/cyfitter_cfg.c ****     #define CYALIGNED __attribute__ ((aligned))
  31:.\Generated_Source\PSoC5/cyfitter_cfg.c ****     #define CY_CFG_UNUSED __attribute__ ((unused))
  32:.\Generated_Source\PSoC5/cyfitter_cfg.c ****     #define CY_CFG_SECTION __attribute__ ((section(".psocinit")))
ARM GAS  C:\Users\makij\AppData\Local\Temp\ccWynwqq.s 			page 2


  33:.\Generated_Source\PSoC5/cyfitter_cfg.c ****     
  34:.\Generated_Source\PSoC5/cyfitter_cfg.c ****     #if defined(__ARMCC_VERSION)
  35:.\Generated_Source\PSoC5/cyfitter_cfg.c ****         #define CY_CFG_MEMORY_BARRIER() __memory_changed()
  36:.\Generated_Source\PSoC5/cyfitter_cfg.c ****     #else
  37:.\Generated_Source\PSoC5/cyfitter_cfg.c ****         #define CY_CFG_MEMORY_BARRIER() __sync_synchronize()
  38:.\Generated_Source\PSoC5/cyfitter_cfg.c ****     #endif
  39:.\Generated_Source\PSoC5/cyfitter_cfg.c ****     
  40:.\Generated_Source\PSoC5/cyfitter_cfg.c **** #elif defined(__ICCARM__)
  41:.\Generated_Source\PSoC5/cyfitter_cfg.c ****     #include <intrinsics.h>
  42:.\Generated_Source\PSoC5/cyfitter_cfg.c **** 
  43:.\Generated_Source\PSoC5/cyfitter_cfg.c ****     #define CYPACKED __packed
  44:.\Generated_Source\PSoC5/cyfitter_cfg.c ****     #define CYPACKED_ATTR 
  45:.\Generated_Source\PSoC5/cyfitter_cfg.c ****     #define CYALIGNED _Pragma("data_alignment=4")
  46:.\Generated_Source\PSoC5/cyfitter_cfg.c ****     #define CY_CFG_UNUSED _Pragma("diag_suppress=Pe177")
  47:.\Generated_Source\PSoC5/cyfitter_cfg.c ****     #define CY_CFG_SECTION _Pragma("location=\".psocinit\"")
  48:.\Generated_Source\PSoC5/cyfitter_cfg.c ****     
  49:.\Generated_Source\PSoC5/cyfitter_cfg.c ****     #define CY_CFG_MEMORY_BARRIER() __DMB()
  50:.\Generated_Source\PSoC5/cyfitter_cfg.c ****     
  51:.\Generated_Source\PSoC5/cyfitter_cfg.c **** #else
  52:.\Generated_Source\PSoC5/cyfitter_cfg.c ****     #error Unsupported toolchain
  53:.\Generated_Source\PSoC5/cyfitter_cfg.c **** #endif
  54:.\Generated_Source\PSoC5/cyfitter_cfg.c **** 
  55:.\Generated_Source\PSoC5/cyfitter_cfg.c **** 
  56:.\Generated_Source\PSoC5/cyfitter_cfg.c **** CY_CFG_UNUSED
  57:.\Generated_Source\PSoC5/cyfitter_cfg.c **** static void CYMEMZERO(void *s, size_t n);
  58:.\Generated_Source\PSoC5/cyfitter_cfg.c **** CY_CFG_UNUSED
  59:.\Generated_Source\PSoC5/cyfitter_cfg.c **** static void CYMEMZERO(void *s, size_t n)
  60:.\Generated_Source\PSoC5/cyfitter_cfg.c **** {
  26              		.loc 1 60 0
  27              		.cfi_startproc
  28              		@ args = 0, pretend = 0, frame = 8
  29              		@ frame_needed = 1, uses_anonymous_args = 0
  30 0000 80B5     		push	{r7, lr}
  31              	.LCFI0:
  32              		.cfi_def_cfa_offset 8
  33              		.cfi_offset 7, -8
  34              		.cfi_offset 14, -4
  35 0002 82B0     		sub	sp, sp, #8
  36              	.LCFI1:
  37              		.cfi_def_cfa_offset 16
  38 0004 00AF     		add	r7, sp, #0
  39              	.LCFI2:
  40              		.cfi_def_cfa_register 7
  41 0006 7860     		str	r0, [r7, #4]
  42 0008 3960     		str	r1, [r7, #0]
  61:.\Generated_Source\PSoC5/cyfitter_cfg.c **** 	(void)memset(s, 0, n);
  43              		.loc 1 61 0
  44 000a 7868     		ldr	r0, [r7, #4]
  45 000c 4FF00001 		mov	r1, #0
  46 0010 3A68     		ldr	r2, [r7, #0]
  47 0012 FFF7FEFF 		bl	memset
  62:.\Generated_Source\PSoC5/cyfitter_cfg.c **** }
  48              		.loc 1 62 0
  49 0016 07F10807 		add	r7, r7, #8
  50 001a BD46     		mov	sp, r7
  51 001c 80BD     		pop	{r7, pc}
  52              		.cfi_endproc
ARM GAS  C:\Users\makij\AppData\Local\Temp\ccWynwqq.s 			page 3


  53              	.LFE0:
  54              		.size	CYMEMZERO, .-CYMEMZERO
  55 001e 00BF     		.section	.text.CYCONFIGCPY,"ax",%progbits
  56              		.align	2
  57              		.thumb
  58              		.thumb_func
  59              		.type	CYCONFIGCPY, %function
  60              	CYCONFIGCPY:
  61              	.LFB1:
  63:.\Generated_Source\PSoC5/cyfitter_cfg.c **** CY_CFG_UNUSED
  64:.\Generated_Source\PSoC5/cyfitter_cfg.c **** static void CYCONFIGCPY(void *dest, const void *src, size_t n);
  65:.\Generated_Source\PSoC5/cyfitter_cfg.c **** CY_CFG_UNUSED
  66:.\Generated_Source\PSoC5/cyfitter_cfg.c **** static void CYCONFIGCPY(void *dest, const void *src, size_t n)
  67:.\Generated_Source\PSoC5/cyfitter_cfg.c **** {
  62              		.loc 1 67 0
  63              		.cfi_startproc
  64              		@ args = 0, pretend = 0, frame = 16
  65              		@ frame_needed = 1, uses_anonymous_args = 0
  66 0000 80B5     		push	{r7, lr}
  67              	.LCFI3:
  68              		.cfi_def_cfa_offset 8
  69              		.cfi_offset 7, -8
  70              		.cfi_offset 14, -4
  71 0002 84B0     		sub	sp, sp, #16
  72              	.LCFI4:
  73              		.cfi_def_cfa_offset 24
  74 0004 00AF     		add	r7, sp, #0
  75              	.LCFI5:
  76              		.cfi_def_cfa_register 7
  77 0006 F860     		str	r0, [r7, #12]
  78 0008 B960     		str	r1, [r7, #8]
  79 000a 7A60     		str	r2, [r7, #4]
  68:.\Generated_Source\PSoC5/cyfitter_cfg.c **** 	(void)memcpy(dest, src, n);
  80              		.loc 1 68 0
  81 000c F868     		ldr	r0, [r7, #12]
  82 000e B968     		ldr	r1, [r7, #8]
  83 0010 7A68     		ldr	r2, [r7, #4]
  84 0012 FFF7FEFF 		bl	memcpy
  69:.\Generated_Source\PSoC5/cyfitter_cfg.c **** }
  85              		.loc 1 69 0
  86 0016 07F11007 		add	r7, r7, #16
  87 001a BD46     		mov	sp, r7
  88 001c 80BD     		pop	{r7, pc}
  89              		.cfi_endproc
  90              	.LFE1:
  91              		.size	CYCONFIGCPY, .-CYCONFIGCPY
  92 001e 00BF     		.section	.text.CYCONFIGCPYCODE,"ax",%progbits
  93              		.align	2
  94              		.thumb
  95              		.thumb_func
  96              		.type	CYCONFIGCPYCODE, %function
  97              	CYCONFIGCPYCODE:
  98              	.LFB2:
  70:.\Generated_Source\PSoC5/cyfitter_cfg.c **** CY_CFG_UNUSED
  71:.\Generated_Source\PSoC5/cyfitter_cfg.c **** static void CYCONFIGCPYCODE(void *dest, const void *src, size_t n);
  72:.\Generated_Source\PSoC5/cyfitter_cfg.c **** CY_CFG_UNUSED
  73:.\Generated_Source\PSoC5/cyfitter_cfg.c **** static void CYCONFIGCPYCODE(void *dest, const void *src, size_t n)
ARM GAS  C:\Users\makij\AppData\Local\Temp\ccWynwqq.s 			page 4


  74:.\Generated_Source\PSoC5/cyfitter_cfg.c **** {
  99              		.loc 1 74 0
 100              		.cfi_startproc
 101              		@ args = 0, pretend = 0, frame = 16
 102              		@ frame_needed = 1, uses_anonymous_args = 0
 103 0000 80B5     		push	{r7, lr}
 104              	.LCFI6:
 105              		.cfi_def_cfa_offset 8
 106              		.cfi_offset 7, -8
 107              		.cfi_offset 14, -4
 108 0002 84B0     		sub	sp, sp, #16
 109              	.LCFI7:
 110              		.cfi_def_cfa_offset 24
 111 0004 00AF     		add	r7, sp, #0
 112              	.LCFI8:
 113              		.cfi_def_cfa_register 7
 114 0006 F860     		str	r0, [r7, #12]
 115 0008 B960     		str	r1, [r7, #8]
 116 000a 7A60     		str	r2, [r7, #4]
  75:.\Generated_Source\PSoC5/cyfitter_cfg.c **** 	(void)memcpy(dest, src, n);
 117              		.loc 1 75 0
 118 000c F868     		ldr	r0, [r7, #12]
 119 000e B968     		ldr	r1, [r7, #8]
 120 0010 7A68     		ldr	r2, [r7, #4]
 121 0012 FFF7FEFF 		bl	memcpy
  76:.\Generated_Source\PSoC5/cyfitter_cfg.c **** }
 122              		.loc 1 76 0
 123 0016 07F11007 		add	r7, r7, #16
 124 001a BD46     		mov	sp, r7
 125 001c 80BD     		pop	{r7, pc}
 126              		.cfi_endproc
 127              	.LFE2:
 128              		.size	CYCONFIGCPYCODE, .-CYCONFIGCPYCODE
 129 001e 00BF     		.section	.text.CyClockStartupError,"ax",%progbits
 130              		.align	2
 131              		.thumb
 132              		.thumb_func
 133              		.type	CyClockStartupError, %function
 134              	CyClockStartupError:
 135              	.LFB3:
  77:.\Generated_Source\PSoC5/cyfitter_cfg.c **** 
  78:.\Generated_Source\PSoC5/cyfitter_cfg.c **** 
  79:.\Generated_Source\PSoC5/cyfitter_cfg.c **** 
  80:.\Generated_Source\PSoC5/cyfitter_cfg.c **** /* Clock startup error codes                                                   */
  81:.\Generated_Source\PSoC5/cyfitter_cfg.c **** #define CYCLOCKSTART_NO_ERROR    0u
  82:.\Generated_Source\PSoC5/cyfitter_cfg.c **** #define CYCLOCKSTART_XTAL_ERROR  1u
  83:.\Generated_Source\PSoC5/cyfitter_cfg.c **** #define CYCLOCKSTART_32KHZ_ERROR 2u
  84:.\Generated_Source\PSoC5/cyfitter_cfg.c **** #define CYCLOCKSTART_PLL_ERROR   3u
  85:.\Generated_Source\PSoC5/cyfitter_cfg.c **** 
  86:.\Generated_Source\PSoC5/cyfitter_cfg.c **** #ifdef CY_NEED_CYCLOCKSTARTUPERROR
  87:.\Generated_Source\PSoC5/cyfitter_cfg.c **** /*******************************************************************************
  88:.\Generated_Source\PSoC5/cyfitter_cfg.c **** * Function Name: CyClockStartupError
  89:.\Generated_Source\PSoC5/cyfitter_cfg.c **** ********************************************************************************
  90:.\Generated_Source\PSoC5/cyfitter_cfg.c **** * Summary:
  91:.\Generated_Source\PSoC5/cyfitter_cfg.c **** *  If an error is encountered during clock configuration (crystal startup error,
  92:.\Generated_Source\PSoC5/cyfitter_cfg.c **** *  PLL lock error, etc.), the system will end up here.  Unless reimplemented by
  93:.\Generated_Source\PSoC5/cyfitter_cfg.c **** *  the customer, this function will stop in an infinite loop.
ARM GAS  C:\Users\makij\AppData\Local\Temp\ccWynwqq.s 			page 5


  94:.\Generated_Source\PSoC5/cyfitter_cfg.c **** *
  95:.\Generated_Source\PSoC5/cyfitter_cfg.c **** * Parameters:
  96:.\Generated_Source\PSoC5/cyfitter_cfg.c **** *   void
  97:.\Generated_Source\PSoC5/cyfitter_cfg.c **** *
  98:.\Generated_Source\PSoC5/cyfitter_cfg.c **** * Return:
  99:.\Generated_Source\PSoC5/cyfitter_cfg.c **** *   void
 100:.\Generated_Source\PSoC5/cyfitter_cfg.c **** *
 101:.\Generated_Source\PSoC5/cyfitter_cfg.c **** *******************************************************************************/
 102:.\Generated_Source\PSoC5/cyfitter_cfg.c **** CY_CFG_UNUSED
 103:.\Generated_Source\PSoC5/cyfitter_cfg.c **** static void CyClockStartupError(uint8 errorCode);
 104:.\Generated_Source\PSoC5/cyfitter_cfg.c **** CY_CFG_UNUSED
 105:.\Generated_Source\PSoC5/cyfitter_cfg.c **** static void CyClockStartupError(uint8 errorCode)
 106:.\Generated_Source\PSoC5/cyfitter_cfg.c **** {
 136              		.loc 1 106 0
 137              		.cfi_startproc
 138              		@ args = 0, pretend = 0, frame = 8
 139              		@ frame_needed = 1, uses_anonymous_args = 0
 140              		@ link register save eliminated.
 141 0000 80B4     		push	{r7}
 142              	.LCFI9:
 143              		.cfi_def_cfa_offset 4
 144              		.cfi_offset 7, -4
 145 0002 83B0     		sub	sp, sp, #12
 146              	.LCFI10:
 147              		.cfi_def_cfa_offset 16
 148 0004 00AF     		add	r7, sp, #0
 149              	.LCFI11:
 150              		.cfi_def_cfa_register 7
 151 0006 0346     		mov	r3, r0
 152 0008 FB71     		strb	r3, [r7, #7]
 153              	.L5:
 107:.\Generated_Source\PSoC5/cyfitter_cfg.c ****     /* To remove the compiler warning if errorCode not used.                */
 108:.\Generated_Source\PSoC5/cyfitter_cfg.c ****     errorCode = errorCode;
 109:.\Generated_Source\PSoC5/cyfitter_cfg.c **** 
 110:.\Generated_Source\PSoC5/cyfitter_cfg.c ****     /* `#START CyClockStartupError` */
 111:.\Generated_Source\PSoC5/cyfitter_cfg.c **** 
 112:.\Generated_Source\PSoC5/cyfitter_cfg.c ****     /* If we have a clock startup error (bad MHz crystal, PLL lock, etc.),  */
 113:.\Generated_Source\PSoC5/cyfitter_cfg.c ****     /* we will end up here to allow the customer to implement something to  */
 114:.\Generated_Source\PSoC5/cyfitter_cfg.c ****     /* deal with the clock condition.                                       */
 115:.\Generated_Source\PSoC5/cyfitter_cfg.c **** 
 116:.\Generated_Source\PSoC5/cyfitter_cfg.c ****     /* `#END` */
 117:.\Generated_Source\PSoC5/cyfitter_cfg.c **** 
 118:.\Generated_Source\PSoC5/cyfitter_cfg.c ****     /* If nothing else, stop here since the clocks have not started         */
 119:.\Generated_Source\PSoC5/cyfitter_cfg.c ****     /* correctly.                                                           */
 120:.\Generated_Source\PSoC5/cyfitter_cfg.c ****     while(1) {}
 154              		.loc 1 120 0 discriminator 1
 155 000a FEE7     		b	.L5
 156              		.cfi_endproc
 157              	.LFE3:
 158              		.size	CyClockStartupError, .-CyClockStartupError
 159              		.section	.text.ClockSetup,"ax",%progbits
 160              		.align	2
 161              		.thumb
 162              		.thumb_func
 163              		.type	ClockSetup, %function
 164              	ClockSetup:
 165              	.LFB4:
ARM GAS  C:\Users\makij\AppData\Local\Temp\ccWynwqq.s 			page 6


 121:.\Generated_Source\PSoC5/cyfitter_cfg.c **** }
 122:.\Generated_Source\PSoC5/cyfitter_cfg.c **** #endif
 123:.\Generated_Source\PSoC5/cyfitter_cfg.c **** 
 124:.\Generated_Source\PSoC5/cyfitter_cfg.c **** 
 125:.\Generated_Source\PSoC5/cyfitter_cfg.c **** /*******************************************************************************
 126:.\Generated_Source\PSoC5/cyfitter_cfg.c **** * Function Name: ClockSetup
 127:.\Generated_Source\PSoC5/cyfitter_cfg.c **** ********************************************************************************
 128:.\Generated_Source\PSoC5/cyfitter_cfg.c **** *
 129:.\Generated_Source\PSoC5/cyfitter_cfg.c **** * Summary:
 130:.\Generated_Source\PSoC5/cyfitter_cfg.c **** *  Performs the initialization of all of the clocks in the device based on the
 131:.\Generated_Source\PSoC5/cyfitter_cfg.c **** *  settings in the Clock tab of the DWR.  This includes enabling the requested
 132:.\Generated_Source\PSoC5/cyfitter_cfg.c **** *  clocks and setting the necessary dividers to produce the desired frequency. 
 133:.\Generated_Source\PSoC5/cyfitter_cfg.c **** *
 134:.\Generated_Source\PSoC5/cyfitter_cfg.c **** * Parameters:
 135:.\Generated_Source\PSoC5/cyfitter_cfg.c **** *  void
 136:.\Generated_Source\PSoC5/cyfitter_cfg.c **** *
 137:.\Generated_Source\PSoC5/cyfitter_cfg.c **** * Return:
 138:.\Generated_Source\PSoC5/cyfitter_cfg.c **** *  void
 139:.\Generated_Source\PSoC5/cyfitter_cfg.c **** *
 140:.\Generated_Source\PSoC5/cyfitter_cfg.c **** *******************************************************************************/
 141:.\Generated_Source\PSoC5/cyfitter_cfg.c **** static void ClockSetup(void);
 142:.\Generated_Source\PSoC5/cyfitter_cfg.c **** static void ClockSetup(void)
 143:.\Generated_Source\PSoC5/cyfitter_cfg.c **** {
 166              		.loc 1 143 0
 167              		.cfi_startproc
 168              		@ args = 0, pretend = 0, frame = 8
 169              		@ frame_needed = 1, uses_anonymous_args = 0
 170 0000 80B5     		push	{r7, lr}
 171              	.LCFI12:
 172              		.cfi_def_cfa_offset 8
 173              		.cfi_offset 7, -8
 174              		.cfi_offset 14, -4
 175 0002 82B0     		sub	sp, sp, #8
 176              	.LCFI13:
 177              		.cfi_def_cfa_offset 16
 178 0004 00AF     		add	r7, sp, #0
 179              	.LCFI14:
 180              		.cfi_def_cfa_register 7
 144:.\Generated_Source\PSoC5/cyfitter_cfg.c **** 	uint32 timeout;
 145:.\Generated_Source\PSoC5/cyfitter_cfg.c **** 	uint8 pllLock;
 146:.\Generated_Source\PSoC5/cyfitter_cfg.c **** 
 147:.\Generated_Source\PSoC5/cyfitter_cfg.c **** 
 148:.\Generated_Source\PSoC5/cyfitter_cfg.c **** 	/* Configure ILO based on settings from Clock DWR */
 149:.\Generated_Source\PSoC5/cyfitter_cfg.c **** 	CY_SET_XTND_REG8((void CYFAR *)(CYREG_SLOWCLK_ILO_CR0), 0x02u);
 181              		.loc 1 149 0
 182 0006 4FF48643 		mov	r3, #17152
 183 000a C4F20003 		movt	r3, 16384
 184 000e 4FF00202 		mov	r2, #2
 185 0012 1A70     		strb	r2, [r3, #0]
 150:.\Generated_Source\PSoC5/cyfitter_cfg.c **** 	CY_SET_XTND_REG8((void CYFAR *)(CYREG_CLKDIST_CR), 0x08u);
 186              		.loc 1 150 0
 187 0014 4FF04023 		mov	r3, #1073758208
 188 0018 4FF00802 		mov	r2, #8
 189 001c 1A70     		strb	r2, [r3, #0]
 151:.\Generated_Source\PSoC5/cyfitter_cfg.c **** 
 152:.\Generated_Source\PSoC5/cyfitter_cfg.c **** 	/* Configure IMO based on settings from Clock DWR */
 153:.\Generated_Source\PSoC5/cyfitter_cfg.c **** 	CY_SET_XTND_REG8((void CYFAR *)(CYREG_FASTCLK_IMO_CR), 0x03u);
ARM GAS  C:\Users\makij\AppData\Local\Temp\ccWynwqq.s 			page 7


 190              		.loc 1 153 0
 191 001e 4FF48443 		mov	r3, #16896
 192 0022 C4F20003 		movt	r3, 16384
 193 0026 4FF00302 		mov	r2, #3
 194 002a 1A70     		strb	r2, [r3, #0]
 154:.\Generated_Source\PSoC5/cyfitter_cfg.c **** 	CY_SET_XTND_REG8((void CYFAR *)(CYREG_IMO_TR1), (CY_GET_XTND_REG8((void CYFAR *)CYREG_FLSHID_CUST_
 195              		.loc 1 154 0
 196 002c 44F2A163 		movw	r3, #18081
 197 0030 C4F20003 		movt	r3, 16384
 198 0034 4FF48472 		mov	r2, #264
 199 0038 C4F60012 		movt	r2, 18688
 200 003c 1278     		ldrb	r2, [r2, #0]
 201 003e D2B2     		uxtb	r2, r2
 202 0040 1A70     		strb	r2, [r3, #0]
 155:.\Generated_Source\PSoC5/cyfitter_cfg.c **** 
 156:.\Generated_Source\PSoC5/cyfitter_cfg.c **** 	/* Configure PLL based on settings from Clock DWR */
 157:.\Generated_Source\PSoC5/cyfitter_cfg.c **** 	CY_SET_XTND_REG16((void CYFAR *)(CYREG_FASTCLK_PLL_P), 0x0008u);
 203              		.loc 1 157 0
 204 0042 44F22223 		movw	r3, #16930
 205 0046 C4F20003 		movt	r3, 16384
 206 004a 4FF00802 		mov	r2, #8
 207 004e 1A80     		strh	r2, [r3, #0]	@ movhi
 158:.\Generated_Source\PSoC5/cyfitter_cfg.c **** 	CY_SET_XTND_REG16((void CYFAR *)(CYREG_FASTCLK_PLL_CFG0), 0x1251u);
 208              		.loc 1 158 0
 209 0050 44F22023 		movw	r3, #16928
 210 0054 C4F20003 		movt	r3, 16384
 211 0058 41F25122 		movw	r2, #4689
 212 005c 1A80     		strh	r2, [r3, #0]	@ movhi
 159:.\Generated_Source\PSoC5/cyfitter_cfg.c **** 	/* Wait up to 250us for the PLL to lock */
 160:.\Generated_Source\PSoC5/cyfitter_cfg.c **** 	pllLock = 0u;
 213              		.loc 1 160 0
 214 005e 4FF00003 		mov	r3, #0
 215 0062 FB70     		strb	r3, [r7, #3]
 161:.\Generated_Source\PSoC5/cyfitter_cfg.c **** 	for (timeout = 250u / 10u; (timeout > 0u) && (pllLock != 0x03u); timeout--)
 216              		.loc 1 161 0
 217 0064 4FF01903 		mov	r3, #25
 218 0068 7B60     		str	r3, [r7, #4]
 219 006a 19E0     		b	.L7
 220              	.L9:
 162:.\Generated_Source\PSoC5/cyfitter_cfg.c **** 	{ 
 163:.\Generated_Source\PSoC5/cyfitter_cfg.c **** 		pllLock = 0x03u & ((uint8)((uint8)pllLock << 1) | ((CY_GET_XTND_REG8((void CYFAR *)CYREG_FASTCLK_
 221              		.loc 1 163 0 discriminator 1
 222 006c FB78     		ldrb	r3, [r7, #3]
 223 006e 4FEA4303 		lsl	r3, r3, #1
 224 0072 DAB2     		uxtb	r2, r3
 225 0074 44F22523 		movw	r3, #16933
 226 0078 C4F20003 		movt	r3, 16384
 227 007c 1B78     		ldrb	r3, [r3, #0]
 228 007e DBB2     		uxtb	r3, r3
 229 0080 03F00103 		and	r3, r3, #1
 230 0084 DBB2     		uxtb	r3, r3
 231 0086 1343     		orrs	r3, r3, r2
 232 0088 DBB2     		uxtb	r3, r3
 233 008a 03F00303 		and	r3, r3, #3
 234 008e FB70     		strb	r3, [r7, #3]
 164:.\Generated_Source\PSoC5/cyfitter_cfg.c **** 		CyDelayCycles(10u * 48u); /* Delay 10us based on 48MHz clock */
 235              		.loc 1 164 0 discriminator 1
ARM GAS  C:\Users\makij\AppData\Local\Temp\ccWynwqq.s 			page 8


 236 0090 4FF4F070 		mov	r0, #480
 237 0094 FFF7FEFF 		bl	CyDelayCycles
 161:.\Generated_Source\PSoC5/cyfitter_cfg.c **** 	for (timeout = 250u / 10u; (timeout > 0u) && (pllLock != 0x03u); timeout--)
 238              		.loc 1 161 0 discriminator 1
 239 0098 7B68     		ldr	r3, [r7, #4]
 240 009a 03F1FF33 		add	r3, r3, #-1
 241 009e 7B60     		str	r3, [r7, #4]
 242              	.L7:
 243 00a0 7B68     		ldr	r3, [r7, #4]
 244 00a2 002B     		cmp	r3, #0
 245 00a4 02D0     		beq	.L8
 161:.\Generated_Source\PSoC5/cyfitter_cfg.c **** 	for (timeout = 250u / 10u; (timeout > 0u) && (pllLock != 0x03u); timeout--)
 246              		.loc 1 161 0 is_stmt 0 discriminator 2
 247 00a6 FB78     		ldrb	r3, [r7, #3]	@ zero_extendqisi2
 248 00a8 032B     		cmp	r3, #3
 249 00aa DFD1     		bne	.L9
 250              	.L8:
 165:.\Generated_Source\PSoC5/cyfitter_cfg.c **** 	}
 166:.\Generated_Source\PSoC5/cyfitter_cfg.c **** 	/* If we ran out of time the PLL didn't lock so go to the error function */
 167:.\Generated_Source\PSoC5/cyfitter_cfg.c **** 	if (timeout == 0u)
 251              		.loc 1 167 0 is_stmt 1
 252 00ac 7B68     		ldr	r3, [r7, #4]
 253 00ae 002B     		cmp	r3, #0
 254 00b0 03D1     		bne	.L10
 168:.\Generated_Source\PSoC5/cyfitter_cfg.c **** 	{
 169:.\Generated_Source\PSoC5/cyfitter_cfg.c **** 		CyClockStartupError(CYCLOCKSTART_PLL_ERROR);
 255              		.loc 1 169 0
 256 00b2 4FF00300 		mov	r0, #3
 257 00b6 FFF7FEFF 		bl	CyClockStartupError
 258              	.L10:
 170:.\Generated_Source\PSoC5/cyfitter_cfg.c **** 	}
 171:.\Generated_Source\PSoC5/cyfitter_cfg.c **** 
 172:.\Generated_Source\PSoC5/cyfitter_cfg.c **** 	/* Configure Bus/Master Clock based on settings from Clock DWR */
 173:.\Generated_Source\PSoC5/cyfitter_cfg.c **** 	CY_SET_XTND_REG16((void CYFAR *)(CYREG_CLKDIST_MSTR0), 0x0100u);
 259              		.loc 1 173 0
 260 00ba 44F20403 		movw	r3, #16388
 261 00be C4F20003 		movt	r3, 16384
 262 00c2 4FF48072 		mov	r2, #256
 263 00c6 1A80     		strh	r2, [r3, #0]	@ movhi
 174:.\Generated_Source\PSoC5/cyfitter_cfg.c **** 	CY_SET_XTND_REG8((void CYFAR *)(CYREG_CLKDIST_MSTR0), 0x07u);
 264              		.loc 1 174 0
 265 00c8 44F20403 		movw	r3, #16388
 266 00cc C4F20003 		movt	r3, 16384
 267 00d0 4FF00702 		mov	r2, #7
 268 00d4 1A70     		strb	r2, [r3, #0]
 175:.\Generated_Source\PSoC5/cyfitter_cfg.c **** 	CY_SET_XTND_REG8((void CYFAR *)(CYREG_CLKDIST_BCFG0), 0x00u);
 269              		.loc 1 175 0
 270 00d6 44F20603 		movw	r3, #16390
 271 00da C4F20003 		movt	r3, 16384
 272 00de 4FF00002 		mov	r2, #0
 273 00e2 1A70     		strb	r2, [r3, #0]
 176:.\Generated_Source\PSoC5/cyfitter_cfg.c **** 	CY_SET_XTND_REG8((void CYFAR *)(CYREG_CLKDIST_BCFG2), 0x48u);
 274              		.loc 1 176 0
 275 00e4 44F20803 		movw	r3, #16392
 276 00e8 C4F20003 		movt	r3, 16384
 277 00ec 4FF04802 		mov	r2, #72
 278 00f0 1A70     		strb	r2, [r3, #0]
ARM GAS  C:\Users\makij\AppData\Local\Temp\ccWynwqq.s 			page 9


 177:.\Generated_Source\PSoC5/cyfitter_cfg.c **** 	CY_SET_XTND_REG8((void CYFAR *)(CYREG_CLKDIST_MSTR0), 0x00u);
 279              		.loc 1 177 0
 280 00f2 44F20403 		movw	r3, #16388
 281 00f6 C4F20003 		movt	r3, 16384
 282 00fa 4FF00002 		mov	r2, #0
 283 00fe 1A70     		strb	r2, [r3, #0]
 178:.\Generated_Source\PSoC5/cyfitter_cfg.c **** 	CY_SET_XTND_REG8((void CYFAR *)(CYREG_CLKDIST_LD), 0x02u);
 284              		.loc 1 178 0
 285 0100 44F20103 		movw	r3, #16385
 286 0104 C4F20003 		movt	r3, 16384
 287 0108 4FF00202 		mov	r2, #2
 288 010c 1A70     		strb	r2, [r3, #0]
 179:.\Generated_Source\PSoC5/cyfitter_cfg.c **** }
 289              		.loc 1 179 0
 290 010e 07F10807 		add	r7, r7, #8
 291 0112 BD46     		mov	sp, r7
 292 0114 80BD     		pop	{r7, pc}
 293              		.cfi_endproc
 294              	.LFE4:
 295              		.size	ClockSetup, .-ClockSetup
 296 0116 00BF     		.section	.text.AnalogSetDefault,"ax",%progbits
 297              		.align	2
 298              		.thumb
 299              		.thumb_func
 300              		.type	AnalogSetDefault, %function
 301              	AnalogSetDefault:
 302              	.LFB5:
 180:.\Generated_Source\PSoC5/cyfitter_cfg.c **** 
 181:.\Generated_Source\PSoC5/cyfitter_cfg.c **** 
 182:.\Generated_Source\PSoC5/cyfitter_cfg.c **** /* Analog API Functions */
 183:.\Generated_Source\PSoC5/cyfitter_cfg.c **** 
 184:.\Generated_Source\PSoC5/cyfitter_cfg.c **** 
 185:.\Generated_Source\PSoC5/cyfitter_cfg.c **** /*******************************************************************************
 186:.\Generated_Source\PSoC5/cyfitter_cfg.c **** * Function Name: AnalogSetDefault
 187:.\Generated_Source\PSoC5/cyfitter_cfg.c **** ********************************************************************************
 188:.\Generated_Source\PSoC5/cyfitter_cfg.c **** *
 189:.\Generated_Source\PSoC5/cyfitter_cfg.c **** * Summary:
 190:.\Generated_Source\PSoC5/cyfitter_cfg.c **** *  Sets up the analog portions of the chip to default values based on chip
 191:.\Generated_Source\PSoC5/cyfitter_cfg.c **** *  configuration options from the project.
 192:.\Generated_Source\PSoC5/cyfitter_cfg.c **** *
 193:.\Generated_Source\PSoC5/cyfitter_cfg.c **** * Parameters:
 194:.\Generated_Source\PSoC5/cyfitter_cfg.c **** *  void
 195:.\Generated_Source\PSoC5/cyfitter_cfg.c **** *
 196:.\Generated_Source\PSoC5/cyfitter_cfg.c **** * Return:
 197:.\Generated_Source\PSoC5/cyfitter_cfg.c **** *  void
 198:.\Generated_Source\PSoC5/cyfitter_cfg.c **** *
 199:.\Generated_Source\PSoC5/cyfitter_cfg.c **** *******************************************************************************/
 200:.\Generated_Source\PSoC5/cyfitter_cfg.c **** static void AnalogSetDefault(void);
 201:.\Generated_Source\PSoC5/cyfitter_cfg.c **** static void AnalogSetDefault(void)
 202:.\Generated_Source\PSoC5/cyfitter_cfg.c **** {
 303              		.loc 1 202 0
 304              		.cfi_startproc
 305              		@ args = 0, pretend = 0, frame = 8
 306              		@ frame_needed = 1, uses_anonymous_args = 0
 307              		@ link register save eliminated.
 308 0000 80B4     		push	{r7}
 309              	.LCFI15:
ARM GAS  C:\Users\makij\AppData\Local\Temp\ccWynwqq.s 			page 10


 310              		.cfi_def_cfa_offset 4
 311              		.cfi_offset 7, -4
 312 0002 83B0     		sub	sp, sp, #12
 313              	.LCFI16:
 314              		.cfi_def_cfa_offset 16
 315 0004 00AF     		add	r7, sp, #0
 316              	.LCFI17:
 317              		.cfi_def_cfa_register 7
 203:.\Generated_Source\PSoC5/cyfitter_cfg.c **** 	uint8 bg_xover_inl_trim = CY_GET_XTND_REG8((void CYFAR *)(CYREG_FLSHID_MFG_CFG_BG_XOVER_INL_TRIM +
 318              		.loc 1 203 0
 319 0006 40F2CF13 		movw	r3, #463
 320 000a C4F60013 		movt	r3, 18688
 321 000e 1B78     		ldrb	r3, [r3, #0]
 322 0010 FB71     		strb	r3, [r7, #7]
 204:.\Generated_Source\PSoC5/cyfitter_cfg.c **** 	CY_SET_XTND_REG8((void CYFAR *)(CYREG_BG_DFT0), (bg_xover_inl_trim & 0x07u));
 323              		.loc 1 204 0
 324 0012 45F66E03 		movw	r3, #22638
 325 0016 C4F20003 		movt	r3, 16384
 326 001a FA79     		ldrb	r2, [r7, #7]
 327 001c 02F00702 		and	r2, r2, #7
 328 0020 D2B2     		uxtb	r2, r2
 329 0022 1A70     		strb	r2, [r3, #0]
 205:.\Generated_Source\PSoC5/cyfitter_cfg.c **** 	CY_SET_XTND_REG8((void CYFAR *)(CYREG_BG_DFT1), ((bg_xover_inl_trim >> 4) & 0x0Fu));
 330              		.loc 1 205 0
 331 0024 45F66F03 		movw	r3, #22639
 332 0028 C4F20003 		movt	r3, 16384
 333 002c FA79     		ldrb	r2, [r7, #7]	@ zero_extendqisi2
 334 002e 4FEA1212 		lsr	r2, r2, #4
 335 0032 D2B2     		uxtb	r2, r2
 336 0034 1A70     		strb	r2, [r3, #0]
 206:.\Generated_Source\PSoC5/cyfitter_cfg.c **** 	CY_SET_XTND_REG8((void CYFAR *)CYREG_PUMP_CR0, 0x44u);
 337              		.loc 1 206 0
 338 0036 45F67603 		movw	r3, #22646
 339 003a C4F20003 		movt	r3, 16384
 340 003e 4FF04402 		mov	r2, #68
 341 0042 1A70     		strb	r2, [r3, #0]
 207:.\Generated_Source\PSoC5/cyfitter_cfg.c **** }
 342              		.loc 1 207 0
 343 0044 07F10C07 		add	r7, r7, #12
 344 0048 BD46     		mov	sp, r7
 345 004a 80BC     		pop	{r7}
 346 004c 7047     		bx	lr
 347              		.cfi_endproc
 348              	.LFE5:
 349              		.size	AnalogSetDefault, .-AnalogSetDefault
 350 004e 00BF     		.section	.text.SetAnalogRoutingPumps,"ax",%progbits
 351              		.align	2
 352              		.global	SetAnalogRoutingPumps
 353              		.thumb
 354              		.thumb_func
 355              		.type	SetAnalogRoutingPumps, %function
 356              	SetAnalogRoutingPumps:
 357              	.LFB6:
 208:.\Generated_Source\PSoC5/cyfitter_cfg.c **** 
 209:.\Generated_Source\PSoC5/cyfitter_cfg.c **** 
 210:.\Generated_Source\PSoC5/cyfitter_cfg.c **** /*******************************************************************************
 211:.\Generated_Source\PSoC5/cyfitter_cfg.c **** * Function Name: SetAnalogRoutingPumps
ARM GAS  C:\Users\makij\AppData\Local\Temp\ccWynwqq.s 			page 11


 212:.\Generated_Source\PSoC5/cyfitter_cfg.c **** ********************************************************************************
 213:.\Generated_Source\PSoC5/cyfitter_cfg.c **** *
 214:.\Generated_Source\PSoC5/cyfitter_cfg.c **** * Summary:
 215:.\Generated_Source\PSoC5/cyfitter_cfg.c **** * Enables or disables the analog pumps feeding analog routing switches.
 216:.\Generated_Source\PSoC5/cyfitter_cfg.c **** * Intended to be called at startup, based on the Vdda system configuration;
 217:.\Generated_Source\PSoC5/cyfitter_cfg.c **** * may be called during operation when the user informs us that the Vdda voltage
 218:.\Generated_Source\PSoC5/cyfitter_cfg.c **** * crossed the pump threshold.
 219:.\Generated_Source\PSoC5/cyfitter_cfg.c **** *
 220:.\Generated_Source\PSoC5/cyfitter_cfg.c **** * Parameters:
 221:.\Generated_Source\PSoC5/cyfitter_cfg.c **** *  enabled - 1 to enable the pumps, 0 to disable the pumps
 222:.\Generated_Source\PSoC5/cyfitter_cfg.c **** *
 223:.\Generated_Source\PSoC5/cyfitter_cfg.c **** * Return:
 224:.\Generated_Source\PSoC5/cyfitter_cfg.c **** *  void
 225:.\Generated_Source\PSoC5/cyfitter_cfg.c **** *
 226:.\Generated_Source\PSoC5/cyfitter_cfg.c **** *******************************************************************************/
 227:.\Generated_Source\PSoC5/cyfitter_cfg.c **** void SetAnalogRoutingPumps(uint8 enabled)
 228:.\Generated_Source\PSoC5/cyfitter_cfg.c **** {
 358              		.loc 1 228 0
 359              		.cfi_startproc
 360              		@ args = 0, pretend = 0, frame = 16
 361              		@ frame_needed = 1, uses_anonymous_args = 0
 362              		@ link register save eliminated.
 363 0000 80B4     		push	{r7}
 364              	.LCFI18:
 365              		.cfi_def_cfa_offset 4
 366              		.cfi_offset 7, -4
 367 0002 85B0     		sub	sp, sp, #20
 368              	.LCFI19:
 369              		.cfi_def_cfa_offset 24
 370 0004 00AF     		add	r7, sp, #0
 371              	.LCFI20:
 372              		.cfi_def_cfa_register 7
 373 0006 0346     		mov	r3, r0
 374 0008 FB71     		strb	r3, [r7, #7]
 229:.\Generated_Source\PSoC5/cyfitter_cfg.c **** 	uint8 regValue = CY_GET_XTND_REG8((void CYFAR *)CYREG_PUMP_CR0);
 375              		.loc 1 229 0
 376 000a 45F67603 		movw	r3, #22646
 377 000e C4F20003 		movt	r3, 16384
 378 0012 1B78     		ldrb	r3, [r3, #0]
 379 0014 FB73     		strb	r3, [r7, #15]
 230:.\Generated_Source\PSoC5/cyfitter_cfg.c **** 	if (enabled != 0u)
 380              		.loc 1 230 0
 381 0016 FB79     		ldrb	r3, [r7, #7]	@ zero_extendqisi2
 382 0018 002B     		cmp	r3, #0
 231:.\Generated_Source\PSoC5/cyfitter_cfg.c **** 	{
 232:.\Generated_Source\PSoC5/cyfitter_cfg.c **** 		regValue |= 0x00u;
 383              		.loc 1 232 0
 384 001a 00BF     		nop
 233:.\Generated_Source\PSoC5/cyfitter_cfg.c **** 	}
 234:.\Generated_Source\PSoC5/cyfitter_cfg.c **** 	else
 235:.\Generated_Source\PSoC5/cyfitter_cfg.c **** 	{
 236:.\Generated_Source\PSoC5/cyfitter_cfg.c **** 		regValue &= (uint8)~0x00u;
 237:.\Generated_Source\PSoC5/cyfitter_cfg.c **** 	}
 238:.\Generated_Source\PSoC5/cyfitter_cfg.c **** 	CY_SET_XTND_REG8((void CYFAR *)CYREG_PUMP_CR0, regValue);
 385              		.loc 1 238 0
 386 001c 45F67603 		movw	r3, #22646
 387 0020 C4F20003 		movt	r3, 16384
ARM GAS  C:\Users\makij\AppData\Local\Temp\ccWynwqq.s 			page 12


 388 0024 FA7B     		ldrb	r2, [r7, #15]
 389 0026 1A70     		strb	r2, [r3, #0]
 239:.\Generated_Source\PSoC5/cyfitter_cfg.c **** }
 390              		.loc 1 239 0
 391 0028 07F11407 		add	r7, r7, #20
 392 002c BD46     		mov	sp, r7
 393 002e 80BC     		pop	{r7}
 394 0030 7047     		bx	lr
 395              		.cfi_endproc
 396              	.LFE6:
 397              		.size	SetAnalogRoutingPumps, .-SetAnalogRoutingPumps
 398 0032 00BF     		.section	.text.cyfitter_cfg,"ax",%progbits
 399              		.align	2
 400              		.global	cyfitter_cfg
 401              		.thumb
 402              		.thumb_func
 403              		.type	cyfitter_cfg, %function
 404              	cyfitter_cfg:
 405              	.LFB7:
 240:.\Generated_Source\PSoC5/cyfitter_cfg.c **** 
 241:.\Generated_Source\PSoC5/cyfitter_cfg.c **** #define CY_AMUX_UNUSED CYREG_BOOST_SR
 242:.\Generated_Source\PSoC5/cyfitter_cfg.c **** 
 243:.\Generated_Source\PSoC5/cyfitter_cfg.c **** 
 244:.\Generated_Source\PSoC5/cyfitter_cfg.c **** /*******************************************************************************
 245:.\Generated_Source\PSoC5/cyfitter_cfg.c **** * Function Name: cyfitter_cfg
 246:.\Generated_Source\PSoC5/cyfitter_cfg.c **** ********************************************************************************
 247:.\Generated_Source\PSoC5/cyfitter_cfg.c **** * Summary:
 248:.\Generated_Source\PSoC5/cyfitter_cfg.c **** *  This function is called by the start-up code for the selected device. It
 249:.\Generated_Source\PSoC5/cyfitter_cfg.c **** *  performs all of the necessary device configuration based on the design
 250:.\Generated_Source\PSoC5/cyfitter_cfg.c **** *  settings.  This includes settings from the Design Wide Resources (DWR) such
 251:.\Generated_Source\PSoC5/cyfitter_cfg.c **** *  as Clocks and Pins as well as any component configuration that is necessary.
 252:.\Generated_Source\PSoC5/cyfitter_cfg.c **** *
 253:.\Generated_Source\PSoC5/cyfitter_cfg.c **** * Parameters:  
 254:.\Generated_Source\PSoC5/cyfitter_cfg.c **** *   void
 255:.\Generated_Source\PSoC5/cyfitter_cfg.c **** *
 256:.\Generated_Source\PSoC5/cyfitter_cfg.c **** * Return:
 257:.\Generated_Source\PSoC5/cyfitter_cfg.c **** *   void
 258:.\Generated_Source\PSoC5/cyfitter_cfg.c **** *
 259:.\Generated_Source\PSoC5/cyfitter_cfg.c **** *******************************************************************************/
 260:.\Generated_Source\PSoC5/cyfitter_cfg.c **** 
 261:.\Generated_Source\PSoC5/cyfitter_cfg.c **** void cyfitter_cfg(void)
 262:.\Generated_Source\PSoC5/cyfitter_cfg.c **** {
 406              		.loc 1 262 0
 407              		.cfi_startproc
 408              		@ args = 0, pretend = 0, frame = 8
 409              		@ frame_needed = 1, uses_anonymous_args = 0
 410 0000 80B5     		push	{r7, lr}
 411              	.LCFI21:
 412              		.cfi_def_cfa_offset 8
 413              		.cfi_offset 7, -8
 414              		.cfi_offset 14, -4
 415 0002 82B0     		sub	sp, sp, #8
 416              	.LCFI22:
 417              		.cfi_def_cfa_offset 16
 418 0004 00AF     		add	r7, sp, #0
 419              	.LCFI23:
 420              		.cfi_def_cfa_register 7
ARM GAS  C:\Users\makij\AppData\Local\Temp\ccWynwqq.s 			page 13


 263:.\Generated_Source\PSoC5/cyfitter_cfg.c **** #ifdef CYGlobalIntDisable
 264:.\Generated_Source\PSoC5/cyfitter_cfg.c **** 	/* Disable interrupts by default. Let user enable if/when they want. */
 265:.\Generated_Source\PSoC5/cyfitter_cfg.c **** 	CYGlobalIntDisable
 421              		.loc 1 265 0
 422              	@ 265 ".\Generated_Source\PSoC5\cyfitter_cfg.c" 1
 423 0006 72B6     		CPSID   i
 424              	@ 0 "" 2
 266:.\Generated_Source\PSoC5/cyfitter_cfg.c **** #endif
 267:.\Generated_Source\PSoC5/cyfitter_cfg.c **** 
 268:.\Generated_Source\PSoC5/cyfitter_cfg.c **** 	/* Enable/Disable Debug functionality based on settings from System DWR */
 269:.\Generated_Source\PSoC5/cyfitter_cfg.c **** 	CY_SET_XTND_REG8((void CYFAR *)CYREG_MLOGIC_DEBUG, (CY_GET_XTND_REG8((void CYFAR *)CYREG_MLOGIC_DE
 425              		.loc 1 269 0
 426              		.thumb
 427 0008 44F2E863 		movw	r3, #18152
 428 000c C4F20003 		movt	r3, 16384
 429 0010 44F2E862 		movw	r2, #18152
 430 0014 C4F20002 		movt	r2, 16384
 431 0018 1278     		ldrb	r2, [r2, #0]
 432 001a D2B2     		uxtb	r2, r2
 433 001c 42F00402 		orr	r2, r2, #4
 434 0020 D2B2     		uxtb	r2, r2
 435 0022 1A70     		strb	r2, [r3, #0]
 436              	.LBB2:
 270:.\Generated_Source\PSoC5/cyfitter_cfg.c **** 
 271:.\Generated_Source\PSoC5/cyfitter_cfg.c **** 	{
 272:.\Generated_Source\PSoC5/cyfitter_cfg.c **** 
 273:.\Generated_Source\PSoC5/cyfitter_cfg.c **** 		CYPACKED typedef struct {
 274:.\Generated_Source\PSoC5/cyfitter_cfg.c **** 			void CYFAR *address;
 275:.\Generated_Source\PSoC5/cyfitter_cfg.c **** 			uint16 size;
 276:.\Generated_Source\PSoC5/cyfitter_cfg.c **** 		} CYPACKED_ATTR cfg_memset_t;
 277:.\Generated_Source\PSoC5/cyfitter_cfg.c **** 
 278:.\Generated_Source\PSoC5/cyfitter_cfg.c **** 		static const cfg_memset_t CYCODE cfg_memset_list [] = {
 279:.\Generated_Source\PSoC5/cyfitter_cfg.c **** 			/* address, size */
 280:.\Generated_Source\PSoC5/cyfitter_cfg.c **** 			{(void CYFAR *)(CYREG_PRT0_DR), 112u},
 281:.\Generated_Source\PSoC5/cyfitter_cfg.c **** 			{(void CYFAR *)(CYREG_PRT12_DR), 16u},
 282:.\Generated_Source\PSoC5/cyfitter_cfg.c **** 			{(void CYFAR *)(CYREG_PRT15_DR), 16u},
 283:.\Generated_Source\PSoC5/cyfitter_cfg.c **** 			{(void CYFAR *)(CYDEV_UCFG_B0_P0_U0_BASE), 4096u},
 284:.\Generated_Source\PSoC5/cyfitter_cfg.c **** 			{(void CYFAR *)(CYDEV_UCFG_B1_P2_U0_BASE), 2048u},
 285:.\Generated_Source\PSoC5/cyfitter_cfg.c **** 			{(void CYFAR *)(CYDEV_UCFG_DSI0_BASE), 2560u},
 286:.\Generated_Source\PSoC5/cyfitter_cfg.c **** 			{(void CYFAR *)(CYDEV_UCFG_DSI12_BASE), 512u},
 287:.\Generated_Source\PSoC5/cyfitter_cfg.c **** 			{(void CYFAR *)(CYREG_BCTL0_MDCLK_EN), 32u},
 288:.\Generated_Source\PSoC5/cyfitter_cfg.c **** 		};
 289:.\Generated_Source\PSoC5/cyfitter_cfg.c **** 
 290:.\Generated_Source\PSoC5/cyfitter_cfg.c **** 		uint8 CYDATA i;
 291:.\Generated_Source\PSoC5/cyfitter_cfg.c **** 
 292:.\Generated_Source\PSoC5/cyfitter_cfg.c **** 		/* Zero out critical memory blocks before beginning configuration */
 293:.\Generated_Source\PSoC5/cyfitter_cfg.c **** 		for (i = 0u; i < (sizeof(cfg_memset_list)/sizeof(cfg_memset_list[0])); i++)
 437              		.loc 1 293 0
 438 0024 4FF00003 		mov	r3, #0
 439 0028 FB71     		strb	r3, [r7, #7]
 440 002a 19E0     		b	.L16
 441              	.L17:
 442              	.LBB3:
 294:.\Generated_Source\PSoC5/cyfitter_cfg.c **** 		{
 295:.\Generated_Source\PSoC5/cyfitter_cfg.c **** 			const cfg_memset_t CYCODE * CYDATA ms = &cfg_memset_list[i];
 443              		.loc 1 295 0 discriminator 2
 444 002c FA79     		ldrb	r2, [r7, #7]	@ zero_extendqisi2
ARM GAS  C:\Users\makij\AppData\Local\Temp\ccWynwqq.s 			page 14


 445 002e 1346     		mov	r3, r2
 446 0030 4FEA4303 		lsl	r3, r3, #1
 447 0034 9B18     		adds	r3, r3, r2
 448 0036 4FEA4303 		lsl	r3, r3, #1
 449 003a 40F20002 		movw	r2, #:lower16:cfg_memset_list.4787
 450 003e C0F20002 		movt	r2, #:upper16:cfg_memset_list.4787
 451 0042 9B18     		adds	r3, r3, r2
 452 0044 3B60     		str	r3, [r7, #0]
 296:.\Generated_Source\PSoC5/cyfitter_cfg.c **** 			CYMEMZERO(ms->address, (uint32)(ms->size));
 453              		.loc 1 296 0 discriminator 2
 454 0046 3B68     		ldr	r3, [r7, #0]
 455 0048 1A68     		ldr	r2, [r3, #0]	@ unaligned
 456 004a 3B68     		ldr	r3, [r7, #0]
 457 004c 9B88     		ldrh	r3, [r3, #4]	@ unaligned
 458 004e 9BB2     		uxth	r3, r3
 459 0050 1046     		mov	r0, r2
 460 0052 1946     		mov	r1, r3
 461 0054 FFF7FEFF 		bl	CYMEMZERO
 462              	.LBE3:
 293:.\Generated_Source\PSoC5/cyfitter_cfg.c **** 		for (i = 0u; i < (sizeof(cfg_memset_list)/sizeof(cfg_memset_list[0])); i++)
 463              		.loc 1 293 0 discriminator 2
 464 0058 FB79     		ldrb	r3, [r7, #7]
 465 005a 03F10103 		add	r3, r3, #1
 466 005e FB71     		strb	r3, [r7, #7]
 467              	.L16:
 293:.\Generated_Source\PSoC5/cyfitter_cfg.c **** 		for (i = 0u; i < (sizeof(cfg_memset_list)/sizeof(cfg_memset_list[0])); i++)
 468              		.loc 1 293 0 is_stmt 0 discriminator 1
 469 0060 FB79     		ldrb	r3, [r7, #7]	@ zero_extendqisi2
 470 0062 072B     		cmp	r3, #7
 471 0064 E2D9     		bls	.L17
 297:.\Generated_Source\PSoC5/cyfitter_cfg.c **** 		}
 298:.\Generated_Source\PSoC5/cyfitter_cfg.c **** 
 299:.\Generated_Source\PSoC5/cyfitter_cfg.c **** 		/* Enable digital routing */
 300:.\Generated_Source\PSoC5/cyfitter_cfg.c **** 		CY_SET_XTND_REG8((void CYFAR *)CYREG_BCTL0_BANK_CTL, CY_GET_XTND_REG8((void CYFAR *)CYREG_BCTL0_B
 472              		.loc 1 300 0 is_stmt 1
 473 0066 45F20303 		movw	r3, #20483
 474 006a C4F20103 		movt	r3, 16385
 475 006e 45F20302 		movw	r2, #20483
 476 0072 C4F20102 		movt	r2, 16385
 477 0076 1278     		ldrb	r2, [r2, #0]
 478 0078 D2B2     		uxtb	r2, r2
 479 007a 42F00202 		orr	r2, r2, #2
 480 007e D2B2     		uxtb	r2, r2
 481 0080 1A70     		strb	r2, [r3, #0]
 301:.\Generated_Source\PSoC5/cyfitter_cfg.c **** 		CY_SET_XTND_REG8((void CYFAR *)CYREG_BCTL1_BANK_CTL, CY_GET_XTND_REG8((void CYFAR *)CYREG_BCTL1_B
 482              		.loc 1 301 0
 483 0082 45F21303 		movw	r3, #20499
 484 0086 C4F20103 		movt	r3, 16385
 485 008a 45F21302 		movw	r2, #20499
 486 008e C4F20102 		movt	r2, 16385
 487 0092 1278     		ldrb	r2, [r2, #0]
 488 0094 D2B2     		uxtb	r2, r2
 489 0096 42F00202 		orr	r2, r2, #2
 490 009a D2B2     		uxtb	r2, r2
 491 009c 1A70     		strb	r2, [r3, #0]
 302:.\Generated_Source\PSoC5/cyfitter_cfg.c **** 
 303:.\Generated_Source\PSoC5/cyfitter_cfg.c **** 		/* Enable UDB array */
ARM GAS  C:\Users\makij\AppData\Local\Temp\ccWynwqq.s 			page 15


 304:.\Generated_Source\PSoC5/cyfitter_cfg.c **** 		CY_SET_XTND_REG8((void CYFAR *)CYREG_PM_ACT_CFG0, CY_GET_XTND_REG8((void CYFAR *)CYREG_PM_ACT_CFG
 492              		.loc 1 304 0
 493 009e 44F2A033 		movw	r3, #17312
 494 00a2 C4F20003 		movt	r3, 16384
 495 00a6 44F2A032 		movw	r2, #17312
 496 00aa C4F20002 		movt	r2, 16384
 497 00ae 1278     		ldrb	r2, [r2, #0]
 498 00b0 D2B2     		uxtb	r2, r2
 499 00b2 42F04002 		orr	r2, r2, #64
 500 00b6 D2B2     		uxtb	r2, r2
 501 00b8 1A70     		strb	r2, [r3, #0]
 305:.\Generated_Source\PSoC5/cyfitter_cfg.c **** 		CY_SET_XTND_REG8((void CYFAR *)CYREG_PM_AVAIL_CR2, CY_GET_XTND_REG8((void CYFAR *)CYREG_PM_AVAIL_
 502              		.loc 1 305 0
 503 00ba 44F2C233 		movw	r3, #17346
 504 00be C4F20003 		movt	r3, 16384
 505 00c2 44F2C232 		movw	r2, #17346
 506 00c6 C4F20002 		movt	r2, 16384
 507 00ca 1278     		ldrb	r2, [r2, #0]
 508 00cc D2B2     		uxtb	r2, r2
 509 00ce 42F01002 		orr	r2, r2, #16
 510 00d2 D2B2     		uxtb	r2, r2
 511 00d4 1A70     		strb	r2, [r3, #0]
 512              	.LBE2:
 306:.\Generated_Source\PSoC5/cyfitter_cfg.c **** 	}
 307:.\Generated_Source\PSoC5/cyfitter_cfg.c **** 
 308:.\Generated_Source\PSoC5/cyfitter_cfg.c **** 	/* Switch Boost to the precision bandgap reference from its internal reference */
 309:.\Generated_Source\PSoC5/cyfitter_cfg.c **** 	CY_SET_REG8((void CYXDATA *)CYREG_BOOST_CR2, (CY_GET_REG8((void CYXDATA *)CYREG_BOOST_CR2) | 0x08u
 513              		.loc 1 309 0
 514 00d6 44F22233 		movw	r3, #17186
 515 00da C4F20003 		movt	r3, 16384
 516 00de 44F22232 		movw	r2, #17186
 517 00e2 C4F20002 		movt	r2, 16384
 518 00e6 1278     		ldrb	r2, [r2, #0]
 519 00e8 D2B2     		uxtb	r2, r2
 520 00ea 42F00802 		orr	r2, r2, #8
 521 00ee D2B2     		uxtb	r2, r2
 522 00f0 1A70     		strb	r2, [r3, #0]
 310:.\Generated_Source\PSoC5/cyfitter_cfg.c **** 
 311:.\Generated_Source\PSoC5/cyfitter_cfg.c **** 	/* Set Flash Cycles based on max possible frequency in case a glitch occurs during ClockSetup(). *
 312:.\Generated_Source\PSoC5/cyfitter_cfg.c **** 	CY_SET_XTND_REG8((void CYFAR *)(CYREG_CACHE_CC_CTL), (((CYDEV_INSTRUCT_CACHE_ENABLED) != 0) ? 0x01
 523              		.loc 1 312 0
 524 00f2 4FF49043 		mov	r3, #18432
 525 00f6 C4F20003 		movt	r3, 16384
 526 00fa 4FF00102 		mov	r2, #1
 527 00fe 1A70     		strb	r2, [r3, #0]
 313:.\Generated_Source\PSoC5/cyfitter_cfg.c **** 	/* Setup clocks based on selections from Clock DWR */
 314:.\Generated_Source\PSoC5/cyfitter_cfg.c **** 	ClockSetup();
 528              		.loc 1 314 0
 529 0100 FFF7FEFF 		bl	ClockSetup
 315:.\Generated_Source\PSoC5/cyfitter_cfg.c **** 	/* Set Flash Cycles based on newly configured 24.00MHz Bus Clock. */
 316:.\Generated_Source\PSoC5/cyfitter_cfg.c **** 	CY_SET_XTND_REG8((void CYFAR *)(CYREG_CACHE_CC_CTL), (((CYDEV_INSTRUCT_CACHE_ENABLED) != 0) ? 0x81
 530              		.loc 1 316 0
 531 0104 4FF49043 		mov	r3, #18432
 532 0108 C4F20003 		movt	r3, 16384
 533 010c 4FF08102 		mov	r2, #129
 534 0110 1A70     		strb	r2, [r3, #0]
 317:.\Generated_Source\PSoC5/cyfitter_cfg.c **** 	CY_SET_XTND_REG8((void CYFAR *)(CYREG_PANTHER_WAITPIPE), 0x01u);
ARM GAS  C:\Users\makij\AppData\Local\Temp\ccWynwqq.s 			page 16


 535              		.loc 1 317 0
 536 0112 4FF00403 		mov	r3, #4
 537 0116 C4F20803 		movt	r3, 16392
 538 011a 4FF00102 		mov	r2, #1
 539 011e 1A70     		strb	r2, [r3, #0]
 318:.\Generated_Source\PSoC5/cyfitter_cfg.c **** 
 319:.\Generated_Source\PSoC5/cyfitter_cfg.c **** 	/* Perform basic analog initialization to defaults */
 320:.\Generated_Source\PSoC5/cyfitter_cfg.c **** 	AnalogSetDefault();
 540              		.loc 1 320 0
 541 0120 FFF7FEFF 		bl	AnalogSetDefault
 321:.\Generated_Source\PSoC5/cyfitter_cfg.c **** 
 322:.\Generated_Source\PSoC5/cyfitter_cfg.c **** 	/* Configure alternate active mode */
 323:.\Generated_Source\PSoC5/cyfitter_cfg.c **** 	CYCONFIGCPY((void CYFAR *)CYDEV_PM_STBY_BASE, (const void CYFAR *)CYDEV_PM_ACT_BASE, 14u);
 542              		.loc 1 323 0
 543 0124 44F2B030 		movw	r0, #17328
 544 0128 C4F20000 		movt	r0, 16384
 545 012c 44F2A031 		movw	r1, #17312
 546 0130 C4F20001 		movt	r1, 16384
 547 0134 4FF00E02 		mov	r2, #14
 548 0138 FFF7FEFF 		bl	CYCONFIGCPY
 324:.\Generated_Source\PSoC5/cyfitter_cfg.c **** }
 549              		.loc 1 324 0
 550 013c 07F10807 		add	r7, r7, #8
 551 0140 BD46     		mov	sp, r7
 552 0142 80BD     		pop	{r7, pc}
 553              		.cfi_endproc
 554              	.LFE7:
 555              		.size	cyfitter_cfg, .-cyfitter_cfg
 556              		.section	.rodata
 557              		.align	2
 558              		.type	cfg_memset_list.4787, %object
 559              		.size	cfg_memset_list.4787, 48
 560              	cfg_memset_list.4787:
 561 0000 00510040 		.word	1073762560
 562 0004 7000     		.short	112
 563 0006 C0510040 		.4byte	1073762752
 564 000a 1000     		.short	16
 565 000c F0510040 		.word	1073762800
 566 0010 1000     		.short	16
 567 0012 00000140 		.4byte	1073807360
 568 0016 0010     		.short	4096
 569 0018 00140140 		.word	1073812480
 570 001c 0008     		.short	2048
 571 001e 00400140 		.4byte	1073823744
 572 0022 000A     		.short	2560
 573 0024 004C0140 		.word	1073826816
 574 0028 0002     		.short	512
 575 002a 00500140 		.4byte	1073827840
 576 002e 2000     		.short	32
 577              		.text
 578              	.Letext0:
 579              		.file 2 "c:\\program files (x86)\\cypress\\psoc creator\\3.0\\psoc creator\\import\\gnu_cs\\arm\\4
 580              		.file 3 "./Generated_Source/PSoC5/cytypes.h"
 581              		.section	.debug_info,"",%progbits
 582              	.Ldebug_info0:
 583 0000 FD020000 		.4byte	0x2fd
 584 0004 0200     		.2byte	0x2
ARM GAS  C:\Users\makij\AppData\Local\Temp\ccWynwqq.s 			page 17


 585 0006 00000000 		.4byte	.Ldebug_abbrev0
 586 000a 04       		.byte	0x4
 587 000b 01       		.uleb128 0x1
 588 000c D4010000 		.4byte	.LASF36
 589 0010 01       		.byte	0x1
 590 0011 1D020000 		.4byte	.LASF37
 591 0015 0D000000 		.4byte	.LASF38
 592 0019 00000000 		.4byte	.Ldebug_ranges0+0
 593 001d 00000000 		.4byte	0
 594 0021 00000000 		.4byte	0
 595 0025 00000000 		.4byte	.Ldebug_line0
 596 0029 02       		.uleb128 0x2
 597 002a 01       		.byte	0x1
 598 002b 06       		.byte	0x6
 599 002c 6D020000 		.4byte	.LASF0
 600 0030 02       		.uleb128 0x2
 601 0031 01       		.byte	0x1
 602 0032 08       		.byte	0x8
 603 0033 38010000 		.4byte	.LASF1
 604 0037 02       		.uleb128 0x2
 605 0038 02       		.byte	0x2
 606 0039 05       		.byte	0x5
 607 003a CA010000 		.4byte	.LASF2
 608 003e 02       		.uleb128 0x2
 609 003f 02       		.byte	0x2
 610 0040 07       		.byte	0x7
 611 0041 BC000000 		.4byte	.LASF3
 612 0045 03       		.uleb128 0x3
 613 0046 04       		.byte	0x4
 614 0047 05       		.byte	0x5
 615 0048 696E7400 		.ascii	"int\000"
 616 004c 02       		.uleb128 0x2
 617 004d 04       		.byte	0x4
 618 004e 07       		.byte	0x7
 619 004f 72010000 		.4byte	.LASF4
 620 0053 02       		.uleb128 0x2
 621 0054 08       		.byte	0x8
 622 0055 05       		.byte	0x5
 623 0056 B4010000 		.4byte	.LASF5
 624 005a 02       		.uleb128 0x2
 625 005b 08       		.byte	0x8
 626 005c 07       		.byte	0x7
 627 005d 87010000 		.4byte	.LASF6
 628 0061 02       		.uleb128 0x2
 629 0062 04       		.byte	0x4
 630 0063 05       		.byte	0x5
 631 0064 4D020000 		.4byte	.LASF7
 632 0068 02       		.uleb128 0x2
 633 0069 04       		.byte	0x4
 634 006a 07       		.byte	0x7
 635 006b AB010000 		.4byte	.LASF8
 636 006f 04       		.uleb128 0x4
 637 0070 04       		.byte	0x4
 638 0071 02       		.uleb128 0x2
 639 0072 04       		.byte	0x4
 640 0073 07       		.byte	0x7
 641 0074 00010000 		.4byte	.LASF9
ARM GAS  C:\Users\makij\AppData\Local\Temp\ccWynwqq.s 			page 18


 642 0078 02       		.uleb128 0x2
 643 0079 01       		.byte	0x1
 644 007a 08       		.byte	0x8
 645 007b 56020000 		.4byte	.LASF10
 646 007f 05       		.uleb128 0x5
 647 0080 06000000 		.4byte	.LASF11
 648 0084 02       		.byte	0x2
 649 0085 D5       		.byte	0xd5
 650 0086 4C000000 		.4byte	0x4c
 651 008a 05       		.uleb128 0x5
 652 008b 12010000 		.4byte	.LASF12
 653 008f 03       		.byte	0x3
 654 0090 5B       		.byte	0x5b
 655 0091 30000000 		.4byte	0x30
 656 0095 05       		.uleb128 0x5
 657 0096 5A010000 		.4byte	.LASF13
 658 009a 03       		.byte	0x3
 659 009b 5C       		.byte	0x5c
 660 009c 3E000000 		.4byte	0x3e
 661 00a0 05       		.uleb128 0x5
 662 00a1 6B010000 		.4byte	.LASF14
 663 00a5 03       		.byte	0x3
 664 00a6 5D       		.byte	0x5d
 665 00a7 71000000 		.4byte	0x71
 666 00ab 02       		.uleb128 0x2
 667 00ac 04       		.byte	0x4
 668 00ad 04       		.byte	0x4
 669 00ae D7000000 		.4byte	.LASF15
 670 00b2 02       		.uleb128 0x2
 671 00b3 08       		.byte	0x8
 672 00b4 04       		.byte	0x4
 673 00b5 46010000 		.4byte	.LASF16
 674 00b9 05       		.uleb128 0x5
 675 00ba FB000000 		.4byte	.LASF17
 676 00be 03       		.byte	0x3
 677 00bf F0       		.byte	0xf0
 678 00c0 C4000000 		.4byte	0xc4
 679 00c4 06       		.uleb128 0x6
 680 00c5 8A000000 		.4byte	0x8a
 681 00c9 05       		.uleb128 0x5
 682 00ca 00000000 		.4byte	.LASF18
 683 00ce 03       		.byte	0x3
 684 00cf F1       		.byte	0xf1
 685 00d0 D4000000 		.4byte	0xd4
 686 00d4 06       		.uleb128 0x6
 687 00d5 95000000 		.4byte	0x95
 688 00d9 07       		.uleb128 0x7
 689 00da 18010000 		.4byte	.LASF19
 690 00de 01       		.byte	0x1
 691 00df 3B       		.byte	0x3b
 692 00e0 01       		.byte	0x1
 693 00e1 00000000 		.4byte	.LFB0
 694 00e5 1E000000 		.4byte	.LFE0
 695 00e9 00000000 		.4byte	.LLST0
 696 00ed 01       		.byte	0x1
 697 00ee 0B010000 		.4byte	0x10b
 698 00f2 08       		.uleb128 0x8
ARM GAS  C:\Users\makij\AppData\Local\Temp\ccWynwqq.s 			page 19


 699 00f3 7300     		.ascii	"s\000"
 700 00f5 01       		.byte	0x1
 701 00f6 3B       		.byte	0x3b
 702 00f7 6F000000 		.4byte	0x6f
 703 00fb 02       		.byte	0x2
 704 00fc 91       		.byte	0x91
 705 00fd 74       		.sleb128 -12
 706 00fe 08       		.uleb128 0x8
 707 00ff 6E00     		.ascii	"n\000"
 708 0101 01       		.byte	0x1
 709 0102 3B       		.byte	0x3b
 710 0103 7F000000 		.4byte	0x7f
 711 0107 02       		.byte	0x2
 712 0108 91       		.byte	0x91
 713 0109 70       		.sleb128 -16
 714 010a 00       		.byte	0
 715 010b 07       		.uleb128 0x7
 716 010c 82020000 		.4byte	.LASF20
 717 0110 01       		.byte	0x1
 718 0111 42       		.byte	0x42
 719 0112 01       		.byte	0x1
 720 0113 00000000 		.4byte	.LFB1
 721 0117 1E000000 		.4byte	.LFE1
 722 011b 38000000 		.4byte	.LLST1
 723 011f 01       		.byte	0x1
 724 0120 4D010000 		.4byte	0x14d
 725 0124 09       		.uleb128 0x9
 726 0125 F1000000 		.4byte	.LASF21
 727 0129 01       		.byte	0x1
 728 012a 42       		.byte	0x42
 729 012b 6F000000 		.4byte	0x6f
 730 012f 02       		.byte	0x2
 731 0130 91       		.byte	0x91
 732 0131 74       		.sleb128 -12
 733 0132 08       		.uleb128 0x8
 734 0133 73726300 		.ascii	"src\000"
 735 0137 01       		.byte	0x1
 736 0138 42       		.byte	0x42
 737 0139 4D010000 		.4byte	0x14d
 738 013d 02       		.byte	0x2
 739 013e 91       		.byte	0x91
 740 013f 70       		.sleb128 -16
 741 0140 08       		.uleb128 0x8
 742 0141 6E00     		.ascii	"n\000"
 743 0143 01       		.byte	0x1
 744 0144 42       		.byte	0x42
 745 0145 7F000000 		.4byte	0x7f
 746 0149 02       		.byte	0x2
 747 014a 91       		.byte	0x91
 748 014b 6C       		.sleb128 -20
 749 014c 00       		.byte	0
 750 014d 0A       		.uleb128 0xa
 751 014e 04       		.byte	0x4
 752 014f 53010000 		.4byte	0x153
 753 0153 0B       		.uleb128 0xb
 754 0154 07       		.uleb128 0x7
 755 0155 A1000000 		.4byte	.LASF22
ARM GAS  C:\Users\makij\AppData\Local\Temp\ccWynwqq.s 			page 20


 756 0159 01       		.byte	0x1
 757 015a 49       		.byte	0x49
 758 015b 01       		.byte	0x1
 759 015c 00000000 		.4byte	.LFB2
 760 0160 1E000000 		.4byte	.LFE2
 761 0164 70000000 		.4byte	.LLST2
 762 0168 01       		.byte	0x1
 763 0169 96010000 		.4byte	0x196
 764 016d 09       		.uleb128 0x9
 765 016e F1000000 		.4byte	.LASF21
 766 0172 01       		.byte	0x1
 767 0173 49       		.byte	0x49
 768 0174 6F000000 		.4byte	0x6f
 769 0178 02       		.byte	0x2
 770 0179 91       		.byte	0x91
 771 017a 74       		.sleb128 -12
 772 017b 08       		.uleb128 0x8
 773 017c 73726300 		.ascii	"src\000"
 774 0180 01       		.byte	0x1
 775 0181 49       		.byte	0x49
 776 0182 4D010000 		.4byte	0x14d
 777 0186 02       		.byte	0x2
 778 0187 91       		.byte	0x91
 779 0188 70       		.sleb128 -16
 780 0189 08       		.uleb128 0x8
 781 018a 6E00     		.ascii	"n\000"
 782 018c 01       		.byte	0x1
 783 018d 49       		.byte	0x49
 784 018e 7F000000 		.4byte	0x7f
 785 0192 02       		.byte	0x2
 786 0193 91       		.byte	0x91
 787 0194 6C       		.sleb128 -20
 788 0195 00       		.byte	0
 789 0196 0C       		.uleb128 0xc
 790 0197 DD000000 		.4byte	.LASF23
 791 019b 01       		.byte	0x1
 792 019c 69       		.byte	0x69
 793 019d 01       		.byte	0x1
 794 019e 00000000 		.4byte	.LFB3
 795 01a2 0C000000 		.4byte	.LFE3
 796 01a6 A8000000 		.4byte	.LLST3
 797 01aa 01       		.byte	0x1
 798 01ab BE010000 		.4byte	0x1be
 799 01af 09       		.uleb128 0x9
 800 01b0 61010000 		.4byte	.LASF24
 801 01b4 01       		.byte	0x1
 802 01b5 69       		.byte	0x69
 803 01b6 8A000000 		.4byte	0x8a
 804 01ba 02       		.byte	0x2
 805 01bb 91       		.byte	0x91
 806 01bc 77       		.sleb128 -9
 807 01bd 00       		.byte	0
 808 01be 07       		.uleb128 0x7
 809 01bf B1000000 		.4byte	.LASF25
 810 01c3 01       		.byte	0x1
 811 01c4 8E       		.byte	0x8e
 812 01c5 01       		.byte	0x1
ARM GAS  C:\Users\makij\AppData\Local\Temp\ccWynwqq.s 			page 21


 813 01c6 00000000 		.4byte	.LFB4
 814 01ca 16010000 		.4byte	.LFE4
 815 01ce E0000000 		.4byte	.LLST4
 816 01d2 01       		.byte	0x1
 817 01d3 F4010000 		.4byte	0x1f4
 818 01d7 0D       		.uleb128 0xd
 819 01d8 C2010000 		.4byte	.LASF26
 820 01dc 01       		.byte	0x1
 821 01dd 90       		.byte	0x90
 822 01de A0000000 		.4byte	0xa0
 823 01e2 02       		.byte	0x2
 824 01e3 91       		.byte	0x91
 825 01e4 74       		.sleb128 -12
 826 01e5 0D       		.uleb128 0xd
 827 01e6 CF000000 		.4byte	.LASF27
 828 01ea 01       		.byte	0x1
 829 01eb 91       		.byte	0x91
 830 01ec 8A000000 		.4byte	0x8a
 831 01f0 02       		.byte	0x2
 832 01f1 91       		.byte	0x91
 833 01f2 73       		.sleb128 -13
 834 01f3 00       		.byte	0
 835 01f4 0C       		.uleb128 0xc
 836 01f5 80000000 		.4byte	.LASF28
 837 01f9 01       		.byte	0x1
 838 01fa C9       		.byte	0xc9
 839 01fb 01       		.byte	0x1
 840 01fc 00000000 		.4byte	.LFB5
 841 0200 4E000000 		.4byte	.LFE5
 842 0204 18010000 		.4byte	.LLST5
 843 0208 01       		.byte	0x1
 844 0209 1C020000 		.4byte	0x21c
 845 020d 0D       		.uleb128 0xd
 846 020e 5B020000 		.4byte	.LASF29
 847 0212 01       		.byte	0x1
 848 0213 CB       		.byte	0xcb
 849 0214 8A000000 		.4byte	0x8a
 850 0218 02       		.byte	0x2
 851 0219 91       		.byte	0x91
 852 021a 77       		.sleb128 -9
 853 021b 00       		.byte	0
 854 021c 0E       		.uleb128 0xe
 855 021d 01       		.byte	0x1
 856 021e 22010000 		.4byte	.LASF39
 857 0222 01       		.byte	0x1
 858 0223 E3       		.byte	0xe3
 859 0224 01       		.byte	0x1
 860 0225 00000000 		.4byte	.LFB6
 861 0229 32000000 		.4byte	.LFE6
 862 022d 50010000 		.4byte	.LLST6
 863 0231 01       		.byte	0x1
 864 0232 53020000 		.4byte	0x253
 865 0236 09       		.uleb128 0x9
 866 0237 45020000 		.4byte	.LASF30
 867 023b 01       		.byte	0x1
 868 023c E3       		.byte	0xe3
 869 023d 8A000000 		.4byte	0x8a
ARM GAS  C:\Users\makij\AppData\Local\Temp\ccWynwqq.s 			page 22


 870 0241 02       		.byte	0x2
 871 0242 91       		.byte	0x91
 872 0243 6F       		.sleb128 -17
 873 0244 0D       		.uleb128 0xd
 874 0245 79020000 		.4byte	.LASF31
 875 0249 01       		.byte	0x1
 876 024a E5       		.byte	0xe5
 877 024b 8A000000 		.4byte	0x8a
 878 024f 02       		.byte	0x2
 879 0250 91       		.byte	0x91
 880 0251 77       		.sleb128 -9
 881 0252 00       		.byte	0
 882 0253 0F       		.uleb128 0xf
 883 0254 01       		.byte	0x1
 884 0255 4D010000 		.4byte	.LASF40
 885 0259 01       		.byte	0x1
 886 025a 0501     		.2byte	0x105
 887 025c 01       		.byte	0x1
 888 025d 00000000 		.4byte	.LFB7
 889 0261 44010000 		.4byte	.LFE7
 890 0265 88010000 		.4byte	.LLST7
 891 0269 01       		.byte	0x1
 892 026a 10       		.uleb128 0x10
 893 026b 24000000 		.4byte	.LBB2
 894 026f D6000000 		.4byte	.LBE2
 895 0273 11       		.uleb128 0x11
 896 0274 06       		.byte	0x6
 897 0275 01       		.byte	0x1
 898 0276 1101     		.2byte	0x111
 899 0278 9B020000 		.4byte	0x29b
 900 027c 12       		.uleb128 0x12
 901 027d 7F010000 		.4byte	.LASF32
 902 0281 01       		.byte	0x1
 903 0282 1201     		.2byte	0x112
 904 0284 6F000000 		.4byte	0x6f
 905 0288 02       		.byte	0x2
 906 0289 23       		.byte	0x23
 907 028a 00       		.uleb128 0
 908 028b 12       		.uleb128 0x12
 909 028c F6000000 		.4byte	.LASF33
 910 0290 01       		.byte	0x1
 911 0291 1301     		.2byte	0x113
 912 0293 95000000 		.4byte	0x95
 913 0297 02       		.byte	0x2
 914 0298 23       		.byte	0x23
 915 0299 04       		.uleb128 0x4
 916 029a 00       		.byte	0
 917 029b 13       		.uleb128 0x13
 918 029c 9E010000 		.4byte	.LASF34
 919 02a0 01       		.byte	0x1
 920 02a1 1401     		.2byte	0x114
 921 02a3 73020000 		.4byte	0x273
 922 02a7 14       		.uleb128 0x14
 923 02a8 9B020000 		.4byte	0x29b
 924 02ac B7020000 		.4byte	0x2b7
 925 02b0 15       		.uleb128 0x15
 926 02b1 68000000 		.4byte	0x68
ARM GAS  C:\Users\makij\AppData\Local\Temp\ccWynwqq.s 			page 23


 927 02b5 07       		.byte	0x7
 928 02b6 00       		.byte	0
 929 02b7 16       		.uleb128 0x16
 930 02b8 91000000 		.4byte	.LASF35
 931 02bc 01       		.byte	0x1
 932 02bd 1601     		.2byte	0x116
 933 02bf C9020000 		.4byte	0x2c9
 934 02c3 05       		.byte	0x5
 935 02c4 03       		.byte	0x3
 936 02c5 00000000 		.4byte	cfg_memset_list.4787
 937 02c9 17       		.uleb128 0x17
 938 02ca A7020000 		.4byte	0x2a7
 939 02ce 18       		.uleb128 0x18
 940 02cf 6900     		.ascii	"i\000"
 941 02d1 01       		.byte	0x1
 942 02d2 2201     		.2byte	0x122
 943 02d4 8A000000 		.4byte	0x8a
 944 02d8 02       		.byte	0x2
 945 02d9 91       		.byte	0x91
 946 02da 77       		.sleb128 -9
 947 02db 10       		.uleb128 0x10
 948 02dc 2C000000 		.4byte	.LBB3
 949 02e0 58000000 		.4byte	.LBE3
 950 02e4 18       		.uleb128 0x18
 951 02e5 6D7300   		.ascii	"ms\000"
 952 02e8 01       		.byte	0x1
 953 02e9 2701     		.2byte	0x127
 954 02eb F2020000 		.4byte	0x2f2
 955 02ef 02       		.byte	0x2
 956 02f0 91       		.byte	0x91
 957 02f1 70       		.sleb128 -16
 958 02f2 0A       		.uleb128 0xa
 959 02f3 04       		.byte	0x4
 960 02f4 F8020000 		.4byte	0x2f8
 961 02f8 17       		.uleb128 0x17
 962 02f9 9B020000 		.4byte	0x29b
 963 02fd 00       		.byte	0
 964 02fe 00       		.byte	0
 965 02ff 00       		.byte	0
 966 0300 00       		.byte	0
 967              		.section	.debug_abbrev,"",%progbits
 968              	.Ldebug_abbrev0:
 969 0000 01       		.uleb128 0x1
 970 0001 11       		.uleb128 0x11
 971 0002 01       		.byte	0x1
 972 0003 25       		.uleb128 0x25
 973 0004 0E       		.uleb128 0xe
 974 0005 13       		.uleb128 0x13
 975 0006 0B       		.uleb128 0xb
 976 0007 03       		.uleb128 0x3
 977 0008 0E       		.uleb128 0xe
 978 0009 1B       		.uleb128 0x1b
 979 000a 0E       		.uleb128 0xe
 980 000b 55       		.uleb128 0x55
 981 000c 06       		.uleb128 0x6
 982 000d 11       		.uleb128 0x11
 983 000e 01       		.uleb128 0x1
ARM GAS  C:\Users\makij\AppData\Local\Temp\ccWynwqq.s 			page 24


 984 000f 52       		.uleb128 0x52
 985 0010 01       		.uleb128 0x1
 986 0011 10       		.uleb128 0x10
 987 0012 06       		.uleb128 0x6
 988 0013 00       		.byte	0
 989 0014 00       		.byte	0
 990 0015 02       		.uleb128 0x2
 991 0016 24       		.uleb128 0x24
 992 0017 00       		.byte	0
 993 0018 0B       		.uleb128 0xb
 994 0019 0B       		.uleb128 0xb
 995 001a 3E       		.uleb128 0x3e
 996 001b 0B       		.uleb128 0xb
 997 001c 03       		.uleb128 0x3
 998 001d 0E       		.uleb128 0xe
 999 001e 00       		.byte	0
 1000 001f 00       		.byte	0
 1001 0020 03       		.uleb128 0x3
 1002 0021 24       		.uleb128 0x24
 1003 0022 00       		.byte	0
 1004 0023 0B       		.uleb128 0xb
 1005 0024 0B       		.uleb128 0xb
 1006 0025 3E       		.uleb128 0x3e
 1007 0026 0B       		.uleb128 0xb
 1008 0027 03       		.uleb128 0x3
 1009 0028 08       		.uleb128 0x8
 1010 0029 00       		.byte	0
 1011 002a 00       		.byte	0
 1012 002b 04       		.uleb128 0x4
 1013 002c 0F       		.uleb128 0xf
 1014 002d 00       		.byte	0
 1015 002e 0B       		.uleb128 0xb
 1016 002f 0B       		.uleb128 0xb
 1017 0030 00       		.byte	0
 1018 0031 00       		.byte	0
 1019 0032 05       		.uleb128 0x5
 1020 0033 16       		.uleb128 0x16
 1021 0034 00       		.byte	0
 1022 0035 03       		.uleb128 0x3
 1023 0036 0E       		.uleb128 0xe
 1024 0037 3A       		.uleb128 0x3a
 1025 0038 0B       		.uleb128 0xb
 1026 0039 3B       		.uleb128 0x3b
 1027 003a 0B       		.uleb128 0xb
 1028 003b 49       		.uleb128 0x49
 1029 003c 13       		.uleb128 0x13
 1030 003d 00       		.byte	0
 1031 003e 00       		.byte	0
 1032 003f 06       		.uleb128 0x6
 1033 0040 35       		.uleb128 0x35
 1034 0041 00       		.byte	0
 1035 0042 49       		.uleb128 0x49
 1036 0043 13       		.uleb128 0x13
 1037 0044 00       		.byte	0
 1038 0045 00       		.byte	0
 1039 0046 07       		.uleb128 0x7
 1040 0047 2E       		.uleb128 0x2e
ARM GAS  C:\Users\makij\AppData\Local\Temp\ccWynwqq.s 			page 25


 1041 0048 01       		.byte	0x1
 1042 0049 03       		.uleb128 0x3
 1043 004a 0E       		.uleb128 0xe
 1044 004b 3A       		.uleb128 0x3a
 1045 004c 0B       		.uleb128 0xb
 1046 004d 3B       		.uleb128 0x3b
 1047 004e 0B       		.uleb128 0xb
 1048 004f 27       		.uleb128 0x27
 1049 0050 0C       		.uleb128 0xc
 1050 0051 11       		.uleb128 0x11
 1051 0052 01       		.uleb128 0x1
 1052 0053 12       		.uleb128 0x12
 1053 0054 01       		.uleb128 0x1
 1054 0055 40       		.uleb128 0x40
 1055 0056 06       		.uleb128 0x6
 1056 0057 9642     		.uleb128 0x2116
 1057 0059 0C       		.uleb128 0xc
 1058 005a 01       		.uleb128 0x1
 1059 005b 13       		.uleb128 0x13
 1060 005c 00       		.byte	0
 1061 005d 00       		.byte	0
 1062 005e 08       		.uleb128 0x8
 1063 005f 05       		.uleb128 0x5
 1064 0060 00       		.byte	0
 1065 0061 03       		.uleb128 0x3
 1066 0062 08       		.uleb128 0x8
 1067 0063 3A       		.uleb128 0x3a
 1068 0064 0B       		.uleb128 0xb
 1069 0065 3B       		.uleb128 0x3b
 1070 0066 0B       		.uleb128 0xb
 1071 0067 49       		.uleb128 0x49
 1072 0068 13       		.uleb128 0x13
 1073 0069 02       		.uleb128 0x2
 1074 006a 0A       		.uleb128 0xa
 1075 006b 00       		.byte	0
 1076 006c 00       		.byte	0
 1077 006d 09       		.uleb128 0x9
 1078 006e 05       		.uleb128 0x5
 1079 006f 00       		.byte	0
 1080 0070 03       		.uleb128 0x3
 1081 0071 0E       		.uleb128 0xe
 1082 0072 3A       		.uleb128 0x3a
 1083 0073 0B       		.uleb128 0xb
 1084 0074 3B       		.uleb128 0x3b
 1085 0075 0B       		.uleb128 0xb
 1086 0076 49       		.uleb128 0x49
 1087 0077 13       		.uleb128 0x13
 1088 0078 02       		.uleb128 0x2
 1089 0079 0A       		.uleb128 0xa
 1090 007a 00       		.byte	0
 1091 007b 00       		.byte	0
 1092 007c 0A       		.uleb128 0xa
 1093 007d 0F       		.uleb128 0xf
 1094 007e 00       		.byte	0
 1095 007f 0B       		.uleb128 0xb
 1096 0080 0B       		.uleb128 0xb
 1097 0081 49       		.uleb128 0x49
ARM GAS  C:\Users\makij\AppData\Local\Temp\ccWynwqq.s 			page 26


 1098 0082 13       		.uleb128 0x13
 1099 0083 00       		.byte	0
 1100 0084 00       		.byte	0
 1101 0085 0B       		.uleb128 0xb
 1102 0086 26       		.uleb128 0x26
 1103 0087 00       		.byte	0
 1104 0088 00       		.byte	0
 1105 0089 00       		.byte	0
 1106 008a 0C       		.uleb128 0xc
 1107 008b 2E       		.uleb128 0x2e
 1108 008c 01       		.byte	0x1
 1109 008d 03       		.uleb128 0x3
 1110 008e 0E       		.uleb128 0xe
 1111 008f 3A       		.uleb128 0x3a
 1112 0090 0B       		.uleb128 0xb
 1113 0091 3B       		.uleb128 0x3b
 1114 0092 0B       		.uleb128 0xb
 1115 0093 27       		.uleb128 0x27
 1116 0094 0C       		.uleb128 0xc
 1117 0095 11       		.uleb128 0x11
 1118 0096 01       		.uleb128 0x1
 1119 0097 12       		.uleb128 0x12
 1120 0098 01       		.uleb128 0x1
 1121 0099 40       		.uleb128 0x40
 1122 009a 06       		.uleb128 0x6
 1123 009b 9742     		.uleb128 0x2117
 1124 009d 0C       		.uleb128 0xc
 1125 009e 01       		.uleb128 0x1
 1126 009f 13       		.uleb128 0x13
 1127 00a0 00       		.byte	0
 1128 00a1 00       		.byte	0
 1129 00a2 0D       		.uleb128 0xd
 1130 00a3 34       		.uleb128 0x34
 1131 00a4 00       		.byte	0
 1132 00a5 03       		.uleb128 0x3
 1133 00a6 0E       		.uleb128 0xe
 1134 00a7 3A       		.uleb128 0x3a
 1135 00a8 0B       		.uleb128 0xb
 1136 00a9 3B       		.uleb128 0x3b
 1137 00aa 0B       		.uleb128 0xb
 1138 00ab 49       		.uleb128 0x49
 1139 00ac 13       		.uleb128 0x13
 1140 00ad 02       		.uleb128 0x2
 1141 00ae 0A       		.uleb128 0xa
 1142 00af 00       		.byte	0
 1143 00b0 00       		.byte	0
 1144 00b1 0E       		.uleb128 0xe
 1145 00b2 2E       		.uleb128 0x2e
 1146 00b3 01       		.byte	0x1
 1147 00b4 3F       		.uleb128 0x3f
 1148 00b5 0C       		.uleb128 0xc
 1149 00b6 03       		.uleb128 0x3
 1150 00b7 0E       		.uleb128 0xe
 1151 00b8 3A       		.uleb128 0x3a
 1152 00b9 0B       		.uleb128 0xb
 1153 00ba 3B       		.uleb128 0x3b
 1154 00bb 0B       		.uleb128 0xb
ARM GAS  C:\Users\makij\AppData\Local\Temp\ccWynwqq.s 			page 27


 1155 00bc 27       		.uleb128 0x27
 1156 00bd 0C       		.uleb128 0xc
 1157 00be 11       		.uleb128 0x11
 1158 00bf 01       		.uleb128 0x1
 1159 00c0 12       		.uleb128 0x12
 1160 00c1 01       		.uleb128 0x1
 1161 00c2 40       		.uleb128 0x40
 1162 00c3 06       		.uleb128 0x6
 1163 00c4 9742     		.uleb128 0x2117
 1164 00c6 0C       		.uleb128 0xc
 1165 00c7 01       		.uleb128 0x1
 1166 00c8 13       		.uleb128 0x13
 1167 00c9 00       		.byte	0
 1168 00ca 00       		.byte	0
 1169 00cb 0F       		.uleb128 0xf
 1170 00cc 2E       		.uleb128 0x2e
 1171 00cd 01       		.byte	0x1
 1172 00ce 3F       		.uleb128 0x3f
 1173 00cf 0C       		.uleb128 0xc
 1174 00d0 03       		.uleb128 0x3
 1175 00d1 0E       		.uleb128 0xe
 1176 00d2 3A       		.uleb128 0x3a
 1177 00d3 0B       		.uleb128 0xb
 1178 00d4 3B       		.uleb128 0x3b
 1179 00d5 05       		.uleb128 0x5
 1180 00d6 27       		.uleb128 0x27
 1181 00d7 0C       		.uleb128 0xc
 1182 00d8 11       		.uleb128 0x11
 1183 00d9 01       		.uleb128 0x1
 1184 00da 12       		.uleb128 0x12
 1185 00db 01       		.uleb128 0x1
 1186 00dc 40       		.uleb128 0x40
 1187 00dd 06       		.uleb128 0x6
 1188 00de 9642     		.uleb128 0x2116
 1189 00e0 0C       		.uleb128 0xc
 1190 00e1 00       		.byte	0
 1191 00e2 00       		.byte	0
 1192 00e3 10       		.uleb128 0x10
 1193 00e4 0B       		.uleb128 0xb
 1194 00e5 01       		.byte	0x1
 1195 00e6 11       		.uleb128 0x11
 1196 00e7 01       		.uleb128 0x1
 1197 00e8 12       		.uleb128 0x12
 1198 00e9 01       		.uleb128 0x1
 1199 00ea 00       		.byte	0
 1200 00eb 00       		.byte	0
 1201 00ec 11       		.uleb128 0x11
 1202 00ed 13       		.uleb128 0x13
 1203 00ee 01       		.byte	0x1
 1204 00ef 0B       		.uleb128 0xb
 1205 00f0 0B       		.uleb128 0xb
 1206 00f1 3A       		.uleb128 0x3a
 1207 00f2 0B       		.uleb128 0xb
 1208 00f3 3B       		.uleb128 0x3b
 1209 00f4 05       		.uleb128 0x5
 1210 00f5 01       		.uleb128 0x1
 1211 00f6 13       		.uleb128 0x13
ARM GAS  C:\Users\makij\AppData\Local\Temp\ccWynwqq.s 			page 28


 1212 00f7 00       		.byte	0
 1213 00f8 00       		.byte	0
 1214 00f9 12       		.uleb128 0x12
 1215 00fa 0D       		.uleb128 0xd
 1216 00fb 00       		.byte	0
 1217 00fc 03       		.uleb128 0x3
 1218 00fd 0E       		.uleb128 0xe
 1219 00fe 3A       		.uleb128 0x3a
 1220 00ff 0B       		.uleb128 0xb
 1221 0100 3B       		.uleb128 0x3b
 1222 0101 05       		.uleb128 0x5
 1223 0102 49       		.uleb128 0x49
 1224 0103 13       		.uleb128 0x13
 1225 0104 38       		.uleb128 0x38
 1226 0105 0A       		.uleb128 0xa
 1227 0106 00       		.byte	0
 1228 0107 00       		.byte	0
 1229 0108 13       		.uleb128 0x13
 1230 0109 16       		.uleb128 0x16
 1231 010a 00       		.byte	0
 1232 010b 03       		.uleb128 0x3
 1233 010c 0E       		.uleb128 0xe
 1234 010d 3A       		.uleb128 0x3a
 1235 010e 0B       		.uleb128 0xb
 1236 010f 3B       		.uleb128 0x3b
 1237 0110 05       		.uleb128 0x5
 1238 0111 49       		.uleb128 0x49
 1239 0112 13       		.uleb128 0x13
 1240 0113 00       		.byte	0
 1241 0114 00       		.byte	0
 1242 0115 14       		.uleb128 0x14
 1243 0116 01       		.uleb128 0x1
 1244 0117 01       		.byte	0x1
 1245 0118 49       		.uleb128 0x49
 1246 0119 13       		.uleb128 0x13
 1247 011a 01       		.uleb128 0x1
 1248 011b 13       		.uleb128 0x13
 1249 011c 00       		.byte	0
 1250 011d 00       		.byte	0
 1251 011e 15       		.uleb128 0x15
 1252 011f 21       		.uleb128 0x21
 1253 0120 00       		.byte	0
 1254 0121 49       		.uleb128 0x49
 1255 0122 13       		.uleb128 0x13
 1256 0123 2F       		.uleb128 0x2f
 1257 0124 0B       		.uleb128 0xb
 1258 0125 00       		.byte	0
 1259 0126 00       		.byte	0
 1260 0127 16       		.uleb128 0x16
 1261 0128 34       		.uleb128 0x34
 1262 0129 00       		.byte	0
 1263 012a 03       		.uleb128 0x3
 1264 012b 0E       		.uleb128 0xe
 1265 012c 3A       		.uleb128 0x3a
 1266 012d 0B       		.uleb128 0xb
 1267 012e 3B       		.uleb128 0x3b
 1268 012f 05       		.uleb128 0x5
ARM GAS  C:\Users\makij\AppData\Local\Temp\ccWynwqq.s 			page 29


 1269 0130 49       		.uleb128 0x49
 1270 0131 13       		.uleb128 0x13
 1271 0132 02       		.uleb128 0x2
 1272 0133 0A       		.uleb128 0xa
 1273 0134 00       		.byte	0
 1274 0135 00       		.byte	0
 1275 0136 17       		.uleb128 0x17
 1276 0137 26       		.uleb128 0x26
 1277 0138 00       		.byte	0
 1278 0139 49       		.uleb128 0x49
 1279 013a 13       		.uleb128 0x13
 1280 013b 00       		.byte	0
 1281 013c 00       		.byte	0
 1282 013d 18       		.uleb128 0x18
 1283 013e 34       		.uleb128 0x34
 1284 013f 00       		.byte	0
 1285 0140 03       		.uleb128 0x3
 1286 0141 08       		.uleb128 0x8
 1287 0142 3A       		.uleb128 0x3a
 1288 0143 0B       		.uleb128 0xb
 1289 0144 3B       		.uleb128 0x3b
 1290 0145 05       		.uleb128 0x5
 1291 0146 49       		.uleb128 0x49
 1292 0147 13       		.uleb128 0x13
 1293 0148 02       		.uleb128 0x2
 1294 0149 0A       		.uleb128 0xa
 1295 014a 00       		.byte	0
 1296 014b 00       		.byte	0
 1297 014c 00       		.byte	0
 1298              		.section	.debug_loc,"",%progbits
 1299              	.Ldebug_loc0:
 1300              	.LLST0:
 1301 0000 00000000 		.4byte	.LFB0
 1302 0004 02000000 		.4byte	.LCFI0
 1303 0008 0200     		.2byte	0x2
 1304 000a 7D       		.byte	0x7d
 1305 000b 00       		.sleb128 0
 1306 000c 02000000 		.4byte	.LCFI0
 1307 0010 04000000 		.4byte	.LCFI1
 1308 0014 0200     		.2byte	0x2
 1309 0016 7D       		.byte	0x7d
 1310 0017 08       		.sleb128 8
 1311 0018 04000000 		.4byte	.LCFI1
 1312 001c 06000000 		.4byte	.LCFI2
 1313 0020 0200     		.2byte	0x2
 1314 0022 7D       		.byte	0x7d
 1315 0023 10       		.sleb128 16
 1316 0024 06000000 		.4byte	.LCFI2
 1317 0028 1E000000 		.4byte	.LFE0
 1318 002c 0200     		.2byte	0x2
 1319 002e 77       		.byte	0x77
 1320 002f 10       		.sleb128 16
 1321 0030 00000000 		.4byte	0
 1322 0034 00000000 		.4byte	0
 1323              	.LLST1:
 1324 0038 00000000 		.4byte	.LFB1
 1325 003c 02000000 		.4byte	.LCFI3
ARM GAS  C:\Users\makij\AppData\Local\Temp\ccWynwqq.s 			page 30


 1326 0040 0200     		.2byte	0x2
 1327 0042 7D       		.byte	0x7d
 1328 0043 00       		.sleb128 0
 1329 0044 02000000 		.4byte	.LCFI3
 1330 0048 04000000 		.4byte	.LCFI4
 1331 004c 0200     		.2byte	0x2
 1332 004e 7D       		.byte	0x7d
 1333 004f 08       		.sleb128 8
 1334 0050 04000000 		.4byte	.LCFI4
 1335 0054 06000000 		.4byte	.LCFI5
 1336 0058 0200     		.2byte	0x2
 1337 005a 7D       		.byte	0x7d
 1338 005b 18       		.sleb128 24
 1339 005c 06000000 		.4byte	.LCFI5
 1340 0060 1E000000 		.4byte	.LFE1
 1341 0064 0200     		.2byte	0x2
 1342 0066 77       		.byte	0x77
 1343 0067 18       		.sleb128 24
 1344 0068 00000000 		.4byte	0
 1345 006c 00000000 		.4byte	0
 1346              	.LLST2:
 1347 0070 00000000 		.4byte	.LFB2
 1348 0074 02000000 		.4byte	.LCFI6
 1349 0078 0200     		.2byte	0x2
 1350 007a 7D       		.byte	0x7d
 1351 007b 00       		.sleb128 0
 1352 007c 02000000 		.4byte	.LCFI6
 1353 0080 04000000 		.4byte	.LCFI7
 1354 0084 0200     		.2byte	0x2
 1355 0086 7D       		.byte	0x7d
 1356 0087 08       		.sleb128 8
 1357 0088 04000000 		.4byte	.LCFI7
 1358 008c 06000000 		.4byte	.LCFI8
 1359 0090 0200     		.2byte	0x2
 1360 0092 7D       		.byte	0x7d
 1361 0093 18       		.sleb128 24
 1362 0094 06000000 		.4byte	.LCFI8
 1363 0098 1E000000 		.4byte	.LFE2
 1364 009c 0200     		.2byte	0x2
 1365 009e 77       		.byte	0x77
 1366 009f 18       		.sleb128 24
 1367 00a0 00000000 		.4byte	0
 1368 00a4 00000000 		.4byte	0
 1369              	.LLST3:
 1370 00a8 00000000 		.4byte	.LFB3
 1371 00ac 02000000 		.4byte	.LCFI9
 1372 00b0 0200     		.2byte	0x2
 1373 00b2 7D       		.byte	0x7d
 1374 00b3 00       		.sleb128 0
 1375 00b4 02000000 		.4byte	.LCFI9
 1376 00b8 04000000 		.4byte	.LCFI10
 1377 00bc 0200     		.2byte	0x2
 1378 00be 7D       		.byte	0x7d
 1379 00bf 04       		.sleb128 4
 1380 00c0 04000000 		.4byte	.LCFI10
 1381 00c4 06000000 		.4byte	.LCFI11
 1382 00c8 0200     		.2byte	0x2
ARM GAS  C:\Users\makij\AppData\Local\Temp\ccWynwqq.s 			page 31


 1383 00ca 7D       		.byte	0x7d
 1384 00cb 10       		.sleb128 16
 1385 00cc 06000000 		.4byte	.LCFI11
 1386 00d0 0C000000 		.4byte	.LFE3
 1387 00d4 0200     		.2byte	0x2
 1388 00d6 77       		.byte	0x77
 1389 00d7 10       		.sleb128 16
 1390 00d8 00000000 		.4byte	0
 1391 00dc 00000000 		.4byte	0
 1392              	.LLST4:
 1393 00e0 00000000 		.4byte	.LFB4
 1394 00e4 02000000 		.4byte	.LCFI12
 1395 00e8 0200     		.2byte	0x2
 1396 00ea 7D       		.byte	0x7d
 1397 00eb 00       		.sleb128 0
 1398 00ec 02000000 		.4byte	.LCFI12
 1399 00f0 04000000 		.4byte	.LCFI13
 1400 00f4 0200     		.2byte	0x2
 1401 00f6 7D       		.byte	0x7d
 1402 00f7 08       		.sleb128 8
 1403 00f8 04000000 		.4byte	.LCFI13
 1404 00fc 06000000 		.4byte	.LCFI14
 1405 0100 0200     		.2byte	0x2
 1406 0102 7D       		.byte	0x7d
 1407 0103 10       		.sleb128 16
 1408 0104 06000000 		.4byte	.LCFI14
 1409 0108 16010000 		.4byte	.LFE4
 1410 010c 0200     		.2byte	0x2
 1411 010e 77       		.byte	0x77
 1412 010f 10       		.sleb128 16
 1413 0110 00000000 		.4byte	0
 1414 0114 00000000 		.4byte	0
 1415              	.LLST5:
 1416 0118 00000000 		.4byte	.LFB5
 1417 011c 02000000 		.4byte	.LCFI15
 1418 0120 0200     		.2byte	0x2
 1419 0122 7D       		.byte	0x7d
 1420 0123 00       		.sleb128 0
 1421 0124 02000000 		.4byte	.LCFI15
 1422 0128 04000000 		.4byte	.LCFI16
 1423 012c 0200     		.2byte	0x2
 1424 012e 7D       		.byte	0x7d
 1425 012f 04       		.sleb128 4
 1426 0130 04000000 		.4byte	.LCFI16
 1427 0134 06000000 		.4byte	.LCFI17
 1428 0138 0200     		.2byte	0x2
 1429 013a 7D       		.byte	0x7d
 1430 013b 10       		.sleb128 16
 1431 013c 06000000 		.4byte	.LCFI17
 1432 0140 4E000000 		.4byte	.LFE5
 1433 0144 0200     		.2byte	0x2
 1434 0146 77       		.byte	0x77
 1435 0147 10       		.sleb128 16
 1436 0148 00000000 		.4byte	0
 1437 014c 00000000 		.4byte	0
 1438              	.LLST6:
 1439 0150 00000000 		.4byte	.LFB6
ARM GAS  C:\Users\makij\AppData\Local\Temp\ccWynwqq.s 			page 32


 1440 0154 02000000 		.4byte	.LCFI18
 1441 0158 0200     		.2byte	0x2
 1442 015a 7D       		.byte	0x7d
 1443 015b 00       		.sleb128 0
 1444 015c 02000000 		.4byte	.LCFI18
 1445 0160 04000000 		.4byte	.LCFI19
 1446 0164 0200     		.2byte	0x2
 1447 0166 7D       		.byte	0x7d
 1448 0167 04       		.sleb128 4
 1449 0168 04000000 		.4byte	.LCFI19
 1450 016c 06000000 		.4byte	.LCFI20
 1451 0170 0200     		.2byte	0x2
 1452 0172 7D       		.byte	0x7d
 1453 0173 18       		.sleb128 24
 1454 0174 06000000 		.4byte	.LCFI20
 1455 0178 32000000 		.4byte	.LFE6
 1456 017c 0200     		.2byte	0x2
 1457 017e 77       		.byte	0x77
 1458 017f 18       		.sleb128 24
 1459 0180 00000000 		.4byte	0
 1460 0184 00000000 		.4byte	0
 1461              	.LLST7:
 1462 0188 00000000 		.4byte	.LFB7
 1463 018c 02000000 		.4byte	.LCFI21
 1464 0190 0200     		.2byte	0x2
 1465 0192 7D       		.byte	0x7d
 1466 0193 00       		.sleb128 0
 1467 0194 02000000 		.4byte	.LCFI21
 1468 0198 04000000 		.4byte	.LCFI22
 1469 019c 0200     		.2byte	0x2
 1470 019e 7D       		.byte	0x7d
 1471 019f 08       		.sleb128 8
 1472 01a0 04000000 		.4byte	.LCFI22
 1473 01a4 06000000 		.4byte	.LCFI23
 1474 01a8 0200     		.2byte	0x2
 1475 01aa 7D       		.byte	0x7d
 1476 01ab 10       		.sleb128 16
 1477 01ac 06000000 		.4byte	.LCFI23
 1478 01b0 44010000 		.4byte	.LFE7
 1479 01b4 0200     		.2byte	0x2
 1480 01b6 77       		.byte	0x77
 1481 01b7 10       		.sleb128 16
 1482 01b8 00000000 		.4byte	0
 1483 01bc 00000000 		.4byte	0
 1484              		.section	.debug_aranges,"",%progbits
 1485 0000 54000000 		.4byte	0x54
 1486 0004 0200     		.2byte	0x2
 1487 0006 00000000 		.4byte	.Ldebug_info0
 1488 000a 04       		.byte	0x4
 1489 000b 00       		.byte	0
 1490 000c 0000     		.2byte	0
 1491 000e 0000     		.2byte	0
 1492 0010 00000000 		.4byte	.LFB0
 1493 0014 1E000000 		.4byte	.LFE0-.LFB0
 1494 0018 00000000 		.4byte	.LFB1
 1495 001c 1E000000 		.4byte	.LFE1-.LFB1
 1496 0020 00000000 		.4byte	.LFB2
ARM GAS  C:\Users\makij\AppData\Local\Temp\ccWynwqq.s 			page 33


 1497 0024 1E000000 		.4byte	.LFE2-.LFB2
 1498 0028 00000000 		.4byte	.LFB3
 1499 002c 0C000000 		.4byte	.LFE3-.LFB3
 1500 0030 00000000 		.4byte	.LFB4
 1501 0034 16010000 		.4byte	.LFE4-.LFB4
 1502 0038 00000000 		.4byte	.LFB5
 1503 003c 4E000000 		.4byte	.LFE5-.LFB5
 1504 0040 00000000 		.4byte	.LFB6
 1505 0044 32000000 		.4byte	.LFE6-.LFB6
 1506 0048 00000000 		.4byte	.LFB7
 1507 004c 44010000 		.4byte	.LFE7-.LFB7
 1508 0050 00000000 		.4byte	0
 1509 0054 00000000 		.4byte	0
 1510              		.section	.debug_ranges,"",%progbits
 1511              	.Ldebug_ranges0:
 1512 0000 00000000 		.4byte	.LFB0
 1513 0004 1E000000 		.4byte	.LFE0
 1514 0008 00000000 		.4byte	.LFB1
 1515 000c 1E000000 		.4byte	.LFE1
 1516 0010 00000000 		.4byte	.LFB2
 1517 0014 1E000000 		.4byte	.LFE2
 1518 0018 00000000 		.4byte	.LFB3
 1519 001c 0C000000 		.4byte	.LFE3
 1520 0020 00000000 		.4byte	.LFB4
 1521 0024 16010000 		.4byte	.LFE4
 1522 0028 00000000 		.4byte	.LFB5
 1523 002c 4E000000 		.4byte	.LFE5
 1524 0030 00000000 		.4byte	.LFB6
 1525 0034 32000000 		.4byte	.LFE6
 1526 0038 00000000 		.4byte	.LFB7
 1527 003c 44010000 		.4byte	.LFE7
 1528 0040 00000000 		.4byte	0
 1529 0044 00000000 		.4byte	0
 1530              		.section	.debug_line,"",%progbits
 1531              	.Ldebug_line0:
 1532 0000 C2010000 		.section	.debug_str,"MS",%progbits,1
 1532      0200D700 
 1532      00000201 
 1532      FB0E0D00 
 1532      01010101 
 1533              	.LASF18:
 1534 0000 72656731 		.ascii	"reg16\000"
 1534      3600
 1535              	.LASF11:
 1536 0006 73697A65 		.ascii	"size_t\000"
 1536      5F7400
 1537              	.LASF38:
 1538 000d 443A5C4D 		.ascii	"D:\\MSOE\\2014-2015\\Winter\\CE4950_021_Network\\la"
 1538      534F455C 
 1538      32303134 
 1538      2D323031 
 1538      355C5769 
 1539 003b 625C5072 		.ascii	"b\\Project\\ce4950Project\\Networking\\Networking P"
 1539      6F6A6563 
 1539      745C6365 
 1539      34393530 
 1539      50726F6A 
ARM GAS  C:\Users\makij\AppData\Local\Temp\ccWynwqq.s 			page 34


 1540 006a 726F6A65 		.ascii	"roject\\Design01.cydsn\000"
 1540      63745C44 
 1540      65736967 
 1540      6E30312E 
 1540      63796473 
 1541              	.LASF28:
 1542 0080 416E616C 		.ascii	"AnalogSetDefault\000"
 1542      6F675365 
 1542      74446566 
 1542      61756C74 
 1542      00
 1543              	.LASF35:
 1544 0091 6366675F 		.ascii	"cfg_memset_list\000"
 1544      6D656D73 
 1544      65745F6C 
 1544      69737400 
 1545              	.LASF22:
 1546 00a1 4359434F 		.ascii	"CYCONFIGCPYCODE\000"
 1546      4E464947 
 1546      43505943 
 1546      4F444500 
 1547              	.LASF25:
 1548 00b1 436C6F63 		.ascii	"ClockSetup\000"
 1548      6B536574 
 1548      757000
 1549              	.LASF3:
 1550 00bc 73686F72 		.ascii	"short unsigned int\000"
 1550      7420756E 
 1550      7369676E 
 1550      65642069 
 1550      6E7400
 1551              	.LASF27:
 1552 00cf 706C6C4C 		.ascii	"pllLock\000"
 1552      6F636B00 
 1553              	.LASF15:
 1554 00d7 666C6F61 		.ascii	"float\000"
 1554      7400
 1555              	.LASF23:
 1556 00dd 4379436C 		.ascii	"CyClockStartupError\000"
 1556      6F636B53 
 1556      74617274 
 1556      75704572 
 1556      726F7200 
 1557              	.LASF21:
 1558 00f1 64657374 		.ascii	"dest\000"
 1558      00
 1559              	.LASF33:
 1560 00f6 73697A65 		.ascii	"size\000"
 1560      00
 1561              	.LASF17:
 1562 00fb 72656738 		.ascii	"reg8\000"
 1562      00
 1563              	.LASF9:
 1564 0100 6C6F6E67 		.ascii	"long unsigned int\000"
 1564      20756E73 
 1564      69676E65 
 1564      6420696E 
ARM GAS  C:\Users\makij\AppData\Local\Temp\ccWynwqq.s 			page 35


 1564      7400
 1565              	.LASF12:
 1566 0112 75696E74 		.ascii	"uint8\000"
 1566      3800
 1567              	.LASF19:
 1568 0118 43594D45 		.ascii	"CYMEMZERO\000"
 1568      4D5A4552 
 1568      4F00
 1569              	.LASF39:
 1570 0122 53657441 		.ascii	"SetAnalogRoutingPumps\000"
 1570      6E616C6F 
 1570      67526F75 
 1570      74696E67 
 1570      50756D70 
 1571              	.LASF1:
 1572 0138 756E7369 		.ascii	"unsigned char\000"
 1572      676E6564 
 1572      20636861 
 1572      7200
 1573              	.LASF16:
 1574 0146 646F7562 		.ascii	"double\000"
 1574      6C6500
 1575              	.LASF40:
 1576 014d 63796669 		.ascii	"cyfitter_cfg\000"
 1576      74746572 
 1576      5F636667 
 1576      00
 1577              	.LASF13:
 1578 015a 75696E74 		.ascii	"uint16\000"
 1578      313600
 1579              	.LASF24:
 1580 0161 6572726F 		.ascii	"errorCode\000"
 1580      72436F64 
 1580      6500
 1581              	.LASF14:
 1582 016b 75696E74 		.ascii	"uint32\000"
 1582      333200
 1583              	.LASF4:
 1584 0172 756E7369 		.ascii	"unsigned int\000"
 1584      676E6564 
 1584      20696E74 
 1584      00
 1585              	.LASF32:
 1586 017f 61646472 		.ascii	"address\000"
 1586      65737300 
 1587              	.LASF6:
 1588 0187 6C6F6E67 		.ascii	"long long unsigned int\000"
 1588      206C6F6E 
 1588      6720756E 
 1588      7369676E 
 1588      65642069 
 1589              	.LASF34:
 1590 019e 6366675F 		.ascii	"cfg_memset_t\000"
 1590      6D656D73 
 1590      65745F74 
 1590      00
 1591              	.LASF8:
ARM GAS  C:\Users\makij\AppData\Local\Temp\ccWynwqq.s 			page 36


 1592 01ab 73697A65 		.ascii	"sizetype\000"
 1592      74797065 
 1592      00
 1593              	.LASF5:
 1594 01b4 6C6F6E67 		.ascii	"long long int\000"
 1594      206C6F6E 
 1594      6720696E 
 1594      7400
 1595              	.LASF26:
 1596 01c2 74696D65 		.ascii	"timeout\000"
 1596      6F757400 
 1597              	.LASF2:
 1598 01ca 73686F72 		.ascii	"short int\000"
 1598      7420696E 
 1598      7400
 1599              	.LASF36:
 1600 01d4 474E5520 		.ascii	"GNU C 4.7.3 20130312 (release) [ARM/embedded-4_7-br"
 1600      4320342E 
 1600      372E3320 
 1600      32303133 
 1600      30333132 
 1601 0207 616E6368 		.ascii	"anch revision 196615]\000"
 1601      20726576 
 1601      6973696F 
 1601      6E203139 
 1601      36363135 
 1602              	.LASF37:
 1603 021d 2E5C4765 		.ascii	".\\Generated_Source\\PSoC5\\cyfitter_cfg.c\000"
 1603      6E657261 
 1603      7465645F 
 1603      536F7572 
 1603      63655C50 
 1604              	.LASF30:
 1605 0245 656E6162 		.ascii	"enabled\000"
 1605      6C656400 
 1606              	.LASF7:
 1607 024d 6C6F6E67 		.ascii	"long int\000"
 1607      20696E74 
 1607      00
 1608              	.LASF10:
 1609 0256 63686172 		.ascii	"char\000"
 1609      00
 1610              	.LASF29:
 1611 025b 62675F78 		.ascii	"bg_xover_inl_trim\000"
 1611      6F766572 
 1611      5F696E6C 
 1611      5F747269 
 1611      6D00
 1612              	.LASF0:
 1613 026d 7369676E 		.ascii	"signed char\000"
 1613      65642063 
 1613      68617200 
 1614              	.LASF31:
 1615 0279 72656756 		.ascii	"regValue\000"
 1615      616C7565 
 1615      00
 1616              	.LASF20:
ARM GAS  C:\Users\makij\AppData\Local\Temp\ccWynwqq.s 			page 37


 1617 0282 4359434F 		.ascii	"CYCONFIGCPY\000"
 1617      4E464947 
 1617      43505900 
 1618              		.ident	"GCC: (GNU Tools for ARM Embedded Processors) 4.7.3 20130312 (release) [ARM/embedded-4_7-br
