ARM GAS  C:\Users\makij\AppData\Local\Temp\ccqiSRiG.s 			page 1


   1              		.syntax unified
   2              		.cpu cortex-m3
   3              		.fpu softvfp
   4              		.eabi_attribute 20, 1
   5              		.eabi_attribute 21, 1
   6              		.eabi_attribute 23, 3
   7              		.eabi_attribute 24, 1
   8              		.eabi_attribute 25, 1
   9              		.eabi_attribute 26, 1
  10              		.eabi_attribute 30, 6
  11              		.eabi_attribute 34, 1
  12              		.eabi_attribute 18, 4
  13              		.thumb
  14              		.file	"cymetadata.c"
  15              		.text
  16              	.Ltext0:
  17              		.cfi_sections	.debug_frame
  18              		.global	cy_meta_configecc
  19              		.section	.cyconfigecc,"a",%progbits
  20              		.align	2
  21              		.type	cy_meta_configecc, %object
  22              		.size	cy_meta_configecc, 164
  23              	cy_meta_configecc:
  24 0000 01       		.byte	1
  25 0001 45       		.byte	69
  26 0002 00       		.byte	0
  27 0003 40       		.byte	64
  28 0004 02       		.byte	2
  29 0005 4F       		.byte	79
  30 0006 00       		.byte	0
  31 0007 40       		.byte	64
  32 0008 01       		.byte	1
  33 0009 52       		.byte	82
  34 000a 00       		.byte	0
  35 000b 40       		.byte	64
  36 000c 01       		.byte	1
  37 000d 07       		.byte	7
  38 000e 01       		.byte	1
  39 000f 40       		.byte	64
  40 0010 01       		.byte	1
  41 0011 09       		.byte	9
  42 0012 01       		.byte	1
  43 0013 40       		.byte	64
  44 0014 04       		.byte	4
  45 0015 0A       		.byte	10
  46 0016 01       		.byte	1
  47 0017 40       		.byte	64
  48 0018 01       		.byte	1
  49 0019 0B       		.byte	11
  50 001a 01       		.byte	1
  51 001b 40       		.byte	64
  52 001c 02       		.byte	2
  53 001d 17       		.byte	23
  54 001e 01       		.byte	1
  55 001f 40       		.byte	64
  56 0020 02       		.byte	2
  57 0021 19       		.byte	25
ARM GAS  C:\Users\makij\AppData\Local\Temp\ccqiSRiG.s 			page 2


  58 0022 01       		.byte	1
  59 0023 40       		.byte	64
  60 0024 03       		.byte	3
  61 0025 40       		.byte	64
  62 0026 01       		.byte	1
  63 0027 40       		.byte	64
  64 0028 03       		.byte	3
  65 0029 41       		.byte	65
  66 002a 01       		.byte	1
  67 002b 40       		.byte	64
  68 002c 05       		.byte	5
  69 002d 42       		.byte	66
  70 002e 01       		.byte	1
  71 002f 40       		.byte	64
  72 0030 05       		.byte	5
  73 0031 43       		.byte	67
  74 0032 01       		.byte	1
  75 0033 40       		.byte	64
  76 0034 04       		.byte	4
  77 0035 47       		.byte	71
  78 0036 01       		.byte	1
  79 0037 40       		.byte	64
  80 0038 04       		.byte	4
  81 0039 48       		.byte	72
  82 003a 01       		.byte	1
  83 003b 40       		.byte	64
  84 003c 02       		.byte	2
  85 003d 4C       		.byte	76
  86 003e 01       		.byte	1
  87 003f 40       		.byte	64
  88 0040 01       		.byte	1
  89 0041 51       		.byte	81
  90 0042 01       		.byte	1
  91 0043 40       		.byte	64
  92 0044 7E       		.byte	126
  93 0045 02       		.byte	2
  94 0046 01       		.byte	1
  95 0047 80       		.byte	-128
  96 0048 0A       		.byte	10
  97 0049 4B       		.byte	75
  98 004a 7C       		.byte	124
  99 004b 40       		.byte	64
 100 004c EE       		.byte	-18
 101 004d 08       		.byte	8
 102 004e AF       		.byte	-81
 103 004f 20       		.byte	32
 104 0050 B8       		.byte	-72
 105 0051 20       		.byte	32
 106 0052 BE       		.byte	-66
 107 0053 10       		.byte	16
 108 0054 D8       		.byte	-40
 109 0055 04       		.byte	4
 110 0056 DF       		.byte	-33
 111 0057 01       		.byte	1
 112 0058 1F       		.byte	31
 113 0059 20       		.byte	32
 114 005a EA       		.byte	-22
ARM GAS  C:\Users\makij\AppData\Local\Temp\ccqiSRiG.s 			page 3


 115 005b 02       		.byte	2
 116 005c EE       		.byte	-18
 117 005d 0A       		.byte	10
 118 005e EA       		.byte	-22
 119 005f 02       		.byte	2
 120 0060 EE       		.byte	-18
 121 0061 0A       		.byte	10
 122 0062 33       		.byte	51
 123 0063 81       		.byte	-127
 124 0064 36       		.byte	54
 125 0065 40       		.byte	64
 126 0066 CC       		.byte	-52
 127 0067 70       		.byte	112
 128 0068 9F       		.byte	-97
 129 0069 01       		.byte	1
 130 006a A6       		.byte	-90
 131 006b 40       		.byte	64
 132 006c A7       		.byte	-89
 133 006d 80       		.byte	-128
 134 006e 63       		.byte	99
 135 006f 02       		.byte	2
 136 0070 9F       		.byte	-97
 137 0071 01       		.byte	1
 138 0072 A6       		.byte	-90
 139 0073 40       		.byte	64
 140 0074 A7       		.byte	-89
 141 0075 80       		.byte	-128
 142 0076 D6       		.byte	-42
 143 0077 40       		.byte	64
 144 0078 9F       		.byte	-97
 145 0079 01       		.byte	1
 146 007a A6       		.byte	-90
 147 007b 40       		.byte	64
 148 007c A7       		.byte	-89
 149 007d 80       		.byte	-128
 150 007e AF       		.byte	-81
 151 007f 01       		.byte	1
 152 0080 EE       		.byte	-18
 153 0081 10       		.byte	16
 154 0082 08       		.byte	8
 155 0083 08       		.byte	8
 156 0084 0B       		.byte	11
 157 0085 04       		.byte	4
 158 0086 0F       		.byte	15
 159 0087 40       		.byte	64
 160 0088 C2       		.byte	-62
 161 0089 0E       		.byte	14
 162 008a AE       		.byte	-82
 163 008b 40       		.byte	64
 164 008c AF       		.byte	-81
 165 008d 81       		.byte	-127
 166 008e EA       		.byte	-22
 167 008f 40       		.byte	64
 168 0090 EE       		.byte	-18
 169 0091 50       		.byte	80
 170 0092 AC       		.byte	-84
 171 0093 08       		.byte	8
ARM GAS  C:\Users\makij\AppData\Local\Temp\ccqiSRiG.s 			page 4


 172 0094 AF       		.byte	-81
 173 0095 44       		.byte	68
 174 0096 00       		.byte	0
 175 0097 2A       		.byte	42
 176 0098 00       		.byte	0
 177 0099 00       		.byte	0
 178 009a 00       		.byte	0
 179 009b 00       		.byte	0
 180 009c 00       		.byte	0
 181 009d 00       		.byte	0
 182 009e 00       		.byte	0
 183 009f 00       		.byte	0
 184 00a0 C0       		.byte	-64
 185 00a1 00       		.byte	0
 186 00a2 00       		.byte	0
 187 00a3 00       		.byte	0
 188              		.global	cy_meta_custnvl
 189              		.section	.cycustnvl,"a",%progbits
 190              		.align	2
 191              		.type	cy_meta_custnvl, %object
 192              		.size	cy_meta_custnvl, 4
 193              	cy_meta_custnvl:
 194 0000 00       		.byte	0
 195 0001 00       		.byte	0
 196 0002 40       		.byte	64
 197 0003 05       		.byte	5
 198              		.global	cy_meta_wonvl
 199              		.section	.cywolatch,"a",%progbits
 200              		.align	2
 201              		.type	cy_meta_wonvl, %object
 202              		.size	cy_meta_wonvl, 4
 203              	cy_meta_wonvl:
 204 0000 BC       		.byte	-68
 205 0001 90       		.byte	-112
 206 0002 AC       		.byte	-84
 207 0003 AF       		.byte	-81
 208              		.global	cy_meta_flashprotect
 209              		.section	.cyflashprotect,"a",%progbits
 210              		.align	2
 211              		.type	cy_meta_flashprotect, %object
 212              		.size	cy_meta_flashprotect, 256
 213              	cy_meta_flashprotect:
 214 0000 00000000 		.space	256
 214      00000000 
 214      00000000 
 214      00000000 
 214      00000000 
 215              		.global	cy_metadata
 216              		.section	.cymeta,"a",%progbits
 217              		.align	2
 218              		.type	cy_metadata, %object
 219              		.size	cy_metadata, 12
 220              	cy_metadata:
 221 0000 00       		.byte	0
 222 0001 01       		.byte	1
 223 0002 2E       		.byte	46
 224 0003 12       		.byte	18
ARM GAS  C:\Users\makij\AppData\Local\Temp\ccqiSRiG.s 			page 5


 225 0004 30       		.byte	48
 226 0005 69       		.byte	105
 227 0006 00       		.byte	0
 228 0007 01       		.byte	1
 229 0008 00       		.byte	0
 230 0009 00       		.byte	0
 231 000a 00       		.byte	0
 232 000b 00       		.byte	0
 233              		.text
 234              	.Letext0:
 235              		.file 1 ".\\Generated_Source\\PSoC5\\cymetadata.c"
 236              		.file 2 ".\\Generated_Source\\PSoC5\\cytypes.h"
 237              		.section	.debug_info,"",%progbits
 238              	.Ldebug_info0:
 239 0000 3A010000 		.4byte	0x13a
 240 0004 0200     		.2byte	0x2
 241 0006 00000000 		.4byte	.Ldebug_abbrev0
 242 000a 04       		.byte	0x4
 243 000b 01       		.uleb128 0x1
 244 000c 69010000 		.4byte	.LASF18
 245 0010 01       		.byte	0x1
 246 0011 00000000 		.4byte	.LASF19
 247 0015 01010000 		.4byte	.LASF20
 248 0019 00000000 		.4byte	.Ldebug_line0
 249 001d 02       		.uleb128 0x2
 250 001e 01       		.byte	0x1
 251 001f 06       		.byte	0x6
 252 0020 BB010000 		.4byte	.LASF0
 253 0024 02       		.uleb128 0x2
 254 0025 01       		.byte	0x1
 255 0026 08       		.byte	0x8
 256 0027 38000000 		.4byte	.LASF1
 257 002b 02       		.uleb128 0x2
 258 002c 02       		.byte	0x2
 259 002d 05       		.byte	0x5
 260 002e F7000000 		.4byte	.LASF2
 261 0032 02       		.uleb128 0x2
 262 0033 02       		.byte	0x2
 263 0034 07       		.byte	0x7
 264 0035 58000000 		.4byte	.LASF3
 265 0039 02       		.uleb128 0x2
 266 003a 04       		.byte	0x4
 267 003b 05       		.byte	0x5
 268 003c B2010000 		.4byte	.LASF4
 269 0040 02       		.uleb128 0x2
 270 0041 04       		.byte	0x4
 271 0042 07       		.byte	0x7
 272 0043 46000000 		.4byte	.LASF5
 273 0047 02       		.uleb128 0x2
 274 0048 08       		.byte	0x8
 275 0049 05       		.byte	0x5
 276 004a E4000000 		.4byte	.LASF6
 277 004e 02       		.uleb128 0x2
 278 004f 08       		.byte	0x8
 279 0050 07       		.byte	0x7
 280 0051 A1000000 		.4byte	.LASF7
 281 0055 03       		.uleb128 0x3
ARM GAS  C:\Users\makij\AppData\Local\Temp\ccqiSRiG.s 			page 6


 282 0056 04       		.byte	0x4
 283 0057 05       		.byte	0x5
 284 0058 696E7400 		.ascii	"int\000"
 285 005c 02       		.uleb128 0x2
 286 005d 04       		.byte	0x4
 287 005e 07       		.byte	0x7
 288 005f 94000000 		.4byte	.LASF8
 289 0063 04       		.uleb128 0x4
 290 0064 63010000 		.4byte	.LASF21
 291 0068 02       		.byte	0x2
 292 0069 5B       		.byte	0x5b
 293 006a 24000000 		.4byte	0x24
 294 006e 02       		.uleb128 0x2
 295 006f 04       		.byte	0x4
 296 0070 04       		.byte	0x4
 297 0071 32000000 		.4byte	.LASF9
 298 0075 02       		.uleb128 0x2
 299 0076 08       		.byte	0x8
 300 0077 04       		.byte	0x4
 301 0078 6B000000 		.4byte	.LASF10
 302 007c 02       		.uleb128 0x2
 303 007d 01       		.byte	0x1
 304 007e 08       		.byte	0x8
 305 007f F2000000 		.4byte	.LASF11
 306 0083 05       		.uleb128 0x5
 307 0084 63000000 		.4byte	0x63
 308 0088 93000000 		.4byte	0x93
 309 008c 06       		.uleb128 0x6
 310 008d 93000000 		.4byte	0x93
 311 0091 A3       		.byte	0xa3
 312 0092 00       		.byte	0
 313 0093 02       		.uleb128 0x2
 314 0094 04       		.byte	0x4
 315 0095 07       		.byte	0x7
 316 0096 DB000000 		.4byte	.LASF12
 317 009a 07       		.uleb128 0x7
 318 009b 82000000 		.4byte	.LASF13
 319 009f 01       		.byte	0x1
 320 00a0 1C       		.byte	0x1c
 321 00a1 AC000000 		.4byte	0xac
 322 00a5 01       		.byte	0x1
 323 00a6 05       		.byte	0x5
 324 00a7 03       		.byte	0x3
 325 00a8 00000000 		.4byte	cy_meta_configecc
 326 00ac 08       		.uleb128 0x8
 327 00ad 83000000 		.4byte	0x83
 328 00b1 05       		.uleb128 0x5
 329 00b2 63000000 		.4byte	0x63
 330 00b6 C1000000 		.4byte	0xc1
 331 00ba 06       		.uleb128 0x6
 332 00bb 93000000 		.4byte	0x93
 333 00bf 03       		.byte	0x3
 334 00c0 00       		.byte	0
 335 00c1 07       		.uleb128 0x7
 336 00c2 72000000 		.4byte	.LASF14
 337 00c6 01       		.byte	0x1
 338 00c7 3B       		.byte	0x3b
ARM GAS  C:\Users\makij\AppData\Local\Temp\ccqiSRiG.s 			page 7


 339 00c8 D3000000 		.4byte	0xd3
 340 00cc 01       		.byte	0x1
 341 00cd 05       		.byte	0x5
 342 00ce 03       		.byte	0x3
 343 00cf 00000000 		.4byte	cy_meta_custnvl
 344 00d3 08       		.uleb128 0x8
 345 00d4 B1000000 		.4byte	0xb1
 346 00d8 07       		.uleb128 0x7
 347 00d9 CD000000 		.4byte	.LASF15
 348 00dd 01       		.byte	0x1
 349 00de 46       		.byte	0x46
 350 00df EA000000 		.4byte	0xea
 351 00e3 01       		.byte	0x1
 352 00e4 05       		.byte	0x5
 353 00e5 03       		.byte	0x3
 354 00e6 00000000 		.4byte	cy_meta_wonvl
 355 00ea 08       		.uleb128 0x8
 356 00eb B1000000 		.4byte	0xb1
 357 00ef 05       		.uleb128 0x5
 358 00f0 63000000 		.4byte	0x63
 359 00f4 FF000000 		.4byte	0xff
 360 00f8 06       		.uleb128 0x6
 361 00f9 93000000 		.4byte	0x93
 362 00fd FF       		.byte	0xff
 363 00fe 00       		.byte	0
 364 00ff 07       		.uleb128 0x7
 365 0100 B8000000 		.4byte	.LASF16
 366 0104 01       		.byte	0x1
 367 0105 51       		.byte	0x51
 368 0106 11010000 		.4byte	0x111
 369 010a 01       		.byte	0x1
 370 010b 05       		.byte	0x5
 371 010c 03       		.byte	0x3
 372 010d 00000000 		.4byte	cy_meta_flashprotect
 373 0111 08       		.uleb128 0x8
 374 0112 EF000000 		.4byte	0xef
 375 0116 05       		.uleb128 0x5
 376 0117 63000000 		.4byte	0x63
 377 011b 26010000 		.4byte	0x126
 378 011f 06       		.uleb128 0x6
 379 0120 93000000 		.4byte	0x93
 380 0124 0B       		.byte	0xb
 381 0125 00       		.byte	0
 382 0126 07       		.uleb128 0x7
 383 0127 26000000 		.4byte	.LASF17
 384 012b 01       		.byte	0x1
 385 012c 7B       		.byte	0x7b
 386 012d 38010000 		.4byte	0x138
 387 0131 01       		.byte	0x1
 388 0132 05       		.byte	0x5
 389 0133 03       		.byte	0x3
 390 0134 00000000 		.4byte	cy_metadata
 391 0138 08       		.uleb128 0x8
 392 0139 16010000 		.4byte	0x116
 393 013d 00       		.byte	0
 394              		.section	.debug_abbrev,"",%progbits
 395              	.Ldebug_abbrev0:
ARM GAS  C:\Users\makij\AppData\Local\Temp\ccqiSRiG.s 			page 8


 396 0000 01       		.uleb128 0x1
 397 0001 11       		.uleb128 0x11
 398 0002 01       		.byte	0x1
 399 0003 25       		.uleb128 0x25
 400 0004 0E       		.uleb128 0xe
 401 0005 13       		.uleb128 0x13
 402 0006 0B       		.uleb128 0xb
 403 0007 03       		.uleb128 0x3
 404 0008 0E       		.uleb128 0xe
 405 0009 1B       		.uleb128 0x1b
 406 000a 0E       		.uleb128 0xe
 407 000b 10       		.uleb128 0x10
 408 000c 06       		.uleb128 0x6
 409 000d 00       		.byte	0
 410 000e 00       		.byte	0
 411 000f 02       		.uleb128 0x2
 412 0010 24       		.uleb128 0x24
 413 0011 00       		.byte	0
 414 0012 0B       		.uleb128 0xb
 415 0013 0B       		.uleb128 0xb
 416 0014 3E       		.uleb128 0x3e
 417 0015 0B       		.uleb128 0xb
 418 0016 03       		.uleb128 0x3
 419 0017 0E       		.uleb128 0xe
 420 0018 00       		.byte	0
 421 0019 00       		.byte	0
 422 001a 03       		.uleb128 0x3
 423 001b 24       		.uleb128 0x24
 424 001c 00       		.byte	0
 425 001d 0B       		.uleb128 0xb
 426 001e 0B       		.uleb128 0xb
 427 001f 3E       		.uleb128 0x3e
 428 0020 0B       		.uleb128 0xb
 429 0021 03       		.uleb128 0x3
 430 0022 08       		.uleb128 0x8
 431 0023 00       		.byte	0
 432 0024 00       		.byte	0
 433 0025 04       		.uleb128 0x4
 434 0026 16       		.uleb128 0x16
 435 0027 00       		.byte	0
 436 0028 03       		.uleb128 0x3
 437 0029 0E       		.uleb128 0xe
 438 002a 3A       		.uleb128 0x3a
 439 002b 0B       		.uleb128 0xb
 440 002c 3B       		.uleb128 0x3b
 441 002d 0B       		.uleb128 0xb
 442 002e 49       		.uleb128 0x49
 443 002f 13       		.uleb128 0x13
 444 0030 00       		.byte	0
 445 0031 00       		.byte	0
 446 0032 05       		.uleb128 0x5
 447 0033 01       		.uleb128 0x1
 448 0034 01       		.byte	0x1
 449 0035 49       		.uleb128 0x49
 450 0036 13       		.uleb128 0x13
 451 0037 01       		.uleb128 0x1
 452 0038 13       		.uleb128 0x13
ARM GAS  C:\Users\makij\AppData\Local\Temp\ccqiSRiG.s 			page 9


 453 0039 00       		.byte	0
 454 003a 00       		.byte	0
 455 003b 06       		.uleb128 0x6
 456 003c 21       		.uleb128 0x21
 457 003d 00       		.byte	0
 458 003e 49       		.uleb128 0x49
 459 003f 13       		.uleb128 0x13
 460 0040 2F       		.uleb128 0x2f
 461 0041 0B       		.uleb128 0xb
 462 0042 00       		.byte	0
 463 0043 00       		.byte	0
 464 0044 07       		.uleb128 0x7
 465 0045 34       		.uleb128 0x34
 466 0046 00       		.byte	0
 467 0047 03       		.uleb128 0x3
 468 0048 0E       		.uleb128 0xe
 469 0049 3A       		.uleb128 0x3a
 470 004a 0B       		.uleb128 0xb
 471 004b 3B       		.uleb128 0x3b
 472 004c 0B       		.uleb128 0xb
 473 004d 49       		.uleb128 0x49
 474 004e 13       		.uleb128 0x13
 475 004f 3F       		.uleb128 0x3f
 476 0050 0C       		.uleb128 0xc
 477 0051 02       		.uleb128 0x2
 478 0052 0A       		.uleb128 0xa
 479 0053 00       		.byte	0
 480 0054 00       		.byte	0
 481 0055 08       		.uleb128 0x8
 482 0056 26       		.uleb128 0x26
 483 0057 00       		.byte	0
 484 0058 49       		.uleb128 0x49
 485 0059 13       		.uleb128 0x13
 486 005a 00       		.byte	0
 487 005b 00       		.byte	0
 488 005c 00       		.byte	0
 489              		.section	.debug_aranges,"",%progbits
 490 0000 14000000 		.4byte	0x14
 491 0004 0200     		.2byte	0x2
 492 0006 00000000 		.4byte	.Ldebug_info0
 493 000a 04       		.byte	0x4
 494 000b 00       		.byte	0
 495 000c 0000     		.2byte	0
 496 000e 0000     		.2byte	0
 497 0010 00000000 		.4byte	0
 498 0014 00000000 		.4byte	0
 499              		.section	.debug_line,"",%progbits
 500              	.Ldebug_line0:
 501 0000 4F000000 		.section	.debug_str,"MS",%progbits,1
 501      02004900 
 501      00000201 
 501      FB0E0D00 
 501      01010101 
 502              	.LASF19:
 503 0000 2E5C4765 		.ascii	".\\Generated_Source\\PSoC5\\cymetadata.c\000"
 503      6E657261 
 503      7465645F 
ARM GAS  C:\Users\makij\AppData\Local\Temp\ccqiSRiG.s 			page 10


 503      536F7572 
 503      63655C50 
 504              	.LASF17:
 505 0026 63795F6D 		.ascii	"cy_metadata\000"
 505      65746164 
 505      61746100 
 506              	.LASF9:
 507 0032 666C6F61 		.ascii	"float\000"
 507      7400
 508              	.LASF1:
 509 0038 756E7369 		.ascii	"unsigned char\000"
 509      676E6564 
 509      20636861 
 509      7200
 510              	.LASF5:
 511 0046 6C6F6E67 		.ascii	"long unsigned int\000"
 511      20756E73 
 511      69676E65 
 511      6420696E 
 511      7400
 512              	.LASF3:
 513 0058 73686F72 		.ascii	"short unsigned int\000"
 513      7420756E 
 513      7369676E 
 513      65642069 
 513      6E7400
 514              	.LASF10:
 515 006b 646F7562 		.ascii	"double\000"
 515      6C6500
 516              	.LASF14:
 517 0072 63795F6D 		.ascii	"cy_meta_custnvl\000"
 517      6574615F 
 517      63757374 
 517      6E766C00 
 518              	.LASF13:
 519 0082 63795F6D 		.ascii	"cy_meta_configecc\000"
 519      6574615F 
 519      636F6E66 
 519      69676563 
 519      6300
 520              	.LASF8:
 521 0094 756E7369 		.ascii	"unsigned int\000"
 521      676E6564 
 521      20696E74 
 521      00
 522              	.LASF7:
 523 00a1 6C6F6E67 		.ascii	"long long unsigned int\000"
 523      206C6F6E 
 523      6720756E 
 523      7369676E 
 523      65642069 
 524              	.LASF16:
 525 00b8 63795F6D 		.ascii	"cy_meta_flashprotect\000"
 525      6574615F 
 525      666C6173 
 525      6870726F 
 525      74656374 
ARM GAS  C:\Users\makij\AppData\Local\Temp\ccqiSRiG.s 			page 11


 526              	.LASF15:
 527 00cd 63795F6D 		.ascii	"cy_meta_wonvl\000"
 527      6574615F 
 527      776F6E76 
 527      6C00
 528              	.LASF12:
 529 00db 73697A65 		.ascii	"sizetype\000"
 529      74797065 
 529      00
 530              	.LASF6:
 531 00e4 6C6F6E67 		.ascii	"long long int\000"
 531      206C6F6E 
 531      6720696E 
 531      7400
 532              	.LASF11:
 533 00f2 63686172 		.ascii	"char\000"
 533      00
 534              	.LASF2:
 535 00f7 73686F72 		.ascii	"short int\000"
 535      7420696E 
 535      7400
 536              	.LASF20:
 537 0101 443A5C4D 		.ascii	"D:\\MSOE\\2014-2015\\Winter\\CE4950_021_Network\\la"
 537      534F455C 
 537      32303134 
 537      2D323031 
 537      355C5769 
 538 012f 625C5072 		.ascii	"b\\Project\\ce4950Project\\Networking\\usbCharBin.c"
 538      6F6A6563 
 538      745C6365 
 538      34393530 
 538      50726F6A 
 539 015e 7964736E 		.ascii	"ydsn\000"
 539      00
 540              	.LASF21:
 541 0163 75696E74 		.ascii	"uint8\000"
 541      3800
 542              	.LASF18:
 543 0169 474E5520 		.ascii	"GNU C 4.7.3 20130312 (release) [ARM/embedded-4_7-br"
 543      4320342E 
 543      372E3320 
 543      32303133 
 543      30333132 
 544 019c 616E6368 		.ascii	"anch revision 196615]\000"
 544      20726576 
 544      6973696F 
 544      6E203139 
 544      36363135 
 545              	.LASF4:
 546 01b2 6C6F6E67 		.ascii	"long int\000"
 546      20696E74 
 546      00
 547              	.LASF0:
 548 01bb 7369676E 		.ascii	"signed char\000"
 548      65642063 
 548      68617200 
 549              		.ident	"GCC: (GNU Tools for ARM Embedded Processors) 4.7.3 20130312 (release) [ARM/embedded-4_7-br
ARM GAS  C:\Users\makij\AppData\Local\Temp\ccqiSRiG.s 			page 12


