--------------- Build Started: 01/18/2015 21:20:00 Project: usbCharBin, Configuration: ARM GCC 4.7.3 Debug ---------------
The code generation step is up to date.
arm-none-eabi-gcc.exe -I. -I./Generated_Source/PSoC5 -Wno-main -mcpu=cortex-m3 -mthumb -Wall -g -D DEBUG -Wa,-alh=.\CortexM3\ARM_GCC_473\Debug\main.lst -ffunction-sections -c .\main.c -o .\CortexM3\ARM_GCC_473\Debug\main.o
.\main.c: In function 'main':
.\main.c:175:14: warning: pointer targets in passing argument 1 of 'USB_GetAll' differ in signedness [-Wpointer-sign]
In file included from ./Generated_Source/PSoC5/project.h:24:0,
                 from .\main.c:12:
./Generated_Source/PSoC5/USB_cdc.h:39:12: note: expected 'uint8 *' but argument is of type 'char *'
.\main.c:215:5: warning: pointer targets in passing argument 1 of 'USB_PutData' differ in signedness [-Wpointer-sign]
In file included from ./Generated_Source/PSoC5/project.h:24:0,
                 from .\main.c:12:
./Generated_Source/PSoC5/USB_cdc.h:31:10: note: expected 'const uint8 *' but argument is of type 'char *'
.\main.c:229:5: warning: pointer targets in passing argument 1 of 'USB_PutData' differ in signedness [-Wpointer-sign]
In file included from ./Generated_Source/PSoC5/project.h:24:0,
                 from .\main.c:12:
./Generated_Source/PSoC5/USB_cdc.h:31:10: note: expected 'const uint8 *' but argument is of type 'char *'
.\main.c:244:6: warning: pointer targets in passing argument 1 of 'USB_PutData' differ in signedness [-Wpointer-sign]
In file included from ./Generated_Source/PSoC5/project.h:24:0,
                 from .\main.c:12:
./Generated_Source/PSoC5/USB_cdc.h:31:10: note: expected 'const uint8 *' but argument is of type 'char *'
.\main.c:351:3: warning: pointer targets in passing argument 1 of 'USB_PutData' differ in signedness [-Wpointer-sign]
In file included from ./Generated_Source/PSoC5/project.h:24:0,
                 from .\main.c:12:
./Generated_Source/PSoC5/USB_cdc.h:31:10: note: expected 'const uint8 *' but argument is of type 'char *'
.\main.c:137:9: warning: unused variable 'forLoopCounter' [-Wunused-variable]
.\main.c: At top level:
.\main.c:37:6: warning: array 'buffer' assumed to have one element [enabled by default]
arm-none-eabi-ar.exe -rs .\CortexM3\ARM_GCC_473\Debug\usbCharBin.a .\CortexM3\ARM_GCC_473\Debug\cyfitter_cfg.o .\CortexM3\ARM_GCC_473\Debug\USB.o .\CortexM3\ARM_GCC_473\Debug\USB_audio.o .\CortexM3\ARM_GCC_473\Debug\USB_boot.o .\CortexM3\ARM_GCC_473\Debug\USB_cdc.o .\CortexM3\ARM_GCC_473\Debug\USB_cls.o .\CortexM3\ARM_GCC_473\Debug\USB_descr.o .\CortexM3\ARM_GCC_473\Debug\USB_drv.o .\CortexM3\ARM_GCC_473\Debug\USB_episr.o .\CortexM3\ARM_GCC_473\Debug\USB_hid.o .\CortexM3\ARM_GCC_473\Debug\USB_pm.o .\CortexM3\ARM_GCC_473\Debug\USB_std.o .\CortexM3\ARM_GCC_473\Debug\USB_vnd.o .\CortexM3\ARM_GCC_473\Debug\USB_midi.o .\CortexM3\ARM_GCC_473\Debug\isr_sendData.o .\CortexM3\ARM_GCC_473\Debug\Timer_sendData.o .\CortexM3\ARM_GCC_473\Debug\Timer_sendData_PM.o .\CortexM3\ARM_GCC_473\Debug\USB_Dm.o .\CortexM3\ARM_GCC_473\Debug\USB_Dp.o .\CortexM3\ARM_GCC_473\Debug\CyBootAsmGnu.o .\CortexM3\ARM_GCC_473\Debug\CyDmac.o .\CortexM3\ARM_GCC_473\Debug\CyFlash.o .\CortexM3\ARM_GCC_473\Debug\CyLib.o .\CortexM3\ARM_GCC_473\Debug\cyPm.o .\CortexM3\ARM_GCC_473\Debug\CySpc.o .\CortexM3\ARM_GCC_473\Debug\cyutils.o
arm-none-eabi-ar.exe: creating .\CortexM3\ARM_GCC_473\Debug\usbCharBin.a
arm-none-eabi-gcc.exe -mthumb -march=armv7-m -mfix-cortex-m3-ldrd -T .\Generated_Source\PSoC5\cm3gcc.ld -g -Wl,-Map,.\CortexM3\ARM_GCC_473\Debug\usbCharBin.map -specs=nano.specs -Wl,--gc-sections -Wl,--start-group -o .\CortexM3\ARM_GCC_473\Debug\usbCharBin.elf .\CortexM3\ARM_GCC_473\Debug\main.o .\CortexM3\ARM_GCC_473\Debug\cymetadata.o .\CortexM3\ARM_GCC_473\Debug\Cm3Start.o .\CortexM3\ARM_GCC_473\Debug\usbCharBin.a "C:\Program Files (x86)\Cypress\PSoC Creator\3.0\PSoC Creator\psoc\content\cycomponentlibrary\CyComponentLibrary.cylib\CortexM3\ARM_GCC_473\Debug\CyComponentLibrary.a" -Wl,--end-group
cyelftool.exe -C D:\MSOE\2014-2015\Winter\CE4950_021_Network\lab\Project\ce4950Project\Networking\usbCharBin.cydsn\CortexM3\ARM_GCC_473\Debug\usbCharBin.elf --flash_size 262144 --flash_row_size 256
cyelftool.exe -S D:\MSOE\2014-2015\Winter\CE4950_021_Network\lab\Project\ce4950Project\Networking\usbCharBin.cydsn\CortexM3\ARM_GCC_473\Debug\usbCharBin.elf
Flash used: 18110 of 262144 bytes (6.9 %).
SRAM used: 21941 of 65536 bytes (33.5 %).
--------------- Build Succeeded: 01/18/2015 21:20:02 ---------------
